[0.489s] Invoking command in '/home/mudit/bumperbot_ws/src/bumperbot_py_examples': AMENT_PREFIX_PATH=/home/mudit/bumperbot_ws/src/install/bumperbot_msgs:${AMENT_PREFIX_PATH} CMAKE_PREFIX_PATH=/home/mudit/bumperbot_ws/src/install/bumperbot_msgs:${CMAKE_PREFIX_PATH} LD_LIBRARY_PATH=/home/mudit/bumperbot_ws/src/install/bumperbot_msgs/lib:${LD_LIBRARY_PATH} PYTHONPATH=/home/mudit/bumperbot_ws/src/build/bumperbot_py_examples/prefix_override:/usr/lib/python3/dist-packages/colcon_core/task/python/colcon_distutils_commands:/home/mudit/bumperbot_ws/src/install/bumperbot_py_examples/lib/python3.10/site-packages:${PYTHONPATH} /usr/bin/python3 -W ignore:setup.py install is deprecated -W ignore:easy_install command is deprecated setup.py egg_info --egg-base ../build/bumperbot_py_examples build --build-base /home/mudit/bumperbot_ws/src/build/bumperbot_py_examples/build install --record /home/mudit/bumperbot_ws/src/build/bumperbot_py_examples/install.log --single-version-externally-managed install_data
[0.639s] running egg_info
[0.639s] writing ../build/bumperbot_py_examples/bumperbot_py_examples.egg-info/PKG-INFO
[0.639s] writing dependency_links to ../build/bumperbot_py_examples/bumperbot_py_examples.egg-info/dependency_links.txt
[0.639s] writing entry points to ../build/bumperbot_py_examples/bumperbot_py_examples.egg-info/entry_points.txt
[0.639s] writing requirements to ../build/bumperbot_py_examples/bumperbot_py_examples.egg-info/requires.txt
[0.639s] writing top-level names to ../build/bumperbot_py_examples/bumperbot_py_examples.egg-info/top_level.txt
[0.640s] reading manifest file '../build/bumperbot_py_examples/bumperbot_py_examples.egg-info/SOURCES.txt'
[0.649s] writing manifest file '../build/bumperbot_py_examples/bumperbot_py_examples.egg-info/SOURCES.txt'
[0.649s] running build
[0.649s] running build_py
[0.649s] copying bumperbot_py_examples/simple_tf_kinematics.py -> /home/mudit/bumperbot_ws/src/build/bumperbot_py_examples/build/lib/bumperbot_py_examples
[0.650s] copying bumperbot_py_examples/simple_service_server.py -> /home/mudit/bumperbot_ws/src/build/bumperbot_py_examples/build/lib/bumperbot_py_examples
[0.650s] running install
[0.650s] running install_lib
[0.650s] copying /home/mudit/bumperbot_ws/src/build/bumperbot_py_examples/build/lib/bumperbot_py_examples/simple_tf_kinematics.py -> /home/mudit/bumperbot_ws/src/install/bumperbot_py_examples/lib/python3.10/site-packages/bumperbot_py_examples
[0.650s] copying /home/mudit/bumperbot_ws/src/build/bumperbot_py_examples/build/lib/bumperbot_py_examples/simple_service_server.py -> /home/mudit/bumperbot_ws/src/install/bumperbot_py_examples/lib/python3.10/site-packages/bumperbot_py_examples
[0.650s] byte-compiling /home/mudit/bumperbot_ws/src/install/bumperbot_py_examples/lib/python3.10/site-packages/bumperbot_py_examples/simple_tf_kinematics.py to simple_tf_kinematics.cpython-310.pyc
[0.651s] byte-compiling /home/mudit/bumperbot_ws/src/install/bumperbot_py_examples/lib/python3.10/site-packages/bumperbot_py_examples/simple_service_server.py to simple_service_server.cpython-310.pyc
[0.651s] running install_data
[0.651s] running install_egg_info
[0.652s] removing '/home/mudit/bumperbot_ws/src/install/bumperbot_py_examples/lib/python3.10/site-packages/bumperbot_py_examples-0.0.0-py3.10.egg-info' (and everything under it)
[0.653s] Copying ../build/bumperbot_py_examples/bumperbot_py_examples.egg-info to /home/mudit/bumperbot_ws/src/install/bumperbot_py_examples/lib/python3.10/site-packages/bumperbot_py_examples-0.0.0-py3.10.egg-info
[0.653s] running install_scripts
[0.667s] Installing simple_action_client script to /home/mudit/bumperbot_ws/src/install/bumperbot_py_examples/lib/bumperbot_py_examples
[0.667s] Installing simple_action_server script to /home/mudit/bumperbot_ws/src/install/bumperbot_py_examples/lib/bumperbot_py_examples
[0.667s] Installing simple_lifecycle_node script to /home/mudit/bumperbot_ws/src/install/bumperbot_py_examples/lib/bumperbot_py_examples
[0.667s] Installing simple_parameter script to /home/mudit/bumperbot_ws/src/install/bumperbot_py_examples/lib/bumperbot_py_examples
[0.667s] Installing simple_publisher script to /home/mudit/bumperbot_ws/src/install/bumperbot_py_examples/lib/bumperbot_py_examples
[0.667s] Installing simple_qos_publisher script to /home/mudit/bumperbot_ws/src/install/bumperbot_py_examples/lib/bumperbot_py_examples
[0.667s] Installing simple_qos_subscriber script to /home/mudit/bumperbot_ws/src/install/bumperbot_py_examples/lib/bumperbot_py_examples
[0.667s] Installing simple_service_client script to /home/mudit/bumperbot_ws/src/install/bumperbot_py_examples/lib/bumperbot_py_examples
[0.667s] Installing simple_service_server script to /home/mudit/bumperbot_ws/src/install/bumperbot_py_examples/lib/bumperbot_py_examples
[0.667s] Installing simple_subscriber script to /home/mudit/bumperbot_ws/src/install/bumperbot_py_examples/lib/bumperbot_py_examples
[0.668s] Installing simple_tf_kinematics script to /home/mudit/bumperbot_ws/src/install/bumperbot_py_examples/lib/bumperbot_py_examples
[0.668s] Installing simple_turtlesim_kinematics script to /home/mudit/bumperbot_ws/src/install/bumperbot_py_examples/lib/bumperbot_py_examples
[0.668s] writing list of installed files to '/home/mudit/bumperbot_ws/src/build/bumperbot_py_examples/install.log'
[0.682s] Invoked command in '/home/mudit/bumperbot_ws/src/bumperbot_py_examples' returned '0': AMENT_PREFIX_PATH=/home/mudit/bumperbot_ws/src/install/bumperbot_msgs:${AMENT_PREFIX_PATH} CMAKE_PREFIX_PATH=/home/mudit/bumperbot_ws/src/install/bumperbot_msgs:${CMAKE_PREFIX_PATH} LD_LIBRARY_PATH=/home/mudit/bumperbot_ws/src/install/bumperbot_msgs/lib:${LD_LIBRARY_PATH} PYTHONPATH=/home/mudit/bumperbot_ws/src/build/bumperbot_py_examples/prefix_override:/usr/lib/python3/dist-packages/colcon_core/task/python/colcon_distutils_commands:/home/mudit/bumperbot_ws/src/install/bumperbot_py_examples/lib/python3.10/site-packages:${PYTHONPATH} /usr/bin/python3 -W ignore:setup.py install is deprecated -W ignore:easy_install command is deprecated setup.py egg_info --egg-base ../build/bumperbot_py_examples build --build-base /home/mudit/bumperbot_ws/src/build/bumperbot_py_examples/build install --record /home/mudit/bumperbot_ws/src/build/bumperbot_py_examples/install.log --single-version-externally-managed install_data
