running develop
Removing /home/mudit/bumperbot_ws/install/bumperbot_py_examples/lib/python3.10/site-packages/bumperbot-py-examples.egg-link (link to .)
running egg_info
writing ../../build/bumperbot_py_examples/bumperbot_py_examples.egg-info/PKG-INFO
writing dependency_links to ../../build/bumperbot_py_examples/bumperbot_py_examples.egg-info/dependency_links.txt
writing entry points to ../../build/bumperbot_py_examples/bumperbot_py_examples.egg-info/entry_points.txt
writing requirements to ../../build/bumperbot_py_examples/bumperbot_py_examples.egg-info/requires.txt
writing top-level names to ../../build/bumperbot_py_examples/bumperbot_py_examples.egg-info/top_level.txt
reading manifest file '../../build/bumperbot_py_examples/bumperbot_py_examples.egg-info/SOURCES.txt'
writing manifest file '../../build/bumperbot_py_examples/bumperbot_py_examples.egg-info/SOURCES.txt'
running build
running build_py
creating /home/mudit/bumperbot_ws/build/bumperbot_py_examples/build
creating /home/mudit/bumperbot_ws/build/bumperbot_py_examples/build/lib
creating /home/mudit/bumperbot_ws/build/bumperbot_py_examples/build/lib/bumperbot_py_examples
copying bumperbot_py_examples/simple_tf_kinematics.py -> /home/mudit/bumperbot_ws/build/bumperbot_py_examples/build/lib/bumperbot_py_examples
copying bumperbot_py_examples/simple_subscriper.py -> /home/mudit/bumperbot_ws/build/bumperbot_py_examples/build/lib/bumperbot_py_examples
copying bumperbot_py_examples/simple_action_client.py -> /home/mudit/bumperbot_ws/build/bumperbot_py_examples/build/lib/bumperbot_py_examples
copying bumperbot_py_examples/simple_service_server.py -> /home/mudit/bumperbot_ws/build/bumperbot_py_examples/build/lib/bumperbot_py_examples
copying bumperbot_py_examples/simple_action_server.py -> /home/mudit/bumperbot_ws/build/bumperbot_py_examples/build/lib/bumperbot_py_examples
copying bumperbot_py_examples/simple_service_clint.py -> /home/mudit/bumperbot_ws/build/bumperbot_py_examples/build/lib/bumperbot_py_examples
copying bumperbot_py_examples/__init__.py -> /home/mudit/bumperbot_ws/build/bumperbot_py_examples/build/lib/bumperbot_py_examples
copying bumperbot_py_examples/simple_publisher.py -> /home/mudit/bumperbot_ws/build/bumperbot_py_examples/build/lib/bumperbot_py_examples
copying bumperbot_py_examples/simple_qos_publisher.py -> /home/mudit/bumperbot_ws/build/bumperbot_py_examples/build/lib/bumperbot_py_examples
copying bumperbot_py_examples/simple_parameter.py -> /home/mudit/bumperbot_ws/build/bumperbot_py_examples/build/lib/bumperbot_py_examples
copying bumperbot_py_examples/simple_lifecycle_node.py -> /home/mudit/bumperbot_ws/build/bumperbot_py_examples/build/lib/bumperbot_py_examples
running install
running install_lib
creating /home/mudit/bumperbot_ws/install/bumperbot_py_examples/lib/python3.10/site-packages/bumperbot_py_examples
copying /home/mudit/bumperbot_ws/build/bumperbot_py_examples/build/lib/bumperbot_py_examples/simple_tf_kinematics.py -> /home/mudit/bumperbot_ws/install/bumperbot_py_examples/lib/python3.10/site-packages/bumperbot_py_examples
copying /home/mudit/bumperbot_ws/build/bumperbot_py_examples/build/lib/bumperbot_py_examples/simple_subscriper.py -> /home/mudit/bumperbot_ws/install/bumperbot_py_examples/lib/python3.10/site-packages/bumperbot_py_examples
copying /home/mudit/bumperbot_ws/build/bumperbot_py_examples/build/lib/bumperbot_py_examples/simple_action_client.py -> /home/mudit/bumperbot_ws/install/bumperbot_py_examples/lib/python3.10/site-packages/bumperbot_py_examples
copying /home/mudit/bumperbot_ws/build/bumperbot_py_examples/build/lib/bumperbot_py_examples/simple_service_server.py -> /home/mudit/bumperbot_ws/install/bumperbot_py_examples/lib/python3.10/site-packages/bumperbot_py_examples
copying /home/mudit/bumperbot_ws/build/bumperbot_py_examples/build/lib/bumperbot_py_examples/simple_action_server.py -> /home/mudit/bumperbot_ws/install/bumperbot_py_examples/lib/python3.10/site-packages/bumperbot_py_examples
copying /home/mudit/bumperbot_ws/build/bumperbot_py_examples/build/lib/bumperbot_py_examples/simple_service_clint.py -> /home/mudit/bumperbot_ws/install/bumperbot_py_examples/lib/python3.10/site-packages/bumperbot_py_examples
copying /home/mudit/bumperbot_ws/build/bumperbot_py_examples/build/lib/bumperbot_py_examples/__init__.py -> /home/mudit/bumperbot_ws/install/bumperbot_py_examples/lib/python3.10/site-packages/bumperbot_py_examples
copying /home/mudit/bumperbot_ws/build/bumperbot_py_examples/build/lib/bumperbot_py_examples/simple_publisher.py -> /home/mudit/bumperbot_ws/install/bumperbot_py_examples/lib/python3.10/site-packages/bumperbot_py_examples
copying /home/mudit/bumperbot_ws/build/bumperbot_py_examples/build/lib/bumperbot_py_examples/simple_qos_publisher.py -> /home/mudit/bumperbot_ws/install/bumperbot_py_examples/lib/python3.10/site-packages/bumperbot_py_examples
copying /home/mudit/bumperbot_ws/build/bumperbot_py_examples/build/lib/bumperbot_py_examples/simple_parameter.py -> /home/mudit/bumperbot_ws/install/bumperbot_py_examples/lib/python3.10/site-packages/bumperbot_py_examples
copying /home/mudit/bumperbot_ws/build/bumperbot_py_examples/build/lib/bumperbot_py_examples/simple_lifecycle_node.py -> /home/mudit/bumperbot_ws/install/bumperbot_py_examples/lib/python3.10/site-packages/bumperbot_py_examples
byte-compiling /home/mudit/bumperbot_ws/install/bumperbot_py_examples/lib/python3.10/site-packages/bumperbot_py_examples/simple_tf_kinematics.py to simple_tf_kinematics.cpython-310.pyc
byte-compiling /home/mudit/bumperbot_ws/install/bumperbot_py_examples/lib/python3.10/site-packages/bumperbot_py_examples/simple_subscriper.py to simple_subscriper.cpython-310.pyc
byte-compiling /home/mudit/bumperbot_ws/install/bumperbot_py_examples/lib/python3.10/site-packages/bumperbot_py_examples/simple_action_client.py to simple_action_client.cpython-310.pyc
byte-compiling /home/mudit/bumperbot_ws/install/bumperbot_py_examples/lib/python3.10/site-packages/bumperbot_py_examples/simple_service_server.py to simple_service_server.cpython-310.pyc
byte-compiling /home/mudit/bumperbot_ws/install/bumperbot_py_examples/lib/python3.10/site-packages/bumperbot_py_examples/simple_action_server.py to simple_action_server.cpython-310.pyc
byte-compiling /home/mudit/bumperbot_ws/install/bumperbot_py_examples/lib/python3.10/site-packages/bumperbot_py_examples/simple_service_clint.py to simple_service_clint.cpython-310.pyc
byte-compiling /home/mudit/bumperbot_ws/install/bumperbot_py_examples/lib/python3.10/site-packages/bumperbot_py_examples/__init__.py to __init__.cpython-310.pyc
byte-compiling /home/mudit/bumperbot_ws/install/bumperbot_py_examples/lib/python3.10/site-packages/bumperbot_py_examples/simple_publisher.py to simple_publisher.cpython-310.pyc
byte-compiling /home/mudit/bumperbot_ws/install/bumperbot_py_examples/lib/python3.10/site-packages/bumperbot_py_examples/simple_qos_publisher.py to simple_qos_publisher.cpython-310.pyc
byte-compiling /home/mudit/bumperbot_ws/install/bumperbot_py_examples/lib/python3.10/site-packages/bumperbot_py_examples/simple_parameter.py to simple_parameter.cpython-310.pyc
byte-compiling /home/mudit/bumperbot_ws/install/bumperbot_py_examples/lib/python3.10/site-packages/bumperbot_py_examples/simple_lifecycle_node.py to simple_lifecycle_node.cpython-310.pyc
running install_data
copying resource/bumperbot_py_examples -> /home/mudit/bumperbot_ws/install/bumperbot_py_examples/share/ament_index/resource_index/packages
copying package.xml -> /home/mudit/bumperbot_ws/install/bumperbot_py_examples/share/bumperbot_py_examples
running install_egg_info
Copying ../../build/bumperbot_py_examples/bumperbot_py_examples.egg-info to /home/mudit/bumperbot_ws/install/bumperbot_py_examples/lib/python3.10/site-packages/bumperbot_py_examples-0.0.0-py3.10.egg-info
running install_scripts
Installing simple_action_client script to /home/mudit/bumperbot_ws/install/bumperbot_py_examples/lib/bumperbot_py_examples
Installing simple_action_server script to /home/mudit/bumperbot_ws/install/bumperbot_py_examples/lib/bumperbot_py_examples
Installing simple_lifecycle_node script to /home/mudit/bumperbot_ws/install/bumperbot_py_examples/lib/bumperbot_py_examples
Installing simple_parameter script to /home/mudit/bumperbot_ws/install/bumperbot_py_examples/lib/bumperbot_py_examples
Installing simple_publisher script to /home/mudit/bumperbot_ws/install/bumperbot_py_examples/lib/bumperbot_py_examples
Installing simple_qos_publisher script to /home/mudit/bumperbot_ws/install/bumperbot_py_examples/lib/bumperbot_py_examples
Installing simple_qos_subscriber script to /home/mudit/bumperbot_ws/install/bumperbot_py_examples/lib/bumperbot_py_examples
Installing simple_service_client script to /home/mudit/bumperbot_ws/install/bumperbot_py_examples/lib/bumperbot_py_examples
Installing simple_service_server script to /home/mudit/bumperbot_ws/install/bumperbot_py_examples/lib/bumperbot_py_examples
Installing simple_subscriber script to /home/mudit/bumperbot_ws/install/bumperbot_py_examples/lib/bumperbot_py_examples
Installing simple_tf_kinematics script to /home/mudit/bumperbot_ws/install/bumperbot_py_examples/lib/bumperbot_py_examples
Installing simple_turtlesim_kinematics script to /home/mudit/bumperbot_ws/install/bumperbot_py_examples/lib/bumperbot_py_examples
writing list of installed files to '/home/mudit/bumperbot_ws/build/bumperbot_py_examples/install.log'
