Built target ament_cmake_python_copy_bumperbot_motion
running egg_info
writing bumperbot_motion.egg-info/PKG-INFO
writing dependency_links to bumperbot_motion.egg-info/dependency_links.txt
writing top-level names to bumperbot_motion.egg-info/top_level.txt
reading manifest file 'bumperbot_motion.egg-info/SOURCES.txt'
writing manifest file 'bumperbot_motion.egg-info/SOURCES.txt'
Built target ament_cmake_python_build_bumperbot_motion_egg
-- Install configuration: ""
-- Up-to-date: /home/mudit/bumperbot_ws/src/install/bumperbot_motion/share/bumperbot_motion/environment/pythonpath.sh
-- Up-to-date: /home/mudit/bumperbot_ws/src/install/bumperbot_motion/share/bumperbot_motion/environment/pythonpath.dsv
-- Up-to-date: /home/mudit/bumperbot_ws/src/install/bumperbot_motion/local/lib/python3.10/dist-packages/bumperbot_motion-0.0.0-py3.10.egg-info
-- Installing: /home/mudit/bumperbot_ws/src/install/bumperbot_motion/local/lib/python3.10/dist-packages/bumperbot_motion-0.0.0-py3.10.egg-info/dependency_links.txt
-- Installing: /home/mudit/bumperbot_ws/src/install/bumperbot_motion/local/lib/python3.10/dist-packages/bumperbot_motion-0.0.0-py3.10.egg-info/top_level.txt
-- Installing: /home/mudit/bumperbot_ws/src/install/bumperbot_motion/local/lib/python3.10/dist-packages/bumperbot_motion-0.0.0-py3.10.egg-info/SOURCES.txt
-- Installing: /home/mudit/bumperbot_ws/src/install/bumperbot_motion/local/lib/python3.10/dist-packages/bumperbot_motion-0.0.0-py3.10.egg-info/PKG-INFO
-- Up-to-date: /home/mudit/bumperbot_ws/src/install/bumperbot_motion/local/lib/python3.10/dist-packages/bumperbot_motion
-- Up-to-date: /home/mudit/bumperbot_ws/src/install/bumperbot_motion/local/lib/python3.10/dist-packages/bumperbot_motion/a_star_planner.py
-- Up-to-date: /home/mudit/bumperbot_ws/src/install/bumperbot_motion/local/lib/python3.10/dist-packages/bumperbot_motion/pd_motion_planner.py
-- Up-to-date: /home/mudit/bumperbot_ws/src/install/bumperbot_motion/local/lib/python3.10/dist-packages/bumperbot_motion/__init__.py
-- Up-to-date: /home/mudit/bumperbot_ws/src/install/bumperbot_motion/local/lib/python3.10/dist-packages/bumperbot_motion/pure_pursuit.py
Listing '/home/mudit/bumperbot_ws/src/install/bumperbot_motion/local/lib/python3.10/dist-packages/bumperbot_motion'...
-- Up-to-date: /home/mudit/bumperbot_ws/src/install/bumperbot_motion/lib/bumperbot_motion/pd_motion_planner.py
-- Up-to-date: /home/mudit/bumperbot_ws/src/install/bumperbot_motion/lib/bumperbot_motion/a_star_planner.py
-- Up-to-date: /home/mudit/bumperbot_ws/src/install/bumperbot_motion/lib/bumperbot_motion/pure_pursuit.py
-- Up-to-date: /home/mudit/bumperbot_ws/src/install/bumperbot_motion/share/ament_index/resource_index/package_run_dependencies/bumperbot_motion
-- Up-to-date: /home/mudit/bumperbot_ws/src/install/bumperbot_motion/share/ament_index/resource_index/parent_prefix_path/bumperbot_motion
-- Up-to-date: /home/mudit/bumperbot_ws/src/install/bumperbot_motion/share/bumperbot_motion/environment/ament_prefix_path.sh
-- Up-to-date: /home/mudit/bumperbot_ws/src/install/bumperbot_motion/share/bumperbot_motion/environment/ament_prefix_path.dsv
-- Up-to-date: /home/mudit/bumperbot_ws/src/install/bumperbot_motion/share/bumperbot_motion/environment/path.sh
-- Up-to-date: /home/mudit/bumperbot_ws/src/install/bumperbot_motion/share/bumperbot_motion/environment/path.dsv
-- Up-to-date: /home/mudit/bumperbot_ws/src/install/bumperbot_motion/share/bumperbot_motion/local_setup.bash
-- Up-to-date: /home/mudit/bumperbot_ws/src/install/bumperbot_motion/share/bumperbot_motion/local_setup.sh
-- Up-to-date: /home/mudit/bumperbot_ws/src/install/bumperbot_motion/share/bumperbot_motion/local_setup.zsh
-- Up-to-date: /home/mudit/bumperbot_ws/src/install/bumperbot_motion/share/bumperbot_motion/local_setup.dsv
-- Installing: /home/mudit/bumperbot_ws/src/install/bumperbot_motion/share/bumperbot_motion/package.dsv
-- Up-to-date: /home/mudit/bumperbot_ws/src/install/bumperbot_motion/share/ament_index/resource_index/packages/bumperbot_motion
-- Up-to-date: /home/mudit/bumperbot_ws/src/install/bumperbot_motion/share/bumperbot_motion/cmake/bumperbot_motionConfig.cmake
-- Up-to-date: /home/mudit/bumperbot_ws/src/install/bumperbot_motion/share/bumperbot_motion/cmake/bumperbot_motionConfig-version.cmake
-- Up-to-date: /home/mudit/bumperbot_ws/src/install/bumperbot_motion/share/bumperbot_motion/package.xml
