[0.018s] Invoking command in '/home/mudit/bumperbot_ws/src/build/bumperbot_motion': CMAKE_PREFIX_PATH=${CMAKE_PREFIX_PATH}:/home/mudit/ros2_ws/install/rover_teleop:/home/mudit/ros2_ws/install/rover_motor_controller:/home/mudit/ros2_rover_ws/install/rover_teleop:/home/mudit/ros2_rover_ws/install/rover_motor_controller:/opt/ros/humble /home/mudit/.local/bin/cmake /home/mudit/bumperbot_ws/src/bumperbot_motion -DCMAKE_INSTALL_PREFIX=/home/mudit/bumperbot_ws/src/install/bumperbot_motion
[0.093s] -- The C compiler identification is GNU 11.4.0
[0.145s] -- The CXX compiler identification is GNU 11.4.0
[0.156s] -- Detecting C compiler ABI info
[0.205s] -- Detecting C compiler ABI info - done
[0.212s] -- Check for working C compiler: /usr/bin/cc - skipped
[0.212s] -- Detecting C compile features
[0.213s] -- Detecting C compile features - done
[0.215s] -- Detecting CXX compiler ABI info
[0.264s] -- Detecting CXX compiler ABI info - done
[0.272s] -- Check for working CXX compiler: /usr/bin/c++ - skipped
[0.272s] -- Detecting CXX compile features
[0.273s] -- Detecting CXX compile features - done
[0.278s] -- Found ament_cmake: 1.3.12 (/opt/ros/humble/share/ament_cmake/cmake)
[0.391s] -- Found Python3: /usr/bin/python3 (found version "3.10.12") found components: Interpreter 
[0.489s] -- Found rclpy: 3.3.17 (/opt/ros/humble/share/rclpy/cmake)
[0.491s] -- Found geometry_msgs: 4.9.0 (/opt/ros/humble/share/geometry_msgs/cmake)
[0.528s] -- Found rosidl_generator_c: 3.1.7 (/opt/ros/humble/share/rosidl_generator_c/cmake)
[0.534s] -- Found rosidl_adapter: 3.1.7 (/opt/ros/humble/share/rosidl_adapter/cmake)
[0.542s] -- Found rosidl_generator_cpp: 3.1.7 (/opt/ros/humble/share/rosidl_generator_cpp/cmake)
[0.557s] -- Using all available rosidl_typesupport_c: rosidl_typesupport_fastrtps_c;rosidl_typesupport_introspection_c
[0.577s] -- Using all available rosidl_typesupport_cpp: rosidl_typesupport_fastrtps_cpp;rosidl_typesupport_introspection_cpp
[0.619s] -- Found nav_msgs: 4.9.0 (/opt/ros/humble/share/nav_msgs/cmake)
[0.636s] -- Found tf2_ros: 0.25.16 (/opt/ros/humble/share/tf2_ros/cmake)
[0.726s] -- Found rmw_implementation_cmake: 6.1.2 (/opt/ros/humble/share/rmw_implementation_cmake/cmake)
[0.730s] -- Found rmw_fastrtps_cpp: 6.2.8 (/opt/ros/humble/share/rmw_fastrtps_cpp/cmake)
[0.812s] -- Found OpenSSL: /usr/lib/x86_64-linux-gnu/libcrypto.so (found version "3.0.2")  
[0.835s] -- Found FastRTPS: /opt/ros/humble/include  
[0.868s] -- Using RMW implementation 'rmw_fastrtps_cpp' as default
[0.878s] -- Performing Test CMAKE_HAVE_LIBC_PTHREAD
[0.929s] -- Performing Test CMAKE_HAVE_LIBC_PTHREAD - Success
[0.930s] -- Found Threads: TRUE  
[1.115s] -- Found ament_lint_auto: 0.12.14 (/opt/ros/humble/share/ament_lint_auto/cmake)
[1.176s] -- Added test 'flake8' to check Python code syntax and style conventions
[1.177s] -- Added test 'lint_cmake' to check CMake code style
[1.177s] -- Added test 'pep257' to check Python code against some of the docstring style conventions in PEP 257
[1.178s] -- Added test 'xmllint' to check XML markup files
[1.180s] -- Configuring done
[1.183s] -- Generating done
[1.185s] -- Build files have been written to: /home/mudit/bumperbot_ws/src/build/bumperbot_motion
[1.194s] Invoked command in '/home/mudit/bumperbot_ws/src/build/bumperbot_motion' returned '0': CMAKE_PREFIX_PATH=${CMAKE_PREFIX_PATH}:/home/mudit/ros2_ws/install/rover_teleop:/home/mudit/ros2_ws/install/rover_motor_controller:/home/mudit/ros2_rover_ws/install/rover_teleop:/home/mudit/ros2_rover_ws/install/rover_motor_controller:/opt/ros/humble /home/mudit/.local/bin/cmake /home/mudit/bumperbot_ws/src/bumperbot_motion -DCMAKE_INSTALL_PREFIX=/home/mudit/bumperbot_ws/src/install/bumperbot_motion
[1.194s] Invoking command in '/home/mudit/bumperbot_ws/src/build/bumperbot_motion': CMAKE_PREFIX_PATH=${CMAKE_PREFIX_PATH}:/home/mudit/ros2_ws/install/rover_teleop:/home/mudit/ros2_ws/install/rover_motor_controller:/home/mudit/ros2_rover_ws/install/rover_teleop:/home/mudit/ros2_rover_ws/install/rover_motor_controller:/opt/ros/humble /home/mudit/.local/bin/cmake --build /home/mudit/bumperbot_ws/src/build/bumperbot_motion -- -j28 -l28
[1.243s] Built target ament_cmake_python_copy_bumperbot_motion
[1.399s] running egg_info
[1.399s] creating bumperbot_motion.egg-info
[1.399s] writing bumperbot_motion.egg-info/PKG-INFO
[1.399s] writing dependency_links to bumperbot_motion.egg-info/dependency_links.txt
[1.399s] writing top-level names to bumperbot_motion.egg-info/top_level.txt
[1.399s] writing manifest file 'bumperbot_motion.egg-info/SOURCES.txt'
[1.400s] reading manifest file 'bumperbot_motion.egg-info/SOURCES.txt'
[1.401s] writing manifest file 'bumperbot_motion.egg-info/SOURCES.txt'
[1.415s] Built target ament_cmake_python_build_bumperbot_motion_egg
[1.422s] Invoked command in '/home/mudit/bumperbot_ws/src/build/bumperbot_motion' returned '0': CMAKE_PREFIX_PATH=${CMAKE_PREFIX_PATH}:/home/mudit/ros2_ws/install/rover_teleop:/home/mudit/ros2_ws/install/rover_motor_controller:/home/mudit/ros2_rover_ws/install/rover_teleop:/home/mudit/ros2_rover_ws/install/rover_motor_controller:/opt/ros/humble /home/mudit/.local/bin/cmake --build /home/mudit/bumperbot_ws/src/build/bumperbot_motion -- -j28 -l28
[1.423s] Invoking command in '/home/mudit/bumperbot_ws/src/build/bumperbot_motion': CMAKE_PREFIX_PATH=${CMAKE_PREFIX_PATH}:/home/mudit/ros2_ws/install/rover_teleop:/home/mudit/ros2_ws/install/rover_motor_controller:/home/mudit/ros2_rover_ws/install/rover_teleop:/home/mudit/ros2_rover_ws/install/rover_motor_controller:/opt/ros/humble /home/mudit/.local/bin/cmake --install /home/mudit/bumperbot_ws/src/build/bumperbot_motion
[1.443s] -- Install configuration: ""
[1.443s] -- Installing: /home/mudit/bumperbot_ws/src/install/bumperbot_motion/share/bumperbot_motion/environment/pythonpath.sh
[1.444s] -- Installing: /home/mudit/bumperbot_ws/src/install/bumperbot_motion/share/bumperbot_motion/environment/pythonpath.dsv
[1.444s] -- Installing: /home/mudit/bumperbot_ws/src/install/bumperbot_motion/local/lib/python3.10/dist-packages/bumperbot_motion-0.0.0-py3.10.egg-info
[1.444s] -- Installing: /home/mudit/bumperbot_ws/src/install/bumperbot_motion/local/lib/python3.10/dist-packages/bumperbot_motion-0.0.0-py3.10.egg-info/dependency_links.txt
[1.444s] -- Installing: /home/mudit/bumperbot_ws/src/install/bumperbot_motion/local/lib/python3.10/dist-packages/bumperbot_motion-0.0.0-py3.10.egg-info/top_level.txt
[1.444s] -- Installing: /home/mudit/bumperbot_ws/src/install/bumperbot_motion/local/lib/python3.10/dist-packages/bumperbot_motion-0.0.0-py3.10.egg-info/SOURCES.txt
[1.444s] -- Installing: /home/mudit/bumperbot_ws/src/install/bumperbot_motion/local/lib/python3.10/dist-packages/bumperbot_motion-0.0.0-py3.10.egg-info/PKG-INFO
[1.444s] -- Installing: /home/mudit/bumperbot_ws/src/install/bumperbot_motion/local/lib/python3.10/dist-packages/bumperbot_motion
[1.444s] -- Installing: /home/mudit/bumperbot_ws/src/install/bumperbot_motion/local/lib/python3.10/dist-packages/bumperbot_motion/a_star_planner.py
[1.445s] -- Installing: /home/mudit/bumperbot_ws/src/install/bumperbot_motion/local/lib/python3.10/dist-packages/bumperbot_motion/pd_motion_planner.py
[1.445s] -- Installing: /home/mudit/bumperbot_ws/src/install/bumperbot_motion/local/lib/python3.10/dist-packages/bumperbot_motion/__init__.py
[1.445s] -- Installing: /home/mudit/bumperbot_ws/src/install/bumperbot_motion/local/lib/python3.10/dist-packages/bumperbot_motion/pure_pursuit.py
[1.478s] Listing '/home/mudit/bumperbot_ws/src/install/bumperbot_motion/local/lib/python3.10/dist-packages/bumperbot_motion'...
[1.478s] Compiling '/home/mudit/bumperbot_ws/src/install/bumperbot_motion/local/lib/python3.10/dist-packages/bumperbot_motion/__init__.py'...
[1.478s] Compiling '/home/mudit/bumperbot_ws/src/install/bumperbot_motion/local/lib/python3.10/dist-packages/bumperbot_motion/a_star_planner.py'...
[1.478s] Compiling '/home/mudit/bumperbot_ws/src/install/bumperbot_motion/local/lib/python3.10/dist-packages/bumperbot_motion/pd_motion_planner.py'...
[1.478s] Compiling '/home/mudit/bumperbot_ws/src/install/bumperbot_motion/local/lib/python3.10/dist-packages/bumperbot_motion/pure_pursuit.py'...
[1.482s] -- Installing: /home/mudit/bumperbot_ws/src/install/bumperbot_motion/lib/bumperbot_motion/pd_motion_planner.py
[1.482s] -- Installing: /home/mudit/bumperbot_ws/src/install/bumperbot_motion/lib/bumperbot_motion/a_star_planner.py
[1.483s] -- Installing: /home/mudit/bumperbot_ws/src/install/bumperbot_motion/lib/bumperbot_motion/pure_pursuit.py
[1.483s] -- Installing: /home/mudit/bumperbot_ws/src/install/bumperbot_motion/share/ament_index/resource_index/package_run_dependencies/bumperbot_motion
[1.483s] -- Installing: /home/mudit/bumperbot_ws/src/install/bumperbot_motion/share/ament_index/resource_index/parent_prefix_path/bumperbot_motion
[1.483s] -- Installing: /home/mudit/bumperbot_ws/src/install/bumperbot_motion/share/bumperbot_motion/environment/ament_prefix_path.sh
[1.483s] -- Installing: /home/mudit/bumperbot_ws/src/install/bumperbot_motion/share/bumperbot_motion/environment/ament_prefix_path.dsv
[1.483s] -- Installing: /home/mudit/bumperbot_ws/src/install/bumperbot_motion/share/bumperbot_motion/environment/path.sh
[1.483s] -- Installing: /home/mudit/bumperbot_ws/src/install/bumperbot_motion/share/bumperbot_motion/environment/path.dsv
[1.483s] -- Installing: /home/mudit/bumperbot_ws/src/install/bumperbot_motion/share/bumperbot_motion/local_setup.bash
[1.483s] -- Installing: /home/mudit/bumperbot_ws/src/install/bumperbot_motion/share/bumperbot_motion/local_setup.sh
[1.483s] -- Installing: /home/mudit/bumperbot_ws/src/install/bumperbot_motion/share/bumperbot_motion/local_setup.zsh
[1.483s] -- Installing: /home/mudit/bumperbot_ws/src/install/bumperbot_motion/share/bumperbot_motion/local_setup.dsv
[1.483s] -- Installing: /home/mudit/bumperbot_ws/src/install/bumperbot_motion/share/bumperbot_motion/package.dsv
[1.483s] -- Installing: /home/mudit/bumperbot_ws/src/install/bumperbot_motion/share/ament_index/resource_index/packages/bumperbot_motion
[1.483s] -- Installing: /home/mudit/bumperbot_ws/src/install/bumperbot_motion/share/bumperbot_motion/cmake/bumperbot_motionConfig.cmake
[1.483s] -- Installing: /home/mudit/bumperbot_ws/src/install/bumperbot_motion/share/bumperbot_motion/cmake/bumperbot_motionConfig-version.cmake
[1.483s] -- Installing: /home/mudit/bumperbot_ws/src/install/bumperbot_motion/share/bumperbot_motion/package.xml
[1.488s] Invoked command in '/home/mudit/bumperbot_ws/src/build/bumperbot_motion' returned '0': CMAKE_PREFIX_PATH=${CMAKE_PREFIX_PATH}:/home/mudit/ros2_ws/install/rover_teleop:/home/mudit/ros2_ws/install/rover_motor_controller:/home/mudit/ros2_rover_ws/install/rover_teleop:/home/mudit/ros2_rover_ws/install/rover_motor_controller:/opt/ros/humble /home/mudit/.local/bin/cmake --install /home/mudit/bumperbot_ws/src/build/bumperbot_motion
