[0.019s] Invoking command in '/home/mudit/bumperbot_ws/src/build/bumperbot_description': CMAKE_PREFIX_PATH=${CMAKE_PREFIX_PATH}:/home/mudit/ros2_ws/install/rover_teleop:/home/mudit/ros2_ws/install/rover_motor_controller:/home/mudit/ros2_rover_ws/install/rover_teleop:/home/mudit/ros2_rover_ws/install/rover_motor_controller:/opt/ros/humble /home/mudit/.local/bin/cmake --build /home/mudit/bumperbot_ws/src/build/bumperbot_description -- -j28 -l28
[0.054s] Invoked command in '/home/mudit/bumperbot_ws/src/build/bumperbot_description' returned '0': CMAKE_PREFIX_PATH=${CMAKE_PREFIX_PATH}:/home/mudit/ros2_ws/install/rover_teleop:/home/mudit/ros2_ws/install/rover_motor_controller:/home/mudit/ros2_rover_ws/install/rover_teleop:/home/mudit/ros2_rover_ws/install/rover_motor_controller:/opt/ros/humble /home/mudit/.local/bin/cmake --build /home/mudit/bumperbot_ws/src/build/bumperbot_description -- -j28 -l28
[0.079s] Invoking command in '/home/mudit/bumperbot_ws/src/build/bumperbot_description': CMAKE_PREFIX_PATH=${CMAKE_PREFIX_PATH}:/home/mudit/ros2_ws/install/rover_teleop:/home/mudit/ros2_ws/install/rover_motor_controller:/home/mudit/ros2_rover_ws/install/rover_teleop:/home/mudit/ros2_rover_ws/install/rover_motor_controller:/opt/ros/humble /home/mudit/.local/bin/cmake --install /home/mudit/bumperbot_ws/src/build/bumperbot_description
[0.102s] -- Install configuration: ""
[0.102s] -- Up-to-date: /home/mudit/bumperbot_ws/src/install/bumperbot_description/share/bumperbot_description/meshes
[0.103s] -- Up-to-date: /home/mudit/bumperbot_ws/src/install/bumperbot_description/share/bumperbot_description/meshes/imu_link.STL
[0.103s] -- Up-to-date: /home/mudit/bumperbot_ws/src/install/bumperbot_description/share/bumperbot_description/meshes/base_link.STL
[0.103s] -- Up-to-date: /home/mudit/bumperbot_ws/src/install/bumperbot_description/share/bumperbot_description/meshes/caster_front_link.STL
[0.103s] -- Up-to-date: /home/mudit/bumperbot_ws/src/install/bumperbot_description/share/bumperbot_description/meshes/wheel_left_link.STL
[0.103s] -- Up-to-date: /home/mudit/bumperbot_ws/src/install/bumperbot_description/share/bumperbot_description/meshes/caster_rear_link.STL
[0.103s] -- Up-to-date: /home/mudit/bumperbot_ws/src/install/bumperbot_description/share/bumperbot_description/meshes/wheel_right_link.STL
[0.103s] -- Up-to-date: /home/mudit/bumperbot_ws/src/install/bumperbot_description/share/bumperbot_description/urdf
[0.104s] -- Installing: /home/mudit/bumperbot_ws/src/install/bumperbot_description/share/bumperbot_description/urdf/bumperbot_ros2_control.xacro
[0.104s] -- Up-to-date: /home/mudit/bumperbot_ws/src/install/bumperbot_description/share/bumperbot_description/urdf/bumperbot.urdf.xacro
[0.104s] -- Installing: /home/mudit/bumperbot_ws/src/install/bumperbot_description/share/bumperbot_description/urdf/bumperbot_gazebo.xacro
[0.104s] -- Up-to-date: /home/mudit/bumperbot_ws/src/install/bumperbot_description/share/bumperbot_description/launch
[0.104s] -- Installing: /home/mudit/bumperbot_ws/src/install/bumperbot_description/share/bumperbot_description/launch/gazebo.launch.py
[0.104s] -- Up-to-date: /home/mudit/bumperbot_ws/src/install/bumperbot_description/share/bumperbot_description/launch/display.launch.py
[0.104s] -- Up-to-date: /home/mudit/bumperbot_ws/src/install/bumperbot_description/share/bumperbot_description/rviz
[0.104s] -- Up-to-date: /home/mudit/bumperbot_ws/src/install/bumperbot_description/share/bumperbot_description/rviz/display.rviz
[0.104s] -- Up-to-date: /home/mudit/bumperbot_ws/src/install/bumperbot_description/share/ament_index/resource_index/package_run_dependencies/bumperbot_description
[0.105s] -- Up-to-date: /home/mudit/bumperbot_ws/src/install/bumperbot_description/share/ament_index/resource_index/parent_prefix_path/bumperbot_description
[0.105s] -- Up-to-date: /home/mudit/bumperbot_ws/src/install/bumperbot_description/share/bumperbot_description/environment/ament_prefix_path.sh
[0.105s] -- Up-to-date: /home/mudit/bumperbot_ws/src/install/bumperbot_description/share/bumperbot_description/environment/ament_prefix_path.dsv
[0.105s] -- Up-to-date: /home/mudit/bumperbot_ws/src/install/bumperbot_description/share/bumperbot_description/environment/path.sh
[0.105s] -- Up-to-date: /home/mudit/bumperbot_ws/src/install/bumperbot_description/share/bumperbot_description/environment/path.dsv
[0.106s] -- Up-to-date: /home/mudit/bumperbot_ws/src/install/bumperbot_description/share/bumperbot_description/local_setup.bash
[0.106s] -- Up-to-date: /home/mudit/bumperbot_ws/src/install/bumperbot_description/share/bumperbot_description/local_setup.sh
[0.106s] -- Up-to-date: /home/mudit/bumperbot_ws/src/install/bumperbot_description/share/bumperbot_description/local_setup.zsh
[0.106s] -- Up-to-date: /home/mudit/bumperbot_ws/src/install/bumperbot_description/share/bumperbot_description/local_setup.dsv
[0.106s] -- Installing: /home/mudit/bumperbot_ws/src/install/bumperbot_description/share/bumperbot_description/package.dsv
[0.106s] -- Up-to-date: /home/mudit/bumperbot_ws/src/install/bumperbot_description/share/ament_index/resource_index/packages/bumperbot_description
[0.106s] -- Up-to-date: /home/mudit/bumperbot_ws/src/install/bumperbot_description/share/bumperbot_description/cmake/bumperbot_descriptionConfig.cmake
[0.106s] -- Up-to-date: /home/mudit/bumperbot_ws/src/install/bumperbot_description/share/bumperbot_description/cmake/bumperbot_descriptionConfig-version.cmake
[0.106s] -- Up-to-date: /home/mudit/bumperbot_ws/src/install/bumperbot_description/share/bumperbot_description/package.xml
[0.118s] Invoked command in '/home/mudit/bumperbot_ws/src/build/bumperbot_description' returned '0': CMAKE_PREFIX_PATH=${CMAKE_PREFIX_PATH}:/home/mudit/ros2_ws/install/rover_teleop:/home/mudit/ros2_ws/install/rover_motor_controller:/home/mudit/ros2_rover_ws/install/rover_teleop:/home/mudit/ros2_rover_ws/install/rover_motor_controller:/opt/ros/humble /home/mudit/.local/bin/cmake --install /home/mudit/bumperbot_ws/src/build/bumperbot_description
