[0.448s] Invoking command in '/home/mudit/bumperbot_ws/src/bumperbot_py_examples': CMAKE_PREFIX_PATH=/home/mudit/bumperbot_ws/install/bumperbot_msgs:/home/mudit/bumperbot_ws/install/bumperbot_planning:/home/mudit/bumperbot_ws/install/bumperbot_navigation:/home/mudit/bumperbot_ws/install/bumperbot_motion:/home/mudit/bumperbot_ws/install/bumperbot_description:/home/mudit/bumperbot_ws/install/bumperbot_controller:/home/mudit/turtlebot3_ws/install/warehouse_world:/home/mudit/turtlebot3_ws/install/turtlebot3:/home/mudit/turtlebot3_ws/install/turtlebot3_simulations:/home/mudit/turtlebot3_ws/install/turtlebot3_bringup:/home/mudit/turtlebot3_ws/install/turtlebot3_node:/home/mudit/turtlebot3_ws/install/turtlebot3_navigation2:/home/mudit/turtlebot3_ws/install/turtlebot3_fake_node:/home/mudit/turtlebot3_ws/install/turtlebot3_msgs:/home/mudit/turtlebot3_ws/install/turtlebot3_manipulation:/home/mudit/turtlebot3_ws/install/turtlebot3_manipulation_teleop:/home/mudit/turtlebot3_ws/install/turtlebot3_manipulation_navigation2:/home/mudit/turtlebot3_ws/install/turtlebot3_manipulation_moveit_config:/home/mudit/turtlebot3_ws/install/turtlebot3_manipulation_hardware:/home/mudit/turtlebot3_ws/install/turtlebot3_manipulation_gazebo:/home/mudit/turtlebot3_ws/install/turtlebot3_manipulation_bringup:/home/mudit/turtlebot3_ws/install/turtlebot3_manipulation_description:/home/mudit/turtlebot3_ws/install/turtlebot3_manipulation_cartographer:/home/mudit/turtlebot3_ws/install/turtlebot3_gazebo:/home/mudit/turtlebot3_ws/install/turtlebot3_description:/home/mudit/turtlebot3_ws/install/turtlebot3_cartographer:/home/mudit/ros2_ws/install/rover_navigation:/home/mudit/ros2_ws/install/rover_gazebo:/home/mudit/ros2_ws/install/rover_bringup:/home/mudit/ros2_ws/install/rover_motor_controller_cpp:/home/mudit/ros2_ws/install/rover_msgs:/home/mudit/ros2_ws/install/rover_localization:/home/mudit/ros2_ws/install/rover_description:/home/mudit/ros2_rover_ws/install/rover_navigation:/home/mudit/ros2_rover_ws/install/rover_gazebo:/home/mudit/ros2_rover_ws/install/rover_bringup:/home/mudit/ros2_rover_ws/install/rover_motor_controller_cpp:/home/mudit/ros2_rover_ws/install/rover_msgs:/home/mudit/ros2_rover_ws/install/rover_localization:/home/mudit/ros2_rover_ws/install/rover_description PYTHONPATH=/home/mudit/bumperbot_ws/build/bumperbot_py_examples/prefix_override:/usr/lib/python3/dist-packages/colcon_core/task/python/colcon_distutils_commands:/home/mudit/bumperbot_ws/install/bumperbot_py_examples/lib/python3.10/site-packages:${PYTHONPATH} /usr/bin/python3 -W ignore:setup.py install is deprecated -W ignore:easy_install command is deprecated setup.py egg_info --egg-base ../../build/bumperbot_py_examples build --build-base /home/mudit/bumperbot_ws/build/bumperbot_py_examples/build install --record /home/mudit/bumperbot_ws/build/bumperbot_py_examples/install.log --single-version-externally-managed install_data
[0.609s] running egg_info
[0.609s] writing ../../build/bumperbot_py_examples/bumperbot_py_examples.egg-info/PKG-INFO
[0.609s] writing dependency_links to ../../build/bumperbot_py_examples/bumperbot_py_examples.egg-info/dependency_links.txt
[0.610s] writing entry points to ../../build/bumperbot_py_examples/bumperbot_py_examples.egg-info/entry_points.txt
[0.610s] writing requirements to ../../build/bumperbot_py_examples/bumperbot_py_examples.egg-info/requires.txt
[0.610s] writing top-level names to ../../build/bumperbot_py_examples/bumperbot_py_examples.egg-info/top_level.txt
[0.610s] reading manifest file '../../build/bumperbot_py_examples/bumperbot_py_examples.egg-info/SOURCES.txt'
[0.611s] writing manifest file '../../build/bumperbot_py_examples/bumperbot_py_examples.egg-info/SOURCES.txt'
[0.611s] running build
[0.611s] running build_py
[0.612s] running install
[0.612s] running install_lib
[0.613s] running install_data
[0.613s] running install_egg_info
[0.614s] removing '/home/mudit/bumperbot_ws/install/bumperbot_py_examples/lib/python3.10/site-packages/bumperbot_py_examples-0.0.0-py3.10.egg-info' (and everything under it)
[0.614s] Copying ../../build/bumperbot_py_examples/bumperbot_py_examples.egg-info to /home/mudit/bumperbot_ws/install/bumperbot_py_examples/lib/python3.10/site-packages/bumperbot_py_examples-0.0.0-py3.10.egg-info
[0.614s] running install_scripts
[0.629s] Installing simple_action_client script to /home/mudit/bumperbot_ws/install/bumperbot_py_examples/lib/bumperbot_py_examples
[0.629s] Installing simple_action_server script to /home/mudit/bumperbot_ws/install/bumperbot_py_examples/lib/bumperbot_py_examples
[0.629s] Installing simple_lifecycle_node script to /home/mudit/bumperbot_ws/install/bumperbot_py_examples/lib/bumperbot_py_examples
[0.629s] Installing simple_parameter script to /home/mudit/bumperbot_ws/install/bumperbot_py_examples/lib/bumperbot_py_examples
[0.629s] Installing simple_publisher script to /home/mudit/bumperbot_ws/install/bumperbot_py_examples/lib/bumperbot_py_examples
[0.629s] Installing simple_qos_publisher script to /home/mudit/bumperbot_ws/install/bumperbot_py_examples/lib/bumperbot_py_examples
[0.629s] Installing simple_qos_subscriber script to /home/mudit/bumperbot_ws/install/bumperbot_py_examples/lib/bumperbot_py_examples
[0.629s] Installing simple_service_client script to /home/mudit/bumperbot_ws/install/bumperbot_py_examples/lib/bumperbot_py_examples
[0.629s] Installing simple_service_server script to /home/mudit/bumperbot_ws/install/bumperbot_py_examples/lib/bumperbot_py_examples
[0.630s] Installing simple_subscriber script to /home/mudit/bumperbot_ws/install/bumperbot_py_examples/lib/bumperbot_py_examples
[0.630s] Installing simple_tf_kinematics script to /home/mudit/bumperbot_ws/install/bumperbot_py_examples/lib/bumperbot_py_examples
[0.630s] Installing simple_turtlesim_kinematics script to /home/mudit/bumperbot_ws/install/bumperbot_py_examples/lib/bumperbot_py_examples
[0.630s] writing list of installed files to '/home/mudit/bumperbot_ws/build/bumperbot_py_examples/install.log'
[0.644s] Invoked command in '/home/mudit/bumperbot_ws/src/bumperbot_py_examples' returned '0': CMAKE_PREFIX_PATH=/home/mudit/bumperbot_ws/install/bumperbot_msgs:/home/mudit/bumperbot_ws/install/bumperbot_planning:/home/mudit/bumperbot_ws/install/bumperbot_navigation:/home/mudit/bumperbot_ws/install/bumperbot_motion:/home/mudit/bumperbot_ws/install/bumperbot_description:/home/mudit/bumperbot_ws/install/bumperbot_controller:/home/mudit/turtlebot3_ws/install/warehouse_world:/home/mudit/turtlebot3_ws/install/turtlebot3:/home/mudit/turtlebot3_ws/install/turtlebot3_simulations:/home/mudit/turtlebot3_ws/install/turtlebot3_bringup:/home/mudit/turtlebot3_ws/install/turtlebot3_node:/home/mudit/turtlebot3_ws/install/turtlebot3_navigation2:/home/mudit/turtlebot3_ws/install/turtlebot3_fake_node:/home/mudit/turtlebot3_ws/install/turtlebot3_msgs:/home/mudit/turtlebot3_ws/install/turtlebot3_manipulation:/home/mudit/turtlebot3_ws/install/turtlebot3_manipulation_teleop:/home/mudit/turtlebot3_ws/install/turtlebot3_manipulation_navigation2:/home/mudit/turtlebot3_ws/install/turtlebot3_manipulation_moveit_config:/home/mudit/turtlebot3_ws/install/turtlebot3_manipulation_hardware:/home/mudit/turtlebot3_ws/install/turtlebot3_manipulation_gazebo:/home/mudit/turtlebot3_ws/install/turtlebot3_manipulation_bringup:/home/mudit/turtlebot3_ws/install/turtlebot3_manipulation_description:/home/mudit/turtlebot3_ws/install/turtlebot3_manipulation_cartographer:/home/mudit/turtlebot3_ws/install/turtlebot3_gazebo:/home/mudit/turtlebot3_ws/install/turtlebot3_description:/home/mudit/turtlebot3_ws/install/turtlebot3_cartographer:/home/mudit/ros2_ws/install/rover_navigation:/home/mudit/ros2_ws/install/rover_gazebo:/home/mudit/ros2_ws/install/rover_bringup:/home/mudit/ros2_ws/install/rover_motor_controller_cpp:/home/mudit/ros2_ws/install/rover_msgs:/home/mudit/ros2_ws/install/rover_localization:/home/mudit/ros2_ws/install/rover_description:/home/mudit/ros2_rover_ws/install/rover_navigation:/home/mudit/ros2_rover_ws/install/rover_gazebo:/home/mudit/ros2_rover_ws/install/rover_bringup:/home/mudit/ros2_rover_ws/install/rover_motor_controller_cpp:/home/mudit/ros2_rover_ws/install/rover_msgs:/home/mudit/ros2_rover_ws/install/rover_localization:/home/mudit/ros2_rover_ws/install/rover_description PYTHONPATH=/home/mudit/bumperbot_ws/build/bumperbot_py_examples/prefix_override:/usr/lib/python3/dist-packages/colcon_core/task/python/colcon_distutils_commands:/home/mudit/bumperbot_ws/install/bumperbot_py_examples/lib/python3.10/site-packages:${PYTHONPATH} /usr/bin/python3 -W ignore:setup.py install is deprecated -W ignore:easy_install command is deprecated setup.py egg_info --egg-base ../../build/bumperbot_py_examples build --build-base /home/mudit/bumperbot_ws/build/bumperbot_py_examples/build install --record /home/mudit/bumperbot_ws/build/bumperbot_py_examples/install.log --single-version-externally-managed install_data
