[0.441s] Invoking command in '/home/mudit/bumperbot_ws/src/bumperbot_py_examples': AMENT_PREFIX_PATH=/home/mudit/bumperbot_ws/src/install/bumperbot_msgs:${AMENT_PREFIX_PATH} CMAKE_PREFIX_PATH=/home/mudit/bumperbot_ws/src/install/bumperbot_msgs:${CMAKE_PREFIX_PATH} LD_LIBRARY_PATH=/home/mudit/bumperbot_ws/src/install/bumperbot_msgs/lib:${LD_LIBRARY_PATH} PYTHONPATH=/home/mudit/bumperbot_ws/src/build/bumperbot_py_examples/prefix_override:/usr/lib/python3/dist-packages/colcon_core/task/python/colcon_distutils_commands:/home/mudit/bumperbot_ws/src/install/bumperbot_py_examples/lib/python3.10/site-packages:/home/mudit/bumperbot_ws/src/install/bumperbot_msgs/local/lib/python3.10/dist-packages:${PYTHONPATH} /usr/bin/python3 -W ignore:setup.py install is deprecated -W ignore:easy_install command is deprecated setup.py egg_info --egg-base ../build/bumperbot_py_examples build --build-base /home/mudit/bumperbot_ws/src/build/bumperbot_py_examples/build install --record /home/mudit/bumperbot_ws/src/build/bumperbot_py_examples/install.log --single-version-externally-managed install_data
[0.596s] running egg_info
[0.596s] creating ../build/bumperbot_py_examples/bumperbot_py_examples.egg-info
[0.596s] writing ../build/bumperbot_py_examples/bumperbot_py_examples.egg-info/PKG-INFO
[0.596s] writing dependency_links to ../build/bumperbot_py_examples/bumperbot_py_examples.egg-info/dependency_links.txt
[0.596s] writing entry points to ../build/bumperbot_py_examples/bumperbot_py_examples.egg-info/entry_points.txt
[0.596s] writing requirements to ../build/bumperbot_py_examples/bumperbot_py_examples.egg-info/requires.txt
[0.596s] writing top-level names to ../build/bumperbot_py_examples/bumperbot_py_examples.egg-info/top_level.txt
[0.596s] writing manifest file '../build/bumperbot_py_examples/bumperbot_py_examples.egg-info/SOURCES.txt'
[0.597s] reading manifest file '../build/bumperbot_py_examples/bumperbot_py_examples.egg-info/SOURCES.txt'
[0.598s] writing manifest file '../build/bumperbot_py_examples/bumperbot_py_examples.egg-info/SOURCES.txt'
[0.598s] running build
[0.598s] running build_py
[0.598s] creating /home/mudit/bumperbot_ws/src/build/bumperbot_py_examples/build
[0.598s] creating /home/mudit/bumperbot_ws/src/build/bumperbot_py_examples/build/lib
[0.598s] creating /home/mudit/bumperbot_ws/src/build/bumperbot_py_examples/build/lib/bumperbot_py_examples
[0.598s] copying bumperbot_py_examples/simple_subscriper.py -> /home/mudit/bumperbot_ws/src/build/bumperbot_py_examples/build/lib/bumperbot_py_examples
[0.598s] copying bumperbot_py_examples/simple_action_client.py -> /home/mudit/bumperbot_ws/src/build/bumperbot_py_examples/build/lib/bumperbot_py_examples
[0.598s] copying bumperbot_py_examples/simple_action_server.py -> /home/mudit/bumperbot_ws/src/build/bumperbot_py_examples/build/lib/bumperbot_py_examples
[0.598s] copying bumperbot_py_examples/__init__.py -> /home/mudit/bumperbot_ws/src/build/bumperbot_py_examples/build/lib/bumperbot_py_examples
[0.598s] copying bumperbot_py_examples/simple_publisher.py -> /home/mudit/bumperbot_ws/src/build/bumperbot_py_examples/build/lib/bumperbot_py_examples
[0.598s] copying bumperbot_py_examples/simple_qos_publisher.py -> /home/mudit/bumperbot_ws/src/build/bumperbot_py_examples/build/lib/bumperbot_py_examples
[0.598s] copying bumperbot_py_examples/simple_parameter.py -> /home/mudit/bumperbot_ws/src/build/bumperbot_py_examples/build/lib/bumperbot_py_examples
[0.598s] copying bumperbot_py_examples/simple_lifecycle_node.py -> /home/mudit/bumperbot_ws/src/build/bumperbot_py_examples/build/lib/bumperbot_py_examples
[0.598s] running install
[0.598s] running install_lib
[0.599s] creating /home/mudit/bumperbot_ws/src/install/bumperbot_py_examples/lib/python3.10/site-packages/bumperbot_py_examples
[0.599s] copying /home/mudit/bumperbot_ws/src/build/bumperbot_py_examples/build/lib/bumperbot_py_examples/simple_subscriper.py -> /home/mudit/bumperbot_ws/src/install/bumperbot_py_examples/lib/python3.10/site-packages/bumperbot_py_examples
[0.599s] copying /home/mudit/bumperbot_ws/src/build/bumperbot_py_examples/build/lib/bumperbot_py_examples/simple_action_client.py -> /home/mudit/bumperbot_ws/src/install/bumperbot_py_examples/lib/python3.10/site-packages/bumperbot_py_examples
[0.599s] copying /home/mudit/bumperbot_ws/src/build/bumperbot_py_examples/build/lib/bumperbot_py_examples/simple_action_server.py -> /home/mudit/bumperbot_ws/src/install/bumperbot_py_examples/lib/python3.10/site-packages/bumperbot_py_examples
[0.599s] copying /home/mudit/bumperbot_ws/src/build/bumperbot_py_examples/build/lib/bumperbot_py_examples/__init__.py -> /home/mudit/bumperbot_ws/src/install/bumperbot_py_examples/lib/python3.10/site-packages/bumperbot_py_examples
[0.599s] copying /home/mudit/bumperbot_ws/src/build/bumperbot_py_examples/build/lib/bumperbot_py_examples/simple_publisher.py -> /home/mudit/bumperbot_ws/src/install/bumperbot_py_examples/lib/python3.10/site-packages/bumperbot_py_examples
[0.599s] copying /home/mudit/bumperbot_ws/src/build/bumperbot_py_examples/build/lib/bumperbot_py_examples/simple_qos_publisher.py -> /home/mudit/bumperbot_ws/src/install/bumperbot_py_examples/lib/python3.10/site-packages/bumperbot_py_examples
[0.599s] copying /home/mudit/bumperbot_ws/src/build/bumperbot_py_examples/build/lib/bumperbot_py_examples/simple_parameter.py -> /home/mudit/bumperbot_ws/src/install/bumperbot_py_examples/lib/python3.10/site-packages/bumperbot_py_examples
[0.599s] copying /home/mudit/bumperbot_ws/src/build/bumperbot_py_examples/build/lib/bumperbot_py_examples/simple_lifecycle_node.py -> /home/mudit/bumperbot_ws/src/install/bumperbot_py_examples/lib/python3.10/site-packages/bumperbot_py_examples
[0.599s] byte-compiling /home/mudit/bumperbot_ws/src/install/bumperbot_py_examples/lib/python3.10/site-packages/bumperbot_py_examples/simple_subscriper.py to simple_subscriper.cpython-310.pyc
[0.600s] byte-compiling /home/mudit/bumperbot_ws/src/install/bumperbot_py_examples/lib/python3.10/site-packages/bumperbot_py_examples/simple_action_client.py to simple_action_client.cpython-310.pyc
[0.600s] byte-compiling /home/mudit/bumperbot_ws/src/install/bumperbot_py_examples/lib/python3.10/site-packages/bumperbot_py_examples/simple_action_server.py to simple_action_server.cpython-310.pyc
[0.600s] byte-compiling /home/mudit/bumperbot_ws/src/install/bumperbot_py_examples/lib/python3.10/site-packages/bumperbot_py_examples/__init__.py to __init__.cpython-310.pyc
[0.600s] byte-compiling /home/mudit/bumperbot_ws/src/install/bumperbot_py_examples/lib/python3.10/site-packages/bumperbot_py_examples/simple_publisher.py to simple_publisher.cpython-310.pyc
[0.600s] byte-compiling /home/mudit/bumperbot_ws/src/install/bumperbot_py_examples/lib/python3.10/site-packages/bumperbot_py_examples/simple_qos_publisher.py to simple_qos_publisher.cpython-310.pyc
[0.601s] byte-compiling /home/mudit/bumperbot_ws/src/install/bumperbot_py_examples/lib/python3.10/site-packages/bumperbot_py_examples/simple_parameter.py to simple_parameter.cpython-310.pyc
[0.601s] byte-compiling /home/mudit/bumperbot_ws/src/install/bumperbot_py_examples/lib/python3.10/site-packages/bumperbot_py_examples/simple_lifecycle_node.py to simple_lifecycle_node.cpython-310.pyc
[0.601s] running install_data
[0.601s] creating /home/mudit/bumperbot_ws/src/install/bumperbot_py_examples/share/ament_index
[0.601s] creating /home/mudit/bumperbot_ws/src/install/bumperbot_py_examples/share/ament_index/resource_index
[0.601s] creating /home/mudit/bumperbot_ws/src/install/bumperbot_py_examples/share/ament_index/resource_index/packages
[0.601s] copying resource/bumperbot_py_examples -> /home/mudit/bumperbot_ws/src/install/bumperbot_py_examples/share/ament_index/resource_index/packages
[0.601s] copying package.xml -> /home/mudit/bumperbot_ws/src/install/bumperbot_py_examples/share/bumperbot_py_examples
[0.601s] running install_egg_info
[0.603s] Copying ../build/bumperbot_py_examples/bumperbot_py_examples.egg-info to /home/mudit/bumperbot_ws/src/install/bumperbot_py_examples/lib/python3.10/site-packages/bumperbot_py_examples-0.0.0-py3.10.egg-info
[0.603s] running install_scripts
[0.617s] Installing simple_action_client script to /home/mudit/bumperbot_ws/src/install/bumperbot_py_examples/lib/bumperbot_py_examples
[0.617s] Installing simple_action_server script to /home/mudit/bumperbot_ws/src/install/bumperbot_py_examples/lib/bumperbot_py_examples
[0.617s] Installing simple_lifecycle_node script to /home/mudit/bumperbot_ws/src/install/bumperbot_py_examples/lib/bumperbot_py_examples
[0.617s] Installing simple_parameter script to /home/mudit/bumperbot_ws/src/install/bumperbot_py_examples/lib/bumperbot_py_examples
[0.617s] Installing simple_publisher script to /home/mudit/bumperbot_ws/src/install/bumperbot_py_examples/lib/bumperbot_py_examples
[0.617s] Installing simple_qos_publisher script to /home/mudit/bumperbot_ws/src/install/bumperbot_py_examples/lib/bumperbot_py_examples
[0.617s] Installing simple_qos_subscriber script to /home/mudit/bumperbot_ws/src/install/bumperbot_py_examples/lib/bumperbot_py_examples
[0.617s] Installing simple_service_client script to /home/mudit/bumperbot_ws/src/install/bumperbot_py_examples/lib/bumperbot_py_examples
[0.617s] Installing simple_service_server script to /home/mudit/bumperbot_ws/src/install/bumperbot_py_examples/lib/bumperbot_py_examples
[0.617s] Installing simple_subscriber script to /home/mudit/bumperbot_ws/src/install/bumperbot_py_examples/lib/bumperbot_py_examples
[0.617s] Installing simple_tf_kinematics script to /home/mudit/bumperbot_ws/src/install/bumperbot_py_examples/lib/bumperbot_py_examples
[0.617s] Installing simple_turtlesim_kinematics script to /home/mudit/bumperbot_ws/src/install/bumperbot_py_examples/lib/bumperbot_py_examples
[0.617s] writing list of installed files to '/home/mudit/bumperbot_ws/src/build/bumperbot_py_examples/install.log'
[0.631s] Invoked command in '/home/mudit/bumperbot_ws/src/bumperbot_py_examples' returned '0': AMENT_PREFIX_PATH=/home/mudit/bumperbot_ws/src/install/bumperbot_msgs:${AMENT_PREFIX_PATH} CMAKE_PREFIX_PATH=/home/mudit/bumperbot_ws/src/install/bumperbot_msgs:${CMAKE_PREFIX_PATH} LD_LIBRARY_PATH=/home/mudit/bumperbot_ws/src/install/bumperbot_msgs/lib:${LD_LIBRARY_PATH} PYTHONPATH=/home/mudit/bumperbot_ws/src/build/bumperbot_py_examples/prefix_override:/usr/lib/python3/dist-packages/colcon_core/task/python/colcon_distutils_commands:/home/mudit/bumperbot_ws/src/install/bumperbot_py_examples/lib/python3.10/site-packages:/home/mudit/bumperbot_ws/src/install/bumperbot_msgs/local/lib/python3.10/dist-packages:${PYTHONPATH} /usr/bin/python3 -W ignore:setup.py install is deprecated -W ignore:easy_install command is deprecated setup.py egg_info --egg-base ../build/bumperbot_py_examples build --build-base /home/mudit/bumperbot_ws/src/build/bumperbot_py_examples/build install --record /home/mudit/bumperbot_ws/src/build/bumperbot_py_examples/install.log --single-version-externally-managed install_data
