/home/mudit/bumperbot_ws/src/install/bumperbot_py_examples/lib/python3.10/site-packages/bumperbot_py_examples/simple_tf_kinematics.py
/home/mudit/bumperbot_ws/src/install/bumperbot_py_examples/lib/python3.10/site-packages/bumperbot_py_examples/simple_subscriper.py
/home/mudit/bumperbot_ws/src/install/bumperbot_py_examples/lib/python3.10/site-packages/bumperbot_py_examples/simple_action_client.py
/home/mudit/bumperbot_ws/src/install/bumperbot_py_examples/lib/python3.10/site-packages/bumperbot_py_examples/simple_service_server.py
/home/mudit/bumperbot_ws/src/install/bumperbot_py_examples/lib/python3.10/site-packages/bumperbot_py_examples/simple_action_server.py
/home/mudit/bumperbot_ws/src/install/bumperbot_py_examples/lib/python3.10/site-packages/bumperbot_py_examples/__init__.py
/home/mudit/bumperbot_ws/src/install/bumperbot_py_examples/lib/python3.10/site-packages/bumperbot_py_examples/simple_publisher.py
/home/mudit/bumperbot_ws/src/install/bumperbot_py_examples/lib/python3.10/site-packages/bumperbot_py_examples/simple_qos_publisher.py
/home/mudit/bumperbot_ws/src/install/bumperbot_py_examples/lib/python3.10/site-packages/bumperbot_py_examples/simple_parameter.py
/home/mudit/bumperbot_ws/src/install/bumperbot_py_examples/lib/python3.10/site-packages/bumperbot_py_examples/simple_lifecycle_node.py
/home/mudit/bumperbot_ws/src/install/bumperbot_py_examples/lib/python3.10/site-packages/bumperbot_py_examples/__pycache__/simple_tf_kinematics.cpython-310.pyc
/home/mudit/bumperbot_ws/src/install/bumperbot_py_examples/lib/python3.10/site-packages/bumperbot_py_examples/__pycache__/simple_subscriper.cpython-310.pyc
/home/mudit/bumperbot_ws/src/install/bumperbot_py_examples/lib/python3.10/site-packages/bumperbot_py_examples/__pycache__/simple_action_client.cpython-310.pyc
/home/mudit/bumperbot_ws/src/install/bumperbot_py_examples/lib/python3.10/site-packages/bumperbot_py_examples/__pycache__/simple_service_server.cpython-310.pyc
/home/mudit/bumperbot_ws/src/install/bumperbot_py_examples/lib/python3.10/site-packages/bumperbot_py_examples/__pycache__/simple_action_server.cpython-310.pyc
/home/mudit/bumperbot_ws/src/install/bumperbot_py_examples/lib/python3.10/site-packages/bumperbot_py_examples/__pycache__/__init__.cpython-310.pyc
/home/mudit/bumperbot_ws/src/install/bumperbot_py_examples/lib/python3.10/site-packages/bumperbot_py_examples/__pycache__/simple_publisher.cpython-310.pyc
/home/mudit/bumperbot_ws/src/install/bumperbot_py_examples/lib/python3.10/site-packages/bumperbot_py_examples/__pycache__/simple_qos_publisher.cpython-310.pyc
/home/mudit/bumperbot_ws/src/install/bumperbot_py_examples/lib/python3.10/site-packages/bumperbot_py_examples/__pycache__/simple_parameter.cpython-310.pyc
/home/mudit/bumperbot_ws/src/install/bumperbot_py_examples/lib/python3.10/site-packages/bumperbot_py_examples/__pycache__/simple_lifecycle_node.cpython-310.pyc
/home/mudit/bumperbot_ws/src/install/bumperbot_py_examples/share/ament_index/resource_index/packages/bumperbot_py_examples
/home/mudit/bumperbot_ws/src/install/bumperbot_py_examples/share/bumperbot_py_examples/package.xml
/home/mudit/bumperbot_ws/src/install/bumperbot_py_examples/lib/python3.10/site-packages/bumperbot_py_examples-0.0.0-py3.10.egg-info/dependency_links.txt
/home/mudit/bumperbot_ws/src/install/bumperbot_py_examples/lib/python3.10/site-packages/bumperbot_py_examples-0.0.0-py3.10.egg-info/zip-safe
/home/mudit/bumperbot_ws/src/install/bumperbot_py_examples/lib/python3.10/site-packages/bumperbot_py_examples-0.0.0-py3.10.egg-info/top_level.txt
/home/mudit/bumperbot_ws/src/install/bumperbot_py_examples/lib/python3.10/site-packages/bumperbot_py_examples-0.0.0-py3.10.egg-info/entry_points.txt
/home/mudit/bumperbot_ws/src/install/bumperbot_py_examples/lib/python3.10/site-packages/bumperbot_py_examples-0.0.0-py3.10.egg-info/SOURCES.txt
/home/mudit/bumperbot_ws/src/install/bumperbot_py_examples/lib/python3.10/site-packages/bumperbot_py_examples-0.0.0-py3.10.egg-info/PKG-INFO
/home/mudit/bumperbot_ws/src/install/bumperbot_py_examples/lib/python3.10/site-packages/bumperbot_py_examples-0.0.0-py3.10.egg-info/requires.txt
/home/mudit/bumperbot_ws/src/install/bumperbot_py_examples/lib/bumperbot_py_examples/simple_action_client
/home/mudit/bumperbot_ws/src/install/bumperbot_py_examples/lib/bumperbot_py_examples/simple_action_server
/home/mudit/bumperbot_ws/src/install/bumperbot_py_examples/lib/bumperbot_py_examples/simple_lifecycle_node
/home/mudit/bumperbot_ws/src/install/bumperbot_py_examples/lib/bumperbot_py_examples/simple_parameter
/home/mudit/bumperbot_ws/src/install/bumperbot_py_examples/lib/bumperbot_py_examples/simple_publisher
/home/mudit/bumperbot_ws/src/install/bumperbot_py_examples/lib/bumperbot_py_examples/simple_qos_publisher
/home/mudit/bumperbot_ws/src/install/bumperbot_py_examples/lib/bumperbot_py_examples/simple_qos_subscriber
/home/mudit/bumperbot_ws/src/install/bumperbot_py_examples/lib/bumperbot_py_examples/simple_service_client
/home/mudit/bumperbot_ws/src/install/bumperbot_py_examples/lib/bumperbot_py_examples/simple_service_server
/home/mudit/bumperbot_ws/src/install/bumperbot_py_examples/lib/bumperbot_py_examples/simple_subscriber
/home/mudit/bumperbot_ws/src/install/bumperbot_py_examples/lib/bumperbot_py_examples/simple_tf_kinematics
/home/mudit/bumperbot_ws/src/install/bumperbot_py_examples/lib/bumperbot_py_examples/simple_turtlesim_kinematics
