[0.018s] Invoking command in '/home/mudit/bumperbot_ws/src/build/bumperbot_planning': CMAKE_PREFIX_PATH=${CMAKE_PREFIX_PATH}:/home/mudit/ros2_ws/install/rover_teleop:/home/mudit/ros2_ws/install/rover_motor_controller:/home/mudit/ros2_rover_ws/install/rover_teleop:/home/mudit/ros2_rover_ws/install/rover_motor_controller:/opt/ros/humble /home/mudit/.local/bin/cmake /home/mudit/bumperbot_ws/src/bumperbot_planning -DCMAKE_INSTALL_PREFIX=/home/mudit/bumperbot_ws/src/install/bumperbot_planning
[0.084s] -- The C compiler identification is GNU 11.4.0
[0.140s] -- The CXX compiler identification is GNU 11.4.0
[0.150s] -- Detecting C compiler ABI info
[0.197s] -- Detecting C compiler ABI info - done
[0.205s] -- Check for working C compiler: /usr/bin/cc - skipped
[0.205s] -- Detecting C compile features
[0.205s] -- Detecting C compile features - done
[0.208s] -- Detecting CXX compiler ABI info
[0.261s] -- Detecting CXX compiler ABI info - done
[0.269s] -- Check for working CXX compiler: /usr/bin/c++ - skipped
[0.269s] -- Detecting CXX compile features
[0.269s] -- Detecting CXX compile features - done
[0.272s] -- Found ament_cmake: 1.3.12 (/opt/ros/humble/share/ament_cmake/cmake)
[0.387s] -- Found Python3: /usr/bin/python3 (found version "3.10.12") found components: Interpreter 
[0.466s] -- Found rclpy: 3.3.17 (/opt/ros/humble/share/rclpy/cmake)
[0.580s] -- Configuring done
[0.582s] -- Generating done
[0.583s] -- Build files have been written to: /home/mudit/bumperbot_ws/src/build/bumperbot_planning
[0.590s] Invoked command in '/home/mudit/bumperbot_ws/src/build/bumperbot_planning' returned '0': CMAKE_PREFIX_PATH=${CMAKE_PREFIX_PATH}:/home/mudit/ros2_ws/install/rover_teleop:/home/mudit/ros2_ws/install/rover_motor_controller:/home/mudit/ros2_rover_ws/install/rover_teleop:/home/mudit/ros2_rover_ws/install/rover_motor_controller:/opt/ros/humble /home/mudit/.local/bin/cmake /home/mudit/bumperbot_ws/src/bumperbot_planning -DCMAKE_INSTALL_PREFIX=/home/mudit/bumperbot_ws/src/install/bumperbot_planning
[0.591s] Invoking command in '/home/mudit/bumperbot_ws/src/build/bumperbot_planning': CMAKE_PREFIX_PATH=${CMAKE_PREFIX_PATH}:/home/mudit/ros2_ws/install/rover_teleop:/home/mudit/ros2_ws/install/rover_motor_controller:/home/mudit/ros2_rover_ws/install/rover_teleop:/home/mudit/ros2_rover_ws/install/rover_motor_controller:/opt/ros/humble /home/mudit/.local/bin/cmake --build /home/mudit/bumperbot_ws/src/build/bumperbot_planning -- -j28 -l28
[0.629s] Built target ament_cmake_python_copy_bumperbot_planning
[0.788s] running egg_info
[0.789s] creating bumperbot_planning.egg-info
[0.789s] writing bumperbot_planning.egg-info/PKG-INFO
[0.789s] writing dependency_links to bumperbot_planning.egg-info/dependency_links.txt
[0.789s] writing top-level names to bumperbot_planning.egg-info/top_level.txt
[0.789s] writing manifest file 'bumperbot_planning.egg-info/SOURCES.txt'
[0.790s] reading manifest file 'bumperbot_planning.egg-info/SOURCES.txt'
[0.791s] writing manifest file 'bumperbot_planning.egg-info/SOURCES.txt'
[0.805s] Built target ament_cmake_python_build_bumperbot_planning_egg
[0.812s] Invoked command in '/home/mudit/bumperbot_ws/src/build/bumperbot_planning' returned '0': CMAKE_PREFIX_PATH=${CMAKE_PREFIX_PATH}:/home/mudit/ros2_ws/install/rover_teleop:/home/mudit/ros2_ws/install/rover_motor_controller:/home/mudit/ros2_rover_ws/install/rover_teleop:/home/mudit/ros2_rover_ws/install/rover_motor_controller:/opt/ros/humble /home/mudit/.local/bin/cmake --build /home/mudit/bumperbot_ws/src/build/bumperbot_planning -- -j28 -l28
[0.813s] Invoking command in '/home/mudit/bumperbot_ws/src/build/bumperbot_planning': CMAKE_PREFIX_PATH=${CMAKE_PREFIX_PATH}:/home/mudit/ros2_ws/install/rover_teleop:/home/mudit/ros2_ws/install/rover_motor_controller:/home/mudit/ros2_rover_ws/install/rover_teleop:/home/mudit/ros2_rover_ws/install/rover_motor_controller:/opt/ros/humble /home/mudit/.local/bin/cmake --install /home/mudit/bumperbot_ws/src/build/bumperbot_planning
[0.833s] -- Install configuration: ""
[0.833s] -- Installing: /home/mudit/bumperbot_ws/src/install/bumperbot_planning/share/bumperbot_planning/environment/pythonpath.sh
[0.833s] -- Installing: /home/mudit/bumperbot_ws/src/install/bumperbot_planning/share/bumperbot_planning/environment/pythonpath.dsv
[0.833s] -- Installing: /home/mudit/bumperbot_ws/src/install/bumperbot_planning/local/lib/python3.10/dist-packages/bumperbot_planning-0.0.0-py3.10.egg-info
[0.833s] -- Installing: /home/mudit/bumperbot_ws/src/install/bumperbot_planning/local/lib/python3.10/dist-packages/bumperbot_planning-0.0.0-py3.10.egg-info/dependency_links.txt
[0.833s] -- Installing: /home/mudit/bumperbot_ws/src/install/bumperbot_planning/local/lib/python3.10/dist-packages/bumperbot_planning-0.0.0-py3.10.egg-info/top_level.txt
[0.833s] -- Installing: /home/mudit/bumperbot_ws/src/install/bumperbot_planning/local/lib/python3.10/dist-packages/bumperbot_planning-0.0.0-py3.10.egg-info/SOURCES.txt
[0.833s] -- Installing: /home/mudit/bumperbot_ws/src/install/bumperbot_planning/local/lib/python3.10/dist-packages/bumperbot_planning-0.0.0-py3.10.egg-info/PKG-INFO
[0.833s] -- Installing: /home/mudit/bumperbot_ws/src/install/bumperbot_planning/local/lib/python3.10/dist-packages/bumperbot_planning
[0.834s] -- Installing: /home/mudit/bumperbot_ws/src/install/bumperbot_planning/local/lib/python3.10/dist-packages/bumperbot_planning/dijkstra_planner.py
[0.834s] -- Installing: /home/mudit/bumperbot_ws/src/install/bumperbot_planning/local/lib/python3.10/dist-packages/bumperbot_planning/__init__.py
[0.864s] Listing '/home/mudit/bumperbot_ws/src/install/bumperbot_planning/local/lib/python3.10/dist-packages/bumperbot_planning'...
[0.864s] Compiling '/home/mudit/bumperbot_ws/src/install/bumperbot_planning/local/lib/python3.10/dist-packages/bumperbot_planning/__init__.py'...
[0.864s] Compiling '/home/mudit/bumperbot_ws/src/install/bumperbot_planning/local/lib/python3.10/dist-packages/bumperbot_planning/dijkstra_planner.py'...
[0.867s] -- Installing: /home/mudit/bumperbot_ws/src/install/bumperbot_planning/lib/bumperbot_planning/dijkstra_planner.py
[0.867s] -- Installing: /home/mudit/bumperbot_ws/src/install/bumperbot_planning/share/ament_index/resource_index/package_run_dependencies/bumperbot_planning
[0.867s] -- Installing: /home/mudit/bumperbot_ws/src/install/bumperbot_planning/share/ament_index/resource_index/parent_prefix_path/bumperbot_planning
[0.867s] -- Installing: /home/mudit/bumperbot_ws/src/install/bumperbot_planning/share/bumperbot_planning/environment/ament_prefix_path.sh
[0.868s] -- Installing: /home/mudit/bumperbot_ws/src/install/bumperbot_planning/share/bumperbot_planning/environment/ament_prefix_path.dsv
[0.868s] -- Installing: /home/mudit/bumperbot_ws/src/install/bumperbot_planning/share/bumperbot_planning/environment/path.sh
[0.868s] -- Installing: /home/mudit/bumperbot_ws/src/install/bumperbot_planning/share/bumperbot_planning/environment/path.dsv
[0.868s] -- Installing: /home/mudit/bumperbot_ws/src/install/bumperbot_planning/share/bumperbot_planning/local_setup.bash
[0.868s] -- Installing: /home/mudit/bumperbot_ws/src/install/bumperbot_planning/share/bumperbot_planning/local_setup.sh
[0.868s] -- Installing: /home/mudit/bumperbot_ws/src/install/bumperbot_planning/share/bumperbot_planning/local_setup.zsh
[0.868s] -- Installing: /home/mudit/bumperbot_ws/src/install/bumperbot_planning/share/bumperbot_planning/local_setup.dsv
[0.868s] -- Installing: /home/mudit/bumperbot_ws/src/install/bumperbot_planning/share/bumperbot_planning/package.dsv
[0.868s] -- Installing: /home/mudit/bumperbot_ws/src/install/bumperbot_planning/share/ament_index/resource_index/packages/bumperbot_planning
[0.868s] -- Installing: /home/mudit/bumperbot_ws/src/install/bumperbot_planning/share/bumperbot_planning/cmake/bumperbot_planningConfig.cmake
[0.868s] -- Installing: /home/mudit/bumperbot_ws/src/install/bumperbot_planning/share/bumperbot_planning/cmake/bumperbot_planningConfig-version.cmake
[0.868s] -- Installing: /home/mudit/bumperbot_ws/src/install/bumperbot_planning/share/bumperbot_planning/package.xml
[0.872s] Invoked command in '/home/mudit/bumperbot_ws/src/build/bumperbot_planning' returned '0': CMAKE_PREFIX_PATH=${CMAKE_PREFIX_PATH}:/home/mudit/ros2_ws/install/rover_teleop:/home/mudit/ros2_ws/install/rover_motor_controller:/home/mudit/ros2_rover_ws/install/rover_teleop:/home/mudit/ros2_rover_ws/install/rover_motor_controller:/opt/ros/humble /home/mudit/.local/bin/cmake --install /home/mudit/bumperbot_ws/src/build/bumperbot_planning
