[0.528s] Invoking command in '/home/mudit/bumperbot_ws/src/bumperbot_world': PYTHONPATH=/home/mudit/bumperbot_ws/build/bumperbot_world/prefix_override:/usr/lib/python3/dist-packages/colcon_core/task/python/colcon_distutils_commands:/home/mudit/bumperbot_ws/install/bumperbot_world/lib/python3.10/site-packages:${PYTHONPATH} /usr/bin/python3 -W ignore:setup.py install is deprecated -W ignore:easy_install command is deprecated setup.py egg_info --egg-base ../../build/bumperbot_world build --build-base /home/mudit/bumperbot_ws/build/bumperbot_world/build install --record /home/mudit/bumperbot_ws/build/bumperbot_world/install.log --single-version-externally-managed install_data
[0.689s] running egg_info
[0.689s] writing ../../build/bumperbot_world/bumperbot_world.egg-info/PKG-INFO
[0.689s] writing dependency_links to ../../build/bumperbot_world/bumperbot_world.egg-info/dependency_links.txt
[0.689s] writing entry points to ../../build/bumperbot_world/bumperbot_world.egg-info/entry_points.txt
[0.689s] writing requirements to ../../build/bumperbot_world/bumperbot_world.egg-info/requires.txt
[0.689s] writing top-level names to ../../build/bumperbot_world/bumperbot_world.egg-info/top_level.txt
[0.690s] reading manifest file '../../build/bumperbot_world/bumperbot_world.egg-info/SOURCES.txt'
[0.691s] writing manifest file '../../build/bumperbot_world/bumperbot_world.egg-info/SOURCES.txt'
[0.691s] running build
[0.691s] running build_py
[0.691s] running install
[0.691s] running install_lib
[0.692s] running install_data
[0.692s] running install_egg_info
[0.693s] removing '/home/mudit/bumperbot_ws/install/bumperbot_world/lib/python3.10/site-packages/bumperbot_world-0.0.0-py3.10.egg-info' (and everything under it)
[0.693s] Copying ../../build/bumperbot_world/bumperbot_world.egg-info to /home/mudit/bumperbot_ws/install/bumperbot_world/lib/python3.10/site-packages/bumperbot_world-0.0.0-py3.10.egg-info
[0.694s] running install_scripts
[0.708s] writing list of installed files to '/home/mudit/bumperbot_ws/build/bumperbot_world/install.log'
[0.722s] Invoked command in '/home/mudit/bumperbot_ws/src/bumperbot_world' returned '0': PYTHONPATH=/home/mudit/bumperbot_ws/build/bumperbot_world/prefix_override:/usr/lib/python3/dist-packages/colcon_core/task/python/colcon_distutils_commands:/home/mudit/bumperbot_ws/install/bumperbot_world/lib/python3.10/site-packages:${PYTHONPATH} /usr/bin/python3 -W ignore:setup.py install is deprecated -W ignore:easy_install command is deprecated setup.py egg_info --egg-base ../../build/bumperbot_world build --build-base /home/mudit/bumperbot_ws/build/bumperbot_world/build install --record /home/mudit/bumperbot_ws/build/bumperbot_world/install.log --single-version-externally-managed install_data
