Built target ament_cmake_python_symlink_bumperbot_planning
running egg_info
writing bumperbot_planning.egg-info/PKG-INFO
writing dependency_links to bumperbot_planning.egg-info/dependency_links.txt
writing top-level names to bumperbot_planning.egg-info/top_level.txt
reading manifest file 'bumperbot_planning.egg-info/SOURCES.txt'
writing manifest file 'bumperbot_planning.egg-info/SOURCES.txt'
Built target ament_cmake_python_build_bumperbot_planning_egg
-- Install configuration: ""
-- Execute custom install script
-- Up-to-date symlink: /home/mudit/bumperbot_ws/install/bumperbot_planning/share/bumperbot_planning/environment/pythonpath.sh
-- Up-to-date symlink: /home/mudit/bumperbot_ws/install/bumperbot_planning/share/bumperbot_planning/environment/pythonpath.dsv
-- Up-to-date symlink: /home/mudit/bumperbot_ws/install/bumperbot_planning/local/lib/python3.10/dist-packages/bumperbot_planning-0.0.0-py3.10.egg-info/PKG-INFO
-- Up-to-date symlink: /home/mudit/bumperbot_ws/install/bumperbot_planning/local/lib/python3.10/dist-packages/bumperbot_planning-0.0.0-py3.10.egg-info/SOURCES.txt
-- Up-to-date symlink: /home/mudit/bumperbot_ws/install/bumperbot_planning/local/lib/python3.10/dist-packages/bumperbot_planning-0.0.0-py3.10.egg-info/dependency_links.txt
-- Up-to-date symlink: /home/mudit/bumperbot_ws/install/bumperbot_planning/local/lib/python3.10/dist-packages/bumperbot_planning-0.0.0-py3.10.egg-info/top_level.txt
-- Up-to-date symlink: /home/mudit/bumperbot_ws/install/bumperbot_planning/local/lib/python3.10/dist-packages/bumperbot_planning/__init__.py
-- Up-to-date symlink: /home/mudit/bumperbot_ws/install/bumperbot_planning/local/lib/python3.10/dist-packages/bumperbot_planning/dijkstra_planner.py
-- Up-to-date symlink: /home/mudit/bumperbot_ws/install/bumperbot_planning/lib/bumperbot_planning/dijkstra_planner.py
-- Up-to-date symlink: /home/mudit/bumperbot_ws/install/bumperbot_planning/share/ament_index/resource_index/package_run_dependencies/bumperbot_planning
-- Up-to-date symlink: /home/mudit/bumperbot_ws/install/bumperbot_planning/share/ament_index/resource_index/parent_prefix_path/bumperbot_planning
-- Up-to-date symlink: /home/mudit/bumperbot_ws/install/bumperbot_planning/share/bumperbot_planning/environment/ament_prefix_path.sh
-- Up-to-date symlink: /home/mudit/bumperbot_ws/install/bumperbot_planning/share/bumperbot_planning/environment/ament_prefix_path.dsv
-- Up-to-date symlink: /home/mudit/bumperbot_ws/install/bumperbot_planning/share/bumperbot_planning/environment/path.sh
-- Up-to-date symlink: /home/mudit/bumperbot_ws/install/bumperbot_planning/share/bumperbot_planning/environment/path.dsv
-- Up-to-date symlink: /home/mudit/bumperbot_ws/install/bumperbot_planning/share/bumperbot_planning/local_setup.bash
-- Up-to-date symlink: /home/mudit/bumperbot_ws/install/bumperbot_planning/share/bumperbot_planning/local_setup.sh
-- Up-to-date symlink: /home/mudit/bumperbot_ws/install/bumperbot_planning/share/bumperbot_planning/local_setup.zsh
-- Up-to-date symlink: /home/mudit/bumperbot_ws/install/bumperbot_planning/share/bumperbot_planning/local_setup.dsv
-- Symlinking: /home/mudit/bumperbot_ws/install/bumperbot_planning/share/bumperbot_planning/package.dsv
-- Up-to-date symlink: /home/mudit/bumperbot_ws/install/bumperbot_planning/share/ament_index/resource_index/packages/bumperbot_planning
-- Up-to-date symlink: /home/mudit/bumperbot_ws/install/bumperbot_planning/share/bumperbot_planning/cmake/bumperbot_planningConfig.cmake
-- Up-to-date symlink: /home/mudit/bumperbot_ws/install/bumperbot_planning/share/bumperbot_planning/cmake/bumperbot_planningConfig-version.cmake
-- Up-to-date symlink: /home/mudit/bumperbot_ws/install/bumperbot_planning/share/bumperbot_planning/package.xml
Listing '/home/mudit/bumperbot_ws/install/bumperbot_planning/local/lib/python3.10/dist-packages/bumperbot_planning'...
