-- The C compiler identification is GNU 11.4.0
-- The CXX compiler identification is GNU 11.4.0
-- Detecting C compiler ABI info
-- Detecting C compiler ABI info - done
-- Check for working C compiler: /usr/bin/cc - skipped
-- Detecting C compile features
-- Detecting C compile features - done
-- Detecting CXX compiler ABI info
-- Detecting CXX compiler ABI info - done
-- Check for working CXX compiler: /usr/bin/c++ - skipped
-- Detecting CXX compile features
-- Detecting CXX compile features - done
-- Found ament_cmake: 1.3.12 (/opt/ros/humble/share/ament_cmake/cmake)
-- Found Python3: /usr/bin/python3 (found version "3.10.12") found components: Interpreter 
-- Found ament_lint_auto: 0.12.14 (/opt/ros/humble/share/ament_lint_auto/cmake)
-- Added test 'lint_cmake' to check CMake code style
-- Added test 'xmllint' to check XML markup files
-- Configuring done
-- Generating done
-- Build files have been written to: /home/mudit/bumperbot_ws/src/build/bumperbot_navigation
-- Install configuration: ""
-- Installing: /home/mudit/bumperbot_ws/src/install/bumperbot_navigation/share/ament_index/resource_index/package_run_dependencies/bumperbot_navigation
-- Installing: /home/mudit/bumperbot_ws/src/install/bumperbot_navigation/share/ament_index/resource_index/parent_prefix_path/bumperbot_navigation
-- Installing: /home/mudit/bumperbot_ws/src/install/bumperbot_navigation/share/bumperbot_navigation/environment/ament_prefix_path.sh
-- Installing: /home/mudit/bumperbot_ws/src/install/bumperbot_navigation/share/bumperbot_navigation/environment/ament_prefix_path.dsv
-- Installing: /home/mudit/bumperbot_ws/src/install/bumperbot_navigation/share/bumperbot_navigation/environment/path.sh
-- Installing: /home/mudit/bumperbot_ws/src/install/bumperbot_navigation/share/bumperbot_navigation/environment/path.dsv
-- Installing: /home/mudit/bumperbot_ws/src/install/bumperbot_navigation/share/bumperbot_navigation/local_setup.bash
-- Installing: /home/mudit/bumperbot_ws/src/install/bumperbot_navigation/share/bumperbot_navigation/local_setup.sh
-- Installing: /home/mudit/bumperbot_ws/src/install/bumperbot_navigation/share/bumperbot_navigation/local_setup.zsh
-- Installing: /home/mudit/bumperbot_ws/src/install/bumperbot_navigation/share/bumperbot_navigation/local_setup.dsv
-- Installing: /home/mudit/bumperbot_ws/src/install/bumperbot_navigation/share/bumperbot_navigation/package.dsv
-- Installing: /home/mudit/bumperbot_ws/src/install/bumperbot_navigation/share/ament_index/resource_index/packages/bumperbot_navigation
-- Installing: /home/mudit/bumperbot_ws/src/install/bumperbot_navigation/share/bumperbot_navigation/cmake/bumperbot_navigationConfig.cmake
-- Installing: /home/mudit/bumperbot_ws/src/install/bumperbot_navigation/share/bumperbot_navigation/cmake/bumperbot_navigationConfig-version.cmake
-- Installing: /home/mudit/bumperbot_ws/src/install/bumperbot_navigation/share/bumperbot_navigation/package.xml
