[0.017s] Invoking command in '/home/mudit/bumperbot_ws/src/build/bumperbot_navigation': CMAKE_PREFIX_PATH=${CMAKE_PREFIX_PATH}:/home/mudit/ros2_ws/install/rover_teleop:/home/mudit/ros2_ws/install/rover_motor_controller:/home/mudit/ros2_rover_ws/install/rover_teleop:/home/mudit/ros2_rover_ws/install/rover_motor_controller:/opt/ros/humble /home/mudit/.local/bin/cmake /home/mudit/bumperbot_ws/src/bumperbot_navigation -DCMAKE_INSTALL_PREFIX=/home/mudit/bumperbot_ws/src/install/bumperbot_navigation
[0.087s] -- The C compiler identification is GNU 11.4.0
[0.144s] -- The CXX compiler identification is GNU 11.4.0
[0.154s] -- Detecting C compiler ABI info
[0.201s] -- Detecting C compiler ABI info - done
[0.212s] -- Check for working C compiler: /usr/bin/cc - skipped
[0.212s] -- Detecting C compile features
[0.213s] -- Detecting C compile features - done
[0.217s] -- Detecting CXX compiler ABI info
[0.276s] -- Detecting CXX compiler ABI info - done
[0.284s] -- Check for working CXX compiler: /usr/bin/c++ - skipped
[0.285s] -- Detecting CXX compile features
[0.285s] -- Detecting CXX compile features - done
[0.287s] -- Found ament_cmake: 1.3.12 (/opt/ros/humble/share/ament_cmake/cmake)
[0.402s] -- Found Python3: /usr/bin/python3 (found version "3.10.12") found components: Interpreter 
[0.501s] -- Found ament_lint_auto: 0.12.14 (/opt/ros/humble/share/ament_lint_auto/cmake)
[0.568s] -- Added test 'lint_cmake' to check CMake code style
[0.569s] -- Added test 'xmllint' to check XML markup files
[0.570s] -- Configuring done
[0.572s] -- Generating done
[0.573s] -- Build files have been written to: /home/mudit/bumperbot_ws/src/build/bumperbot_navigation
[0.579s] Invoked command in '/home/mudit/bumperbot_ws/src/build/bumperbot_navigation' returned '0': CMAKE_PREFIX_PATH=${CMAKE_PREFIX_PATH}:/home/mudit/ros2_ws/install/rover_teleop:/home/mudit/ros2_ws/install/rover_motor_controller:/home/mudit/ros2_rover_ws/install/rover_teleop:/home/mudit/ros2_rover_ws/install/rover_motor_controller:/opt/ros/humble /home/mudit/.local/bin/cmake /home/mudit/bumperbot_ws/src/bumperbot_navigation -DCMAKE_INSTALL_PREFIX=/home/mudit/bumperbot_ws/src/install/bumperbot_navigation
[0.581s] Invoking command in '/home/mudit/bumperbot_ws/src/build/bumperbot_navigation': CMAKE_PREFIX_PATH=${CMAKE_PREFIX_PATH}:/home/mudit/ros2_ws/install/rover_teleop:/home/mudit/ros2_ws/install/rover_motor_controller:/home/mudit/ros2_rover_ws/install/rover_teleop:/home/mudit/ros2_rover_ws/install/rover_motor_controller:/opt/ros/humble /home/mudit/.local/bin/cmake --build /home/mudit/bumperbot_ws/src/build/bumperbot_navigation -- -j28 -l28
[0.627s] Invoked command in '/home/mudit/bumperbot_ws/src/build/bumperbot_navigation' returned '0': CMAKE_PREFIX_PATH=${CMAKE_PREFIX_PATH}:/home/mudit/ros2_ws/install/rover_teleop:/home/mudit/ros2_ws/install/rover_motor_controller:/home/mudit/ros2_rover_ws/install/rover_teleop:/home/mudit/ros2_rover_ws/install/rover_motor_controller:/opt/ros/humble /home/mudit/.local/bin/cmake --build /home/mudit/bumperbot_ws/src/build/bumperbot_navigation -- -j28 -l28
[0.628s] Invoking command in '/home/mudit/bumperbot_ws/src/build/bumperbot_navigation': CMAKE_PREFIX_PATH=${CMAKE_PREFIX_PATH}:/home/mudit/ros2_ws/install/rover_teleop:/home/mudit/ros2_ws/install/rover_motor_controller:/home/mudit/ros2_rover_ws/install/rover_teleop:/home/mudit/ros2_rover_ws/install/rover_motor_controller:/opt/ros/humble /home/mudit/.local/bin/cmake --install /home/mudit/bumperbot_ws/src/build/bumperbot_navigation
[0.649s] -- Install configuration: ""
[0.649s] -- Installing: /home/mudit/bumperbot_ws/src/install/bumperbot_navigation/share/ament_index/resource_index/package_run_dependencies/bumperbot_navigation
[0.649s] -- Installing: /home/mudit/bumperbot_ws/src/install/bumperbot_navigation/share/ament_index/resource_index/parent_prefix_path/bumperbot_navigation
[0.649s] -- Installing: /home/mudit/bumperbot_ws/src/install/bumperbot_navigation/share/bumperbot_navigation/environment/ament_prefix_path.sh
[0.649s] -- Installing: /home/mudit/bumperbot_ws/src/install/bumperbot_navigation/share/bumperbot_navigation/environment/ament_prefix_path.dsv
[0.650s] -- Installing: /home/mudit/bumperbot_ws/src/install/bumperbot_navigation/share/bumperbot_navigation/environment/path.sh
[0.650s] -- Installing: /home/mudit/bumperbot_ws/src/install/bumperbot_navigation/share/bumperbot_navigation/environment/path.dsv
[0.650s] -- Installing: /home/mudit/bumperbot_ws/src/install/bumperbot_navigation/share/bumperbot_navigation/local_setup.bash
[0.650s] -- Installing: /home/mudit/bumperbot_ws/src/install/bumperbot_navigation/share/bumperbot_navigation/local_setup.sh
[0.650s] -- Installing: /home/mudit/bumperbot_ws/src/install/bumperbot_navigation/share/bumperbot_navigation/local_setup.zsh
[0.650s] -- Installing: /home/mudit/bumperbot_ws/src/install/bumperbot_navigation/share/bumperbot_navigation/local_setup.dsv
[0.650s] -- Installing: /home/mudit/bumperbot_ws/src/install/bumperbot_navigation/share/bumperbot_navigation/package.dsv
[0.650s] -- Installing: /home/mudit/bumperbot_ws/src/install/bumperbot_navigation/share/ament_index/resource_index/packages/bumperbot_navigation
[0.650s] -- Installing: /home/mudit/bumperbot_ws/src/install/bumperbot_navigation/share/bumperbot_navigation/cmake/bumperbot_navigationConfig.cmake
[0.651s] -- Installing: /home/mudit/bumperbot_ws/src/install/bumperbot_navigation/share/bumperbot_navigation/cmake/bumperbot_navigationConfig-version.cmake
[0.651s] -- Installing: /home/mudit/bumperbot_ws/src/install/bumperbot_navigation/share/bumperbot_navigation/package.xml
[0.667s] Invoked command in '/home/mudit/bumperbot_ws/src/build/bumperbot_navigation' returned '0': CMAKE_PREFIX_PATH=${CMAKE_PREFIX_PATH}:/home/mudit/ros2_ws/install/rover_teleop:/home/mudit/ros2_ws/install/rover_motor_controller:/home/mudit/ros2_rover_ws/install/rover_teleop:/home/mudit/ros2_rover_ws/install/rover_motor_controller:/opt/ros/humble /home/mudit/.local/bin/cmake --install /home/mudit/bumperbot_ws/src/build/bumperbot_navigation
