[0.019s] Invoking command in '/home/mudit/bumperbot_ws/src/build/bumperbot_description': CMAKE_PREFIX_PATH=${CMAKE_PREFIX_PATH}:/home/mudit/ros2_ws/install/rover_teleop:/home/mudit/ros2_ws/install/rover_motor_controller:/home/mudit/ros2_rover_ws/install/rover_teleop:/home/mudit/ros2_rover_ws/install/rover_motor_controller:/opt/ros/humble /home/mudit/.local/bin/cmake /home/mudit/bumperbot_ws/src/bumperbot_description -DCMAKE_INSTALL_PREFIX=/home/mudit/bumperbot_ws/src/install/bumperbot_description
[0.096s] -- The C compiler identification is GNU 11.4.0
[0.150s] -- The CXX compiler identification is GNU 11.4.0
[0.159s] -- Detecting C compiler ABI info
[0.203s] -- Detecting C compiler ABI info - done
[0.213s] -- Check for working C compiler: /usr/bin/cc - skipped
[0.213s] -- Detecting C compile features
[0.213s] -- Detecting C compile features - done
[0.216s] -- Detecting CXX compiler ABI info
[0.270s] -- Detecting CXX compiler ABI info - done
[0.278s] -- Check for working CXX compiler: /usr/bin/c++ - skipped
[0.278s] -- Detecting CXX compile features
[0.279s] -- Detecting CXX compile features - done
[0.281s] -- Found ament_cmake: 1.3.12 (/opt/ros/humble/share/ament_cmake/cmake)
[0.390s] -- Found Python3: /usr/bin/python3 (found version "3.10.12") found components: Interpreter 
[0.474s] -- Found ament_lint_auto: 0.12.14 (/opt/ros/humble/share/ament_lint_auto/cmake)
[0.545s] -- Added test 'flake8' to check Python code syntax and style conventions
[0.546s] -- Added test 'lint_cmake' to check CMake code style
[0.547s] -- Added test 'pep257' to check Python code against some of the docstring style conventions in PEP 257
[0.549s] -- Added test 'xmllint' to check XML markup files
[0.550s] -- Configuring done
[0.552s] -- Generating done
[0.553s] -- Build files have been written to: /home/mudit/bumperbot_ws/src/build/bumperbot_description
[0.563s] Invoked command in '/home/mudit/bumperbot_ws/src/build/bumperbot_description' returned '0': CMAKE_PREFIX_PATH=${CMAKE_PREFIX_PATH}:/home/mudit/ros2_ws/install/rover_teleop:/home/mudit/ros2_ws/install/rover_motor_controller:/home/mudit/ros2_rover_ws/install/rover_teleop:/home/mudit/ros2_rover_ws/install/rover_motor_controller:/opt/ros/humble /home/mudit/.local/bin/cmake /home/mudit/bumperbot_ws/src/bumperbot_description -DCMAKE_INSTALL_PREFIX=/home/mudit/bumperbot_ws/src/install/bumperbot_description
[0.563s] Invoking command in '/home/mudit/bumperbot_ws/src/build/bumperbot_description': CMAKE_PREFIX_PATH=${CMAKE_PREFIX_PATH}:/home/mudit/ros2_ws/install/rover_teleop:/home/mudit/ros2_ws/install/rover_motor_controller:/home/mudit/ros2_rover_ws/install/rover_teleop:/home/mudit/ros2_rover_ws/install/rover_motor_controller:/opt/ros/humble /home/mudit/.local/bin/cmake --build /home/mudit/bumperbot_ws/src/build/bumperbot_description -- -j28 -l28
[0.629s] Invoked command in '/home/mudit/bumperbot_ws/src/build/bumperbot_description' returned '0': CMAKE_PREFIX_PATH=${CMAKE_PREFIX_PATH}:/home/mudit/ros2_ws/install/rover_teleop:/home/mudit/ros2_ws/install/rover_motor_controller:/home/mudit/ros2_rover_ws/install/rover_teleop:/home/mudit/ros2_rover_ws/install/rover_motor_controller:/opt/ros/humble /home/mudit/.local/bin/cmake --build /home/mudit/bumperbot_ws/src/build/bumperbot_description -- -j28 -l28
[0.631s] Invoking command in '/home/mudit/bumperbot_ws/src/build/bumperbot_description': CMAKE_PREFIX_PATH=${CMAKE_PREFIX_PATH}:/home/mudit/ros2_ws/install/rover_teleop:/home/mudit/ros2_ws/install/rover_motor_controller:/home/mudit/ros2_rover_ws/install/rover_teleop:/home/mudit/ros2_rover_ws/install/rover_motor_controller:/opt/ros/humble /home/mudit/.local/bin/cmake --install /home/mudit/bumperbot_ws/src/build/bumperbot_description
[0.655s] -- Install configuration: ""
[0.656s] -- Installing: /home/mudit/bumperbot_ws/src/install/bumperbot_description/share/bumperbot_description/meshes
[0.656s] -- Installing: /home/mudit/bumperbot_ws/src/install/bumperbot_description/share/bumperbot_description/meshes/imu_link.STL
[0.657s] -- Installing: /home/mudit/bumperbot_ws/src/install/bumperbot_description/share/bumperbot_description/meshes/base_link.STL
[0.673s] -- Installing: /home/mudit/bumperbot_ws/src/install/bumperbot_description/share/bumperbot_description/meshes/caster_front_link.STL
[0.673s] -- Installing: /home/mudit/bumperbot_ws/src/install/bumperbot_description/share/bumperbot_description/meshes/wheel_left_link.STL
[0.673s] -- Installing: /home/mudit/bumperbot_ws/src/install/bumperbot_description/share/bumperbot_description/meshes/caster_rear_link.STL
[0.674s] -- Installing: /home/mudit/bumperbot_ws/src/install/bumperbot_description/share/bumperbot_description/meshes/wheel_right_link.STL
[0.675s] -- Installing: /home/mudit/bumperbot_ws/src/install/bumperbot_description/share/bumperbot_description/urdf
[0.675s] -- Installing: /home/mudit/bumperbot_ws/src/install/bumperbot_description/share/bumperbot_description/urdf/bumperbot_ros2_control.xacro
[0.675s] -- Installing: /home/mudit/bumperbot_ws/src/install/bumperbot_description/share/bumperbot_description/urdf/bumperbot.urdf.xacro
[0.676s] -- Installing: /home/mudit/bumperbot_ws/src/install/bumperbot_description/share/bumperbot_description/urdf/bumperbot_gazebo.xacro
[0.676s] -- Installing: /home/mudit/bumperbot_ws/src/install/bumperbot_description/share/bumperbot_description/launch
[0.676s] -- Installing: /home/mudit/bumperbot_ws/src/install/bumperbot_description/share/bumperbot_description/launch/gazebo.launch.py
[0.676s] -- Installing: /home/mudit/bumperbot_ws/src/install/bumperbot_description/share/bumperbot_description/launch/display.launch.py
[0.676s] -- Installing: /home/mudit/bumperbot_ws/src/install/bumperbot_description/share/bumperbot_description/rviz
[0.676s] -- Installing: /home/mudit/bumperbot_ws/src/install/bumperbot_description/share/bumperbot_description/rviz/display.rviz
[0.676s] -- Installing: /home/mudit/bumperbot_ws/src/install/bumperbot_description/share/ament_index/resource_index/package_run_dependencies/bumperbot_description
[0.676s] -- Installing: /home/mudit/bumperbot_ws/src/install/bumperbot_description/share/ament_index/resource_index/parent_prefix_path/bumperbot_description
[0.676s] -- Installing: /home/mudit/bumperbot_ws/src/install/bumperbot_description/share/bumperbot_description/environment/ament_prefix_path.sh
[0.676s] -- Installing: /home/mudit/bumperbot_ws/src/install/bumperbot_description/share/bumperbot_description/environment/ament_prefix_path.dsv
[0.676s] -- Installing: /home/mudit/bumperbot_ws/src/install/bumperbot_description/share/bumperbot_description/environment/path.sh
[0.676s] -- Installing: /home/mudit/bumperbot_ws/src/install/bumperbot_description/share/bumperbot_description/environment/path.dsv
[0.676s] -- Installing: /home/mudit/bumperbot_ws/src/install/bumperbot_description/share/bumperbot_description/local_setup.bash
[0.676s] -- Installing: /home/mudit/bumperbot_ws/src/install/bumperbot_description/share/bumperbot_description/local_setup.sh
[0.676s] -- Installing: /home/mudit/bumperbot_ws/src/install/bumperbot_description/share/bumperbot_description/local_setup.zsh
[0.676s] -- Installing: /home/mudit/bumperbot_ws/src/install/bumperbot_description/share/bumperbot_description/local_setup.dsv
[0.676s] -- Installing: /home/mudit/bumperbot_ws/src/install/bumperbot_description/share/bumperbot_description/package.dsv
[0.676s] -- Installing: /home/mudit/bumperbot_ws/src/install/bumperbot_description/share/ament_index/resource_index/packages/bumperbot_description
[0.676s] -- Installing: /home/mudit/bumperbot_ws/src/install/bumperbot_description/share/bumperbot_description/cmake/bumperbot_descriptionConfig.cmake
[0.676s] -- Installing: /home/mudit/bumperbot_ws/src/install/bumperbot_description/share/bumperbot_description/cmake/bumperbot_descriptionConfig-version.cmake
[0.676s] -- Installing: /home/mudit/bumperbot_ws/src/install/bumperbot_description/share/bumperbot_description/package.xml
[0.682s] Invoked command in '/home/mudit/bumperbot_ws/src/build/bumperbot_description' returned '0': CMAKE_PREFIX_PATH=${CMAKE_PREFIX_PATH}:/home/mudit/ros2_ws/install/rover_teleop:/home/mudit/ros2_ws/install/rover_motor_controller:/home/mudit/ros2_rover_ws/install/rover_teleop:/home/mudit/ros2_rover_ws/install/rover_motor_controller:/opt/ros/humble /home/mudit/.local/bin/cmake --install /home/mudit/bumperbot_ws/src/build/bumperbot_description
