[0.024s] Invoking command in '/home/mudit/bumperbot_ws/src/build/bumperbot_planning': CMAKE_PREFIX_PATH=${CMAKE_PREFIX_PATH}:/home/mudit/ros2_ws/install/rover_teleop:/home/mudit/ros2_ws/install/rover_motor_controller:/home/mudit/ros2_rover_ws/install/rover_teleop:/home/mudit/ros2_rover_ws/install/rover_motor_controller:/opt/ros/humble /home/mudit/.local/bin/cmake --build /home/mudit/bumperbot_ws/src/build/bumperbot_planning -- -j28 -l28
[0.076s] Built target ament_cmake_python_copy_bumperbot_planning
[0.251s] running egg_info
[0.251s] writing bumperbot_planning.egg-info/PKG-INFO
[0.252s] writing dependency_links to bumperbot_planning.egg-info/dependency_links.txt
[0.252s] writing top-level names to bumperbot_planning.egg-info/top_level.txt
[0.254s] reading manifest file 'bumperbot_planning.egg-info/SOURCES.txt'
[0.254s] writing manifest file 'bumperbot_planning.egg-info/SOURCES.txt'
[0.271s] Built target ament_cmake_python_build_bumperbot_planning_egg
[0.277s] Invoked command in '/home/mudit/bumperbot_ws/src/build/bumperbot_planning' returned '0': CMAKE_PREFIX_PATH=${CMAKE_PREFIX_PATH}:/home/mudit/ros2_ws/install/rover_teleop:/home/mudit/ros2_ws/install/rover_motor_controller:/home/mudit/ros2_rover_ws/install/rover_teleop:/home/mudit/ros2_rover_ws/install/rover_motor_controller:/opt/ros/humble /home/mudit/.local/bin/cmake --build /home/mudit/bumperbot_ws/src/build/bumperbot_planning -- -j28 -l28
[0.278s] Invoking command in '/home/mudit/bumperbot_ws/src/build/bumperbot_planning': CMAKE_PREFIX_PATH=${CMAKE_PREFIX_PATH}:/home/mudit/ros2_ws/install/rover_teleop:/home/mudit/ros2_ws/install/rover_motor_controller:/home/mudit/ros2_rover_ws/install/rover_teleop:/home/mudit/ros2_rover_ws/install/rover_motor_controller:/opt/ros/humble /home/mudit/.local/bin/cmake --install /home/mudit/bumperbot_ws/src/build/bumperbot_planning
[0.300s] -- Install configuration: ""
[0.300s] -- Up-to-date: /home/mudit/bumperbot_ws/src/install/bumperbot_planning/share/bumperbot_planning/environment/pythonpath.sh
[0.300s] -- Up-to-date: /home/mudit/bumperbot_ws/src/install/bumperbot_planning/share/bumperbot_planning/environment/pythonpath.dsv
[0.300s] -- Up-to-date: /home/mudit/bumperbot_ws/src/install/bumperbot_planning/local/lib/python3.10/dist-packages/bumperbot_planning-0.0.0-py3.10.egg-info
[0.300s] -- Installing: /home/mudit/bumperbot_ws/src/install/bumperbot_planning/local/lib/python3.10/dist-packages/bumperbot_planning-0.0.0-py3.10.egg-info/dependency_links.txt
[0.300s] -- Installing: /home/mudit/bumperbot_ws/src/install/bumperbot_planning/local/lib/python3.10/dist-packages/bumperbot_planning-0.0.0-py3.10.egg-info/top_level.txt
[0.300s] -- Installing: /home/mudit/bumperbot_ws/src/install/bumperbot_planning/local/lib/python3.10/dist-packages/bumperbot_planning-0.0.0-py3.10.egg-info/SOURCES.txt
[0.300s] -- Installing: /home/mudit/bumperbot_ws/src/install/bumperbot_planning/local/lib/python3.10/dist-packages/bumperbot_planning-0.0.0-py3.10.egg-info/PKG-INFO
[0.300s] -- Up-to-date: /home/mudit/bumperbot_ws/src/install/bumperbot_planning/local/lib/python3.10/dist-packages/bumperbot_planning
[0.300s] -- Up-to-date: /home/mudit/bumperbot_ws/src/install/bumperbot_planning/local/lib/python3.10/dist-packages/bumperbot_planning/dijkstra_planner.py
[0.300s] -- Up-to-date: /home/mudit/bumperbot_ws/src/install/bumperbot_planning/local/lib/python3.10/dist-packages/bumperbot_planning/__init__.py
[0.325s] Listing '/home/mudit/bumperbot_ws/src/install/bumperbot_planning/local/lib/python3.10/dist-packages/bumperbot_planning'...
[0.328s] -- Up-to-date: /home/mudit/bumperbot_ws/src/install/bumperbot_planning/lib/bumperbot_planning/dijkstra_planner.py
[0.328s] -- Up-to-date: /home/mudit/bumperbot_ws/src/install/bumperbot_planning/share/ament_index/resource_index/package_run_dependencies/bumperbot_planning
[0.329s] -- Up-to-date: /home/mudit/bumperbot_ws/src/install/bumperbot_planning/share/ament_index/resource_index/parent_prefix_path/bumperbot_planning
[0.329s] -- Up-to-date: /home/mudit/bumperbot_ws/src/install/bumperbot_planning/share/bumperbot_planning/environment/ament_prefix_path.sh
[0.329s] -- Up-to-date: /home/mudit/bumperbot_ws/src/install/bumperbot_planning/share/bumperbot_planning/environment/ament_prefix_path.dsv
[0.329s] -- Up-to-date: /home/mudit/bumperbot_ws/src/install/bumperbot_planning/share/bumperbot_planning/environment/path.sh
[0.329s] -- Up-to-date: /home/mudit/bumperbot_ws/src/install/bumperbot_planning/share/bumperbot_planning/environment/path.dsv
[0.329s] -- Up-to-date: /home/mudit/bumperbot_ws/src/install/bumperbot_planning/share/bumperbot_planning/local_setup.bash
[0.329s] -- Up-to-date: /home/mudit/bumperbot_ws/src/install/bumperbot_planning/share/bumperbot_planning/local_setup.sh
[0.329s] -- Up-to-date: /home/mudit/bumperbot_ws/src/install/bumperbot_planning/share/bumperbot_planning/local_setup.zsh
[0.329s] -- Up-to-date: /home/mudit/bumperbot_ws/src/install/bumperbot_planning/share/bumperbot_planning/local_setup.dsv
[0.329s] -- Installing: /home/mudit/bumperbot_ws/src/install/bumperbot_planning/share/bumperbot_planning/package.dsv
[0.329s] -- Up-to-date: /home/mudit/bumperbot_ws/src/install/bumperbot_planning/share/ament_index/resource_index/packages/bumperbot_planning
[0.329s] -- Up-to-date: /home/mudit/bumperbot_ws/src/install/bumperbot_planning/share/bumperbot_planning/cmake/bumperbot_planningConfig.cmake
[0.329s] -- Up-to-date: /home/mudit/bumperbot_ws/src/install/bumperbot_planning/share/bumperbot_planning/cmake/bumperbot_planningConfig-version.cmake
[0.329s] -- Up-to-date: /home/mudit/bumperbot_ws/src/install/bumperbot_planning/share/bumperbot_planning/package.xml
[0.347s] Invoked command in '/home/mudit/bumperbot_ws/src/build/bumperbot_planning' returned '0': CMAKE_PREFIX_PATH=${CMAKE_PREFIX_PATH}:/home/mudit/ros2_ws/install/rover_teleop:/home/mudit/ros2_ws/install/rover_motor_controller:/home/mudit/ros2_rover_ws/install/rover_teleop:/home/mudit/ros2_rover_ws/install/rover_motor_controller:/opt/ros/humble /home/mudit/.local/bin/cmake --install /home/mudit/bumperbot_ws/src/build/bumperbot_planning
