[0.044s] Invoking command in '/home/mudit/bumperbot_ws/build/bumperbot_msgs': CMAKE_PREFIX_PATH=${CMAKE_PREFIX_PATH}:/home/mudit/bumperbot_ws/install/bumperbot_world:/home/mudit/bumperbot_ws/install/bumperbot_py_examples:/home/mudit/turtlebot3_ws/install/turtlebot3_teleop:/home/mudit/turtlebot3_ws/install/turtlebot3_example:/home/mudit/ros2_ws/install/rover_teleop:/home/mudit/ros2_ws/install/rover_motor_controller:/home/mudit/ros2_rover_ws/install/rover_teleop:/home/mudit/ros2_rover_ws/install/rover_motor_controller:/opt/ros/humble /home/mudit/.local/bin/cmake --build /home/mudit/bumperbot_ws/build/bumperbot_msgs -- -j28 -l28
[0.091s] [  2%] Built target bumperbot_msgs__cpp
[0.092s] [ 12%] Built target bumperbot_msgs__rosidl_generator_c
[0.092s] [ 12%] Built target ament_cmake_python_symlink_bumperbot_msgs
[0.100s] [ 23%] Built target bumperbot_msgs__rosidl_typesupport_c
[0.101s] [ 33%] Built target bumperbot_msgs__rosidl_typesupport_cpp
[0.101s] [ 43%] Built target bumperbot_msgs__rosidl_typesupport_introspection_c
[0.102s] [ 58%] Built target bumperbot_msgs__rosidl_typesupport_fastrtps_c
[0.102s] [ 64%] Built target bumperbot_msgs__rosidl_typesupport_introspection_cpp
[0.102s] [ 74%] Built target bumperbot_msgs__rosidl_typesupport_fastrtps_cpp
[0.111s] [ 74%] Built target bumperbot_msgs
[0.120s] [ 76%] Built target bumperbot_msgs__py
[0.131s] [ 84%] Built target bumperbot_msgs__rosidl_generator_py
[0.142s] [ 89%] Built target bumperbot_msgs__rosidl_typesupport_fastrtps_c__pyext
[0.142s] [ 94%] Built target bumperbot_msgs__rosidl_typesupport_c__pyext
[0.142s] [100%] Built target bumperbot_msgs__rosidl_typesupport_introspection_c__pyext
[0.254s] running egg_info
[0.254s] writing bumperbot_msgs.egg-info/PKG-INFO
[0.255s] writing dependency_links to bumperbot_msgs.egg-info/dependency_links.txt
[0.255s] writing top-level names to bumperbot_msgs.egg-info/top_level.txt
[0.256s] reading manifest file 'bumperbot_msgs.egg-info/SOURCES.txt'
[0.256s] writing manifest file 'bumperbot_msgs.egg-info/SOURCES.txt'
[0.271s] [100%] Built target ament_cmake_python_build_bumperbot_msgs_egg
[0.279s] Invoked command in '/home/mudit/bumperbot_ws/build/bumperbot_msgs' returned '0': CMAKE_PREFIX_PATH=${CMAKE_PREFIX_PATH}:/home/mudit/bumperbot_ws/install/bumperbot_world:/home/mudit/bumperbot_ws/install/bumperbot_py_examples:/home/mudit/turtlebot3_ws/install/turtlebot3_teleop:/home/mudit/turtlebot3_ws/install/turtlebot3_example:/home/mudit/ros2_ws/install/rover_teleop:/home/mudit/ros2_ws/install/rover_motor_controller:/home/mudit/ros2_rover_ws/install/rover_teleop:/home/mudit/ros2_rover_ws/install/rover_motor_controller:/opt/ros/humble /home/mudit/.local/bin/cmake --build /home/mudit/bumperbot_ws/build/bumperbot_msgs -- -j28 -l28
[0.280s] Invoking command in '/home/mudit/bumperbot_ws/build/bumperbot_msgs': CMAKE_PREFIX_PATH=${CMAKE_PREFIX_PATH}:/home/mudit/bumperbot_ws/install/bumperbot_world:/home/mudit/bumperbot_ws/install/bumperbot_py_examples:/home/mudit/turtlebot3_ws/install/turtlebot3_teleop:/home/mudit/turtlebot3_ws/install/turtlebot3_example:/home/mudit/ros2_ws/install/rover_teleop:/home/mudit/ros2_ws/install/rover_motor_controller:/home/mudit/ros2_rover_ws/install/rover_teleop:/home/mudit/ros2_rover_ws/install/rover_motor_controller:/opt/ros/humble /home/mudit/.local/bin/cmake --install /home/mudit/bumperbot_ws/build/bumperbot_msgs
[0.307s] -- Install configuration: ""
[0.308s] -- Execute custom install script
[0.308s] -- Up-to-date symlink: /home/mudit/bumperbot_ws/install/bumperbot_msgs/share/ament_index/resource_index/rosidl_interfaces/bumperbot_msgs
[0.309s] -- Up-to-date symlink: /home/mudit/bumperbot_ws/install/bumperbot_msgs/include/bumperbot_msgs/bumperbot_msgs/msg/rosidl_generator_c__visibility_control.h
[0.309s] -- Up-to-date symlink: /home/mudit/bumperbot_ws/install/bumperbot_msgs/include/bumperbot_msgs/bumperbot_msgs/srv/add_two_ints.h
[0.309s] -- Up-to-date symlink: /home/mudit/bumperbot_ws/install/bumperbot_msgs/include/bumperbot_msgs/bumperbot_msgs/srv/detail/add_two_ints__functions.h
[0.309s] -- Up-to-date symlink: /home/mudit/bumperbot_ws/install/bumperbot_msgs/include/bumperbot_msgs/bumperbot_msgs/srv/detail/add_two_ints__struct.h
[0.309s] -- Up-to-date symlink: /home/mudit/bumperbot_ws/install/bumperbot_msgs/include/bumperbot_msgs/bumperbot_msgs/srv/detail/add_two_ints__type_support.h
[0.309s] -- Up-to-date symlink: /home/mudit/bumperbot_ws/install/bumperbot_msgs/include/bumperbot_msgs/bumperbot_msgs/srv/detail/get_transform__functions.h
[0.310s] -- Up-to-date symlink: /home/mudit/bumperbot_ws/install/bumperbot_msgs/include/bumperbot_msgs/bumperbot_msgs/srv/detail/get_transform__struct.h
[0.310s] -- Up-to-date symlink: /home/mudit/bumperbot_ws/install/bumperbot_msgs/include/bumperbot_msgs/bumperbot_msgs/srv/detail/get_transform__type_support.h
[0.310s] -- Up-to-date symlink: /home/mudit/bumperbot_ws/install/bumperbot_msgs/include/bumperbot_msgs/bumperbot_msgs/srv/get_transform.h
[0.310s] -- Up-to-date symlink: /home/mudit/bumperbot_ws/install/bumperbot_msgs/share/bumperbot_msgs/environment/library_path.sh
[0.310s] -- Up-to-date symlink: /home/mudit/bumperbot_ws/install/bumperbot_msgs/share/bumperbot_msgs/environment/library_path.dsv
[0.310s] -- Up-to-date symlink: /home/mudit/bumperbot_ws/install/bumperbot_msgs/include/bumperbot_msgs/bumperbot_msgs/msg/rosidl_typesupport_fastrtps_c__visibility_control.h
[0.310s] -- Up-to-date symlink: /home/mudit/bumperbot_ws/install/bumperbot_msgs/include/bumperbot_msgs/bumperbot_msgs/srv/detail/add_two_ints__rosidl_typesupport_fastrtps_c.h
[0.311s] -- Up-to-date symlink: /home/mudit/bumperbot_ws/install/bumperbot_msgs/include/bumperbot_msgs/bumperbot_msgs/srv/detail/get_transform__rosidl_typesupport_fastrtps_c.h
[0.311s] -- Up-to-date symlink: /home/mudit/bumperbot_ws/install/bumperbot_msgs/include/bumperbot_msgs/bumperbot_msgs/msg/rosidl_generator_cpp__visibility_control.hpp
[0.312s] -- Up-to-date symlink: /home/mudit/bumperbot_ws/install/bumperbot_msgs/include/bumperbot_msgs/bumperbot_msgs/srv/add_two_ints.hpp
[0.312s] -- Up-to-date symlink: /home/mudit/bumperbot_ws/install/bumperbot_msgs/include/bumperbot_msgs/bumperbot_msgs/srv/detail/add_two_ints__builder.hpp
[0.312s] -- Up-to-date symlink: /home/mudit/bumperbot_ws/install/bumperbot_msgs/include/bumperbot_msgs/bumperbot_msgs/srv/detail/add_two_ints__struct.hpp
[0.312s] -- Up-to-date symlink: /home/mudit/bumperbot_ws/install/bumperbot_msgs/include/bumperbot_msgs/bumperbot_msgs/srv/detail/add_two_ints__traits.hpp
[0.313s] -- Up-to-date symlink: /home/mudit/bumperbot_ws/install/bumperbot_msgs/include/bumperbot_msgs/bumperbot_msgs/srv/detail/add_two_ints__type_support.hpp
[0.313s] -- Up-to-date symlink: /home/mudit/bumperbot_ws/install/bumperbot_msgs/include/bumperbot_msgs/bumperbot_msgs/srv/detail/get_transform__builder.hpp
[0.313s] -- Up-to-date symlink: /home/mudit/bumperbot_ws/install/bumperbot_msgs/include/bumperbot_msgs/bumperbot_msgs/srv/detail/get_transform__struct.hpp
[0.313s] -- Up-to-date symlink: /home/mudit/bumperbot_ws/install/bumperbot_msgs/include/bumperbot_msgs/bumperbot_msgs/srv/detail/get_transform__traits.hpp
[0.313s] -- Up-to-date symlink: /home/mudit/bumperbot_ws/install/bumperbot_msgs/include/bumperbot_msgs/bumperbot_msgs/srv/detail/get_transform__type_support.hpp
[0.313s] -- Up-to-date symlink: /home/mudit/bumperbot_ws/install/bumperbot_msgs/include/bumperbot_msgs/bumperbot_msgs/srv/get_transform.hpp
[0.313s] -- Up-to-date symlink: /home/mudit/bumperbot_ws/install/bumperbot_msgs/include/bumperbot_msgs/bumperbot_msgs/msg/rosidl_typesupport_fastrtps_cpp__visibility_control.h
[0.313s] -- Up-to-date symlink: /home/mudit/bumperbot_ws/install/bumperbot_msgs/include/bumperbot_msgs/bumperbot_msgs/srv/detail/add_two_ints__rosidl_typesupport_fastrtps_cpp.hpp
[0.313s] -- Up-to-date symlink: /home/mudit/bumperbot_ws/install/bumperbot_msgs/include/bumperbot_msgs/bumperbot_msgs/srv/detail/get_transform__rosidl_typesupport_fastrtps_cpp.hpp
[0.313s] -- Up-to-date symlink: /home/mudit/bumperbot_ws/install/bumperbot_msgs/include/bumperbot_msgs/bumperbot_msgs/msg/rosidl_typesupport_introspection_c__visibility_control.h
[0.313s] -- Up-to-date symlink: /home/mudit/bumperbot_ws/install/bumperbot_msgs/include/bumperbot_msgs/bumperbot_msgs/srv/detail/add_two_ints__rosidl_typesupport_introspection_c.h
[0.313s] -- Up-to-date symlink: /home/mudit/bumperbot_ws/install/bumperbot_msgs/include/bumperbot_msgs/bumperbot_msgs/srv/detail/get_transform__rosidl_typesupport_introspection_c.h
[0.314s] -- Up-to-date symlink: /home/mudit/bumperbot_ws/install/bumperbot_msgs/include/bumperbot_msgs/bumperbot_msgs/srv/detail/add_two_ints__rosidl_typesupport_introspection_cpp.hpp
[0.314s] -- Up-to-date symlink: /home/mudit/bumperbot_ws/install/bumperbot_msgs/include/bumperbot_msgs/bumperbot_msgs/srv/detail/get_transform__rosidl_typesupport_introspection_cpp.hpp
[0.314s] -- Up-to-date symlink: /home/mudit/bumperbot_ws/install/bumperbot_msgs/share/bumperbot_msgs/environment/pythonpath.sh
[0.314s] -- Up-to-date symlink: /home/mudit/bumperbot_ws/install/bumperbot_msgs/share/bumperbot_msgs/environment/pythonpath.dsv
[0.314s] -- Up-to-date symlink: /home/mudit/bumperbot_ws/install/bumperbot_msgs/local/lib/python3.10/dist-packages/bumperbot_msgs-0.0.0-py3.10.egg-info/PKG-INFO
[0.314s] -- Up-to-date symlink: /home/mudit/bumperbot_ws/install/bumperbot_msgs/local/lib/python3.10/dist-packages/bumperbot_msgs-0.0.0-py3.10.egg-info/SOURCES.txt
[0.314s] -- Up-to-date symlink: /home/mudit/bumperbot_ws/install/bumperbot_msgs/local/lib/python3.10/dist-packages/bumperbot_msgs-0.0.0-py3.10.egg-info/dependency_links.txt
[0.314s] -- Up-to-date symlink: /home/mudit/bumperbot_ws/install/bumperbot_msgs/local/lib/python3.10/dist-packages/bumperbot_msgs-0.0.0-py3.10.egg-info/top_level.txt
[0.314s] -- Up-to-date symlink: /home/mudit/bumperbot_ws/install/bumperbot_msgs/local/lib/python3.10/dist-packages/bumperbot_msgs/__init__.py
[0.314s] -- Up-to-date symlink: /home/mudit/bumperbot_ws/install/bumperbot_msgs/local/lib/python3.10/dist-packages/bumperbot_msgs/_bumperbot_msgs_s.ep.rosidl_typesupport_c.c
[0.314s] -- Up-to-date symlink: /home/mudit/bumperbot_ws/install/bumperbot_msgs/local/lib/python3.10/dist-packages/bumperbot_msgs/_bumperbot_msgs_s.ep.rosidl_typesupport_fastrtps_c.c
[0.315s] -- Up-to-date symlink: /home/mudit/bumperbot_ws/install/bumperbot_msgs/local/lib/python3.10/dist-packages/bumperbot_msgs/_bumperbot_msgs_s.ep.rosidl_typesupport_introspection_c.c
[0.315s] -- Up-to-date symlink: /home/mudit/bumperbot_ws/install/bumperbot_msgs/local/lib/python3.10/dist-packages/bumperbot_msgs/bumperbot_msgs_s__rosidl_typesupport_c.cpython-310-x86_64-linux-gnu.so
[0.315s] -- Up-to-date symlink: /home/mudit/bumperbot_ws/install/bumperbot_msgs/local/lib/python3.10/dist-packages/bumperbot_msgs/bumperbot_msgs_s__rosidl_typesupport_fastrtps_c.cpython-310-x86_64-linux-gnu.so
[0.315s] -- Up-to-date symlink: /home/mudit/bumperbot_ws/install/bumperbot_msgs/local/lib/python3.10/dist-packages/bumperbot_msgs/bumperbot_msgs_s__rosidl_typesupport_introspection_c.cpython-310-x86_64-linux-gnu.so
[0.315s] -- Up-to-date symlink: /home/mudit/bumperbot_ws/install/bumperbot_msgs/local/lib/python3.10/dist-packages/bumperbot_msgs/libbumperbot_msgs__rosidl_generator_py.so
[0.315s] -- Up-to-date symlink: /home/mudit/bumperbot_ws/install/bumperbot_msgs/local/lib/python3.10/dist-packages/bumperbot_msgs/srv/__init__.py
[0.315s] -- Up-to-date symlink: /home/mudit/bumperbot_ws/install/bumperbot_msgs/local/lib/python3.10/dist-packages/bumperbot_msgs/srv/_add_two_ints.py
[0.315s] -- Up-to-date symlink: /home/mudit/bumperbot_ws/install/bumperbot_msgs/local/lib/python3.10/dist-packages/bumperbot_msgs/srv/_add_two_ints_s.c
[0.315s] -- Up-to-date symlink: /home/mudit/bumperbot_ws/install/bumperbot_msgs/local/lib/python3.10/dist-packages/bumperbot_msgs/srv/_get_transform.py
[0.315s] -- Up-to-date symlink: /home/mudit/bumperbot_ws/install/bumperbot_msgs/local/lib/python3.10/dist-packages/bumperbot_msgs/srv/_get_transform_s.c
[0.315s] -- Up-to-date symlink: /home/mudit/bumperbot_ws/install/bumperbot_msgs/local/lib/python3.10/dist-packages/bumperbot_msgs/bumperbot_msgs_s__rosidl_typesupport_fastrtps_c.cpython-310-x86_64-linux-gnu.so
[0.315s] -- Up-to-date symlink: /home/mudit/bumperbot_ws/install/bumperbot_msgs/local/lib/python3.10/dist-packages/bumperbot_msgs/bumperbot_msgs_s__rosidl_typesupport_introspection_c.cpython-310-x86_64-linux-gnu.so
[0.316s] -- Up-to-date symlink: /home/mudit/bumperbot_ws/install/bumperbot_msgs/local/lib/python3.10/dist-packages/bumperbot_msgs/bumperbot_msgs_s__rosidl_typesupport_c.cpython-310-x86_64-linux-gnu.so
[0.316s] -- Up-to-date symlink: /home/mudit/bumperbot_ws/install/bumperbot_msgs/share/bumperbot_msgs/srv/AddTwoInts.idl
[0.316s] -- Up-to-date symlink: /home/mudit/bumperbot_ws/install/bumperbot_msgs/share/bumperbot_msgs/srv/GetTransform.idl
[0.316s] -- Up-to-date symlink: /home/mudit/bumperbot_ws/install/bumperbot_msgs/share/bumperbot_msgs/srv/AddTwoInts.srv
[0.316s] -- Up-to-date symlink: /home/mudit/bumperbot_ws/install/bumperbot_msgs/share/bumperbot_msgs/srv/AddTwoInts_Request.msg
[0.317s] -- Up-to-date symlink: /home/mudit/bumperbot_ws/install/bumperbot_msgs/share/bumperbot_msgs/srv/AddTwoInts_Response.msg
[0.317s] -- Up-to-date symlink: /home/mudit/bumperbot_ws/install/bumperbot_msgs/share/bumperbot_msgs/srv/GetTransform.srv
[0.317s] -- Up-to-date symlink: /home/mudit/bumperbot_ws/install/bumperbot_msgs/share/bumperbot_msgs/srv/GetTransform_Request.msg
[0.317s] -- Up-to-date symlink: /home/mudit/bumperbot_ws/install/bumperbot_msgs/share/bumperbot_msgs/srv/GetTransform_Response.msg
[0.317s] -- Up-to-date symlink: /home/mudit/bumperbot_ws/install/bumperbot_msgs/share/ament_index/resource_index/package_run_dependencies/bumperbot_msgs
[0.317s] -- Up-to-date symlink: /home/mudit/bumperbot_ws/install/bumperbot_msgs/share/ament_index/resource_index/parent_prefix_path/bumperbot_msgs
[0.317s] -- Up-to-date symlink: /home/mudit/bumperbot_ws/install/bumperbot_msgs/share/bumperbot_msgs/environment/ament_prefix_path.sh
[0.317s] -- Up-to-date symlink: /home/mudit/bumperbot_ws/install/bumperbot_msgs/share/bumperbot_msgs/environment/ament_prefix_path.dsv
[0.317s] -- Up-to-date symlink: /home/mudit/bumperbot_ws/install/bumperbot_msgs/share/bumperbot_msgs/environment/path.sh
[0.317s] -- Up-to-date symlink: /home/mudit/bumperbot_ws/install/bumperbot_msgs/share/bumperbot_msgs/environment/path.dsv
[0.317s] -- Up-to-date symlink: /home/mudit/bumperbot_ws/install/bumperbot_msgs/share/bumperbot_msgs/local_setup.bash
[0.317s] -- Up-to-date symlink: /home/mudit/bumperbot_ws/install/bumperbot_msgs/share/bumperbot_msgs/local_setup.sh
[0.318s] -- Up-to-date symlink: /home/mudit/bumperbot_ws/install/bumperbot_msgs/share/bumperbot_msgs/local_setup.zsh
[0.318s] -- Up-to-date symlink: /home/mudit/bumperbot_ws/install/bumperbot_msgs/share/bumperbot_msgs/local_setup.dsv
[0.318s] -- Symlinking: /home/mudit/bumperbot_ws/install/bumperbot_msgs/share/bumperbot_msgs/package.dsv
[0.320s] -- Up-to-date symlink: /home/mudit/bumperbot_ws/install/bumperbot_msgs/share/ament_index/resource_index/packages/bumperbot_msgs
[0.320s] -- Up-to-date symlink: /home/mudit/bumperbot_ws/install/bumperbot_msgs/share/bumperbot_msgs/cmake/rosidl_cmake-extras.cmake
[0.320s] -- Up-to-date symlink: /home/mudit/bumperbot_ws/install/bumperbot_msgs/share/bumperbot_msgs/cmake/ament_cmake_export_dependencies-extras.cmake
[0.320s] -- Up-to-date symlink: /home/mudit/bumperbot_ws/install/bumperbot_msgs/share/bumperbot_msgs/cmake/ament_cmake_export_include_directories-extras.cmake
[0.320s] -- Up-to-date symlink: /home/mudit/bumperbot_ws/install/bumperbot_msgs/share/bumperbot_msgs/cmake/ament_cmake_export_libraries-extras.cmake
[0.320s] -- Up-to-date symlink: /home/mudit/bumperbot_ws/install/bumperbot_msgs/share/bumperbot_msgs/cmake/ament_cmake_export_targets-extras.cmake
[0.321s] -- Up-to-date symlink: /home/mudit/bumperbot_ws/install/bumperbot_msgs/share/bumperbot_msgs/cmake/rosidl_cmake_export_typesupport_targets-extras.cmake
[0.321s] -- Up-to-date symlink: /home/mudit/bumperbot_ws/install/bumperbot_msgs/share/bumperbot_msgs/cmake/rosidl_cmake_export_typesupport_libraries-extras.cmake
[0.321s] -- Up-to-date symlink: /home/mudit/bumperbot_ws/install/bumperbot_msgs/share/bumperbot_msgs/cmake/bumperbot_msgsConfig.cmake
[0.321s] -- Up-to-date symlink: /home/mudit/bumperbot_ws/install/bumperbot_msgs/share/bumperbot_msgs/cmake/bumperbot_msgsConfig-version.cmake
[0.321s] -- Up-to-date symlink: /home/mudit/bumperbot_ws/install/bumperbot_msgs/share/bumperbot_msgs/package.xml
[0.321s] -- Up-to-date: /home/mudit/bumperbot_ws/install/bumperbot_msgs/lib/libbumperbot_msgs__rosidl_generator_c.so
[0.321s] -- Up-to-date: /home/mudit/bumperbot_ws/install/bumperbot_msgs/lib/libbumperbot_msgs__rosidl_typesupport_fastrtps_c.so
[0.322s] -- Up-to-date: /home/mudit/bumperbot_ws/install/bumperbot_msgs/lib/libbumperbot_msgs__rosidl_typesupport_fastrtps_cpp.so
[0.322s] -- Up-to-date: /home/mudit/bumperbot_ws/install/bumperbot_msgs/lib/libbumperbot_msgs__rosidl_typesupport_introspection_c.so
[0.322s] -- Up-to-date: /home/mudit/bumperbot_ws/install/bumperbot_msgs/lib/libbumperbot_msgs__rosidl_typesupport_c.so
[0.322s] -- Up-to-date: /home/mudit/bumperbot_ws/install/bumperbot_msgs/lib/libbumperbot_msgs__rosidl_typesupport_introspection_cpp.so
[0.322s] -- Up-to-date: /home/mudit/bumperbot_ws/install/bumperbot_msgs/lib/libbumperbot_msgs__rosidl_typesupport_cpp.so
[0.349s] Listing '/home/mudit/bumperbot_ws/install/bumperbot_msgs/local/lib/python3.10/dist-packages/bumperbot_msgs'...
[0.349s] Listing '/home/mudit/bumperbot_ws/install/bumperbot_msgs/local/lib/python3.10/dist-packages/bumperbot_msgs/srv'...
[0.352s] -- Up-to-date: /home/mudit/bumperbot_ws/install/bumperbot_msgs/lib/libbumperbot_msgs__rosidl_generator_py.so
[0.352s] -- Up-to-date: /home/mudit/bumperbot_ws/install/bumperbot_msgs/share/bumperbot_msgs/cmake/export_bumperbot_msgs__rosidl_generator_cExport.cmake
[0.352s] -- Up-to-date: /home/mudit/bumperbot_ws/install/bumperbot_msgs/share/bumperbot_msgs/cmake/export_bumperbot_msgs__rosidl_generator_cExport-noconfig.cmake
[0.352s] -- Up-to-date: /home/mudit/bumperbot_ws/install/bumperbot_msgs/share/bumperbot_msgs/cmake/export_bumperbot_msgs__rosidl_typesupport_fastrtps_cExport.cmake
[0.352s] -- Up-to-date: /home/mudit/bumperbot_ws/install/bumperbot_msgs/share/bumperbot_msgs/cmake/export_bumperbot_msgs__rosidl_typesupport_fastrtps_cExport-noconfig.cmake
[0.352s] -- Up-to-date: /home/mudit/bumperbot_ws/install/bumperbot_msgs/share/bumperbot_msgs/cmake/export_bumperbot_msgs__rosidl_generator_cppExport.cmake
[0.352s] -- Up-to-date: /home/mudit/bumperbot_ws/install/bumperbot_msgs/share/bumperbot_msgs/cmake/export_bumperbot_msgs__rosidl_typesupport_fastrtps_cppExport.cmake
[0.352s] -- Up-to-date: /home/mudit/bumperbot_ws/install/bumperbot_msgs/share/bumperbot_msgs/cmake/export_bumperbot_msgs__rosidl_typesupport_fastrtps_cppExport-noconfig.cmake
[0.352s] -- Up-to-date: /home/mudit/bumperbot_ws/install/bumperbot_msgs/share/bumperbot_msgs/cmake/bumperbot_msgs__rosidl_typesupport_introspection_cExport.cmake
[0.352s] -- Up-to-date: /home/mudit/bumperbot_ws/install/bumperbot_msgs/share/bumperbot_msgs/cmake/bumperbot_msgs__rosidl_typesupport_introspection_cExport-noconfig.cmake
[0.352s] -- Up-to-date: /home/mudit/bumperbot_ws/install/bumperbot_msgs/share/bumperbot_msgs/cmake/bumperbot_msgs__rosidl_typesupport_cExport.cmake
[0.352s] -- Up-to-date: /home/mudit/bumperbot_ws/install/bumperbot_msgs/share/bumperbot_msgs/cmake/bumperbot_msgs__rosidl_typesupport_cExport-noconfig.cmake
[0.352s] -- Up-to-date: /home/mudit/bumperbot_ws/install/bumperbot_msgs/share/bumperbot_msgs/cmake/bumperbot_msgs__rosidl_typesupport_introspection_cppExport.cmake
[0.352s] -- Up-to-date: /home/mudit/bumperbot_ws/install/bumperbot_msgs/share/bumperbot_msgs/cmake/bumperbot_msgs__rosidl_typesupport_introspection_cppExport-noconfig.cmake
[0.352s] -- Up-to-date: /home/mudit/bumperbot_ws/install/bumperbot_msgs/share/bumperbot_msgs/cmake/bumperbot_msgs__rosidl_typesupport_cppExport.cmake
[0.352s] -- Up-to-date: /home/mudit/bumperbot_ws/install/bumperbot_msgs/share/bumperbot_msgs/cmake/bumperbot_msgs__rosidl_typesupport_cppExport-noconfig.cmake
[0.352s] -- Up-to-date: /home/mudit/bumperbot_ws/install/bumperbot_msgs/share/bumperbot_msgs/cmake/export_bumperbot_msgs__rosidl_generator_pyExport.cmake
[0.353s] -- Up-to-date: /home/mudit/bumperbot_ws/install/bumperbot_msgs/share/bumperbot_msgs/cmake/export_bumperbot_msgs__rosidl_generator_pyExport-noconfig.cmake
[0.357s] Invoked command in '/home/mudit/bumperbot_ws/build/bumperbot_msgs' returned '0': CMAKE_PREFIX_PATH=${CMAKE_PREFIX_PATH}:/home/mudit/bumperbot_ws/install/bumperbot_world:/home/mudit/bumperbot_ws/install/bumperbot_py_examples:/home/mudit/turtlebot3_ws/install/turtlebot3_teleop:/home/mudit/turtlebot3_ws/install/turtlebot3_example:/home/mudit/ros2_ws/install/rover_teleop:/home/mudit/ros2_ws/install/rover_motor_controller:/home/mudit/ros2_rover_ws/install/rover_teleop:/home/mudit/ros2_rover_ws/install/rover_motor_controller:/opt/ros/humble /home/mudit/.local/bin/cmake --install /home/mudit/bumperbot_ws/build/bumperbot_msgs
