[0.023s] Invoking command in '/home/mudit/bumperbot_ws/src/build/bumperbot_msgs': CMAKE_PREFIX_PATH=${CMAKE_PREFIX_PATH}:/home/mudit/ros2_ws/install/rover_teleop:/home/mudit/ros2_ws/install/rover_motor_controller:/home/mudit/ros2_rover_ws/install/rover_teleop:/home/mudit/ros2_rover_ws/install/rover_motor_controller:/opt/ros/humble /home/mudit/.local/bin/cmake --build /home/mudit/bumperbot_ws/src/build/bumperbot_msgs -- -j28 -l28
[0.054s] -- Found ament_cmake: 1.3.12 (/opt/ros/humble/share/ament_cmake/cmake)
[0.131s] -- Found ament_lint_auto: 0.12.14 (/opt/ros/humble/share/ament_lint_auto/cmake)
[0.191s] -- Added test 'lint_cmake' to check CMake code style
[0.192s] -- Added test 'xmllint' to check XML markup files
[0.194s] -- Configuring done
[0.196s] -- Generating done
[0.197s] -- Build files have been written to: /home/mudit/bumperbot_ws/src/build/bumperbot_msgs
[0.209s] Invoked command in '/home/mudit/bumperbot_ws/src/build/bumperbot_msgs' returned '0': CMAKE_PREFIX_PATH=${CMAKE_PREFIX_PATH}:/home/mudit/ros2_ws/install/rover_teleop:/home/mudit/ros2_ws/install/rover_motor_controller:/home/mudit/ros2_rover_ws/install/rover_teleop:/home/mudit/ros2_rover_ws/install/rover_motor_controller:/opt/ros/humble /home/mudit/.local/bin/cmake --build /home/mudit/bumperbot_ws/src/build/bumperbot_msgs -- -j28 -l28
[0.210s] Invoking command in '/home/mudit/bumperbot_ws/src/build/bumperbot_msgs': CMAKE_PREFIX_PATH=${CMAKE_PREFIX_PATH}:/home/mudit/ros2_ws/install/rover_teleop:/home/mudit/ros2_ws/install/rover_motor_controller:/home/mudit/ros2_rover_ws/install/rover_teleop:/home/mudit/ros2_rover_ws/install/rover_motor_controller:/opt/ros/humble /home/mudit/.local/bin/cmake --install /home/mudit/bumperbot_ws/src/build/bumperbot_msgs
[0.234s] -- Install configuration: ""
[0.235s] -- Installing: /home/mudit/bumperbot_ws/src/install/bumperbot_msgs/share/ament_index/resource_index/package_run_dependencies/bumperbot_msgs
[0.235s] -- Up-to-date: /home/mudit/bumperbot_ws/src/install/bumperbot_msgs/share/ament_index/resource_index/parent_prefix_path/bumperbot_msgs
[0.235s] -- Up-to-date: /home/mudit/bumperbot_ws/src/install/bumperbot_msgs/share/bumperbot_msgs/environment/ament_prefix_path.sh
[0.235s] -- Installing: /home/mudit/bumperbot_ws/src/install/bumperbot_msgs/share/bumperbot_msgs/environment/ament_prefix_path.dsv
[0.235s] -- Up-to-date: /home/mudit/bumperbot_ws/src/install/bumperbot_msgs/share/bumperbot_msgs/environment/path.sh
[0.235s] -- Installing: /home/mudit/bumperbot_ws/src/install/bumperbot_msgs/share/bumperbot_msgs/environment/path.dsv
[0.235s] -- Up-to-date: /home/mudit/bumperbot_ws/src/install/bumperbot_msgs/share/bumperbot_msgs/local_setup.bash
[0.235s] -- Installing: /home/mudit/bumperbot_ws/src/install/bumperbot_msgs/share/bumperbot_msgs/local_setup.sh
[0.235s] -- Up-to-date: /home/mudit/bumperbot_ws/src/install/bumperbot_msgs/share/bumperbot_msgs/local_setup.zsh
[0.235s] -- Installing: /home/mudit/bumperbot_ws/src/install/bumperbot_msgs/share/bumperbot_msgs/local_setup.dsv
[0.235s] -- Installing: /home/mudit/bumperbot_ws/src/install/bumperbot_msgs/share/bumperbot_msgs/package.dsv
[0.235s] -- Up-to-date: /home/mudit/bumperbot_ws/src/install/bumperbot_msgs/share/ament_index/resource_index/packages/bumperbot_msgs
[0.235s] -- Installing: /home/mudit/bumperbot_ws/src/install/bumperbot_msgs/share/bumperbot_msgs/cmake/bumperbot_msgsConfig.cmake
[0.235s] -- Up-to-date: /home/mudit/bumperbot_ws/src/install/bumperbot_msgs/share/bumperbot_msgs/cmake/bumperbot_msgsConfig-version.cmake
[0.235s] -- Installing: /home/mudit/bumperbot_ws/src/install/bumperbot_msgs/share/bumperbot_msgs/package.xml
[0.240s] Invoked command in '/home/mudit/bumperbot_ws/src/build/bumperbot_msgs' returned '0': CMAKE_PREFIX_PATH=${CMAKE_PREFIX_PATH}:/home/mudit/ros2_ws/install/rover_teleop:/home/mudit/ros2_ws/install/rover_motor_controller:/home/mudit/ros2_rover_ws/install/rover_teleop:/home/mudit/ros2_rover_ws/install/rover_motor_controller:/opt/ros/humble /home/mudit/.local/bin/cmake --install /home/mudit/bumperbot_ws/src/build/bumperbot_msgs
