[0.031s] Invoking command in '/home/mudit/bumperbot_ws/src/build/bumperbot_navigation': CMAKE_PREFIX_PATH=${CMAKE_PREFIX_PATH}:/home/mudit/ros2_ws/install/rover_teleop:/home/mudit/ros2_ws/install/rover_motor_controller:/home/mudit/ros2_rover_ws/install/rover_teleop:/home/mudit/ros2_rover_ws/install/rover_motor_controller:/opt/ros/humble /home/mudit/.local/bin/cmake --build /home/mudit/bumperbot_ws/src/build/bumperbot_navigation -- -j28 -l28
[0.078s] Invoked command in '/home/mudit/bumperbot_ws/src/build/bumperbot_navigation' returned '0': CMAKE_PREFIX_PATH=${CMAKE_PREFIX_PATH}:/home/mudit/ros2_ws/install/rover_teleop:/home/mudit/ros2_ws/install/rover_motor_controller:/home/mudit/ros2_rover_ws/install/rover_teleop:/home/mudit/ros2_rover_ws/install/rover_motor_controller:/opt/ros/humble /home/mudit/.local/bin/cmake --build /home/mudit/bumperbot_ws/src/build/bumperbot_navigation -- -j28 -l28
[0.114s] Invoking command in '/home/mudit/bumperbot_ws/src/build/bumperbot_navigation': CMAKE_PREFIX_PATH=${CMAKE_PREFIX_PATH}:/home/mudit/ros2_ws/install/rover_teleop:/home/mudit/ros2_ws/install/rover_motor_controller:/home/mudit/ros2_rover_ws/install/rover_teleop:/home/mudit/ros2_rover_ws/install/rover_motor_controller:/opt/ros/humble /home/mudit/.local/bin/cmake --install /home/mudit/bumperbot_ws/src/build/bumperbot_navigation
[0.133s] -- Install configuration: ""
[0.133s] -- Up-to-date: /home/mudit/bumperbot_ws/src/install/bumperbot_navigation/share/ament_index/resource_index/package_run_dependencies/bumperbot_navigation
[0.133s] -- Up-to-date: /home/mudit/bumperbot_ws/src/install/bumperbot_navigation/share/ament_index/resource_index/parent_prefix_path/bumperbot_navigation
[0.133s] -- Up-to-date: /home/mudit/bumperbot_ws/src/install/bumperbot_navigation/share/bumperbot_navigation/environment/ament_prefix_path.sh
[0.133s] -- Up-to-date: /home/mudit/bumperbot_ws/src/install/bumperbot_navigation/share/bumperbot_navigation/environment/ament_prefix_path.dsv
[0.133s] -- Up-to-date: /home/mudit/bumperbot_ws/src/install/bumperbot_navigation/share/bumperbot_navigation/environment/path.sh
[0.133s] -- Up-to-date: /home/mudit/bumperbot_ws/src/install/bumperbot_navigation/share/bumperbot_navigation/environment/path.dsv
[0.134s] -- Up-to-date: /home/mudit/bumperbot_ws/src/install/bumperbot_navigation/share/bumperbot_navigation/local_setup.bash
[0.134s] -- Up-to-date: /home/mudit/bumperbot_ws/src/install/bumperbot_navigation/share/bumperbot_navigation/local_setup.sh
[0.134s] -- Up-to-date: /home/mudit/bumperbot_ws/src/install/bumperbot_navigation/share/bumperbot_navigation/local_setup.zsh
[0.134s] -- Up-to-date: /home/mudit/bumperbot_ws/src/install/bumperbot_navigation/share/bumperbot_navigation/local_setup.dsv
[0.134s] -- Installing: /home/mudit/bumperbot_ws/src/install/bumperbot_navigation/share/bumperbot_navigation/package.dsv
[0.134s] -- Up-to-date: /home/mudit/bumperbot_ws/src/install/bumperbot_navigation/share/ament_index/resource_index/packages/bumperbot_navigation
[0.134s] -- Up-to-date: /home/mudit/bumperbot_ws/src/install/bumperbot_navigation/share/bumperbot_navigation/cmake/bumperbot_navigationConfig.cmake
[0.134s] -- Up-to-date: /home/mudit/bumperbot_ws/src/install/bumperbot_navigation/share/bumperbot_navigation/cmake/bumperbot_navigationConfig-version.cmake
[0.134s] -- Up-to-date: /home/mudit/bumperbot_ws/src/install/bumperbot_navigation/share/bumperbot_navigation/package.xml
[0.138s] Invoked command in '/home/mudit/bumperbot_ws/src/build/bumperbot_navigation' returned '0': CMAKE_PREFIX_PATH=${CMAKE_PREFIX_PATH}:/home/mudit/ros2_ws/install/rover_teleop:/home/mudit/ros2_ws/install/rover_motor_controller:/home/mudit/ros2_rover_ws/install/rover_teleop:/home/mudit/ros2_rover_ws/install/rover_motor_controller:/opt/ros/humble /home/mudit/.local/bin/cmake --install /home/mudit/bumperbot_ws/src/build/bumperbot_navigation
