[0.020s] Invoking command in '/home/mudit/bumperbot_ws/src/build/bumperbot_controller': CMAKE_PREFIX_PATH=${CMAKE_PREFIX_PATH}:/home/mudit/ros2_ws/install/rover_teleop:/home/mudit/ros2_ws/install/rover_motor_controller:/home/mudit/ros2_rover_ws/install/rover_teleop:/home/mudit/ros2_rover_ws/install/rover_motor_controller:/opt/ros/humble /home/mudit/.local/bin/cmake --build /home/mudit/bumperbot_ws/src/build/bumperbot_controller -- -j28 -l28
[0.050s] -- Found ament_cmake: 1.3.12 (/opt/ros/humble/share/ament_cmake/cmake)
[0.126s] -- Found rclpy: 3.3.17 (/opt/ros/humble/share/rclpy/cmake)
[0.129s] -- Found geometry_msgs: 4.9.0 (/opt/ros/humble/share/geometry_msgs/cmake)
[0.173s] -- Found rosidl_generator_c: 3.1.7 (/opt/ros/humble/share/rosidl_generator_c/cmake)
[0.179s] -- Found rosidl_adapter: 3.1.7 (/opt/ros/humble/share/rosidl_adapter/cmake)
[0.188s] -- Found rosidl_generator_cpp: 3.1.7 (/opt/ros/humble/share/rosidl_generator_cpp/cmake)
[0.202s] -- Using all available rosidl_typesupport_c: rosidl_typesupport_fastrtps_c;rosidl_typesupport_introspection_c
[0.220s] -- Using all available rosidl_typesupport_cpp: rosidl_typesupport_fastrtps_cpp;rosidl_typesupport_introspection_cpp
[0.369s] -- Configuring done
[0.371s] -- Generating done
[0.373s] -- Build files have been written to: /home/mudit/bumperbot_ws/src/build/bumperbot_controller
[0.390s] Built target ament_cmake_python_copy_bumperbot_controller
[0.552s] running egg_info
[0.552s] creating bumperbot_controller.egg-info
[0.552s] writing bumperbot_controller.egg-info/PKG-INFO
[0.552s] writing dependency_links to bumperbot_controller.egg-info/dependency_links.txt
[0.552s] writing top-level names to bumperbot_controller.egg-info/top_level.txt
[0.552s] writing manifest file 'bumperbot_controller.egg-info/SOURCES.txt'
[0.554s] reading manifest file 'bumperbot_controller.egg-info/SOURCES.txt'
[0.554s] writing manifest file 'bumperbot_controller.egg-info/SOURCES.txt'
[0.568s] Built target ament_cmake_python_build_bumperbot_controller_egg
[0.576s] Invoked command in '/home/mudit/bumperbot_ws/src/build/bumperbot_controller' returned '0': CMAKE_PREFIX_PATH=${CMAKE_PREFIX_PATH}:/home/mudit/ros2_ws/install/rover_teleop:/home/mudit/ros2_ws/install/rover_motor_controller:/home/mudit/ros2_rover_ws/install/rover_teleop:/home/mudit/ros2_rover_ws/install/rover_motor_controller:/opt/ros/humble /home/mudit/.local/bin/cmake --build /home/mudit/bumperbot_ws/src/build/bumperbot_controller -- -j28 -l28
[0.577s] Invoking command in '/home/mudit/bumperbot_ws/src/build/bumperbot_controller': CMAKE_PREFIX_PATH=${CMAKE_PREFIX_PATH}:/home/mudit/ros2_ws/install/rover_teleop:/home/mudit/ros2_ws/install/rover_motor_controller:/home/mudit/ros2_rover_ws/install/rover_teleop:/home/mudit/ros2_rover_ws/install/rover_motor_controller:/opt/ros/humble /home/mudit/.local/bin/cmake --install /home/mudit/bumperbot_ws/src/build/bumperbot_controller
[0.598s] -- Install configuration: ""
[0.598s] -- Installing: /home/mudit/bumperbot_ws/src/install/bumperbot_controller/share/bumperbot_controller/environment/pythonpath.sh
[0.598s] -- Installing: /home/mudit/bumperbot_ws/src/install/bumperbot_controller/share/bumperbot_controller/environment/pythonpath.dsv
[0.598s] -- Installing: /home/mudit/bumperbot_ws/src/install/bumperbot_controller/local/lib/python3.10/dist-packages/bumperbot_controller-0.0.0-py3.10.egg-info
[0.598s] -- Installing: /home/mudit/bumperbot_ws/src/install/bumperbot_controller/local/lib/python3.10/dist-packages/bumperbot_controller-0.0.0-py3.10.egg-info/dependency_links.txt
[0.598s] -- Installing: /home/mudit/bumperbot_ws/src/install/bumperbot_controller/local/lib/python3.10/dist-packages/bumperbot_controller-0.0.0-py3.10.egg-info/top_level.txt
[0.599s] -- Installing: /home/mudit/bumperbot_ws/src/install/bumperbot_controller/local/lib/python3.10/dist-packages/bumperbot_controller-0.0.0-py3.10.egg-info/SOURCES.txt
[0.599s] -- Installing: /home/mudit/bumperbot_ws/src/install/bumperbot_controller/local/lib/python3.10/dist-packages/bumperbot_controller-0.0.0-py3.10.egg-info/PKG-INFO
[0.599s] -- Installing: /home/mudit/bumperbot_ws/src/install/bumperbot_controller/local/lib/python3.10/dist-packages/bumperbot_controller
[0.599s] -- Installing: /home/mudit/bumperbot_ws/src/install/bumperbot_controller/local/lib/python3.10/dist-packages/bumperbot_controller/simple_controller.py
[0.599s] -- Installing: /home/mudit/bumperbot_ws/src/install/bumperbot_controller/local/lib/python3.10/dist-packages/bumperbot_controller/__init__.py
[0.627s] Listing '/home/mudit/bumperbot_ws/src/install/bumperbot_controller/local/lib/python3.10/dist-packages/bumperbot_controller'...
[0.627s] Compiling '/home/mudit/bumperbot_ws/src/install/bumperbot_controller/local/lib/python3.10/dist-packages/bumperbot_controller/__init__.py'...
[0.627s] Compiling '/home/mudit/bumperbot_ws/src/install/bumperbot_controller/local/lib/python3.10/dist-packages/bumperbot_controller/simple_controller.py'...
[0.630s] -- Up-to-date: /home/mudit/bumperbot_ws/src/install/bumperbot_controller/share/bumperbot_controller/launch
[0.630s] -- Installing: /home/mudit/bumperbot_ws/src/install/bumperbot_controller/share/bumperbot_controller/launch/controller.launch.py
[0.630s] -- Installing: /home/mudit/bumperbot_ws/src/install/bumperbot_controller/share/bumperbot_controller/launch/joystick_teleop.launch.py
[0.630s] -- Up-to-date: /home/mudit/bumperbot_ws/src/install/bumperbot_controller/share/bumperbot_controller/config
[0.630s] -- Installing: /home/mudit/bumperbot_ws/src/install/bumperbot_controller/share/bumperbot_controller/config/joy_teleop.yaml
[0.631s] -- Installing: /home/mudit/bumperbot_ws/src/install/bumperbot_controller/share/bumperbot_controller/config/bumperbot_controllers.yaml
[0.631s] -- Installing: /home/mudit/bumperbot_ws/src/install/bumperbot_controller/share/bumperbot_controller/config/joy_config.yaml
[0.631s] -- Installing: /home/mudit/bumperbot_ws/src/install/bumperbot_controller/lib/bumperbot_controller/simple_controller.py
[0.631s] -- Installing: /home/mudit/bumperbot_ws/src/install/bumperbot_controller/share/ament_index/resource_index/package_run_dependencies/bumperbot_controller
[0.631s] -- Up-to-date: /home/mudit/bumperbot_ws/src/install/bumperbot_controller/share/ament_index/resource_index/parent_prefix_path/bumperbot_controller
[0.631s] -- Up-to-date: /home/mudit/bumperbot_ws/src/install/bumperbot_controller/share/bumperbot_controller/environment/ament_prefix_path.sh
[0.631s] -- Installing: /home/mudit/bumperbot_ws/src/install/bumperbot_controller/share/bumperbot_controller/environment/ament_prefix_path.dsv
[0.631s] -- Up-to-date: /home/mudit/bumperbot_ws/src/install/bumperbot_controller/share/bumperbot_controller/environment/path.sh
[0.631s] -- Installing: /home/mudit/bumperbot_ws/src/install/bumperbot_controller/share/bumperbot_controller/environment/path.dsv
[0.631s] -- Up-to-date: /home/mudit/bumperbot_ws/src/install/bumperbot_controller/share/bumperbot_controller/local_setup.bash
[0.631s] -- Installing: /home/mudit/bumperbot_ws/src/install/bumperbot_controller/share/bumperbot_controller/local_setup.sh
[0.631s] -- Up-to-date: /home/mudit/bumperbot_ws/src/install/bumperbot_controller/share/bumperbot_controller/local_setup.zsh
[0.631s] -- Installing: /home/mudit/bumperbot_ws/src/install/bumperbot_controller/share/bumperbot_controller/local_setup.dsv
[0.631s] -- Installing: /home/mudit/bumperbot_ws/src/install/bumperbot_controller/share/bumperbot_controller/package.dsv
[0.632s] -- Up-to-date: /home/mudit/bumperbot_ws/src/install/bumperbot_controller/share/ament_index/resource_index/packages/bumperbot_controller
[0.632s] -- Up-to-date: /home/mudit/bumperbot_ws/src/install/bumperbot_controller/share/bumperbot_controller/cmake/bumperbot_controllerConfig.cmake
[0.632s] -- Up-to-date: /home/mudit/bumperbot_ws/src/install/bumperbot_controller/share/bumperbot_controller/cmake/bumperbot_controllerConfig-version.cmake
[0.632s] -- Installing: /home/mudit/bumperbot_ws/src/install/bumperbot_controller/share/bumperbot_controller/package.xml
[0.636s] Invoked command in '/home/mudit/bumperbot_ws/src/build/bumperbot_controller' returned '0': CMAKE_PREFIX_PATH=${CMAKE_PREFIX_PATH}:/home/mudit/ros2_ws/install/rover_teleop:/home/mudit/ros2_ws/install/rover_motor_controller:/home/mudit/ros2_rover_ws/install/rover_teleop:/home/mudit/ros2_rover_ws/install/rover_motor_controller:/opt/ros/humble /home/mudit/.local/bin/cmake --install /home/mudit/bumperbot_ws/src/build/bumperbot_controller
