[0.024s] Invoking command in '/home/mudit/bumperbot_ws/build/bumperbot_navigation': CMAKE_PREFIX_PATH=${CMAKE_PREFIX_PATH}:/home/mudit/bumperbot_ws/install/bumperbot_world:/home/mudit/bumperbot_ws/install/bumperbot_py_examples:/home/mudit/turtlebot3_ws/install/turtlebot3_teleop:/home/mudit/turtlebot3_ws/install/turtlebot3_example:/home/mudit/ros2_ws/install/rover_teleop:/home/mudit/ros2_ws/install/rover_motor_controller:/home/mudit/ros2_rover_ws/install/rover_teleop:/home/mudit/ros2_rover_ws/install/rover_motor_controller:/opt/ros/humble /home/mudit/.local/bin/cmake /home/mudit/bumperbot_ws/src/bumperbot_navigation -DCMAKE_INSTALL_PREFIX=/home/mudit/bumperbot_ws/install/bumperbot_navigation
[0.048s] -- Found ament_cmake: 1.3.12 (/opt/ros/humble/share/ament_cmake/cmake)
[0.123s] -- Override CMake install command with custom implementation using symlinks instead of copying resources
[0.129s] -- Found ament_lint_auto: 0.12.14 (/opt/ros/humble/share/ament_lint_auto/cmake)
[0.187s] -- Added test 'lint_cmake' to check CMake code style
[0.188s] -- Added test 'xmllint' to check XML markup files
[0.189s] -- Configuring done
[0.192s] -- Generating done
[0.193s] -- Build files have been written to: /home/mudit/bumperbot_ws/build/bumperbot_navigation
[0.222s] Invoked command in '/home/mudit/bumperbot_ws/build/bumperbot_navigation' returned '0': CMAKE_PREFIX_PATH=${CMAKE_PREFIX_PATH}:/home/mudit/bumperbot_ws/install/bumperbot_world:/home/mudit/bumperbot_ws/install/bumperbot_py_examples:/home/mudit/turtlebot3_ws/install/turtlebot3_teleop:/home/mudit/turtlebot3_ws/install/turtlebot3_example:/home/mudit/ros2_ws/install/rover_teleop:/home/mudit/ros2_ws/install/rover_motor_controller:/home/mudit/ros2_rover_ws/install/rover_teleop:/home/mudit/ros2_rover_ws/install/rover_motor_controller:/opt/ros/humble /home/mudit/.local/bin/cmake /home/mudit/bumperbot_ws/src/bumperbot_navigation -DCMAKE_INSTALL_PREFIX=/home/mudit/bumperbot_ws/install/bumperbot_navigation
[0.224s] Invoking command in '/home/mudit/bumperbot_ws/build/bumperbot_navigation': CMAKE_PREFIX_PATH=${CMAKE_PREFIX_PATH}:/home/mudit/bumperbot_ws/install/bumperbot_world:/home/mudit/bumperbot_ws/install/bumperbot_py_examples:/home/mudit/turtlebot3_ws/install/turtlebot3_teleop:/home/mudit/turtlebot3_ws/install/turtlebot3_example:/home/mudit/ros2_ws/install/rover_teleop:/home/mudit/ros2_ws/install/rover_motor_controller:/home/mudit/ros2_rover_ws/install/rover_teleop:/home/mudit/ros2_rover_ws/install/rover_motor_controller:/opt/ros/humble /home/mudit/.local/bin/cmake --build /home/mudit/bumperbot_ws/build/bumperbot_navigation -- -j28 -l28
[0.263s] Invoked command in '/home/mudit/bumperbot_ws/build/bumperbot_navigation' returned '0': CMAKE_PREFIX_PATH=${CMAKE_PREFIX_PATH}:/home/mudit/bumperbot_ws/install/bumperbot_world:/home/mudit/bumperbot_ws/install/bumperbot_py_examples:/home/mudit/turtlebot3_ws/install/turtlebot3_teleop:/home/mudit/turtlebot3_ws/install/turtlebot3_example:/home/mudit/ros2_ws/install/rover_teleop:/home/mudit/ros2_ws/install/rover_motor_controller:/home/mudit/ros2_rover_ws/install/rover_teleop:/home/mudit/ros2_rover_ws/install/rover_motor_controller:/opt/ros/humble /home/mudit/.local/bin/cmake --build /home/mudit/bumperbot_ws/build/bumperbot_navigation -- -j28 -l28
[0.300s] Invoking command in '/home/mudit/bumperbot_ws/build/bumperbot_navigation': CMAKE_PREFIX_PATH=${CMAKE_PREFIX_PATH}:/home/mudit/bumperbot_ws/install/bumperbot_world:/home/mudit/bumperbot_ws/install/bumperbot_py_examples:/home/mudit/turtlebot3_ws/install/turtlebot3_teleop:/home/mudit/turtlebot3_ws/install/turtlebot3_example:/home/mudit/ros2_ws/install/rover_teleop:/home/mudit/ros2_ws/install/rover_motor_controller:/home/mudit/ros2_rover_ws/install/rover_teleop:/home/mudit/ros2_rover_ws/install/rover_motor_controller:/opt/ros/humble /home/mudit/.local/bin/cmake --install /home/mudit/bumperbot_ws/build/bumperbot_navigation
[0.322s] -- Install configuration: ""
[0.322s] -- Execute custom install script
[0.322s] -- Up-to-date symlink: /home/mudit/bumperbot_ws/install/bumperbot_navigation/share/ament_index/resource_index/package_run_dependencies/bumperbot_navigation
[0.322s] -- Up-to-date symlink: /home/mudit/bumperbot_ws/install/bumperbot_navigation/share/ament_index/resource_index/parent_prefix_path/bumperbot_navigation
[0.322s] -- Up-to-date symlink: /home/mudit/bumperbot_ws/install/bumperbot_navigation/share/bumperbot_navigation/environment/ament_prefix_path.sh
[0.322s] -- Up-to-date symlink: /home/mudit/bumperbot_ws/install/bumperbot_navigation/share/bumperbot_navigation/environment/ament_prefix_path.dsv
[0.322s] -- Up-to-date symlink: /home/mudit/bumperbot_ws/install/bumperbot_navigation/share/bumperbot_navigation/environment/path.sh
[0.322s] -- Up-to-date symlink: /home/mudit/bumperbot_ws/install/bumperbot_navigation/share/bumperbot_navigation/environment/path.dsv
[0.322s] -- Up-to-date symlink: /home/mudit/bumperbot_ws/install/bumperbot_navigation/share/bumperbot_navigation/local_setup.bash
[0.322s] -- Up-to-date symlink: /home/mudit/bumperbot_ws/install/bumperbot_navigation/share/bumperbot_navigation/local_setup.sh
[0.323s] -- Up-to-date symlink: /home/mudit/bumperbot_ws/install/bumperbot_navigation/share/bumperbot_navigation/local_setup.zsh
[0.323s] -- Up-to-date symlink: /home/mudit/bumperbot_ws/install/bumperbot_navigation/share/bumperbot_navigation/local_setup.dsv
[0.323s] -- Symlinking: /home/mudit/bumperbot_ws/install/bumperbot_navigation/share/bumperbot_navigation/package.dsv
[0.325s] -- Up-to-date symlink: /home/mudit/bumperbot_ws/install/bumperbot_navigation/share/ament_index/resource_index/packages/bumperbot_navigation
[0.326s] -- Up-to-date symlink: /home/mudit/bumperbot_ws/install/bumperbot_navigation/share/bumperbot_navigation/cmake/bumperbot_navigationConfig.cmake
[0.326s] -- Up-to-date symlink: /home/mudit/bumperbot_ws/install/bumperbot_navigation/share/bumperbot_navigation/cmake/bumperbot_navigationConfig-version.cmake
[0.326s] -- Up-to-date symlink: /home/mudit/bumperbot_ws/install/bumperbot_navigation/share/bumperbot_navigation/package.xml
[0.330s] Invoked command in '/home/mudit/bumperbot_ws/build/bumperbot_navigation' returned '0': CMAKE_PREFIX_PATH=${CMAKE_PREFIX_PATH}:/home/mudit/bumperbot_ws/install/bumperbot_world:/home/mudit/bumperbot_ws/install/bumperbot_py_examples:/home/mudit/turtlebot3_ws/install/turtlebot3_teleop:/home/mudit/turtlebot3_ws/install/turtlebot3_example:/home/mudit/ros2_ws/install/rover_teleop:/home/mudit/ros2_ws/install/rover_motor_controller:/home/mudit/ros2_rover_ws/install/rover_teleop:/home/mudit/ros2_rover_ws/install/rover_motor_controller:/opt/ros/humble /home/mudit/.local/bin/cmake --install /home/mudit/bumperbot_ws/build/bumperbot_navigation
