-- The C compiler identification is GNU 11.4.0
-- The CXX compiler identification is GNU 11.4.0
-- Detecting C compiler ABI info
-- Detecting C compiler ABI info - done
-- Check for working C compiler: /usr/bin/cc - skipped
-- Detecting C compile features
-- Detecting C compile features - done
-- Detecting CXX compiler ABI info
-- Detecting CXX compiler ABI info - done
-- Check for working CXX compiler: /usr/bin/c++ - skipped
-- Detecting CXX compile features
-- Detecting CXX compile features - done
-- Found ament_cmake: 1.3.12 (/opt/ros/humble/share/ament_cmake/cmake)
-- Found Python3: /usr/bin/python3 (found version "3.10.12") found components: Interpreter 
-- Override CMake install command with custom implementation using symlinks instead of copying resources
-- Found rclpy: 3.3.17 (/opt/ros/humble/share/rclpy/cmake)
-- Configuring done
-- Generating done
-- Build files have been written to: /home/mudit/bumperbot_ws/build/bumperbot_planning
Built target ament_cmake_python_symlink_bumperbot_planning
running egg_info
creating bumperbot_planning.egg-info
writing bumperbot_planning.egg-info/PKG-INFO
writing dependency_links to bumperbot_planning.egg-info/dependency_links.txt
writing top-level names to bumperbot_planning.egg-info/top_level.txt
writing manifest file 'bumperbot_planning.egg-info/SOURCES.txt'
reading manifest file 'bumperbot_planning.egg-info/SOURCES.txt'
writing manifest file 'bumperbot_planning.egg-info/SOURCES.txt'
Built target ament_cmake_python_build_bumperbot_planning_egg
-- Install configuration: ""
-- Execute custom install script
-- Symlinking: /home/mudit/bumperbot_ws/install/bumperbot_planning/share/bumperbot_planning/environment/pythonpath.sh
-- Symlinking: /home/mudit/bumperbot_ws/install/bumperbot_planning/share/bumperbot_planning/environment/pythonpath.dsv
-- Symlinking: /home/mudit/bumperbot_ws/install/bumperbot_planning/local/lib/python3.10/dist-packages/bumperbot_planning-0.0.0-py3.10.egg-info/PKG-INFO
-- Symlinking: /home/mudit/bumperbot_ws/install/bumperbot_planning/local/lib/python3.10/dist-packages/bumperbot_planning-0.0.0-py3.10.egg-info/SOURCES.txt
-- Symlinking: /home/mudit/bumperbot_ws/install/bumperbot_planning/local/lib/python3.10/dist-packages/bumperbot_planning-0.0.0-py3.10.egg-info/dependency_links.txt
-- Symlinking: /home/mudit/bumperbot_ws/install/bumperbot_planning/local/lib/python3.10/dist-packages/bumperbot_planning-0.0.0-py3.10.egg-info/top_level.txt
-- Symlinking: /home/mudit/bumperbot_ws/install/bumperbot_planning/local/lib/python3.10/dist-packages/bumperbot_planning/__init__.py
-- Symlinking: /home/mudit/bumperbot_ws/install/bumperbot_planning/local/lib/python3.10/dist-packages/bumperbot_planning/dijkstra_planner.py
-- Symlinking: /home/mudit/bumperbot_ws/install/bumperbot_planning/lib/bumperbot_planning/dijkstra_planner.py
-- Symlinking: /home/mudit/bumperbot_ws/install/bumperbot_planning/share/ament_index/resource_index/package_run_dependencies/bumperbot_planning
-- Symlinking: /home/mudit/bumperbot_ws/install/bumperbot_planning/share/ament_index/resource_index/parent_prefix_path/bumperbot_planning
-- Symlinking: /home/mudit/bumperbot_ws/install/bumperbot_planning/share/bumperbot_planning/environment/ament_prefix_path.sh
-- Symlinking: /home/mudit/bumperbot_ws/install/bumperbot_planning/share/bumperbot_planning/environment/ament_prefix_path.dsv
-- Symlinking: /home/mudit/bumperbot_ws/install/bumperbot_planning/share/bumperbot_planning/environment/path.sh
-- Symlinking: /home/mudit/bumperbot_ws/install/bumperbot_planning/share/bumperbot_planning/environment/path.dsv
-- Symlinking: /home/mudit/bumperbot_ws/install/bumperbot_planning/share/bumperbot_planning/local_setup.bash
-- Symlinking: /home/mudit/bumperbot_ws/install/bumperbot_planning/share/bumperbot_planning/local_setup.sh
-- Symlinking: /home/mudit/bumperbot_ws/install/bumperbot_planning/share/bumperbot_planning/local_setup.zsh
-- Symlinking: /home/mudit/bumperbot_ws/install/bumperbot_planning/share/bumperbot_planning/local_setup.dsv
-- Symlinking: /home/mudit/bumperbot_ws/install/bumperbot_planning/share/bumperbot_planning/package.dsv
-- Symlinking: /home/mudit/bumperbot_ws/install/bumperbot_planning/share/ament_index/resource_index/packages/bumperbot_planning
-- Symlinking: /home/mudit/bumperbot_ws/install/bumperbot_planning/share/bumperbot_planning/cmake/bumperbot_planningConfig.cmake
-- Symlinking: /home/mudit/bumperbot_ws/install/bumperbot_planning/share/bumperbot_planning/cmake/bumperbot_planningConfig-version.cmake
-- Symlinking: /home/mudit/bumperbot_ws/install/bumperbot_planning/share/bumperbot_planning/package.xml
Listing '/home/mudit/bumperbot_ws/install/bumperbot_planning/local/lib/python3.10/dist-packages/bumperbot_planning'...
Compiling '/home/mudit/bumperbot_ws/install/bumperbot_planning/local/lib/python3.10/dist-packages/bumperbot_planning/__init__.py'...
Compiling '/home/mudit/bumperbot_ws/install/bumperbot_planning/local/lib/python3.10/dist-packages/bumperbot_planning/dijkstra_planner.py'...
