[0.023s] Invoking command in '/home/mudit/bumperbot_ws/src/build/bumperbot_msgs': CMAKE_PREFIX_PATH=${CMAKE_PREFIX_PATH}:/home/mudit/ros2_ws/install/rover_teleop:/home/mudit/ros2_ws/install/rover_motor_controller:/home/mudit/ros2_rover_ws/install/rover_teleop:/home/mudit/ros2_rover_ws/install/rover_motor_controller:/opt/ros/humble /home/mudit/.local/bin/cmake --build /home/mudit/bumperbot_ws/src/build/bumperbot_msgs -- -j28 -l28
[0.051s] -- Found ament_cmake: 1.3.12 (/opt/ros/humble/share/ament_cmake/cmake)
[0.118s] -- Found geometry_msgs: 4.9.0 (/opt/ros/humble/share/geometry_msgs/cmake)
[0.136s] -- Found rosidl_generator_c: 3.1.7 (/opt/ros/humble/share/rosidl_generator_c/cmake)
[0.138s] -- Found rosidl_adapter: 3.1.7 (/opt/ros/humble/share/rosidl_adapter/cmake)
[0.143s] -- Found rosidl_generator_cpp: 3.1.7 (/opt/ros/humble/share/rosidl_generator_cpp/cmake)
[0.151s] -- Using all available rosidl_typesupport_c: rosidl_typesupport_fastrtps_c;rosidl_typesupport_introspection_c
[0.161s] -- Using all available rosidl_typesupport_cpp: rosidl_typesupport_fastrtps_cpp;rosidl_typesupport_introspection_cpp
[0.189s] -- Found rosidl_default_generators: 1.2.0 (/opt/ros/humble/share/rosidl_default_generators/cmake)
[0.369s] -- Found ament_cmake_ros: 0.10.0 (/opt/ros/humble/share/ament_cmake_ros/cmake)
[0.592s] -- Using all available rosidl_typesupport_c: rosidl_typesupport_fastrtps_c;rosidl_typesupport_introspection_c
[0.674s] -- Using all available rosidl_typesupport_cpp: rosidl_typesupport_fastrtps_cpp;rosidl_typesupport_introspection_cpp
[0.700s] -- Found python_cmake_module: 0.10.0 (/opt/ros/humble/share/python_cmake_module/cmake)
[0.722s] -- Using PYTHON_EXECUTABLE: /usr/bin/python3
[0.722s] -- Using PYTHON_INCLUDE_DIRS: /usr/include/python3.10
[0.722s] -- Using PYTHON_LIBRARIES: /usr/lib/x86_64-linux-gnu/libpython3.10.so
[0.764s] -- Configuring done
[0.790s] -- Generating done
[0.799s] -- Build files have been written to: /home/mudit/bumperbot_ws/src/build/bumperbot_msgs
[0.816s] [  2%] Built target bumperbot_msgs__cpp
[0.819s] [  5%] [32mBuilding C object CMakeFiles/bumperbot_msgs__rosidl_generator_c.dir/rosidl_generator_c/bumperbot_msgs/srv/detail/add_two_ints__functions.c.o[0m
[0.820s] [  7%] [32mBuilding C object CMakeFiles/bumperbot_msgs__rosidl_generator_c.dir/rosidl_generator_c/bumperbot_msgs/srv/detail/get_transform__functions.c.o[0m
[0.821s] [  7%] Built target ament_cmake_python_copy_bumperbot_msgs
[0.827s] [ 10%] [32mBuilding CXX object CMakeFiles/bumperbot_msgs__rosidl_typesupport_introspection_cpp.dir/rosidl_typesupport_introspection_cpp/bumperbot_msgs/srv/detail/add_two_ints__type_support.cpp.o[0m
[0.827s] [ 12%] [32mBuilding CXX object CMakeFiles/bumperbot_msgs__rosidl_typesupport_introspection_cpp.dir/rosidl_typesupport_introspection_cpp/bumperbot_msgs/srv/detail/get_transform__type_support.cpp.o[0m
[0.828s] [ 15%] [32mBuilding CXX object CMakeFiles/bumperbot_msgs__rosidl_typesupport_fastrtps_cpp.dir/rosidl_typesupport_fastrtps_cpp/bumperbot_msgs/srv/detail/dds_fastrtps/add_two_ints__type_support.cpp.o[0m
[0.828s] [ 17%] [32mBuilding CXX object CMakeFiles/bumperbot_msgs__rosidl_typesupport_cpp.dir/rosidl_typesupport_cpp/bumperbot_msgs/srv/get_transform__type_support.cpp.o[0m
[0.828s] [ 20%] [32mBuilding CXX object CMakeFiles/bumperbot_msgs__rosidl_typesupport_cpp.dir/rosidl_typesupport_cpp/bumperbot_msgs/srv/add_two_ints__type_support.cpp.o[0m
[0.828s] [ 23%] [32mBuilding CXX object CMakeFiles/bumperbot_msgs__rosidl_typesupport_fastrtps_cpp.dir/rosidl_typesupport_fastrtps_cpp/bumperbot_msgs/srv/detail/dds_fastrtps/get_transform__type_support.cpp.o[0m
[0.870s] [ 25%] [32m[1mLinking C shared library libbumperbot_msgs__rosidl_generator_c.so[0m
[0.891s] [ 28%] Built target bumperbot_msgs__rosidl_generator_c
[0.902s] [ 30%] [32mBuilding C object CMakeFiles/bumperbot_msgs__rosidl_typesupport_introspection_c.dir/rosidl_typesupport_introspection_c/bumperbot_msgs/srv/detail/add_two_ints__type_support.c.o[0m
[0.903s] [ 33%] [32mBuilding CXX object CMakeFiles/bumperbot_msgs__rosidl_typesupport_c.dir/rosidl_typesupport_c/bumperbot_msgs/srv/add_two_ints__type_support.cpp.o[0m
[0.903s] [ 38%] [32mBuilding CXX object CMakeFiles/bumperbot_msgs__rosidl_typesupport_c.dir/rosidl_typesupport_c/bumperbot_msgs/srv/get_transform__type_support.cpp.o[0m
[0.903s] [ 38%] [32mBuilding C object CMakeFiles/bumperbot_msgs__rosidl_typesupport_introspection_c.dir/rosidl_typesupport_introspection_c/bumperbot_msgs/srv/detail/get_transform__type_support.c.o[0m
[0.904s] [ 41%] [32mBuilding CXX object CMakeFiles/bumperbot_msgs__rosidl_typesupport_fastrtps_c.dir/rosidl_typesupport_fastrtps_c/bumperbot_msgs/srv/detail/get_transform__type_support_c.cpp.o[0m
[0.904s] [ 43%] [32mBuilding CXX object CMakeFiles/bumperbot_msgs__rosidl_typesupport_fastrtps_c.dir/rosidl_typesupport_fastrtps_c/bumperbot_msgs/srv/detail/add_two_ints__type_support_c.cpp.o[0m
[0.925s] [ 46%] [32m[1mLinking CXX shared library libbumperbot_msgs__rosidl_typesupport_c.so[0m
[0.928s] [ 48%] [32m[1mLinking C shared library libbumperbot_msgs__rosidl_typesupport_introspection_c.so[0m
[0.945s] [ 51%] Built target bumperbot_msgs__rosidl_typesupport_c
[0.946s] [ 53%] Built target bumperbot_msgs__rosidl_typesupport_introspection_c
[0.975s] [ 56%] [32m[1mLinking CXX shared library libbumperbot_msgs__rosidl_typesupport_cpp.so[0m
[0.994s] [ 58%] Built target bumperbot_msgs__rosidl_typesupport_cpp
[1.055s] running egg_info
[1.055s] writing bumperbot_msgs.egg-info/PKG-INFO
[1.056s] writing dependency_links to bumperbot_msgs.egg-info/dependency_links.txt
[1.056s] writing top-level names to bumperbot_msgs.egg-info/top_level.txt
[1.057s] reading manifest file 'bumperbot_msgs.egg-info/SOURCES.txt'
[1.058s] writing manifest file 'bumperbot_msgs.egg-info/SOURCES.txt'
[1.074s] [ 58%] Built target ament_cmake_python_build_bumperbot_msgs_egg
[1.108s] [ 61%] [32m[1mLinking CXX shared library libbumperbot_msgs__rosidl_typesupport_introspection_cpp.so[0m
[1.112s] [ 64%] [32m[1mLinking CXX shared library libbumperbot_msgs__rosidl_typesupport_fastrtps_c.so[0m
[1.143s] [ 66%] Built target bumperbot_msgs__rosidl_typesupport_introspection_cpp
[1.157s] [ 69%] Built target bumperbot_msgs__rosidl_typesupport_fastrtps_c
[1.164s] [ 71%] [32m[1mLinking CXX shared library libbumperbot_msgs__rosidl_typesupport_fastrtps_cpp.so[0m
[1.211s] [ 74%] Built target bumperbot_msgs__rosidl_typesupport_fastrtps_cpp
[1.221s] [ 74%] Built target bumperbot_msgs
[1.231s] [ 76%] Built target bumperbot_msgs__py
[1.244s] [ 79%] [32mBuilding C object CMakeFiles/bumperbot_msgs__rosidl_generator_py.dir/rosidl_generator_py/bumperbot_msgs/srv/_add_two_ints_s.c.o[0m
[1.244s] [ 82%] [32mBuilding C object CMakeFiles/bumperbot_msgs__rosidl_generator_py.dir/rosidl_generator_py/bumperbot_msgs/srv/_get_transform_s.c.o[0m
[1.312s] [ 84%] [32m[1mLinking C shared library rosidl_generator_py/bumperbot_msgs/libbumperbot_msgs__rosidl_generator_py.so[0m
[1.336s] [ 84%] Built target bumperbot_msgs__rosidl_generator_py
[1.348s] [ 89%] [32mBuilding C object CMakeFiles/bumperbot_msgs__rosidl_typesupport_fastrtps_c__pyext.dir/rosidl_generator_py/bumperbot_msgs/_bumperbot_msgs_s.ep.rosidl_typesupport_fastrtps_c.c.o[0m
[1.348s] [ 89%] [32mBuilding C object CMakeFiles/bumperbot_msgs__rosidl_typesupport_introspection_c__pyext.dir/rosidl_generator_py/bumperbot_msgs/_bumperbot_msgs_s.ep.rosidl_typesupport_introspection_c.c.o[0m
[1.348s] [ 92%] [32mBuilding C object CMakeFiles/bumperbot_msgs__rosidl_typesupport_c__pyext.dir/rosidl_generator_py/bumperbot_msgs/_bumperbot_msgs_s.ep.rosidl_typesupport_c.c.o[0m
[1.394s] In file included from [01m[K/home/mudit/bumperbot_ws/src/build/bumperbot_msgs/rosidl_generator_py/bumperbot_msgs/_bumperbot_msgs_s.ep.rosidl_typesupport_introspection_c.c:648[m[K:
[1.394s] [01m[K/home/mudit/bumperbot_ws/src/build/bumperbot_msgs/rosidl_generator_c/bumperbot_msgs/action/detail/fibonacci__struct.h:88:10:[m[K [01;31m[Kfatal error: [m[Kunique_identifier_msgs/msg/detail/uuid__struct.h: No such file or directory
[1.394s]    88 | #include [01;31m[K"unique_identifier_msgs/msg/detail/uuid__struct.h"[m[K
[1.394s]       |          [01;31m[K^~~~~~~~~~~~~~~~~~~~~~~~~~~~~~~~~~~~~~~~~~~~~~~~~~[m[K
[1.394s] compilation terminated.
[1.394s] In file included from [01m[K/home/mudit/bumperbot_ws/src/build/bumperbot_msgs/rosidl_generator_py/bumperbot_msgs/_bumperbot_msgs_s.ep.rosidl_typesupport_c.c:648[m[K:
[1.394s] [01m[K/home/mudit/bumperbot_ws/src/build/bumperbot_msgs/rosidl_generator_c/bumperbot_msgs/action/detail/fibonacci__struct.h:88:10:[m[K [01;31m[Kfatal error: [m[Kunique_identifier_msgs/msg/detail/uuid__struct.h: No such file or directory
[1.394s]    88 | #include [01;31m[K"unique_identifier_msgs/msg/detail/uuid__struct.h"[m[K
[1.394s]       |          [01;31m[K^~~~~~~~~~~~~~~~~~~~~~~~~~~~~~~~~~~~~~~~~~~~~~~~~~[m[K
[1.395s] compilation terminated.
[1.395s] In file included from [01m[K/home/mudit/bumperbot_ws/src/build/bumperbot_msgs/rosidl_generator_py/bumperbot_msgs/_bumperbot_msgs_s.ep.rosidl_typesupport_fastrtps_c.c:648[m[K:
[1.395s] [01m[K/home/mudit/bumperbot_ws/src/build/bumperbot_msgs/rosidl_generator_c/bumperbot_msgs/action/detail/fibonacci__struct.h:88:10:[m[K [01;31m[Kfatal error: [m[Kunique_identifier_msgs/msg/detail/uuid__struct.h: No such file or directory
[1.395s]    88 | #include [01;31m[K"unique_identifier_msgs/msg/detail/uuid__struct.h"[m[K
[1.395s]       |          [01;31m[K^~~~~~~~~~~~~~~~~~~~~~~~~~~~~~~~~~~~~~~~~~~~~~~~~~[m[K
[1.395s] compilation terminated.
[1.395s] gmake[2]: *** [CMakeFiles/bumperbot_msgs__rosidl_typesupport_introspection_c__pyext.dir/build.make:76: CMakeFiles/bumperbot_msgs__rosidl_typesupport_introspection_c__pyext.dir/rosidl_generator_py/bumperbot_msgs/_bumperbot_msgs_s.ep.rosidl_typesupport_introspection_c.c.o] Error 1
[1.396s] gmake[1]: *** [CMakeFiles/Makefile2:535: CMakeFiles/bumperbot_msgs__rosidl_typesupport_introspection_c__pyext.dir/all] Error 2
[1.396s] gmake[1]: *** Waiting for unfinished jobs....
[1.396s] gmake[2]: *** [CMakeFiles/bumperbot_msgs__rosidl_typesupport_c__pyext.dir/build.make:76: CMakeFiles/bumperbot_msgs__rosidl_typesupport_c__pyext.dir/rosidl_generator_py/bumperbot_msgs/_bumperbot_msgs_s.ep.rosidl_typesupport_c.c.o] Error 1
[1.396s] gmake[2]: *** [CMakeFiles/bumperbot_msgs__rosidl_typesupport_fastrtps_c__pyext.dir/build.make:76: CMakeFiles/bumperbot_msgs__rosidl_typesupport_fastrtps_c__pyext.dir/rosidl_generator_py/bumperbot_msgs/_bumperbot_msgs_s.ep.rosidl_typesupport_fastrtps_c.c.o] Error 1
[1.396s] gmake[1]: *** [CMakeFiles/Makefile2:505: CMakeFiles/bumperbot_msgs__rosidl_typesupport_fastrtps_c__pyext.dir/all] Error 2
[1.396s] gmake[1]: *** [CMakeFiles/Makefile2:564: CMakeFiles/bumperbot_msgs__rosidl_typesupport_c__pyext.dir/all] Error 2
[1.396s] gmake: *** [Makefile:146: all] Error 2
[1.401s] Invoked command in '/home/mudit/bumperbot_ws/src/build/bumperbot_msgs' returned '2': CMAKE_PREFIX_PATH=${CMAKE_PREFIX_PATH}:/home/mudit/ros2_ws/install/rover_teleop:/home/mudit/ros2_ws/install/rover_motor_controller:/home/mudit/ros2_rover_ws/install/rover_teleop:/home/mudit/ros2_rover_ws/install/rover_motor_controller:/opt/ros/humble /home/mudit/.local/bin/cmake --build /home/mudit/bumperbot_ws/src/build/bumperbot_msgs -- -j28 -l28
