running develop
Removing /home/mudit/bumperbot_ws/install/bumperbot_world/lib/python3.10/site-packages/bumperbot-world.egg-link (link to .)
running egg_info
writing ../../build/bumperbot_world/bumperbot_world.egg-info/PKG-INFO
writing dependency_links to ../../build/bumperbot_world/bumperbot_world.egg-info/dependency_links.txt
writing entry points to ../../build/bumperbot_world/bumperbot_world.egg-info/entry_points.txt
writing requirements to ../../build/bumperbot_world/bumperbot_world.egg-info/requires.txt
writing top-level names to ../../build/bumperbot_world/bumperbot_world.egg-info/top_level.txt
reading manifest file '../../build/bumperbot_world/bumperbot_world.egg-info/SOURCES.txt'
writing manifest file '../../build/bumperbot_world/bumperbot_world.egg-info/SOURCES.txt'
running build
running build_py
creating /home/mudit/bumperbot_ws/build/bumperbot_world/build
creating /home/mudit/bumperbot_ws/build/bumperbot_world/build/lib
creating /home/mudit/bumperbot_ws/build/bumperbot_world/build/lib/bumperbot_world
copying bumperbot_world/__init__.py -> /home/mudit/bumperbot_ws/build/bumperbot_world/build/lib/bumperbot_world
running install
running install_lib
creating /home/mudit/bumperbot_ws/install/bumperbot_world/lib/python3.10/site-packages/bumperbot_world
copying /home/mudit/bumperbot_ws/build/bumperbot_world/build/lib/bumperbot_world/__init__.py -> /home/mudit/bumperbot_ws/install/bumperbot_world/lib/python3.10/site-packages/bumperbot_world
byte-compiling /home/mudit/bumperbot_ws/install/bumperbot_world/lib/python3.10/site-packages/bumperbot_world/__init__.py to __init__.cpython-310.pyc
running install_data
copying resource/bumperbot_world -> /home/mudit/bumperbot_ws/install/bumperbot_world/share/ament_index/resource_index/packages
copying package.xml -> /home/mudit/bumperbot_ws/install/bumperbot_world/share/bumperbot_world
running install_egg_info
Copying ../../build/bumperbot_world/bumperbot_world.egg-info to /home/mudit/bumperbot_ws/install/bumperbot_world/lib/python3.10/site-packages/bumperbot_world-0.0.0-py3.10.egg-info
running install_scripts
writing list of installed files to '/home/mudit/bumperbot_ws/build/bumperbot_world/install.log'
