-- The C compiler identification is GNU 11.4.0
-- The CXX compiler identification is GNU 11.4.0
-- Detecting C compiler ABI info
-- Detecting C compiler ABI info - done
-- Check for working C compiler: /usr/bin/cc - skipped
-- Detecting C compile features
-- Detecting C compile features - done
-- Detecting CXX compiler ABI info
-- Detecting CXX compiler ABI info - done
-- Check for working CXX compiler: /usr/bin/c++ - skipped
-- Detecting CXX compile features
-- Detecting CXX compile features - done
-- Found ament_cmake: 1.3.12 (/opt/ros/humble/share/ament_cmake/cmake)
-- Found Python3: /usr/bin/python3 (found version "3.10.12") found components: Interpreter 
-- Override CMake install command with custom implementation using symlinks instead of copying resources
-- Found rclpy: 3.3.17 (/opt/ros/humble/share/rclpy/cmake)
-- Found geometry_msgs: 4.9.0 (/opt/ros/humble/share/geometry_msgs/cmake)
-- Found rosidl_generator_c: 3.1.7 (/opt/ros/humble/share/rosidl_generator_c/cmake)
-- Found rosidl_adapter: 3.1.7 (/opt/ros/humble/share/rosidl_adapter/cmake)
-- Found rosidl_generator_cpp: 3.1.7 (/opt/ros/humble/share/rosidl_generator_cpp/cmake)
-- Using all available rosidl_typesupport_c: rosidl_typesupport_fastrtps_c;rosidl_typesupport_introspection_c
-- Using all available rosidl_typesupport_cpp: rosidl_typesupport_fastrtps_cpp;rosidl_typesupport_introspection_cpp
-- Found nav_msgs: 4.9.0 (/opt/ros/humble/share/nav_msgs/cmake)
-- Found tf2_ros: 0.25.16 (/opt/ros/humble/share/tf2_ros/cmake)
-- Found rmw_implementation_cmake: 6.1.2 (/opt/ros/humble/share/rmw_implementation_cmake/cmake)
-- Found rmw_fastrtps_cpp: 6.2.8 (/opt/ros/humble/share/rmw_fastrtps_cpp/cmake)
-- Found OpenSSL: /usr/lib/x86_64-linux-gnu/libcrypto.so (found version "3.0.2")  
-- Found FastRTPS: /opt/ros/humble/include  
-- Using RMW implementation 'rmw_fastrtps_cpp' as default
-- Performing Test CMAKE_HAVE_LIBC_PTHREAD
-- Performing Test CMAKE_HAVE_LIBC_PTHREAD - Success
-- Found Threads: TRUE  
-- Found ament_lint_auto: 0.12.14 (/opt/ros/humble/share/ament_lint_auto/cmake)
-- Added test 'flake8' to check Python code syntax and style conventions
-- Added test 'lint_cmake' to check CMake code style
-- Added test 'pep257' to check Python code against some of the docstring style conventions in PEP 257
-- Added test 'xmllint' to check XML markup files
-- Configuring done
-- Generating done
-- Build files have been written to: /home/mudit/bumperbot_ws/build/bumperbot_motion
Built target ament_cmake_python_symlink_bumperbot_motion
running egg_info
creating bumperbot_motion.egg-info
writing bumperbot_motion.egg-info/PKG-INFO
writing dependency_links to bumperbot_motion.egg-info/dependency_links.txt
writing top-level names to bumperbot_motion.egg-info/top_level.txt
writing manifest file 'bumperbot_motion.egg-info/SOURCES.txt'
reading manifest file 'bumperbot_motion.egg-info/SOURCES.txt'
writing manifest file 'bumperbot_motion.egg-info/SOURCES.txt'
Built target ament_cmake_python_build_bumperbot_motion_egg
-- Install configuration: ""
-- Execute custom install script
-- Symlinking: /home/mudit/bumperbot_ws/install/bumperbot_motion/share/bumperbot_motion/environment/pythonpath.sh
-- Symlinking: /home/mudit/bumperbot_ws/install/bumperbot_motion/share/bumperbot_motion/environment/pythonpath.dsv
-- Symlinking: /home/mudit/bumperbot_ws/install/bumperbot_motion/local/lib/python3.10/dist-packages/bumperbot_motion-0.0.0-py3.10.egg-info/PKG-INFO
-- Symlinking: /home/mudit/bumperbot_ws/install/bumperbot_motion/local/lib/python3.10/dist-packages/bumperbot_motion-0.0.0-py3.10.egg-info/SOURCES.txt
-- Symlinking: /home/mudit/bumperbot_ws/install/bumperbot_motion/local/lib/python3.10/dist-packages/bumperbot_motion-0.0.0-py3.10.egg-info/dependency_links.txt
-- Symlinking: /home/mudit/bumperbot_ws/install/bumperbot_motion/local/lib/python3.10/dist-packages/bumperbot_motion-0.0.0-py3.10.egg-info/top_level.txt
-- Symlinking: /home/mudit/bumperbot_ws/install/bumperbot_motion/local/lib/python3.10/dist-packages/bumperbot_motion/__init__.py
-- Symlinking: /home/mudit/bumperbot_ws/install/bumperbot_motion/local/lib/python3.10/dist-packages/bumperbot_motion/a_star_planner.py
-- Symlinking: /home/mudit/bumperbot_ws/install/bumperbot_motion/local/lib/python3.10/dist-packages/bumperbot_motion/pd_motion_planner.py
-- Symlinking: /home/mudit/bumperbot_ws/install/bumperbot_motion/local/lib/python3.10/dist-packages/bumperbot_motion/pure_pursuit.py
-- Symlinking: /home/mudit/bumperbot_ws/install/bumperbot_motion/lib/bumperbot_motion/pd_motion_planner.py
-- Symlinking: /home/mudit/bumperbot_ws/install/bumperbot_motion/lib/bumperbot_motion/a_star_planner.py
-- Symlinking: /home/mudit/bumperbot_ws/install/bumperbot_motion/lib/bumperbot_motion/pure_pursuit.py
-- Symlinking: /home/mudit/bumperbot_ws/install/bumperbot_motion/share/ament_index/resource_index/package_run_dependencies/bumperbot_motion
-- Symlinking: /home/mudit/bumperbot_ws/install/bumperbot_motion/share/ament_index/resource_index/parent_prefix_path/bumperbot_motion
-- Symlinking: /home/mudit/bumperbot_ws/install/bumperbot_motion/share/bumperbot_motion/environment/ament_prefix_path.sh
-- Symlinking: /home/mudit/bumperbot_ws/install/bumperbot_motion/share/bumperbot_motion/environment/ament_prefix_path.dsv
-- Symlinking: /home/mudit/bumperbot_ws/install/bumperbot_motion/share/bumperbot_motion/environment/path.sh
-- Symlinking: /home/mudit/bumperbot_ws/install/bumperbot_motion/share/bumperbot_motion/environment/path.dsv
-- Symlinking: /home/mudit/bumperbot_ws/install/bumperbot_motion/share/bumperbot_motion/local_setup.bash
-- Symlinking: /home/mudit/bumperbot_ws/install/bumperbot_motion/share/bumperbot_motion/local_setup.sh
-- Symlinking: /home/mudit/bumperbot_ws/install/bumperbot_motion/share/bumperbot_motion/local_setup.zsh
-- Symlinking: /home/mudit/bumperbot_ws/install/bumperbot_motion/share/bumperbot_motion/local_setup.dsv
-- Symlinking: /home/mudit/bumperbot_ws/install/bumperbot_motion/share/bumperbot_motion/package.dsv
-- Symlinking: /home/mudit/bumperbot_ws/install/bumperbot_motion/share/ament_index/resource_index/packages/bumperbot_motion
-- Symlinking: /home/mudit/bumperbot_ws/install/bumperbot_motion/share/bumperbot_motion/cmake/bumperbot_motionConfig.cmake
-- Symlinking: /home/mudit/bumperbot_ws/install/bumperbot_motion/share/bumperbot_motion/cmake/bumperbot_motionConfig-version.cmake
-- Symlinking: /home/mudit/bumperbot_ws/install/bumperbot_motion/share/bumperbot_motion/package.xml
Listing '/home/mudit/bumperbot_ws/install/bumperbot_motion/local/lib/python3.10/dist-packages/bumperbot_motion'...
Compiling '/home/mudit/bumperbot_ws/install/bumperbot_motion/local/lib/python3.10/dist-packages/bumperbot_motion/__init__.py'...
Compiling '/home/mudit/bumperbot_ws/install/bumperbot_motion/local/lib/python3.10/dist-packages/bumperbot_motion/a_star_planner.py'...
Compiling '/home/mudit/bumperbot_ws/install/bumperbot_motion/local/lib/python3.10/dist-packages/bumperbot_motion/pd_motion_planner.py'...
Compiling '/home/mudit/bumperbot_ws/install/bumperbot_motion/local/lib/python3.10/dist-packages/bumperbot_motion/pure_pursuit.py'...
