[0.023s] Invoking command in '/home/mudit/bumperbot_ws/build/bumperbot_motion': CMAKE_PREFIX_PATH=${CMAKE_PREFIX_PATH}:/home/mudit/turtlebot3_ws/install/turtlebot3_teleop:/home/mudit/turtlebot3_ws/install/turtlebot3_example:/home/mudit/ros2_ws/install/rover_teleop:/home/mudit/ros2_ws/install/rover_motor_controller:/home/mudit/ros2_rover_ws/install/rover_teleop:/home/mudit/ros2_rover_ws/install/rover_motor_controller:/opt/ros/humble /home/mudit/.local/bin/cmake /home/mudit/bumperbot_ws/src/bumperbot_motion -DAMENT_CMAKE_SYMLINK_INSTALL=1 -DCMAKE_INSTALL_PREFIX=/home/mudit/bumperbot_ws/install/bumperbot_motion
[0.079s] -- The C compiler identification is GNU 11.4.0
[0.126s] -- The CXX compiler identification is GNU 11.4.0
[0.134s] -- Detecting C compiler ABI info
[0.177s] -- Detecting C compiler ABI info - done
[0.185s] -- Check for working C compiler: /usr/bin/cc - skipped
[0.185s] -- Detecting C compile features
[0.185s] -- Detecting C compile features - done
[0.187s] -- Detecting CXX compiler ABI info
[0.236s] -- Detecting CXX compiler ABI info - done
[0.245s] -- Check for working CXX compiler: /usr/bin/c++ - skipped
[0.245s] -- Detecting CXX compile features
[0.245s] -- Detecting CXX compile features - done
[0.249s] -- Found ament_cmake: 1.3.12 (/opt/ros/humble/share/ament_cmake/cmake)
[0.361s] -- Found Python3: /usr/bin/python3 (found version "3.10.12") found components: Interpreter 
[0.407s] -- Override CMake install command with custom implementation using symlinks instead of copying resources
[0.447s] -- Found rclpy: 3.3.17 (/opt/ros/humble/share/rclpy/cmake)
[0.449s] -- Found geometry_msgs: 4.9.0 (/opt/ros/humble/share/geometry_msgs/cmake)
[0.493s] -- Found rosidl_generator_c: 3.1.7 (/opt/ros/humble/share/rosidl_generator_c/cmake)
[0.500s] -- Found rosidl_adapter: 3.1.7 (/opt/ros/humble/share/rosidl_adapter/cmake)
[0.509s] -- Found rosidl_generator_cpp: 3.1.7 (/opt/ros/humble/share/rosidl_generator_cpp/cmake)
[0.523s] -- Using all available rosidl_typesupport_c: rosidl_typesupport_fastrtps_c;rosidl_typesupport_introspection_c
[0.542s] -- Using all available rosidl_typesupport_cpp: rosidl_typesupport_fastrtps_cpp;rosidl_typesupport_introspection_cpp
[0.577s] -- Found nav_msgs: 4.9.0 (/opt/ros/humble/share/nav_msgs/cmake)
[0.592s] -- Found tf2_ros: 0.25.16 (/opt/ros/humble/share/tf2_ros/cmake)
[0.666s] -- Found rmw_implementation_cmake: 6.1.2 (/opt/ros/humble/share/rmw_implementation_cmake/cmake)
[0.670s] -- Found rmw_fastrtps_cpp: 6.2.8 (/opt/ros/humble/share/rmw_fastrtps_cpp/cmake)
[0.750s] -- Found OpenSSL: /usr/lib/x86_64-linux-gnu/libcrypto.so (found version "3.0.2")  
[0.778s] -- Found FastRTPS: /opt/ros/humble/include  
[0.820s] -- Using RMW implementation 'rmw_fastrtps_cpp' as default
[0.831s] -- Performing Test CMAKE_HAVE_LIBC_PTHREAD
[0.882s] -- Performing Test CMAKE_HAVE_LIBC_PTHREAD - Success
[0.883s] -- Found Threads: TRUE  
[1.052s] -- Found ament_lint_auto: 0.12.14 (/opt/ros/humble/share/ament_lint_auto/cmake)
[1.117s] -- Added test 'flake8' to check Python code syntax and style conventions
[1.118s] -- Added test 'lint_cmake' to check CMake code style
[1.119s] -- Added test 'pep257' to check Python code against some of the docstring style conventions in PEP 257
[1.120s] -- Added test 'xmllint' to check XML markup files
[1.121s] -- Configuring done
[1.124s] -- Generating done
[1.126s] -- Build files have been written to: /home/mudit/bumperbot_ws/build/bumperbot_motion
[1.136s] Invoked command in '/home/mudit/bumperbot_ws/build/bumperbot_motion' returned '0': CMAKE_PREFIX_PATH=${CMAKE_PREFIX_PATH}:/home/mudit/turtlebot3_ws/install/turtlebot3_teleop:/home/mudit/turtlebot3_ws/install/turtlebot3_example:/home/mudit/ros2_ws/install/rover_teleop:/home/mudit/ros2_ws/install/rover_motor_controller:/home/mudit/ros2_rover_ws/install/rover_teleop:/home/mudit/ros2_rover_ws/install/rover_motor_controller:/opt/ros/humble /home/mudit/.local/bin/cmake /home/mudit/bumperbot_ws/src/bumperbot_motion -DAMENT_CMAKE_SYMLINK_INSTALL=1 -DCMAKE_INSTALL_PREFIX=/home/mudit/bumperbot_ws/install/bumperbot_motion
[1.137s] Invoking command in '/home/mudit/bumperbot_ws/build/bumperbot_motion': CMAKE_PREFIX_PATH=${CMAKE_PREFIX_PATH}:/home/mudit/turtlebot3_ws/install/turtlebot3_teleop:/home/mudit/turtlebot3_ws/install/turtlebot3_example:/home/mudit/ros2_ws/install/rover_teleop:/home/mudit/ros2_ws/install/rover_motor_controller:/home/mudit/ros2_rover_ws/install/rover_teleop:/home/mudit/ros2_rover_ws/install/rover_motor_controller:/opt/ros/humble /home/mudit/.local/bin/cmake --build /home/mudit/bumperbot_ws/build/bumperbot_motion -- -j28 -l28
[1.182s] Built target ament_cmake_python_symlink_bumperbot_motion
[1.347s] running egg_info
[1.348s] creating bumperbot_motion.egg-info
[1.348s] writing bumperbot_motion.egg-info/PKG-INFO
[1.348s] writing dependency_links to bumperbot_motion.egg-info/dependency_links.txt
[1.348s] writing top-level names to bumperbot_motion.egg-info/top_level.txt
[1.348s] writing manifest file 'bumperbot_motion.egg-info/SOURCES.txt'
[1.349s] reading manifest file 'bumperbot_motion.egg-info/SOURCES.txt'
[1.350s] writing manifest file 'bumperbot_motion.egg-info/SOURCES.txt'
[1.366s] Built target ament_cmake_python_build_bumperbot_motion_egg
[1.375s] Invoked command in '/home/mudit/bumperbot_ws/build/bumperbot_motion' returned '0': CMAKE_PREFIX_PATH=${CMAKE_PREFIX_PATH}:/home/mudit/turtlebot3_ws/install/turtlebot3_teleop:/home/mudit/turtlebot3_ws/install/turtlebot3_example:/home/mudit/ros2_ws/install/rover_teleop:/home/mudit/ros2_ws/install/rover_motor_controller:/home/mudit/ros2_rover_ws/install/rover_teleop:/home/mudit/ros2_rover_ws/install/rover_motor_controller:/opt/ros/humble /home/mudit/.local/bin/cmake --build /home/mudit/bumperbot_ws/build/bumperbot_motion -- -j28 -l28
[1.376s] Invoking command in '/home/mudit/bumperbot_ws/build/bumperbot_motion': CMAKE_PREFIX_PATH=${CMAKE_PREFIX_PATH}:/home/mudit/turtlebot3_ws/install/turtlebot3_teleop:/home/mudit/turtlebot3_ws/install/turtlebot3_example:/home/mudit/ros2_ws/install/rover_teleop:/home/mudit/ros2_ws/install/rover_motor_controller:/home/mudit/ros2_rover_ws/install/rover_teleop:/home/mudit/ros2_rover_ws/install/rover_motor_controller:/opt/ros/humble /home/mudit/.local/bin/cmake --install /home/mudit/bumperbot_ws/build/bumperbot_motion
[1.402s] -- Install configuration: ""
[1.403s] -- Execute custom install script
[1.403s] -- Symlinking: /home/mudit/bumperbot_ws/install/bumperbot_motion/share/bumperbot_motion/environment/pythonpath.sh
[1.406s] -- Symlinking: /home/mudit/bumperbot_ws/install/bumperbot_motion/share/bumperbot_motion/environment/pythonpath.dsv
[1.409s] -- Symlinking: /home/mudit/bumperbot_ws/install/bumperbot_motion/local/lib/python3.10/dist-packages/bumperbot_motion-0.0.0-py3.10.egg-info/PKG-INFO
[1.413s] -- Symlinking: /home/mudit/bumperbot_ws/install/bumperbot_motion/local/lib/python3.10/dist-packages/bumperbot_motion-0.0.0-py3.10.egg-info/SOURCES.txt
[1.415s] -- Symlinking: /home/mudit/bumperbot_ws/install/bumperbot_motion/local/lib/python3.10/dist-packages/bumperbot_motion-0.0.0-py3.10.egg-info/dependency_links.txt
[1.418s] -- Symlinking: /home/mudit/bumperbot_ws/install/bumperbot_motion/local/lib/python3.10/dist-packages/bumperbot_motion-0.0.0-py3.10.egg-info/top_level.txt
[1.421s] -- Symlinking: /home/mudit/bumperbot_ws/install/bumperbot_motion/local/lib/python3.10/dist-packages/bumperbot_motion/__init__.py
[1.424s] -- Symlinking: /home/mudit/bumperbot_ws/install/bumperbot_motion/local/lib/python3.10/dist-packages/bumperbot_motion/a_star_planner.py
[1.426s] -- Symlinking: /home/mudit/bumperbot_ws/install/bumperbot_motion/local/lib/python3.10/dist-packages/bumperbot_motion/pd_motion_planner.py
[1.429s] -- Symlinking: /home/mudit/bumperbot_ws/install/bumperbot_motion/local/lib/python3.10/dist-packages/bumperbot_motion/pure_pursuit.py
[1.431s] -- Symlinking: /home/mudit/bumperbot_ws/install/bumperbot_motion/lib/bumperbot_motion/pd_motion_planner.py
[1.434s] -- Symlinking: /home/mudit/bumperbot_ws/install/bumperbot_motion/lib/bumperbot_motion/a_star_planner.py
[1.436s] -- Symlinking: /home/mudit/bumperbot_ws/install/bumperbot_motion/lib/bumperbot_motion/pure_pursuit.py
[1.439s] -- Symlinking: /home/mudit/bumperbot_ws/install/bumperbot_motion/share/ament_index/resource_index/package_run_dependencies/bumperbot_motion
[1.442s] -- Symlinking: /home/mudit/bumperbot_ws/install/bumperbot_motion/share/ament_index/resource_index/parent_prefix_path/bumperbot_motion
[1.445s] -- Symlinking: /home/mudit/bumperbot_ws/install/bumperbot_motion/share/bumperbot_motion/environment/ament_prefix_path.sh
[1.447s] -- Symlinking: /home/mudit/bumperbot_ws/install/bumperbot_motion/share/bumperbot_motion/environment/ament_prefix_path.dsv
[1.450s] -- Symlinking: /home/mudit/bumperbot_ws/install/bumperbot_motion/share/bumperbot_motion/environment/path.sh
[1.452s] -- Symlinking: /home/mudit/bumperbot_ws/install/bumperbot_motion/share/bumperbot_motion/environment/path.dsv
[1.455s] -- Symlinking: /home/mudit/bumperbot_ws/install/bumperbot_motion/share/bumperbot_motion/local_setup.bash
[1.457s] -- Symlinking: /home/mudit/bumperbot_ws/install/bumperbot_motion/share/bumperbot_motion/local_setup.sh
[1.460s] -- Symlinking: /home/mudit/bumperbot_ws/install/bumperbot_motion/share/bumperbot_motion/local_setup.zsh
[1.463s] -- Symlinking: /home/mudit/bumperbot_ws/install/bumperbot_motion/share/bumperbot_motion/local_setup.dsv
[1.465s] -- Symlinking: /home/mudit/bumperbot_ws/install/bumperbot_motion/share/bumperbot_motion/package.dsv
[1.468s] -- Symlinking: /home/mudit/bumperbot_ws/install/bumperbot_motion/share/ament_index/resource_index/packages/bumperbot_motion
[1.470s] -- Symlinking: /home/mudit/bumperbot_ws/install/bumperbot_motion/share/bumperbot_motion/cmake/bumperbot_motionConfig.cmake
[1.473s] -- Symlinking: /home/mudit/bumperbot_ws/install/bumperbot_motion/share/bumperbot_motion/cmake/bumperbot_motionConfig-version.cmake
[1.475s] -- Symlinking: /home/mudit/bumperbot_ws/install/bumperbot_motion/share/bumperbot_motion/package.xml
[1.520s] Listing '/home/mudit/bumperbot_ws/install/bumperbot_motion/local/lib/python3.10/dist-packages/bumperbot_motion'...
[1.520s] Compiling '/home/mudit/bumperbot_ws/install/bumperbot_motion/local/lib/python3.10/dist-packages/bumperbot_motion/__init__.py'...
[1.520s] Compiling '/home/mudit/bumperbot_ws/install/bumperbot_motion/local/lib/python3.10/dist-packages/bumperbot_motion/a_star_planner.py'...
[1.520s] Compiling '/home/mudit/bumperbot_ws/install/bumperbot_motion/local/lib/python3.10/dist-packages/bumperbot_motion/pd_motion_planner.py'...
[1.520s] Compiling '/home/mudit/bumperbot_ws/install/bumperbot_motion/local/lib/python3.10/dist-packages/bumperbot_motion/pure_pursuit.py'...
[1.529s] Invoked command in '/home/mudit/bumperbot_ws/build/bumperbot_motion' returned '0': CMAKE_PREFIX_PATH=${CMAKE_PREFIX_PATH}:/home/mudit/turtlebot3_ws/install/turtlebot3_teleop:/home/mudit/turtlebot3_ws/install/turtlebot3_example:/home/mudit/ros2_ws/install/rover_teleop:/home/mudit/ros2_ws/install/rover_motor_controller:/home/mudit/ros2_rover_ws/install/rover_teleop:/home/mudit/ros2_rover_ws/install/rover_motor_controller:/opt/ros/humble /home/mudit/.local/bin/cmake --install /home/mudit/bumperbot_ws/build/bumperbot_motion
