[0.023s] Invoking command in '/home/mudit/bumperbot_ws/src/build/bumperbot_msgs': CMAKE_PREFIX_PATH=${CMAKE_PREFIX_PATH}:/home/mudit/ros2_ws/install/rover_teleop:/home/mudit/ros2_ws/install/rover_motor_controller:/home/mudit/ros2_rover_ws/install/rover_teleop:/home/mudit/ros2_rover_ws/install/rover_motor_controller:/opt/ros/humble /home/mudit/.local/bin/cmake /home/mudit/bumperbot_ws/src/bumperbot_msgs -DCMAKE_INSTALL_PREFIX=/home/mudit/bumperbot_ws/src/install/bumperbot_msgs
[0.100s] -- The C compiler identification is GNU 11.4.0
[0.157s] -- The CXX compiler identification is GNU 11.4.0
[0.167s] -- Detecting C compiler ABI info
[0.215s] -- Detecting C compiler ABI info - done
[0.221s] -- Check for working C compiler: /usr/bin/cc - skipped
[0.222s] -- Detecting C compile features
[0.222s] -- Detecting C compile features - done
[0.225s] -- Detecting CXX compiler ABI info
[0.274s] -- Detecting CXX compiler ABI info - done
[0.284s] -- Check for working CXX compiler: /usr/bin/c++ - skipped
[0.284s] -- Detecting CXX compile features
[0.284s] -- Detecting CXX compile features - done
[0.289s] -- Found ament_cmake: 1.3.12 (/opt/ros/humble/share/ament_cmake/cmake)
[0.387s] -- Found Python3: /usr/bin/python3 (found version "3.10.12") found components: Interpreter 
[0.483s] -- Found geometry_msgs: 4.9.0 (/opt/ros/humble/share/geometry_msgs/cmake)
[0.533s] -- Found rosidl_generator_c: 3.1.7 (/opt/ros/humble/share/rosidl_generator_c/cmake)
[0.539s] -- Found rosidl_adapter: 3.1.7 (/opt/ros/humble/share/rosidl_adapter/cmake)
[0.550s] -- Found rosidl_generator_cpp: 3.1.7 (/opt/ros/humble/share/rosidl_generator_cpp/cmake)
[0.567s] -- Using all available rosidl_typesupport_c: rosidl_typesupport_fastrtps_c;rosidl_typesupport_introspection_c
[0.588s] -- Using all available rosidl_typesupport_cpp: rosidl_typesupport_fastrtps_cpp;rosidl_typesupport_introspection_cpp
[0.630s] -- Found rosidl_default_generators: 1.2.0 (/opt/ros/humble/share/rosidl_default_generators/cmake)
[0.849s] -- Found ament_cmake_ros: 0.10.0 (/opt/ros/humble/share/ament_cmake_ros/cmake)
[1.100s] -- Using all available rosidl_typesupport_c: rosidl_typesupport_fastrtps_c;rosidl_typesupport_introspection_c
[1.192s] -- Using all available rosidl_typesupport_cpp: rosidl_typesupport_fastrtps_cpp;rosidl_typesupport_introspection_cpp
[1.216s] -- Found PythonInterp: /usr/bin/python3 (found suitable version "3.10.12", minimum required is "3.6") 
[1.219s] -- Found python_cmake_module: 0.10.0 (/opt/ros/humble/share/python_cmake_module/cmake)
[1.240s] -- Found PythonLibs: /usr/lib/x86_64-linux-gnu/libpython3.10.so (found suitable version "3.10.12", minimum required is "3.5") 
[1.240s] -- Using PYTHON_EXECUTABLE: /usr/bin/python3
[1.240s] -- Using PYTHON_INCLUDE_DIRS: /usr/include/python3.10
[1.240s] -- Using PYTHON_LIBRARIES: /usr/lib/x86_64-linux-gnu/libpython3.10.so
[1.262s] -- Found PythonExtra: .so  
[1.337s] -- Configuring done
[1.365s] -- Generating done
[1.375s] -- Build files have been written to: /home/mudit/bumperbot_ws/src/build/bumperbot_msgs
[1.383s] Invoked command in '/home/mudit/bumperbot_ws/src/build/bumperbot_msgs' returned '0': CMAKE_PREFIX_PATH=${CMAKE_PREFIX_PATH}:/home/mudit/ros2_ws/install/rover_teleop:/home/mudit/ros2_ws/install/rover_motor_controller:/home/mudit/ros2_rover_ws/install/rover_teleop:/home/mudit/ros2_rover_ws/install/rover_motor_controller:/opt/ros/humble /home/mudit/.local/bin/cmake /home/mudit/bumperbot_ws/src/bumperbot_msgs -DCMAKE_INSTALL_PREFIX=/home/mudit/bumperbot_ws/src/install/bumperbot_msgs
[1.386s] Invoking command in '/home/mudit/bumperbot_ws/src/build/bumperbot_msgs': CMAKE_PREFIX_PATH=${CMAKE_PREFIX_PATH}:/home/mudit/ros2_ws/install/rover_teleop:/home/mudit/ros2_ws/install/rover_motor_controller:/home/mudit/ros2_rover_ws/install/rover_teleop:/home/mudit/ros2_rover_ws/install/rover_motor_controller:/opt/ros/humble /home/mudit/.local/bin/cmake --build /home/mudit/bumperbot_ws/src/build/bumperbot_msgs -- -j28 -l28
[1.424s] [  2%] [34m[1mGenerating C code for ROS interfaces[0m
[1.428s] [  4%] [34m[1mGenerating C++ code for ROS interfaces[0m
[1.430s] [  4%] Built target ament_cmake_python_copy_bumperbot_msgs
[1.587s] running egg_info
[1.587s] creating bumperbot_msgs.egg-info
[1.587s] writing bumperbot_msgs.egg-info/PKG-INFO
[1.587s] writing dependency_links to bumperbot_msgs.egg-info/dependency_links.txt
[1.587s] writing top-level names to bumperbot_msgs.egg-info/top_level.txt
[1.587s] writing manifest file 'bumperbot_msgs.egg-info/SOURCES.txt'
[1.589s] reading manifest file 'bumperbot_msgs.egg-info/SOURCES.txt'
[1.589s] writing manifest file 'bumperbot_msgs.egg-info/SOURCES.txt'
[1.604s] [  4%] Built target ament_cmake_python_build_bumperbot_msgs_egg
[1.799s] [  6%] [32mBuilding C object CMakeFiles/bumperbot_msgs__rosidl_generator_c.dir/rosidl_generator_c/bumperbot_msgs/action/detail/fibonacci__functions.c.o[0m
[1.799s] [  8%] [32mBuilding C object CMakeFiles/bumperbot_msgs__rosidl_generator_c.dir/rosidl_generator_c/bumperbot_msgs/srv/detail/add_two_ints__functions.c.o[0m
[1.799s] [ 10%] [32mBuilding C object CMakeFiles/bumperbot_msgs__rosidl_generator_c.dir/rosidl_generator_c/bumperbot_msgs/srv/detail/get_transform__functions.c.o[0m
[1.804s] [ 10%] Built target bumperbot_msgs__cpp
[1.808s] [ 12%] [34m[1mGenerating C++ type support dispatch for ROS interfaces[0m
[1.809s] [ 14%] [34m[1mGenerating C++ type support for eProsima Fast-RTPS[0m
[1.809s] [ 17%] [34m[1mGenerating C++ introspection for ROS interfaces[0m
[1.894s] [ 19%] [32m[1mLinking C shared library libbumperbot_msgs__rosidl_generator_c.so[0m
[1.920s] [ 19%] Built target bumperbot_msgs__rosidl_generator_c
[1.925s] [ 21%] [34m[1mGenerating C type support for eProsima Fast-RTPS[0m
[1.926s] [ 23%] [34m[1mGenerating C introspection for ROS interfaces[0m
[1.926s] [ 25%] [34m[1mGenerating C type support dispatch for ROS interfaces[0m
[2.053s] [ 27%] [32mBuilding CXX object CMakeFiles/bumperbot_msgs__rosidl_typesupport_cpp.dir/rosidl_typesupport_cpp/bumperbot_msgs/action/fibonacci__type_support.cpp.o[0m
[2.053s] [ 29%] [32mBuilding CXX object CMakeFiles/bumperbot_msgs__rosidl_typesupport_cpp.dir/rosidl_typesupport_cpp/bumperbot_msgs/srv/add_two_ints__type_support.cpp.o[0m
[2.053s] [ 31%] [32mBuilding CXX object CMakeFiles/bumperbot_msgs__rosidl_typesupport_cpp.dir/rosidl_typesupport_cpp/bumperbot_msgs/srv/get_transform__type_support.cpp.o[0m
[2.100s] [ 34%] [32mBuilding CXX object CMakeFiles/bumperbot_msgs__rosidl_typesupport_introspection_cpp.dir/rosidl_typesupport_introspection_cpp/bumperbot_msgs/action/detail/fibonacci__type_support.cpp.o[0m
[2.100s] [ 36%] [32mBuilding CXX object CMakeFiles/bumperbot_msgs__rosidl_typesupport_introspection_cpp.dir/rosidl_typesupport_introspection_cpp/bumperbot_msgs/srv/detail/add_two_ints__type_support.cpp.o[0m
[2.101s] [ 38%] [32mBuilding CXX object CMakeFiles/bumperbot_msgs__rosidl_typesupport_introspection_cpp.dir/rosidl_typesupport_introspection_cpp/bumperbot_msgs/srv/detail/get_transform__type_support.cpp.o[0m
[2.175s] [ 40%] [32mBuilding CXX object CMakeFiles/bumperbot_msgs__rosidl_typesupport_fastrtps_cpp.dir/rosidl_typesupport_fastrtps_cpp/bumperbot_msgs/action/detail/dds_fastrtps/fibonacci__type_support.cpp.o[0m
[2.175s] [ 42%] [32mBuilding CXX object CMakeFiles/bumperbot_msgs__rosidl_typesupport_fastrtps_cpp.dir/rosidl_typesupport_fastrtps_cpp/bumperbot_msgs/srv/detail/dds_fastrtps/add_two_ints__type_support.cpp.o[0m
[2.176s] [ 44%] [32mBuilding CXX object CMakeFiles/bumperbot_msgs__rosidl_typesupport_fastrtps_cpp.dir/rosidl_typesupport_fastrtps_cpp/bumperbot_msgs/srv/detail/dds_fastrtps/get_transform__type_support.cpp.o[0m
[2.183s] [ 46%] [32mBuilding CXX object CMakeFiles/bumperbot_msgs__rosidl_typesupport_c.dir/rosidl_typesupport_c/bumperbot_msgs/action/fibonacci__type_support.cpp.o[0m
[2.183s] [ 48%] [32mBuilding CXX object CMakeFiles/bumperbot_msgs__rosidl_typesupport_c.dir/rosidl_typesupport_c/bumperbot_msgs/srv/add_two_ints__type_support.cpp.o[0m
[2.184s] [ 51%] [32mBuilding CXX object CMakeFiles/bumperbot_msgs__rosidl_typesupport_c.dir/rosidl_typesupport_c/bumperbot_msgs/srv/get_transform__type_support.cpp.o[0m
[2.234s] [ 53%] [32m[1mLinking CXX shared library libbumperbot_msgs__rosidl_typesupport_c.so[0m
[2.261s] [ 53%] Built target bumperbot_msgs__rosidl_typesupport_c
[2.270s] [ 55%] [32mBuilding C object CMakeFiles/bumperbot_msgs__rosidl_typesupport_introspection_c.dir/rosidl_typesupport_introspection_c/bumperbot_msgs/action/detail/fibonacci__type_support.c.o[0m
[2.270s] [ 59%] [32mBuilding C object CMakeFiles/bumperbot_msgs__rosidl_typesupport_introspection_c.dir/rosidl_typesupport_introspection_c/bumperbot_msgs/srv/detail/get_transform__type_support.c.o[0m
[2.270s] [ 59%] [32mBuilding C object CMakeFiles/bumperbot_msgs__rosidl_typesupport_introspection_c.dir/rosidl_typesupport_introspection_c/bumperbot_msgs/srv/detail/add_two_ints__type_support.c.o[0m
[2.291s] [ 61%] [32mBuilding CXX object CMakeFiles/bumperbot_msgs__rosidl_typesupport_fastrtps_c.dir/rosidl_typesupport_fastrtps_c/bumperbot_msgs/action/detail/fibonacci__type_support_c.cpp.o[0m
[2.291s] [ 63%] [32mBuilding CXX object CMakeFiles/bumperbot_msgs__rosidl_typesupport_fastrtps_c.dir/rosidl_typesupport_fastrtps_c/bumperbot_msgs/srv/detail/get_transform__type_support_c.cpp.o[0m
[2.291s] [ 65%] [32mBuilding CXX object CMakeFiles/bumperbot_msgs__rosidl_typesupport_fastrtps_c.dir/rosidl_typesupport_fastrtps_c/bumperbot_msgs/srv/detail/add_two_ints__type_support_c.cpp.o[0m
[2.310s] [ 68%] [32m[1mLinking C shared library libbumperbot_msgs__rosidl_typesupport_introspection_c.so[0m
[2.335s] [ 68%] Built target bumperbot_msgs__rosidl_typesupport_introspection_c
[2.417s] [ 70%] [32m[1mLinking CXX shared library libbumperbot_msgs__rosidl_typesupport_cpp.so[0m
[2.452s] [ 70%] Built target bumperbot_msgs__rosidl_typesupport_cpp
[2.553s] [ 72%] [32m[1mLinking CXX shared library libbumperbot_msgs__rosidl_typesupport_fastrtps_c.so[0m
[2.557s] [ 74%] [32m[1mLinking CXX shared library libbumperbot_msgs__rosidl_typesupport_introspection_cpp.so[0m
[2.570s] [ 76%] [32m[1mLinking CXX shared library libbumperbot_msgs__rosidl_typesupport_fastrtps_cpp.so[0m
[2.601s] [ 76%] Built target bumperbot_msgs__rosidl_typesupport_introspection_cpp
[2.611s] [ 76%] Built target bumperbot_msgs__rosidl_typesupport_fastrtps_c
[2.621s] [ 76%] Built target bumperbot_msgs__rosidl_typesupport_fastrtps_cpp
[2.631s] [ 76%] Built target bumperbot_msgs
[2.647s] [ 78%] [34m[1mGenerating Python code for ROS interfaces[0m
[3.301s] [ 78%] Built target bumperbot_msgs__py
[3.309s] [ 80%] [32mBuilding C object CMakeFiles/bumperbot_msgs__rosidl_generator_py.dir/rosidl_generator_py/bumperbot_msgs/action/_fibonacci_s.c.o[0m
[3.310s] [ 82%] [32mBuilding C object CMakeFiles/bumperbot_msgs__rosidl_generator_py.dir/rosidl_generator_py/bumperbot_msgs/srv/_add_two_ints_s.c.o[0m
[3.310s] [ 85%] [32mBuilding C object CMakeFiles/bumperbot_msgs__rosidl_generator_py.dir/rosidl_generator_py/bumperbot_msgs/srv/_get_transform_s.c.o[0m
[3.422s] [ 87%] [32m[1mLinking C shared library rosidl_generator_py/bumperbot_msgs/libbumperbot_msgs__rosidl_generator_py.so[0m
[3.459s] [ 87%] Built target bumperbot_msgs__rosidl_generator_py
[3.469s] [ 89%] [32mBuilding C object CMakeFiles/bumperbot_msgs__rosidl_typesupport_fastrtps_c__pyext.dir/rosidl_generator_py/bumperbot_msgs/_bumperbot_msgs_s.ep.rosidl_typesupport_fastrtps_c.c.o[0m
[3.469s] [ 91%] [32mBuilding C object CMakeFiles/bumperbot_msgs__rosidl_typesupport_introspection_c__pyext.dir/rosidl_generator_py/bumperbot_msgs/_bumperbot_msgs_s.ep.rosidl_typesupport_introspection_c.c.o[0m
[3.469s] [ 93%] [32mBuilding C object CMakeFiles/bumperbot_msgs__rosidl_typesupport_c__pyext.dir/rosidl_generator_py/bumperbot_msgs/_bumperbot_msgs_s.ep.rosidl_typesupport_c.c.o[0m
[3.556s] [ 95%] [32m[1mLinking C shared library rosidl_generator_py/bumperbot_msgs/bumperbot_msgs_s__rosidl_typesupport_fastrtps_c.cpython-310-x86_64-linux-gnu.so[0m
[3.556s] [ 97%] [32m[1mLinking C shared library rosidl_generator_py/bumperbot_msgs/bumperbot_msgs_s__rosidl_typesupport_c.cpython-310-x86_64-linux-gnu.so[0m
[3.561s] [100%] [32m[1mLinking C shared library rosidl_generator_py/bumperbot_msgs/bumperbot_msgs_s__rosidl_typesupport_introspection_c.cpython-310-x86_64-linux-gnu.so[0m
[3.581s] [100%] Built target bumperbot_msgs__rosidl_typesupport_fastrtps_c__pyext
[3.581s] [100%] Built target bumperbot_msgs__rosidl_typesupport_c__pyext
[3.588s] [100%] Built target bumperbot_msgs__rosidl_typesupport_introspection_c__pyext
[3.596s] Invoked command in '/home/mudit/bumperbot_ws/src/build/bumperbot_msgs' returned '0': CMAKE_PREFIX_PATH=${CMAKE_PREFIX_PATH}:/home/mudit/ros2_ws/install/rover_teleop:/home/mudit/ros2_ws/install/rover_motor_controller:/home/mudit/ros2_rover_ws/install/rover_teleop:/home/mudit/ros2_rover_ws/install/rover_motor_controller:/opt/ros/humble /home/mudit/.local/bin/cmake --build /home/mudit/bumperbot_ws/src/build/bumperbot_msgs -- -j28 -l28
[3.598s] Invoking command in '/home/mudit/bumperbot_ws/src/build/bumperbot_msgs': CMAKE_PREFIX_PATH=${CMAKE_PREFIX_PATH}:/home/mudit/ros2_ws/install/rover_teleop:/home/mudit/ros2_ws/install/rover_motor_controller:/home/mudit/ros2_rover_ws/install/rover_teleop:/home/mudit/ros2_rover_ws/install/rover_motor_controller:/opt/ros/humble /home/mudit/.local/bin/cmake --install /home/mudit/bumperbot_ws/src/build/bumperbot_msgs
[3.631s] -- Install configuration: ""
[3.631s] -- Installing: /home/mudit/bumperbot_ws/src/install/bumperbot_msgs/share/ament_index/resource_index/rosidl_interfaces/bumperbot_msgs
[3.631s] -- Installing: /home/mudit/bumperbot_ws/src/install/bumperbot_msgs/include/bumperbot_msgs/bumperbot_msgs
[3.631s] -- Installing: /home/mudit/bumperbot_ws/src/install/bumperbot_msgs/include/bumperbot_msgs/bumperbot_msgs/action
[3.631s] -- Installing: /home/mudit/bumperbot_ws/src/install/bumperbot_msgs/include/bumperbot_msgs/bumperbot_msgs/action/detail
[3.631s] -- Installing: /home/mudit/bumperbot_ws/src/install/bumperbot_msgs/include/bumperbot_msgs/bumperbot_msgs/action/detail/fibonacci__functions.h
[3.632s] -- Installing: /home/mudit/bumperbot_ws/src/install/bumperbot_msgs/include/bumperbot_msgs/bumperbot_msgs/action/detail/fibonacci__struct.h
[3.632s] -- Installing: /home/mudit/bumperbot_ws/src/install/bumperbot_msgs/include/bumperbot_msgs/bumperbot_msgs/action/detail/fibonacci__type_support.h
[3.632s] -- Installing: /home/mudit/bumperbot_ws/src/install/bumperbot_msgs/include/bumperbot_msgs/bumperbot_msgs/action/detail/fibonacci__functions.c
[3.632s] -- Installing: /home/mudit/bumperbot_ws/src/install/bumperbot_msgs/include/bumperbot_msgs/bumperbot_msgs/action/fibonacci.h
[3.632s] -- Installing: /home/mudit/bumperbot_ws/src/install/bumperbot_msgs/include/bumperbot_msgs/bumperbot_msgs/msg
[3.632s] -- Installing: /home/mudit/bumperbot_ws/src/install/bumperbot_msgs/include/bumperbot_msgs/bumperbot_msgs/msg/rosidl_generator_c__visibility_control.h
[3.632s] -- Installing: /home/mudit/bumperbot_ws/src/install/bumperbot_msgs/include/bumperbot_msgs/bumperbot_msgs/srv
[3.632s] -- Installing: /home/mudit/bumperbot_ws/src/install/bumperbot_msgs/include/bumperbot_msgs/bumperbot_msgs/srv/add_two_ints.h
[3.632s] -- Installing: /home/mudit/bumperbot_ws/src/install/bumperbot_msgs/include/bumperbot_msgs/bumperbot_msgs/srv/detail
[3.632s] -- Installing: /home/mudit/bumperbot_ws/src/install/bumperbot_msgs/include/bumperbot_msgs/bumperbot_msgs/srv/detail/get_transform__type_support.h
[3.632s] -- Installing: /home/mudit/bumperbot_ws/src/install/bumperbot_msgs/include/bumperbot_msgs/bumperbot_msgs/srv/detail/get_transform__struct.h
[3.632s] -- Installing: /home/mudit/bumperbot_ws/src/install/bumperbot_msgs/include/bumperbot_msgs/bumperbot_msgs/srv/detail/add_two_ints__struct.h
[3.633s] -- Installing: /home/mudit/bumperbot_ws/src/install/bumperbot_msgs/include/bumperbot_msgs/bumperbot_msgs/srv/detail/add_two_ints__functions.c
[3.633s] -- Installing: /home/mudit/bumperbot_ws/src/install/bumperbot_msgs/include/bumperbot_msgs/bumperbot_msgs/srv/detail/get_transform__functions.h
[3.633s] -- Installing: /home/mudit/bumperbot_ws/src/install/bumperbot_msgs/include/bumperbot_msgs/bumperbot_msgs/srv/detail/get_transform__functions.c
[3.633s] -- Installing: /home/mudit/bumperbot_ws/src/install/bumperbot_msgs/include/bumperbot_msgs/bumperbot_msgs/srv/detail/add_two_ints__functions.h
[3.633s] -- Installing: /home/mudit/bumperbot_ws/src/install/bumperbot_msgs/include/bumperbot_msgs/bumperbot_msgs/srv/detail/add_two_ints__type_support.h
[3.633s] -- Installing: /home/mudit/bumperbot_ws/src/install/bumperbot_msgs/include/bumperbot_msgs/bumperbot_msgs/srv/get_transform.h
[3.633s] -- Installing: /home/mudit/bumperbot_ws/src/install/bumperbot_msgs/share/bumperbot_msgs/environment/library_path.sh
[3.633s] -- Installing: /home/mudit/bumperbot_ws/src/install/bumperbot_msgs/share/bumperbot_msgs/environment/library_path.dsv
[3.633s] -- Installing: /home/mudit/bumperbot_ws/src/install/bumperbot_msgs/lib/libbumperbot_msgs__rosidl_generator_c.so
[3.634s] -- Set runtime path of "/home/mudit/bumperbot_ws/src/install/bumperbot_msgs/lib/libbumperbot_msgs__rosidl_generator_c.so" to ""
[3.634s] -- Up-to-date: /home/mudit/bumperbot_ws/src/install/bumperbot_msgs/include/bumperbot_msgs/bumperbot_msgs
[3.634s] -- Up-to-date: /home/mudit/bumperbot_ws/src/install/bumperbot_msgs/include/bumperbot_msgs/bumperbot_msgs/action
[3.634s] -- Up-to-date: /home/mudit/bumperbot_ws/src/install/bumperbot_msgs/include/bumperbot_msgs/bumperbot_msgs/action/detail
[3.634s] -- Installing: /home/mudit/bumperbot_ws/src/install/bumperbot_msgs/include/bumperbot_msgs/bumperbot_msgs/action/detail/fibonacci__rosidl_typesupport_fastrtps_c.h
[3.634s] -- Up-to-date: /home/mudit/bumperbot_ws/src/install/bumperbot_msgs/include/bumperbot_msgs/bumperbot_msgs/msg
[3.634s] -- Installing: /home/mudit/bumperbot_ws/src/install/bumperbot_msgs/include/bumperbot_msgs/bumperbot_msgs/msg/rosidl_typesupport_fastrtps_c__visibility_control.h
[3.634s] -- Up-to-date: /home/mudit/bumperbot_ws/src/install/bumperbot_msgs/include/bumperbot_msgs/bumperbot_msgs/srv
[3.634s] -- Up-to-date: /home/mudit/bumperbot_ws/src/install/bumperbot_msgs/include/bumperbot_msgs/bumperbot_msgs/srv/detail
[3.634s] -- Installing: /home/mudit/bumperbot_ws/src/install/bumperbot_msgs/include/bumperbot_msgs/bumperbot_msgs/srv/detail/get_transform__rosidl_typesupport_fastrtps_c.h
[3.634s] -- Installing: /home/mudit/bumperbot_ws/src/install/bumperbot_msgs/include/bumperbot_msgs/bumperbot_msgs/srv/detail/add_two_ints__rosidl_typesupport_fastrtps_c.h
[3.634s] -- Installing: /home/mudit/bumperbot_ws/src/install/bumperbot_msgs/lib/libbumperbot_msgs__rosidl_typesupport_fastrtps_c.so
[3.635s] -- Set runtime path of "/home/mudit/bumperbot_ws/src/install/bumperbot_msgs/lib/libbumperbot_msgs__rosidl_typesupport_fastrtps_c.so" to ""
[3.635s] -- Up-to-date: /home/mudit/bumperbot_ws/src/install/bumperbot_msgs/include/bumperbot_msgs/bumperbot_msgs
[3.635s] -- Up-to-date: /home/mudit/bumperbot_ws/src/install/bumperbot_msgs/include/bumperbot_msgs/bumperbot_msgs/action
[3.635s] -- Up-to-date: /home/mudit/bumperbot_ws/src/install/bumperbot_msgs/include/bumperbot_msgs/bumperbot_msgs/action/detail
[3.635s] -- Installing: /home/mudit/bumperbot_ws/src/install/bumperbot_msgs/include/bumperbot_msgs/bumperbot_msgs/action/detail/fibonacci__builder.hpp
[3.635s] -- Installing: /home/mudit/bumperbot_ws/src/install/bumperbot_msgs/include/bumperbot_msgs/bumperbot_msgs/action/detail/fibonacci__type_support.hpp
[3.635s] -- Installing: /home/mudit/bumperbot_ws/src/install/bumperbot_msgs/include/bumperbot_msgs/bumperbot_msgs/action/detail/fibonacci__struct.hpp
[3.635s] -- Installing: /home/mudit/bumperbot_ws/src/install/bumperbot_msgs/include/bumperbot_msgs/bumperbot_msgs/action/detail/fibonacci__traits.hpp
[3.635s] -- Installing: /home/mudit/bumperbot_ws/src/install/bumperbot_msgs/include/bumperbot_msgs/bumperbot_msgs/action/fibonacci.hpp
[3.635s] -- Up-to-date: /home/mudit/bumperbot_ws/src/install/bumperbot_msgs/include/bumperbot_msgs/bumperbot_msgs/msg
[3.635s] -- Installing: /home/mudit/bumperbot_ws/src/install/bumperbot_msgs/include/bumperbot_msgs/bumperbot_msgs/msg/rosidl_generator_cpp__visibility_control.hpp
[3.635s] -- Up-to-date: /home/mudit/bumperbot_ws/src/install/bumperbot_msgs/include/bumperbot_msgs/bumperbot_msgs/srv
[3.636s] -- Installing: /home/mudit/bumperbot_ws/src/install/bumperbot_msgs/include/bumperbot_msgs/bumperbot_msgs/srv/add_two_ints.hpp
[3.636s] -- Installing: /home/mudit/bumperbot_ws/src/install/bumperbot_msgs/include/bumperbot_msgs/bumperbot_msgs/srv/get_transform.hpp
[3.636s] -- Up-to-date: /home/mudit/bumperbot_ws/src/install/bumperbot_msgs/include/bumperbot_msgs/bumperbot_msgs/srv/detail
[3.636s] -- Installing: /home/mudit/bumperbot_ws/src/install/bumperbot_msgs/include/bumperbot_msgs/bumperbot_msgs/srv/detail/add_two_ints__traits.hpp
[3.636s] -- Installing: /home/mudit/bumperbot_ws/src/install/bumperbot_msgs/include/bumperbot_msgs/bumperbot_msgs/srv/detail/add_two_ints__type_support.hpp
[3.636s] -- Installing: /home/mudit/bumperbot_ws/src/install/bumperbot_msgs/include/bumperbot_msgs/bumperbot_msgs/srv/detail/get_transform__type_support.hpp
[3.636s] -- Installing: /home/mudit/bumperbot_ws/src/install/bumperbot_msgs/include/bumperbot_msgs/bumperbot_msgs/srv/detail/add_two_ints__struct.hpp
[3.636s] -- Installing: /home/mudit/bumperbot_ws/src/install/bumperbot_msgs/include/bumperbot_msgs/bumperbot_msgs/srv/detail/get_transform__builder.hpp
[3.636s] -- Installing: /home/mudit/bumperbot_ws/src/install/bumperbot_msgs/include/bumperbot_msgs/bumperbot_msgs/srv/detail/get_transform__traits.hpp
[3.636s] -- Installing: /home/mudit/bumperbot_ws/src/install/bumperbot_msgs/include/bumperbot_msgs/bumperbot_msgs/srv/detail/get_transform__struct.hpp
[3.637s] -- Installing: /home/mudit/bumperbot_ws/src/install/bumperbot_msgs/include/bumperbot_msgs/bumperbot_msgs/srv/detail/add_two_ints__builder.hpp
[3.637s] -- Up-to-date: /home/mudit/bumperbot_ws/src/install/bumperbot_msgs/include/bumperbot_msgs/bumperbot_msgs
[3.637s] -- Up-to-date: /home/mudit/bumperbot_ws/src/install/bumperbot_msgs/include/bumperbot_msgs/bumperbot_msgs/action
[3.637s] -- Up-to-date: /home/mudit/bumperbot_ws/src/install/bumperbot_msgs/include/bumperbot_msgs/bumperbot_msgs/action/detail
[3.637s] -- Installing: /home/mudit/bumperbot_ws/src/install/bumperbot_msgs/include/bumperbot_msgs/bumperbot_msgs/action/detail/fibonacci__rosidl_typesupport_fastrtps_cpp.hpp
[3.637s] -- Installing: /home/mudit/bumperbot_ws/src/install/bumperbot_msgs/include/bumperbot_msgs/bumperbot_msgs/action/detail/dds_fastrtps
[3.637s] -- Up-to-date: /home/mudit/bumperbot_ws/src/install/bumperbot_msgs/include/bumperbot_msgs/bumperbot_msgs/msg
[3.637s] -- Installing: /home/mudit/bumperbot_ws/src/install/bumperbot_msgs/include/bumperbot_msgs/bumperbot_msgs/msg/rosidl_typesupport_fastrtps_cpp__visibility_control.h
[3.637s] -- Up-to-date: /home/mudit/bumperbot_ws/src/install/bumperbot_msgs/include/bumperbot_msgs/bumperbot_msgs/srv
[3.637s] -- Up-to-date: /home/mudit/bumperbot_ws/src/install/bumperbot_msgs/include/bumperbot_msgs/bumperbot_msgs/srv/detail
[3.637s] -- Installing: /home/mudit/bumperbot_ws/src/install/bumperbot_msgs/include/bumperbot_msgs/bumperbot_msgs/srv/detail/get_transform__rosidl_typesupport_fastrtps_cpp.hpp
[3.638s] -- Installing: /home/mudit/bumperbot_ws/src/install/bumperbot_msgs/include/bumperbot_msgs/bumperbot_msgs/srv/detail/add_two_ints__rosidl_typesupport_fastrtps_cpp.hpp
[3.638s] -- Installing: /home/mudit/bumperbot_ws/src/install/bumperbot_msgs/include/bumperbot_msgs/bumperbot_msgs/srv/detail/dds_fastrtps
[3.638s] -- Installing: /home/mudit/bumperbot_ws/src/install/bumperbot_msgs/lib/libbumperbot_msgs__rosidl_typesupport_fastrtps_cpp.so
[3.638s] -- Set runtime path of "/home/mudit/bumperbot_ws/src/install/bumperbot_msgs/lib/libbumperbot_msgs__rosidl_typesupport_fastrtps_cpp.so" to ""
[3.638s] -- Up-to-date: /home/mudit/bumperbot_ws/src/install/bumperbot_msgs/include/bumperbot_msgs/bumperbot_msgs
[3.638s] -- Up-to-date: /home/mudit/bumperbot_ws/src/install/bumperbot_msgs/include/bumperbot_msgs/bumperbot_msgs/action
[3.639s] -- Up-to-date: /home/mudit/bumperbot_ws/src/install/bumperbot_msgs/include/bumperbot_msgs/bumperbot_msgs/action/detail
[3.639s] -- Installing: /home/mudit/bumperbot_ws/src/install/bumperbot_msgs/include/bumperbot_msgs/bumperbot_msgs/action/detail/fibonacci__rosidl_typesupport_introspection_c.h
[3.639s] -- Installing: /home/mudit/bumperbot_ws/src/install/bumperbot_msgs/include/bumperbot_msgs/bumperbot_msgs/action/detail/fibonacci__type_support.c
[3.639s] -- Up-to-date: /home/mudit/bumperbot_ws/src/install/bumperbot_msgs/include/bumperbot_msgs/bumperbot_msgs/msg
[3.639s] -- Installing: /home/mudit/bumperbot_ws/src/install/bumperbot_msgs/include/bumperbot_msgs/bumperbot_msgs/msg/rosidl_typesupport_introspection_c__visibility_control.h
[3.639s] -- Up-to-date: /home/mudit/bumperbot_ws/src/install/bumperbot_msgs/include/bumperbot_msgs/bumperbot_msgs/srv
[3.639s] -- Up-to-date: /home/mudit/bumperbot_ws/src/install/bumperbot_msgs/include/bumperbot_msgs/bumperbot_msgs/srv/detail
[3.639s] -- Installing: /home/mudit/bumperbot_ws/src/install/bumperbot_msgs/include/bumperbot_msgs/bumperbot_msgs/srv/detail/add_two_ints__type_support.c
[3.639s] -- Installing: /home/mudit/bumperbot_ws/src/install/bumperbot_msgs/include/bumperbot_msgs/bumperbot_msgs/srv/detail/get_transform__rosidl_typesupport_introspection_c.h
[3.639s] -- Installing: /home/mudit/bumperbot_ws/src/install/bumperbot_msgs/include/bumperbot_msgs/bumperbot_msgs/srv/detail/get_transform__type_support.c
[3.639s] -- Installing: /home/mudit/bumperbot_ws/src/install/bumperbot_msgs/include/bumperbot_msgs/bumperbot_msgs/srv/detail/add_two_ints__rosidl_typesupport_introspection_c.h
[3.639s] -- Installing: /home/mudit/bumperbot_ws/src/install/bumperbot_msgs/lib/libbumperbot_msgs__rosidl_typesupport_introspection_c.so
[3.639s] -- Set runtime path of "/home/mudit/bumperbot_ws/src/install/bumperbot_msgs/lib/libbumperbot_msgs__rosidl_typesupport_introspection_c.so" to ""
[3.639s] -- Installing: /home/mudit/bumperbot_ws/src/install/bumperbot_msgs/lib/libbumperbot_msgs__rosidl_typesupport_c.so
[3.639s] -- Set runtime path of "/home/mudit/bumperbot_ws/src/install/bumperbot_msgs/lib/libbumperbot_msgs__rosidl_typesupport_c.so" to ""
[3.639s] -- Up-to-date: /home/mudit/bumperbot_ws/src/install/bumperbot_msgs/include/bumperbot_msgs/bumperbot_msgs
[3.639s] -- Up-to-date: /home/mudit/bumperbot_ws/src/install/bumperbot_msgs/include/bumperbot_msgs/bumperbot_msgs/action
[3.639s] -- Up-to-date: /home/mudit/bumperbot_ws/src/install/bumperbot_msgs/include/bumperbot_msgs/bumperbot_msgs/action/detail
[3.639s] -- Installing: /home/mudit/bumperbot_ws/src/install/bumperbot_msgs/include/bumperbot_msgs/bumperbot_msgs/action/detail/fibonacci__rosidl_typesupport_introspection_cpp.hpp
[3.639s] -- Installing: /home/mudit/bumperbot_ws/src/install/bumperbot_msgs/include/bumperbot_msgs/bumperbot_msgs/action/detail/fibonacci__type_support.cpp
[3.639s] -- Up-to-date: /home/mudit/bumperbot_ws/src/install/bumperbot_msgs/include/bumperbot_msgs/bumperbot_msgs/srv
[3.639s] -- Up-to-date: /home/mudit/bumperbot_ws/src/install/bumperbot_msgs/include/bumperbot_msgs/bumperbot_msgs/srv/detail
[3.639s] -- Installing: /home/mudit/bumperbot_ws/src/install/bumperbot_msgs/include/bumperbot_msgs/bumperbot_msgs/srv/detail/get_transform__type_support.cpp
[3.639s] -- Installing: /home/mudit/bumperbot_ws/src/install/bumperbot_msgs/include/bumperbot_msgs/bumperbot_msgs/srv/detail/get_transform__rosidl_typesupport_introspection_cpp.hpp
[3.639s] -- Installing: /home/mudit/bumperbot_ws/src/install/bumperbot_msgs/include/bumperbot_msgs/bumperbot_msgs/srv/detail/add_two_ints__rosidl_typesupport_introspection_cpp.hpp
[3.639s] -- Installing: /home/mudit/bumperbot_ws/src/install/bumperbot_msgs/include/bumperbot_msgs/bumperbot_msgs/srv/detail/add_two_ints__type_support.cpp
[3.639s] -- Installing: /home/mudit/bumperbot_ws/src/install/bumperbot_msgs/lib/libbumperbot_msgs__rosidl_typesupport_introspection_cpp.so
[3.639s] -- Set runtime path of "/home/mudit/bumperbot_ws/src/install/bumperbot_msgs/lib/libbumperbot_msgs__rosidl_typesupport_introspection_cpp.so" to ""
[3.639s] -- Installing: /home/mudit/bumperbot_ws/src/install/bumperbot_msgs/lib/libbumperbot_msgs__rosidl_typesupport_cpp.so
[3.639s] -- Set runtime path of "/home/mudit/bumperbot_ws/src/install/bumperbot_msgs/lib/libbumperbot_msgs__rosidl_typesupport_cpp.so" to ""
[3.639s] -- Installing: /home/mudit/bumperbot_ws/src/install/bumperbot_msgs/share/bumperbot_msgs/environment/pythonpath.sh
[3.639s] -- Installing: /home/mudit/bumperbot_ws/src/install/bumperbot_msgs/share/bumperbot_msgs/environment/pythonpath.dsv
[3.639s] -- Installing: /home/mudit/bumperbot_ws/src/install/bumperbot_msgs/local/lib/python3.10/dist-packages/bumperbot_msgs-0.0.0-py3.10.egg-info
[3.639s] -- Installing: /home/mudit/bumperbot_ws/src/install/bumperbot_msgs/local/lib/python3.10/dist-packages/bumperbot_msgs-0.0.0-py3.10.egg-info/dependency_links.txt
[3.639s] -- Installing: /home/mudit/bumperbot_ws/src/install/bumperbot_msgs/local/lib/python3.10/dist-packages/bumperbot_msgs-0.0.0-py3.10.egg-info/top_level.txt
[3.640s] -- Installing: /home/mudit/bumperbot_ws/src/install/bumperbot_msgs/local/lib/python3.10/dist-packages/bumperbot_msgs-0.0.0-py3.10.egg-info/SOURCES.txt
[3.640s] -- Installing: /home/mudit/bumperbot_ws/src/install/bumperbot_msgs/local/lib/python3.10/dist-packages/bumperbot_msgs-0.0.0-py3.10.egg-info/PKG-INFO
[3.640s] -- Installing: /home/mudit/bumperbot_ws/src/install/bumperbot_msgs/local/lib/python3.10/dist-packages/bumperbot_msgs
[3.640s] -- Installing: /home/mudit/bumperbot_ws/src/install/bumperbot_msgs/local/lib/python3.10/dist-packages/bumperbot_msgs/bumperbot_msgs_s__rosidl_typesupport_fastrtps_c.cpython-310-x86_64-linux-gnu.so
[3.640s] -- Installing: /home/mudit/bumperbot_ws/src/install/bumperbot_msgs/local/lib/python3.10/dist-packages/bumperbot_msgs/action
[3.640s] -- Installing: /home/mudit/bumperbot_ws/src/install/bumperbot_msgs/local/lib/python3.10/dist-packages/bumperbot_msgs/action/_fibonacci.py
[3.640s] -- Installing: /home/mudit/bumperbot_ws/src/install/bumperbot_msgs/local/lib/python3.10/dist-packages/bumperbot_msgs/action/_fibonacci_s.c
[3.640s] -- Installing: /home/mudit/bumperbot_ws/src/install/bumperbot_msgs/local/lib/python3.10/dist-packages/bumperbot_msgs/action/__init__.py
[3.640s] -- Installing: /home/mudit/bumperbot_ws/src/install/bumperbot_msgs/local/lib/python3.10/dist-packages/bumperbot_msgs/_bumperbot_msgs_s.ep.rosidl_typesupport_introspection_c.c
[3.640s] -- Installing: /home/mudit/bumperbot_ws/src/install/bumperbot_msgs/local/lib/python3.10/dist-packages/bumperbot_msgs/libbumperbot_msgs__rosidl_generator_py.so
[3.640s] -- Installing: /home/mudit/bumperbot_ws/src/install/bumperbot_msgs/local/lib/python3.10/dist-packages/bumperbot_msgs/_bumperbot_msgs_s.ep.rosidl_typesupport_c.c
[3.640s] -- Installing: /home/mudit/bumperbot_ws/src/install/bumperbot_msgs/local/lib/python3.10/dist-packages/bumperbot_msgs/bumperbot_msgs_s__rosidl_typesupport_c.cpython-310-x86_64-linux-gnu.so
[3.640s] -- Installing: /home/mudit/bumperbot_ws/src/install/bumperbot_msgs/local/lib/python3.10/dist-packages/bumperbot_msgs/bumperbot_msgs_s__rosidl_typesupport_introspection_c.cpython-310-x86_64-linux-gnu.so
[3.640s] -- Installing: /home/mudit/bumperbot_ws/src/install/bumperbot_msgs/local/lib/python3.10/dist-packages/bumperbot_msgs/srv
[3.640s] -- Installing: /home/mudit/bumperbot_ws/src/install/bumperbot_msgs/local/lib/python3.10/dist-packages/bumperbot_msgs/srv/_get_transform.py
[3.640s] -- Installing: /home/mudit/bumperbot_ws/src/install/bumperbot_msgs/local/lib/python3.10/dist-packages/bumperbot_msgs/srv/_get_transform_s.c
[3.640s] -- Installing: /home/mudit/bumperbot_ws/src/install/bumperbot_msgs/local/lib/python3.10/dist-packages/bumperbot_msgs/srv/_add_two_ints.py
[3.640s] -- Installing: /home/mudit/bumperbot_ws/src/install/bumperbot_msgs/local/lib/python3.10/dist-packages/bumperbot_msgs/srv/_add_two_ints_s.c
[3.640s] -- Installing: /home/mudit/bumperbot_ws/src/install/bumperbot_msgs/local/lib/python3.10/dist-packages/bumperbot_msgs/srv/__init__.py
[3.640s] -- Installing: /home/mudit/bumperbot_ws/src/install/bumperbot_msgs/local/lib/python3.10/dist-packages/bumperbot_msgs/__init__.py
[3.640s] -- Installing: /home/mudit/bumperbot_ws/src/install/bumperbot_msgs/local/lib/python3.10/dist-packages/bumperbot_msgs/_bumperbot_msgs_s.ep.rosidl_typesupport_fastrtps_c.c
[3.672s] Listing '/home/mudit/bumperbot_ws/src/install/bumperbot_msgs/local/lib/python3.10/dist-packages/bumperbot_msgs'...
[3.672s] Compiling '/home/mudit/bumperbot_ws/src/install/bumperbot_msgs/local/lib/python3.10/dist-packages/bumperbot_msgs/__init__.py'...
[3.672s] Listing '/home/mudit/bumperbot_ws/src/install/bumperbot_msgs/local/lib/python3.10/dist-packages/bumperbot_msgs/action'...
[3.672s] Compiling '/home/mudit/bumperbot_ws/src/install/bumperbot_msgs/local/lib/python3.10/dist-packages/bumperbot_msgs/action/__init__.py'...
[3.672s] Compiling '/home/mudit/bumperbot_ws/src/install/bumperbot_msgs/local/lib/python3.10/dist-packages/bumperbot_msgs/action/_fibonacci.py'...
[3.672s] Listing '/home/mudit/bumperbot_ws/src/install/bumperbot_msgs/local/lib/python3.10/dist-packages/bumperbot_msgs/srv'...
[3.672s] Compiling '/home/mudit/bumperbot_ws/src/install/bumperbot_msgs/local/lib/python3.10/dist-packages/bumperbot_msgs/srv/__init__.py'...
[3.672s] Compiling '/home/mudit/bumperbot_ws/src/install/bumperbot_msgs/local/lib/python3.10/dist-packages/bumperbot_msgs/srv/_add_two_ints.py'...
[3.672s] Compiling '/home/mudit/bumperbot_ws/src/install/bumperbot_msgs/local/lib/python3.10/dist-packages/bumperbot_msgs/srv/_get_transform.py'...
[3.674s] -- Installing: /home/mudit/bumperbot_ws/src/install/bumperbot_msgs/local/lib/python3.10/dist-packages/bumperbot_msgs/bumperbot_msgs_s__rosidl_typesupport_fastrtps_c.cpython-310-x86_64-linux-gnu.so
[3.675s] -- Set runtime path of "/home/mudit/bumperbot_ws/src/install/bumperbot_msgs/local/lib/python3.10/dist-packages/bumperbot_msgs/bumperbot_msgs_s__rosidl_typesupport_fastrtps_c.cpython-310-x86_64-linux-gnu.so" to ""
[3.675s] -- Installing: /home/mudit/bumperbot_ws/src/install/bumperbot_msgs/local/lib/python3.10/dist-packages/bumperbot_msgs/bumperbot_msgs_s__rosidl_typesupport_introspection_c.cpython-310-x86_64-linux-gnu.so
[3.675s] -- Set runtime path of "/home/mudit/bumperbot_ws/src/install/bumperbot_msgs/local/lib/python3.10/dist-packages/bumperbot_msgs/bumperbot_msgs_s__rosidl_typesupport_introspection_c.cpython-310-x86_64-linux-gnu.so" to ""
[3.675s] -- Installing: /home/mudit/bumperbot_ws/src/install/bumperbot_msgs/local/lib/python3.10/dist-packages/bumperbot_msgs/bumperbot_msgs_s__rosidl_typesupport_c.cpython-310-x86_64-linux-gnu.so
[3.675s] -- Set runtime path of "/home/mudit/bumperbot_ws/src/install/bumperbot_msgs/local/lib/python3.10/dist-packages/bumperbot_msgs/bumperbot_msgs_s__rosidl_typesupport_c.cpython-310-x86_64-linux-gnu.so" to ""
[3.675s] -- Installing: /home/mudit/bumperbot_ws/src/install/bumperbot_msgs/lib/libbumperbot_msgs__rosidl_generator_py.so
[3.675s] -- Set runtime path of "/home/mudit/bumperbot_ws/src/install/bumperbot_msgs/lib/libbumperbot_msgs__rosidl_generator_py.so" to ""
[3.675s] -- Installing: /home/mudit/bumperbot_ws/src/install/bumperbot_msgs/share/bumperbot_msgs/action/Fibonacci.idl
[3.676s] -- Installing: /home/mudit/bumperbot_ws/src/install/bumperbot_msgs/share/bumperbot_msgs/srv/AddTwoInts.idl
[3.676s] -- Installing: /home/mudit/bumperbot_ws/src/install/bumperbot_msgs/share/bumperbot_msgs/srv/GetTransform.idl
[3.676s] -- Installing: /home/mudit/bumperbot_ws/src/install/bumperbot_msgs/share/bumperbot_msgs/action/Fibonacci.action
[3.676s] -- Installing: /home/mudit/bumperbot_ws/src/install/bumperbot_msgs/share/bumperbot_msgs/srv/AddTwoInts.srv
[3.676s] -- Installing: /home/mudit/bumperbot_ws/src/install/bumperbot_msgs/share/bumperbot_msgs/srv/AddTwoInts_Request.msg
[3.676s] -- Installing: /home/mudit/bumperbot_ws/src/install/bumperbot_msgs/share/bumperbot_msgs/srv/AddTwoInts_Response.msg
[3.676s] -- Installing: /home/mudit/bumperbot_ws/src/install/bumperbot_msgs/share/bumperbot_msgs/srv/GetTransform.srv
[3.676s] -- Installing: /home/mudit/bumperbot_ws/src/install/bumperbot_msgs/share/bumperbot_msgs/srv/GetTransform_Request.msg
[3.676s] -- Installing: /home/mudit/bumperbot_ws/src/install/bumperbot_msgs/share/bumperbot_msgs/srv/GetTransform_Response.msg
[3.676s] -- Installing: /home/mudit/bumperbot_ws/src/install/bumperbot_msgs/share/ament_index/resource_index/package_run_dependencies/bumperbot_msgs
[3.676s] -- Installing: /home/mudit/bumperbot_ws/src/install/bumperbot_msgs/share/ament_index/resource_index/parent_prefix_path/bumperbot_msgs
[3.676s] -- Installing: /home/mudit/bumperbot_ws/src/install/bumperbot_msgs/share/bumperbot_msgs/environment/ament_prefix_path.sh
[3.676s] -- Installing: /home/mudit/bumperbot_ws/src/install/bumperbot_msgs/share/bumperbot_msgs/environment/ament_prefix_path.dsv
[3.676s] -- Installing: /home/mudit/bumperbot_ws/src/install/bumperbot_msgs/share/bumperbot_msgs/environment/path.sh
[3.676s] -- Installing: /home/mudit/bumperbot_ws/src/install/bumperbot_msgs/share/bumperbot_msgs/environment/path.dsv
[3.676s] -- Installing: /home/mudit/bumperbot_ws/src/install/bumperbot_msgs/share/bumperbot_msgs/local_setup.bash
[3.676s] -- Installing: /home/mudit/bumperbot_ws/src/install/bumperbot_msgs/share/bumperbot_msgs/local_setup.sh
[3.676s] -- Installing: /home/mudit/bumperbot_ws/src/install/bumperbot_msgs/share/bumperbot_msgs/local_setup.zsh
[3.676s] -- Installing: /home/mudit/bumperbot_ws/src/install/bumperbot_msgs/share/bumperbot_msgs/local_setup.dsv
[3.676s] -- Installing: /home/mudit/bumperbot_ws/src/install/bumperbot_msgs/share/bumperbot_msgs/package.dsv
[3.676s] -- Installing: /home/mudit/bumperbot_ws/src/install/bumperbot_msgs/share/ament_index/resource_index/packages/bumperbot_msgs
[3.676s] -- Installing: /home/mudit/bumperbot_ws/src/install/bumperbot_msgs/share/bumperbot_msgs/cmake/export_bumperbot_msgs__rosidl_generator_cExport.cmake
[3.676s] -- Installing: /home/mudit/bumperbot_ws/src/install/bumperbot_msgs/share/bumperbot_msgs/cmake/export_bumperbot_msgs__rosidl_generator_cExport-noconfig.cmake
[3.676s] -- Installing: /home/mudit/bumperbot_ws/src/install/bumperbot_msgs/share/bumperbot_msgs/cmake/export_bumperbot_msgs__rosidl_typesupport_fastrtps_cExport.cmake
[3.677s] -- Installing: /home/mudit/bumperbot_ws/src/install/bumperbot_msgs/share/bumperbot_msgs/cmake/export_bumperbot_msgs__rosidl_typesupport_fastrtps_cExport-noconfig.cmake
[3.677s] -- Installing: /home/mudit/bumperbot_ws/src/install/bumperbot_msgs/share/bumperbot_msgs/cmake/export_bumperbot_msgs__rosidl_generator_cppExport.cmake
[3.677s] -- Installing: /home/mudit/bumperbot_ws/src/install/bumperbot_msgs/share/bumperbot_msgs/cmake/export_bumperbot_msgs__rosidl_typesupport_fastrtps_cppExport.cmake
[3.677s] -- Installing: /home/mudit/bumperbot_ws/src/install/bumperbot_msgs/share/bumperbot_msgs/cmake/export_bumperbot_msgs__rosidl_typesupport_fastrtps_cppExport-noconfig.cmake
[3.677s] -- Installing: /home/mudit/bumperbot_ws/src/install/bumperbot_msgs/share/bumperbot_msgs/cmake/bumperbot_msgs__rosidl_typesupport_introspection_cExport.cmake
[3.677s] -- Installing: /home/mudit/bumperbot_ws/src/install/bumperbot_msgs/share/bumperbot_msgs/cmake/bumperbot_msgs__rosidl_typesupport_introspection_cExport-noconfig.cmake
[3.677s] -- Installing: /home/mudit/bumperbot_ws/src/install/bumperbot_msgs/share/bumperbot_msgs/cmake/bumperbot_msgs__rosidl_typesupport_cExport.cmake
[3.677s] -- Installing: /home/mudit/bumperbot_ws/src/install/bumperbot_msgs/share/bumperbot_msgs/cmake/bumperbot_msgs__rosidl_typesupport_cExport-noconfig.cmake
[3.677s] -- Installing: /home/mudit/bumperbot_ws/src/install/bumperbot_msgs/share/bumperbot_msgs/cmake/bumperbot_msgs__rosidl_typesupport_introspection_cppExport.cmake
[3.677s] -- Installing: /home/mudit/bumperbot_ws/src/install/bumperbot_msgs/share/bumperbot_msgs/cmake/bumperbot_msgs__rosidl_typesupport_introspection_cppExport-noconfig.cmake
[3.678s] -- Installing: /home/mudit/bumperbot_ws/src/install/bumperbot_msgs/share/bumperbot_msgs/cmake/bumperbot_msgs__rosidl_typesupport_cppExport.cmake
[3.678s] -- Installing: /home/mudit/bumperbot_ws/src/install/bumperbot_msgs/share/bumperbot_msgs/cmake/bumperbot_msgs__rosidl_typesupport_cppExport-noconfig.cmake
[3.678s] -- Installing: /home/mudit/bumperbot_ws/src/install/bumperbot_msgs/share/bumperbot_msgs/cmake/export_bumperbot_msgs__rosidl_generator_pyExport.cmake
[3.678s] -- Installing: /home/mudit/bumperbot_ws/src/install/bumperbot_msgs/share/bumperbot_msgs/cmake/export_bumperbot_msgs__rosidl_generator_pyExport-noconfig.cmake
[3.678s] -- Installing: /home/mudit/bumperbot_ws/src/install/bumperbot_msgs/share/bumperbot_msgs/cmake/rosidl_cmake-extras.cmake
[3.678s] -- Installing: /home/mudit/bumperbot_ws/src/install/bumperbot_msgs/share/bumperbot_msgs/cmake/ament_cmake_export_dependencies-extras.cmake
[3.678s] -- Installing: /home/mudit/bumperbot_ws/src/install/bumperbot_msgs/share/bumperbot_msgs/cmake/ament_cmake_export_include_directories-extras.cmake
[3.678s] -- Installing: /home/mudit/bumperbot_ws/src/install/bumperbot_msgs/share/bumperbot_msgs/cmake/ament_cmake_export_libraries-extras.cmake
[3.678s] -- Installing: /home/mudit/bumperbot_ws/src/install/bumperbot_msgs/share/bumperbot_msgs/cmake/ament_cmake_export_targets-extras.cmake
[3.678s] -- Installing: /home/mudit/bumperbot_ws/src/install/bumperbot_msgs/share/bumperbot_msgs/cmake/rosidl_cmake_export_typesupport_targets-extras.cmake
[3.678s] -- Installing: /home/mudit/bumperbot_ws/src/install/bumperbot_msgs/share/bumperbot_msgs/cmake/rosidl_cmake_export_typesupport_libraries-extras.cmake
[3.678s] -- Installing: /home/mudit/bumperbot_ws/src/install/bumperbot_msgs/share/bumperbot_msgs/cmake/bumperbot_msgsConfig.cmake
[3.678s] -- Installing: /home/mudit/bumperbot_ws/src/install/bumperbot_msgs/share/bumperbot_msgs/cmake/bumperbot_msgsConfig-version.cmake
[3.679s] -- Installing: /home/mudit/bumperbot_ws/src/install/bumperbot_msgs/share/bumperbot_msgs/package.xml
[3.683s] Invoked command in '/home/mudit/bumperbot_ws/src/build/bumperbot_msgs' returned '0': CMAKE_PREFIX_PATH=${CMAKE_PREFIX_PATH}:/home/mudit/ros2_ws/install/rover_teleop:/home/mudit/ros2_ws/install/rover_motor_controller:/home/mudit/ros2_rover_ws/install/rover_teleop:/home/mudit/ros2_rover_ws/install/rover_motor_controller:/opt/ros/humble /home/mudit/.local/bin/cmake --install /home/mudit/bumperbot_ws/src/build/bumperbot_msgs
