[0.021s] Invoking command in '/home/mudit/bumperbot_ws/build/bumperbot_planning': CMAKE_PREFIX_PATH=${CMAKE_PREFIX_PATH}:/home/mudit/bumperbot_ws/install/bumperbot_world:/home/mudit/bumperbot_ws/install/bumperbot_py_examples:/home/mudit/turtlebot3_ws/install/turtlebot3_teleop:/home/mudit/turtlebot3_ws/install/turtlebot3_example:/home/mudit/ros2_ws/install/rover_teleop:/home/mudit/ros2_ws/install/rover_motor_controller:/home/mudit/ros2_rover_ws/install/rover_teleop:/home/mudit/ros2_rover_ws/install/rover_motor_controller:/opt/ros/humble /home/mudit/.local/bin/cmake /home/mudit/bumperbot_ws/src/bumperbot_planning -DAMENT_CMAKE_SYMLINK_INSTALL=1 -DCMAKE_INSTALL_PREFIX=/home/mudit/bumperbot_ws/install/bumperbot_planning
[0.047s] -- Found ament_cmake: 1.3.12 (/opt/ros/humble/share/ament_cmake/cmake)
[0.125s] -- Override CMake install command with custom implementation using symlinks instead of copying resources
[0.129s] -- Found rclpy: 3.3.17 (/opt/ros/humble/share/rclpy/cmake)
[0.232s] -- Configuring done
[0.236s] -- Generating done
[0.238s] -- Build files have been written to: /home/mudit/bumperbot_ws/build/bumperbot_planning
[0.243s] Invoked command in '/home/mudit/bumperbot_ws/build/bumperbot_planning' returned '0': CMAKE_PREFIX_PATH=${CMAKE_PREFIX_PATH}:/home/mudit/bumperbot_ws/install/bumperbot_world:/home/mudit/bumperbot_ws/install/bumperbot_py_examples:/home/mudit/turtlebot3_ws/install/turtlebot3_teleop:/home/mudit/turtlebot3_ws/install/turtlebot3_example:/home/mudit/ros2_ws/install/rover_teleop:/home/mudit/ros2_ws/install/rover_motor_controller:/home/mudit/ros2_rover_ws/install/rover_teleop:/home/mudit/ros2_rover_ws/install/rover_motor_controller:/opt/ros/humble /home/mudit/.local/bin/cmake /home/mudit/bumperbot_ws/src/bumperbot_planning -DAMENT_CMAKE_SYMLINK_INSTALL=1 -DCMAKE_INSTALL_PREFIX=/home/mudit/bumperbot_ws/install/bumperbot_planning
[0.244s] Invoking command in '/home/mudit/bumperbot_ws/build/bumperbot_planning': CMAKE_PREFIX_PATH=${CMAKE_PREFIX_PATH}:/home/mudit/bumperbot_ws/install/bumperbot_world:/home/mudit/bumperbot_ws/install/bumperbot_py_examples:/home/mudit/turtlebot3_ws/install/turtlebot3_teleop:/home/mudit/turtlebot3_ws/install/turtlebot3_example:/home/mudit/ros2_ws/install/rover_teleop:/home/mudit/ros2_ws/install/rover_motor_controller:/home/mudit/ros2_rover_ws/install/rover_teleop:/home/mudit/ros2_rover_ws/install/rover_motor_controller:/opt/ros/humble /home/mudit/.local/bin/cmake --build /home/mudit/bumperbot_ws/build/bumperbot_planning -- -j28 -l28
[0.287s] Built target ament_cmake_python_symlink_bumperbot_planning
[0.450s] running egg_info
[0.450s] writing bumperbot_planning.egg-info/PKG-INFO
[0.450s] writing dependency_links to bumperbot_planning.egg-info/dependency_links.txt
[0.450s] writing top-level names to bumperbot_planning.egg-info/top_level.txt
[0.452s] reading manifest file 'bumperbot_planning.egg-info/SOURCES.txt'
[0.452s] writing manifest file 'bumperbot_planning.egg-info/SOURCES.txt'
[0.466s] Built target ament_cmake_python_build_bumperbot_planning_egg
[0.473s] Invoked command in '/home/mudit/bumperbot_ws/build/bumperbot_planning' returned '0': CMAKE_PREFIX_PATH=${CMAKE_PREFIX_PATH}:/home/mudit/bumperbot_ws/install/bumperbot_world:/home/mudit/bumperbot_ws/install/bumperbot_py_examples:/home/mudit/turtlebot3_ws/install/turtlebot3_teleop:/home/mudit/turtlebot3_ws/install/turtlebot3_example:/home/mudit/ros2_ws/install/rover_teleop:/home/mudit/ros2_ws/install/rover_motor_controller:/home/mudit/ros2_rover_ws/install/rover_teleop:/home/mudit/ros2_rover_ws/install/rover_motor_controller:/opt/ros/humble /home/mudit/.local/bin/cmake --build /home/mudit/bumperbot_ws/build/bumperbot_planning -- -j28 -l28
[0.474s] Invoking command in '/home/mudit/bumperbot_ws/build/bumperbot_planning': CMAKE_PREFIX_PATH=${CMAKE_PREFIX_PATH}:/home/mudit/bumperbot_ws/install/bumperbot_world:/home/mudit/bumperbot_ws/install/bumperbot_py_examples:/home/mudit/turtlebot3_ws/install/turtlebot3_teleop:/home/mudit/turtlebot3_ws/install/turtlebot3_example:/home/mudit/ros2_ws/install/rover_teleop:/home/mudit/ros2_ws/install/rover_motor_controller:/home/mudit/ros2_rover_ws/install/rover_teleop:/home/mudit/ros2_rover_ws/install/rover_motor_controller:/opt/ros/humble /home/mudit/.local/bin/cmake --install /home/mudit/bumperbot_ws/build/bumperbot_planning
[0.496s] -- Install configuration: ""
[0.497s] -- Execute custom install script
[0.497s] -- Up-to-date symlink: /home/mudit/bumperbot_ws/install/bumperbot_planning/share/bumperbot_planning/environment/pythonpath.sh
[0.497s] -- Up-to-date symlink: /home/mudit/bumperbot_ws/install/bumperbot_planning/share/bumperbot_planning/environment/pythonpath.dsv
[0.498s] -- Up-to-date symlink: /home/mudit/bumperbot_ws/install/bumperbot_planning/local/lib/python3.10/dist-packages/bumperbot_planning-0.0.0-py3.10.egg-info/PKG-INFO
[0.498s] -- Up-to-date symlink: /home/mudit/bumperbot_ws/install/bumperbot_planning/local/lib/python3.10/dist-packages/bumperbot_planning-0.0.0-py3.10.egg-info/SOURCES.txt
[0.498s] -- Up-to-date symlink: /home/mudit/bumperbot_ws/install/bumperbot_planning/local/lib/python3.10/dist-packages/bumperbot_planning-0.0.0-py3.10.egg-info/dependency_links.txt
[0.498s] -- Up-to-date symlink: /home/mudit/bumperbot_ws/install/bumperbot_planning/local/lib/python3.10/dist-packages/bumperbot_planning-0.0.0-py3.10.egg-info/top_level.txt
[0.498s] -- Up-to-date symlink: /home/mudit/bumperbot_ws/install/bumperbot_planning/local/lib/python3.10/dist-packages/bumperbot_planning/__init__.py
[0.498s] -- Up-to-date symlink: /home/mudit/bumperbot_ws/install/bumperbot_planning/local/lib/python3.10/dist-packages/bumperbot_planning/dijkstra_planner.py
[0.499s] -- Up-to-date symlink: /home/mudit/bumperbot_ws/install/bumperbot_planning/lib/bumperbot_planning/dijkstra_planner.py
[0.499s] -- Up-to-date symlink: /home/mudit/bumperbot_ws/install/bumperbot_planning/share/ament_index/resource_index/package_run_dependencies/bumperbot_planning
[0.499s] -- Up-to-date symlink: /home/mudit/bumperbot_ws/install/bumperbot_planning/share/ament_index/resource_index/parent_prefix_path/bumperbot_planning
[0.499s] -- Up-to-date symlink: /home/mudit/bumperbot_ws/install/bumperbot_planning/share/bumperbot_planning/environment/ament_prefix_path.sh
[0.499s] -- Up-to-date symlink: /home/mudit/bumperbot_ws/install/bumperbot_planning/share/bumperbot_planning/environment/ament_prefix_path.dsv
[0.500s] -- Up-to-date symlink: /home/mudit/bumperbot_ws/install/bumperbot_planning/share/bumperbot_planning/environment/path.sh
[0.500s] -- Up-to-date symlink: /home/mudit/bumperbot_ws/install/bumperbot_planning/share/bumperbot_planning/environment/path.dsv
[0.500s] -- Up-to-date symlink: /home/mudit/bumperbot_ws/install/bumperbot_planning/share/bumperbot_planning/local_setup.bash
[0.500s] -- Up-to-date symlink: /home/mudit/bumperbot_ws/install/bumperbot_planning/share/bumperbot_planning/local_setup.sh
[0.500s] -- Up-to-date symlink: /home/mudit/bumperbot_ws/install/bumperbot_planning/share/bumperbot_planning/local_setup.zsh
[0.500s] -- Up-to-date symlink: /home/mudit/bumperbot_ws/install/bumperbot_planning/share/bumperbot_planning/local_setup.dsv
[0.500s] -- Symlinking: /home/mudit/bumperbot_ws/install/bumperbot_planning/share/bumperbot_planning/package.dsv
[0.503s] -- Up-to-date symlink: /home/mudit/bumperbot_ws/install/bumperbot_planning/share/ament_index/resource_index/packages/bumperbot_planning
[0.504s] -- Up-to-date symlink: /home/mudit/bumperbot_ws/install/bumperbot_planning/share/bumperbot_planning/cmake/bumperbot_planningConfig.cmake
[0.504s] -- Up-to-date symlink: /home/mudit/bumperbot_ws/install/bumperbot_planning/share/bumperbot_planning/cmake/bumperbot_planningConfig-version.cmake
[0.504s] -- Up-to-date symlink: /home/mudit/bumperbot_ws/install/bumperbot_planning/share/bumperbot_planning/package.xml
[0.530s] Listing '/home/mudit/bumperbot_ws/install/bumperbot_planning/local/lib/python3.10/dist-packages/bumperbot_planning'...
[0.537s] Invoked command in '/home/mudit/bumperbot_ws/build/bumperbot_planning' returned '0': CMAKE_PREFIX_PATH=${CMAKE_PREFIX_PATH}:/home/mudit/bumperbot_ws/install/bumperbot_world:/home/mudit/bumperbot_ws/install/bumperbot_py_examples:/home/mudit/turtlebot3_ws/install/turtlebot3_teleop:/home/mudit/turtlebot3_ws/install/turtlebot3_example:/home/mudit/ros2_ws/install/rover_teleop:/home/mudit/ros2_ws/install/rover_motor_controller:/home/mudit/ros2_rover_ws/install/rover_teleop:/home/mudit/ros2_rover_ws/install/rover_motor_controller:/opt/ros/humble /home/mudit/.local/bin/cmake --install /home/mudit/bumperbot_ws/build/bumperbot_planning
