[0.429s] Invoking command in '/home/mudit/bumperbot_ws/build/bumperbot_py_examples': AMENT_PREFIX_PATH=/home/mudit/bumperbot_ws/install/bumperbot_msgs:${AMENT_PREFIX_PATH} CMAKE_PREFIX_PATH=/home/mudit/bumperbot_ws/install/bumperbot_msgs:${CMAKE_PREFIX_PATH} LD_LIBRARY_PATH=/home/mudit/bumperbot_ws/install/bumperbot_msgs/lib:${LD_LIBRARY_PATH} PYTHONPATH=/home/mudit/bumperbot_ws/build/bumperbot_py_examples/prefix_override:/usr/lib/python3/dist-packages/colcon_core/task/python/colcon_distutils_commands:/home/mudit/bumperbot_ws/install/bumperbot_py_examples/lib/python3.10/site-packages:/home/mudit/bumperbot_ws/install/bumperbot_msgs/local/lib/python3.10/dist-packages:${PYTHONPATH} /usr/bin/python3 -W ignore:setup.py install is deprecated -W ignore:easy_install command is deprecated setup.py develop --editable --build-directory /home/mudit/bumperbot_ws/build/bumperbot_py_examples/build --no-deps symlink_data
[0.597s] running develop
[0.710s] running egg_info
[0.710s] creating bumperbot_py_examples.egg-info
[0.710s] writing bumperbot_py_examples.egg-info/PKG-INFO
[0.710s] writing dependency_links to bumperbot_py_examples.egg-info/dependency_links.txt
[0.710s] writing entry points to bumperbot_py_examples.egg-info/entry_points.txt
[0.710s] writing requirements to bumperbot_py_examples.egg-info/requires.txt
[0.710s] writing top-level names to bumperbot_py_examples.egg-info/top_level.txt
[0.710s] writing manifest file 'bumperbot_py_examples.egg-info/SOURCES.txt'
[0.711s] reading manifest file 'bumperbot_py_examples.egg-info/SOURCES.txt'
[0.711s] writing manifest file 'bumperbot_py_examples.egg-info/SOURCES.txt'
[0.712s] running build_ext
[0.712s] Creating /home/mudit/bumperbot_ws/install/bumperbot_py_examples/lib/python3.10/site-packages/bumperbot-py-examples.egg-link (link to .)
[0.713s] Installing simple_action_client script to /home/mudit/bumperbot_ws/install/bumperbot_py_examples/lib/bumperbot_py_examples
[0.713s] Installing simple_action_server script to /home/mudit/bumperbot_ws/install/bumperbot_py_examples/lib/bumperbot_py_examples
[0.713s] Installing simple_lifecycle_node script to /home/mudit/bumperbot_ws/install/bumperbot_py_examples/lib/bumperbot_py_examples
[0.713s] Installing simple_parameter script to /home/mudit/bumperbot_ws/install/bumperbot_py_examples/lib/bumperbot_py_examples
[0.713s] Installing simple_publisher script to /home/mudit/bumperbot_ws/install/bumperbot_py_examples/lib/bumperbot_py_examples
[0.713s] Installing simple_qos_publisher script to /home/mudit/bumperbot_ws/install/bumperbot_py_examples/lib/bumperbot_py_examples
[0.713s] Installing simple_qos_subscriber script to /home/mudit/bumperbot_ws/install/bumperbot_py_examples/lib/bumperbot_py_examples
[0.713s] Installing simple_service_client script to /home/mudit/bumperbot_ws/install/bumperbot_py_examples/lib/bumperbot_py_examples
[0.713s] Installing simple_service_server script to /home/mudit/bumperbot_ws/install/bumperbot_py_examples/lib/bumperbot_py_examples
[0.713s] Installing simple_subscriber script to /home/mudit/bumperbot_ws/install/bumperbot_py_examples/lib/bumperbot_py_examples
[0.713s] Installing simple_tf_kinematics script to /home/mudit/bumperbot_ws/install/bumperbot_py_examples/lib/bumperbot_py_examples
[0.713s] Installing simple_turtlesim_kinematics script to /home/mudit/bumperbot_ws/install/bumperbot_py_examples/lib/bumperbot_py_examples
[0.713s] 
[0.713s] Installed /home/mudit/bumperbot_ws/build/bumperbot_py_examples
[0.713s] running symlink_data
[0.713s] creating /home/mudit/bumperbot_ws/install/bumperbot_py_examples/share/ament_index
[0.714s] creating /home/mudit/bumperbot_ws/install/bumperbot_py_examples/share/ament_index/resource_index
[0.714s] creating /home/mudit/bumperbot_ws/install/bumperbot_py_examples/share/ament_index/resource_index/packages
[0.714s] symbolically linking /home/mudit/bumperbot_ws/build/bumperbot_py_examples/resource/bumperbot_py_examples -> /home/mudit/bumperbot_ws/install/bumperbot_py_examples/share/ament_index/resource_index/packages
[0.714s] symbolically linking /home/mudit/bumperbot_ws/build/bumperbot_py_examples/package.xml -> /home/mudit/bumperbot_ws/install/bumperbot_py_examples/share/bumperbot_py_examples
[0.728s] Invoked command in '/home/mudit/bumperbot_ws/build/bumperbot_py_examples' returned '0': AMENT_PREFIX_PATH=/home/mudit/bumperbot_ws/install/bumperbot_msgs:${AMENT_PREFIX_PATH} CMAKE_PREFIX_PATH=/home/mudit/bumperbot_ws/install/bumperbot_msgs:${CMAKE_PREFIX_PATH} LD_LIBRARY_PATH=/home/mudit/bumperbot_ws/install/bumperbot_msgs/lib:${LD_LIBRARY_PATH} PYTHONPATH=/home/mudit/bumperbot_ws/build/bumperbot_py_examples/prefix_override:/usr/lib/python3/dist-packages/colcon_core/task/python/colcon_distutils_commands:/home/mudit/bumperbot_ws/install/bumperbot_py_examples/lib/python3.10/site-packages:/home/mudit/bumperbot_ws/install/bumperbot_msgs/local/lib/python3.10/dist-packages:${PYTHONPATH} /usr/bin/python3 -W ignore:setup.py install is deprecated -W ignore:easy_install command is deprecated setup.py develop --editable --build-directory /home/mudit/bumperbot_ws/build/bumperbot_py_examples/build --no-deps symlink_data
