[0.067s] DEBUG:colcon:Command line arguments: ['/usr/bin/colcon', 'build']
[0.067s] DEBUG:colcon:Parsed command line arguments: Namespace(log_base=None, log_level=None, verb_name='build', build_base='build', install_base='install', merge_install=False, symlink_install=False, test_result_base=None, continue_on_error=False, executor='parallel', parallel_workers=28, event_handlers=None, ignore_user_meta=False, metas=['./colcon.meta'], base_paths=['.'], packages_ignore=None, packages_ignore_regex=None, paths=None, packages_up_to=None, packages_up_to_regex=None, packages_above=None, packages_above_and_dependencies=None, packages_above_depth=None, packages_select_by_dep=None, packages_skip_by_dep=None, packages_skip_up_to=None, packages_select_build_failed=False, packages_skip_build_finished=False, packages_select_test_failures=False, packages_skip_test_passed=False, packages_select=None, packages_skip=None, packages_select_regex=None, packages_skip_regex=None, packages_start=None, packages_end=None, allow_overriding=[], cmake_args=None, cmake_target=None, cmake_target_skip_unavailable=False, cmake_clean_cache=False, cmake_clean_first=False, cmake_force_configure=False, ament_cmake_args=None, catkin_cmake_args=None, catkin_skip_building_tests=False, mixin_files=None, mixin=None, verb_parser=<colcon_mixin.mixin.mixin_argument.MixinArgumentDecorator object at 0x7e265cc7cd00>, verb_extension=<colcon_core.verb.build.BuildVerb object at 0x7e265cc023b0>, main=<bound method BuildVerb.main of <colcon_core.verb.build.BuildVerb object at 0x7e265cc023b0>>, mixin_verb=('build',))
[0.168s] Level 1:colcon.colcon_core.package_discovery:discover_packages(colcon_meta) check parameters
[0.168s] Level 1:colcon.colcon_core.package_discovery:discover_packages(recursive) check parameters
[0.168s] Level 1:colcon.colcon_core.package_discovery:discover_packages(ignore) check parameters
[0.168s] Level 1:colcon.colcon_core.package_discovery:discover_packages(path) check parameters
[0.168s] Level 1:colcon.colcon_core.package_discovery:discover_packages(colcon_meta) discover
[0.168s] Level 1:colcon.colcon_core.package_discovery:discover_packages(recursive) discover
[0.168s] INFO:colcon.colcon_core.package_discovery:Crawling recursively for packages in '/home/mudit/bumperbot_ws/src'
[0.169s] Level 1:colcon.colcon_core.package_identification:_identify(.) by extensions ['ignore', 'ignore_ament_install']
[0.169s] Level 1:colcon.colcon_core.package_identification:_identify(.) by extension 'ignore'
[0.169s] Level 1:colcon.colcon_core.package_identification:_identify(.) by extension 'ignore_ament_install'
[0.169s] Level 1:colcon.colcon_core.package_identification:_identify(.) by extensions ['colcon_pkg']
[0.169s] Level 1:colcon.colcon_core.package_identification:_identify(.) by extension 'colcon_pkg'
[0.169s] Level 1:colcon.colcon_core.package_identification:_identify(.) by extensions ['colcon_meta']
[0.169s] Level 1:colcon.colcon_core.package_identification:_identify(.) by extension 'colcon_meta'
[0.169s] Level 1:colcon.colcon_core.package_identification:_identify(.) by extensions ['ros']
[0.169s] Level 1:colcon.colcon_core.package_identification:_identify(.) by extension 'ros'
[0.176s] Level 1:colcon.colcon_core.package_identification:_identify(.) by extensions ['cmake', 'python']
[0.176s] Level 1:colcon.colcon_core.package_identification:_identify(.) by extension 'cmake'
[0.176s] Level 1:colcon.colcon_core.package_identification:_identify(.) by extension 'python'
[0.176s] Level 1:colcon.colcon_core.package_identification:_identify(.) by extensions ['python_setup_py']
[0.176s] Level 1:colcon.colcon_core.package_identification:_identify(.) by extension 'python_setup_py'
[0.176s] Level 1:colcon.colcon_core.package_identification:_identify(build) by extensions ['ignore', 'ignore_ament_install']
[0.176s] Level 1:colcon.colcon_core.package_identification:_identify(build) by extension 'ignore'
[0.176s] Level 1:colcon.colcon_core.package_identification:_identify(build) ignored
[0.177s] Level 1:colcon.colcon_core.package_identification:_identify(bumperbot_controller) by extensions ['ignore', 'ignore_ament_install']
[0.177s] Level 1:colcon.colcon_core.package_identification:_identify(bumperbot_controller) by extension 'ignore'
[0.177s] Level 1:colcon.colcon_core.package_identification:_identify(bumperbot_controller) by extension 'ignore_ament_install'
[0.177s] Level 1:colcon.colcon_core.package_identification:_identify(bumperbot_controller) by extensions ['colcon_pkg']
[0.177s] Level 1:colcon.colcon_core.package_identification:_identify(bumperbot_controller) by extension 'colcon_pkg'
[0.177s] Level 1:colcon.colcon_core.package_identification:_identify(bumperbot_controller) by extensions ['colcon_meta']
[0.177s] Level 1:colcon.colcon_core.package_identification:_identify(bumperbot_controller) by extension 'colcon_meta'
[0.177s] Level 1:colcon.colcon_core.package_identification:_identify(bumperbot_controller) by extensions ['ros']
[0.177s] Level 1:colcon.colcon_core.package_identification:_identify(bumperbot_controller) by extension 'ros'
[0.178s] DEBUG:colcon.colcon_core.package_identification:Package 'bumperbot_controller' with type 'ros.ament_cmake' and name 'bumperbot_controller'
[0.178s] Level 1:colcon.colcon_core.package_identification:_identify(bumperbot_description) by extensions ['ignore', 'ignore_ament_install']
[0.178s] Level 1:colcon.colcon_core.package_identification:_identify(bumperbot_description) by extension 'ignore'
[0.178s] Level 1:colcon.colcon_core.package_identification:_identify(bumperbot_description) by extension 'ignore_ament_install'
[0.178s] Level 1:colcon.colcon_core.package_identification:_identify(bumperbot_description) by extensions ['colcon_pkg']
[0.178s] Level 1:colcon.colcon_core.package_identification:_identify(bumperbot_description) by extension 'colcon_pkg'
[0.178s] Level 1:colcon.colcon_core.package_identification:_identify(bumperbot_description) by extensions ['colcon_meta']
[0.178s] Level 1:colcon.colcon_core.package_identification:_identify(bumperbot_description) by extension 'colcon_meta'
[0.178s] Level 1:colcon.colcon_core.package_identification:_identify(bumperbot_description) by extensions ['ros']
[0.178s] Level 1:colcon.colcon_core.package_identification:_identify(bumperbot_description) by extension 'ros'
[0.185s] DEBUG:colcon.colcon_core.package_identification:Package 'bumperbot_description' with type 'ros.ament_cmake' and name 'bumperbot_description'
[0.185s] Level 1:colcon.colcon_core.package_identification:_identify(bumperbot_motion) by extensions ['ignore', 'ignore_ament_install']
[0.185s] Level 1:colcon.colcon_core.package_identification:_identify(bumperbot_motion) by extension 'ignore'
[0.185s] Level 1:colcon.colcon_core.package_identification:_identify(bumperbot_motion) by extension 'ignore_ament_install'
[0.185s] Level 1:colcon.colcon_core.package_identification:_identify(bumperbot_motion) by extensions ['colcon_pkg']
[0.185s] Level 1:colcon.colcon_core.package_identification:_identify(bumperbot_motion) by extension 'colcon_pkg'
[0.185s] Level 1:colcon.colcon_core.package_identification:_identify(bumperbot_motion) by extensions ['colcon_meta']
[0.186s] Level 1:colcon.colcon_core.package_identification:_identify(bumperbot_motion) by extension 'colcon_meta'
[0.186s] Level 1:colcon.colcon_core.package_identification:_identify(bumperbot_motion) by extensions ['ros']
[0.186s] Level 1:colcon.colcon_core.package_identification:_identify(bumperbot_motion) by extension 'ros'
[0.186s] DEBUG:colcon.colcon_core.package_identification:Package 'bumperbot_motion' with type 'ros.ament_cmake' and name 'bumperbot_motion'
[0.186s] Level 1:colcon.colcon_core.package_identification:_identify(bumperbot_msgs) by extensions ['ignore', 'ignore_ament_install']
[0.186s] Level 1:colcon.colcon_core.package_identification:_identify(bumperbot_msgs) by extension 'ignore'
[0.186s] Level 1:colcon.colcon_core.package_identification:_identify(bumperbot_msgs) by extension 'ignore_ament_install'
[0.186s] Level 1:colcon.colcon_core.package_identification:_identify(bumperbot_msgs) by extensions ['colcon_pkg']
[0.186s] Level 1:colcon.colcon_core.package_identification:_identify(bumperbot_msgs) by extension 'colcon_pkg'
[0.186s] Level 1:colcon.colcon_core.package_identification:_identify(bumperbot_msgs) by extensions ['colcon_meta']
[0.186s] Level 1:colcon.colcon_core.package_identification:_identify(bumperbot_msgs) by extension 'colcon_meta'
[0.186s] Level 1:colcon.colcon_core.package_identification:_identify(bumperbot_msgs) by extensions ['ros']
[0.186s] Level 1:colcon.colcon_core.package_identification:_identify(bumperbot_msgs) by extension 'ros'
[0.187s] DEBUG:colcon.colcon_core.package_identification:Package 'bumperbot_msgs' with type 'ros.ament_cmake' and name 'bumperbot_msgs'
[0.187s] Level 1:colcon.colcon_core.package_identification:_identify(bumperbot_navigation) by extensions ['ignore', 'ignore_ament_install']
[0.187s] Level 1:colcon.colcon_core.package_identification:_identify(bumperbot_navigation) by extension 'ignore'
[0.187s] Level 1:colcon.colcon_core.package_identification:_identify(bumperbot_navigation) by extension 'ignore_ament_install'
[0.187s] Level 1:colcon.colcon_core.package_identification:_identify(bumperbot_navigation) by extensions ['colcon_pkg']
[0.187s] Level 1:colcon.colcon_core.package_identification:_identify(bumperbot_navigation) by extension 'colcon_pkg'
[0.187s] Level 1:colcon.colcon_core.package_identification:_identify(bumperbot_navigation) by extensions ['colcon_meta']
[0.187s] Level 1:colcon.colcon_core.package_identification:_identify(bumperbot_navigation) by extension 'colcon_meta'
[0.187s] Level 1:colcon.colcon_core.package_identification:_identify(bumperbot_navigation) by extensions ['ros']
[0.187s] Level 1:colcon.colcon_core.package_identification:_identify(bumperbot_navigation) by extension 'ros'
[0.187s] DEBUG:colcon.colcon_core.package_identification:Package 'bumperbot_navigation' with type 'ros.ament_cmake' and name 'bumperbot_navigation'
[0.187s] Level 1:colcon.colcon_core.package_identification:_identify(bumperbot_planning) by extensions ['ignore', 'ignore_ament_install']
[0.187s] Level 1:colcon.colcon_core.package_identification:_identify(bumperbot_planning) by extension 'ignore'
[0.187s] Level 1:colcon.colcon_core.package_identification:_identify(bumperbot_planning) by extension 'ignore_ament_install'
[0.187s] Level 1:colcon.colcon_core.package_identification:_identify(bumperbot_planning) by extensions ['colcon_pkg']
[0.187s] Level 1:colcon.colcon_core.package_identification:_identify(bumperbot_planning) by extension 'colcon_pkg'
[0.187s] Level 1:colcon.colcon_core.package_identification:_identify(bumperbot_planning) by extensions ['colcon_meta']
[0.187s] Level 1:colcon.colcon_core.package_identification:_identify(bumperbot_planning) by extension 'colcon_meta'
[0.187s] Level 1:colcon.colcon_core.package_identification:_identify(bumperbot_planning) by extensions ['ros']
[0.187s] Level 1:colcon.colcon_core.package_identification:_identify(bumperbot_planning) by extension 'ros'
[0.188s] DEBUG:colcon.colcon_core.package_identification:Package 'bumperbot_planning' with type 'ros.ament_cmake' and name 'bumperbot_planning'
[0.188s] Level 1:colcon.colcon_core.package_identification:_identify(bumperbot_py_examples) by extensions ['ignore', 'ignore_ament_install']
[0.188s] Level 1:colcon.colcon_core.package_identification:_identify(bumperbot_py_examples) by extension 'ignore'
[0.188s] Level 1:colcon.colcon_core.package_identification:_identify(bumperbot_py_examples) by extension 'ignore_ament_install'
[0.188s] Level 1:colcon.colcon_core.package_identification:_identify(bumperbot_py_examples) by extensions ['colcon_pkg']
[0.188s] Level 1:colcon.colcon_core.package_identification:_identify(bumperbot_py_examples) by extension 'colcon_pkg'
[0.188s] Level 1:colcon.colcon_core.package_identification:_identify(bumperbot_py_examples) by extensions ['colcon_meta']
[0.188s] Level 1:colcon.colcon_core.package_identification:_identify(bumperbot_py_examples) by extension 'colcon_meta'
[0.188s] Level 1:colcon.colcon_core.package_identification:_identify(bumperbot_py_examples) by extensions ['ros']
[0.188s] Level 1:colcon.colcon_core.package_identification:_identify(bumperbot_py_examples) by extension 'ros'
[0.189s] DEBUG:colcon.colcon_core.package_identification:Package 'bumperbot_py_examples' with type 'ros.ament_python' and name 'bumperbot_py_examples'
[0.189s] Level 1:colcon.colcon_core.package_identification:_identify(install) by extensions ['ignore', 'ignore_ament_install']
[0.189s] Level 1:colcon.colcon_core.package_identification:_identify(install) by extension 'ignore'
[0.189s] Level 1:colcon.colcon_core.package_identification:_identify(install) ignored
[0.189s] Level 1:colcon.colcon_core.package_identification:_identify(log) by extensions ['ignore', 'ignore_ament_install']
[0.189s] Level 1:colcon.colcon_core.package_identification:_identify(log) by extension 'ignore'
[0.189s] Level 1:colcon.colcon_core.package_identification:_identify(log) ignored
[0.189s] Level 1:colcon.colcon_core.package_discovery:discover_packages(recursive) using defaults
[0.189s] Level 1:colcon.colcon_core.package_discovery:discover_packages(ignore) discover
[0.189s] Level 1:colcon.colcon_core.package_discovery:discover_packages(ignore) using defaults
[0.189s] Level 1:colcon.colcon_core.package_discovery:discover_packages(path) discover
[0.189s] Level 1:colcon.colcon_core.package_discovery:discover_packages(path) using defaults
[0.202s] Level 1:colcon.colcon_core.package_discovery:discover_packages(prefix_path) check parameters
[0.202s] Level 1:colcon.colcon_core.package_discovery:discover_packages(prefix_path) discover
[0.204s] DEBUG:colcon.colcon_installed_package_information.package_discovery:Found 9 installed packages in /home/mudit/ros2_rover_ws/install
[0.204s] DEBUG:colcon.colcon_installed_package_information.package_discovery:Found 0 installed packages in /home/mudit/gazebo_ros2_ws/install
[0.204s] DEBUG:colcon.colcon_installed_package_information.package_discovery:Found 10 installed packages in /home/mudit/ros2_ws/install
[0.205s] DEBUG:colcon.colcon_installed_package_information.package_discovery:Found 378 installed packages in /opt/ros/humble
[0.207s] Level 1:colcon.colcon_core.package_discovery:discover_packages(prefix_path) using defaults
[0.234s] Level 5:colcon.colcon_core.verb:set package 'bumperbot_controller' build argument 'cmake_args' from command line to 'None'
[0.234s] Level 5:colcon.colcon_core.verb:set package 'bumperbot_controller' build argument 'cmake_target' from command line to 'None'
[0.234s] Level 5:colcon.colcon_core.verb:set package 'bumperbot_controller' build argument 'cmake_target_skip_unavailable' from command line to 'False'
[0.234s] Level 5:colcon.colcon_core.verb:set package 'bumperbot_controller' build argument 'cmake_clean_cache' from command line to 'False'
[0.234s] Level 5:colcon.colcon_core.verb:set package 'bumperbot_controller' build argument 'cmake_clean_first' from command line to 'False'
[0.234s] Level 5:colcon.colcon_core.verb:set package 'bumperbot_controller' build argument 'cmake_force_configure' from command line to 'False'
[0.234s] Level 5:colcon.colcon_core.verb:set package 'bumperbot_controller' build argument 'ament_cmake_args' from command line to 'None'
[0.234s] Level 5:colcon.colcon_core.verb:set package 'bumperbot_controller' build argument 'catkin_cmake_args' from command line to 'None'
[0.234s] Level 5:colcon.colcon_core.verb:set package 'bumperbot_controller' build argument 'catkin_skip_building_tests' from command line to 'False'
[0.234s] DEBUG:colcon.colcon_core.verb:Building package 'bumperbot_controller' with the following arguments: {'ament_cmake_args': None, 'build_base': '/home/mudit/bumperbot_ws/src/build/bumperbot_controller', 'catkin_cmake_args': None, 'catkin_skip_building_tests': False, 'cmake_args': None, 'cmake_clean_cache': False, 'cmake_clean_first': False, 'cmake_force_configure': False, 'cmake_target': None, 'cmake_target_skip_unavailable': False, 'install_base': '/home/mudit/bumperbot_ws/src/install/bumperbot_controller', 'merge_install': False, 'path': '/home/mudit/bumperbot_ws/src/bumperbot_controller', 'symlink_install': False, 'test_result_base': None}
[0.234s] Level 5:colcon.colcon_core.verb:set package 'bumperbot_description' build argument 'cmake_args' from command line to 'None'
[0.234s] Level 5:colcon.colcon_core.verb:set package 'bumperbot_description' build argument 'cmake_target' from command line to 'None'
[0.234s] Level 5:colcon.colcon_core.verb:set package 'bumperbot_description' build argument 'cmake_target_skip_unavailable' from command line to 'False'
[0.234s] Level 5:colcon.colcon_core.verb:set package 'bumperbot_description' build argument 'cmake_clean_cache' from command line to 'False'
[0.234s] Level 5:colcon.colcon_core.verb:set package 'bumperbot_description' build argument 'cmake_clean_first' from command line to 'False'
[0.234s] Level 5:colcon.colcon_core.verb:set package 'bumperbot_description' build argument 'cmake_force_configure' from command line to 'False'
[0.234s] Level 5:colcon.colcon_core.verb:set package 'bumperbot_description' build argument 'ament_cmake_args' from command line to 'None'
[0.234s] Level 5:colcon.colcon_core.verb:set package 'bumperbot_description' build argument 'catkin_cmake_args' from command line to 'None'
[0.234s] Level 5:colcon.colcon_core.verb:set package 'bumperbot_description' build argument 'catkin_skip_building_tests' from command line to 'False'
[0.234s] DEBUG:colcon.colcon_core.verb:Building package 'bumperbot_description' with the following arguments: {'ament_cmake_args': None, 'build_base': '/home/mudit/bumperbot_ws/src/build/bumperbot_description', 'catkin_cmake_args': None, 'catkin_skip_building_tests': False, 'cmake_args': None, 'cmake_clean_cache': False, 'cmake_clean_first': False, 'cmake_force_configure': False, 'cmake_target': None, 'cmake_target_skip_unavailable': False, 'install_base': '/home/mudit/bumperbot_ws/src/install/bumperbot_description', 'merge_install': False, 'path': '/home/mudit/bumperbot_ws/src/bumperbot_description', 'symlink_install': False, 'test_result_base': None}
[0.234s] Level 5:colcon.colcon_core.verb:set package 'bumperbot_motion' build argument 'cmake_args' from command line to 'None'
[0.234s] Level 5:colcon.colcon_core.verb:set package 'bumperbot_motion' build argument 'cmake_target' from command line to 'None'
[0.234s] Level 5:colcon.colcon_core.verb:set package 'bumperbot_motion' build argument 'cmake_target_skip_unavailable' from command line to 'False'
[0.234s] Level 5:colcon.colcon_core.verb:set package 'bumperbot_motion' build argument 'cmake_clean_cache' from command line to 'False'
[0.234s] Level 5:colcon.colcon_core.verb:set package 'bumperbot_motion' build argument 'cmake_clean_first' from command line to 'False'
[0.234s] Level 5:colcon.colcon_core.verb:set package 'bumperbot_motion' build argument 'cmake_force_configure' from command line to 'False'
[0.234s] Level 5:colcon.colcon_core.verb:set package 'bumperbot_motion' build argument 'ament_cmake_args' from command line to 'None'
[0.234s] Level 5:colcon.colcon_core.verb:set package 'bumperbot_motion' build argument 'catkin_cmake_args' from command line to 'None'
[0.234s] Level 5:colcon.colcon_core.verb:set package 'bumperbot_motion' build argument 'catkin_skip_building_tests' from command line to 'False'
[0.234s] DEBUG:colcon.colcon_core.verb:Building package 'bumperbot_motion' with the following arguments: {'ament_cmake_args': None, 'build_base': '/home/mudit/bumperbot_ws/src/build/bumperbot_motion', 'catkin_cmake_args': None, 'catkin_skip_building_tests': False, 'cmake_args': None, 'cmake_clean_cache': False, 'cmake_clean_first': False, 'cmake_force_configure': False, 'cmake_target': None, 'cmake_target_skip_unavailable': False, 'install_base': '/home/mudit/bumperbot_ws/src/install/bumperbot_motion', 'merge_install': False, 'path': '/home/mudit/bumperbot_ws/src/bumperbot_motion', 'symlink_install': False, 'test_result_base': None}
[0.235s] Level 5:colcon.colcon_core.verb:set package 'bumperbot_msgs' build argument 'cmake_args' from command line to 'None'
[0.235s] Level 5:colcon.colcon_core.verb:set package 'bumperbot_msgs' build argument 'cmake_target' from command line to 'None'
[0.235s] Level 5:colcon.colcon_core.verb:set package 'bumperbot_msgs' build argument 'cmake_target_skip_unavailable' from command line to 'False'
[0.235s] Level 5:colcon.colcon_core.verb:set package 'bumperbot_msgs' build argument 'cmake_clean_cache' from command line to 'False'
[0.235s] Level 5:colcon.colcon_core.verb:set package 'bumperbot_msgs' build argument 'cmake_clean_first' from command line to 'False'
[0.235s] Level 5:colcon.colcon_core.verb:set package 'bumperbot_msgs' build argument 'cmake_force_configure' from command line to 'False'
[0.235s] Level 5:colcon.colcon_core.verb:set package 'bumperbot_msgs' build argument 'ament_cmake_args' from command line to 'None'
[0.235s] Level 5:colcon.colcon_core.verb:set package 'bumperbot_msgs' build argument 'catkin_cmake_args' from command line to 'None'
[0.235s] Level 5:colcon.colcon_core.verb:set package 'bumperbot_msgs' build argument 'catkin_skip_building_tests' from command line to 'False'
[0.235s] DEBUG:colcon.colcon_core.verb:Building package 'bumperbot_msgs' with the following arguments: {'ament_cmake_args': None, 'build_base': '/home/mudit/bumperbot_ws/src/build/bumperbot_msgs', 'catkin_cmake_args': None, 'catkin_skip_building_tests': False, 'cmake_args': None, 'cmake_clean_cache': False, 'cmake_clean_first': False, 'cmake_force_configure': False, 'cmake_target': None, 'cmake_target_skip_unavailable': False, 'install_base': '/home/mudit/bumperbot_ws/src/install/bumperbot_msgs', 'merge_install': False, 'path': '/home/mudit/bumperbot_ws/src/bumperbot_msgs', 'symlink_install': False, 'test_result_base': None}
[0.235s] Level 5:colcon.colcon_core.verb:set package 'bumperbot_navigation' build argument 'cmake_args' from command line to 'None'
[0.235s] Level 5:colcon.colcon_core.verb:set package 'bumperbot_navigation' build argument 'cmake_target' from command line to 'None'
[0.235s] Level 5:colcon.colcon_core.verb:set package 'bumperbot_navigation' build argument 'cmake_target_skip_unavailable' from command line to 'False'
[0.235s] Level 5:colcon.colcon_core.verb:set package 'bumperbot_navigation' build argument 'cmake_clean_cache' from command line to 'False'
[0.235s] Level 5:colcon.colcon_core.verb:set package 'bumperbot_navigation' build argument 'cmake_clean_first' from command line to 'False'
[0.235s] Level 5:colcon.colcon_core.verb:set package 'bumperbot_navigation' build argument 'cmake_force_configure' from command line to 'False'
[0.235s] Level 5:colcon.colcon_core.verb:set package 'bumperbot_navigation' build argument 'ament_cmake_args' from command line to 'None'
[0.235s] Level 5:colcon.colcon_core.verb:set package 'bumperbot_navigation' build argument 'catkin_cmake_args' from command line to 'None'
[0.235s] Level 5:colcon.colcon_core.verb:set package 'bumperbot_navigation' build argument 'catkin_skip_building_tests' from command line to 'False'
[0.235s] DEBUG:colcon.colcon_core.verb:Building package 'bumperbot_navigation' with the following arguments: {'ament_cmake_args': None, 'build_base': '/home/mudit/bumperbot_ws/src/build/bumperbot_navigation', 'catkin_cmake_args': None, 'catkin_skip_building_tests': False, 'cmake_args': None, 'cmake_clean_cache': False, 'cmake_clean_first': False, 'cmake_force_configure': False, 'cmake_target': None, 'cmake_target_skip_unavailable': False, 'install_base': '/home/mudit/bumperbot_ws/src/install/bumperbot_navigation', 'merge_install': False, 'path': '/home/mudit/bumperbot_ws/src/bumperbot_navigation', 'symlink_install': False, 'test_result_base': None}
[0.235s] Level 5:colcon.colcon_core.verb:set package 'bumperbot_planning' build argument 'cmake_args' from command line to 'None'
[0.235s] Level 5:colcon.colcon_core.verb:set package 'bumperbot_planning' build argument 'cmake_target' from command line to 'None'
[0.235s] Level 5:colcon.colcon_core.verb:set package 'bumperbot_planning' build argument 'cmake_target_skip_unavailable' from command line to 'False'
[0.235s] Level 5:colcon.colcon_core.verb:set package 'bumperbot_planning' build argument 'cmake_clean_cache' from command line to 'False'
[0.235s] Level 5:colcon.colcon_core.verb:set package 'bumperbot_planning' build argument 'cmake_clean_first' from command line to 'False'
[0.235s] Level 5:colcon.colcon_core.verb:set package 'bumperbot_planning' build argument 'cmake_force_configure' from command line to 'False'
[0.235s] Level 5:colcon.colcon_core.verb:set package 'bumperbot_planning' build argument 'ament_cmake_args' from command line to 'None'
[0.235s] Level 5:colcon.colcon_core.verb:set package 'bumperbot_planning' build argument 'catkin_cmake_args' from command line to 'None'
[0.235s] Level 5:colcon.colcon_core.verb:set package 'bumperbot_planning' build argument 'catkin_skip_building_tests' from command line to 'False'
[0.235s] DEBUG:colcon.colcon_core.verb:Building package 'bumperbot_planning' with the following arguments: {'ament_cmake_args': None, 'build_base': '/home/mudit/bumperbot_ws/src/build/bumperbot_planning', 'catkin_cmake_args': None, 'catkin_skip_building_tests': False, 'cmake_args': None, 'cmake_clean_cache': False, 'cmake_clean_first': False, 'cmake_force_configure': False, 'cmake_target': None, 'cmake_target_skip_unavailable': False, 'install_base': '/home/mudit/bumperbot_ws/src/install/bumperbot_planning', 'merge_install': False, 'path': '/home/mudit/bumperbot_ws/src/bumperbot_planning', 'symlink_install': False, 'test_result_base': None}
[0.235s] Level 5:colcon.colcon_core.verb:set package 'bumperbot_py_examples' build argument 'cmake_args' from command line to 'None'
[0.235s] Level 5:colcon.colcon_core.verb:set package 'bumperbot_py_examples' build argument 'cmake_target' from command line to 'None'
[0.235s] Level 5:colcon.colcon_core.verb:set package 'bumperbot_py_examples' build argument 'cmake_target_skip_unavailable' from command line to 'False'
[0.235s] Level 5:colcon.colcon_core.verb:set package 'bumperbot_py_examples' build argument 'cmake_clean_cache' from command line to 'False'
[0.235s] Level 5:colcon.colcon_core.verb:set package 'bumperbot_py_examples' build argument 'cmake_clean_first' from command line to 'False'
[0.236s] Level 5:colcon.colcon_core.verb:set package 'bumperbot_py_examples' build argument 'cmake_force_configure' from command line to 'False'
[0.236s] Level 5:colcon.colcon_core.verb:set package 'bumperbot_py_examples' build argument 'ament_cmake_args' from command line to 'None'
[0.236s] Level 5:colcon.colcon_core.verb:set package 'bumperbot_py_examples' build argument 'catkin_cmake_args' from command line to 'None'
[0.236s] Level 5:colcon.colcon_core.verb:set package 'bumperbot_py_examples' build argument 'catkin_skip_building_tests' from command line to 'False'
[0.236s] DEBUG:colcon.colcon_core.verb:Building package 'bumperbot_py_examples' with the following arguments: {'ament_cmake_args': None, 'build_base': '/home/mudit/bumperbot_ws/src/build/bumperbot_py_examples', 'catkin_cmake_args': None, 'catkin_skip_building_tests': False, 'cmake_args': None, 'cmake_clean_cache': False, 'cmake_clean_first': False, 'cmake_force_configure': False, 'cmake_target': None, 'cmake_target_skip_unavailable': False, 'install_base': '/home/mudit/bumperbot_ws/src/install/bumperbot_py_examples', 'merge_install': False, 'path': '/home/mudit/bumperbot_ws/src/bumperbot_py_examples', 'symlink_install': False, 'test_result_base': None}
[0.236s] INFO:colcon.colcon_core.executor:Executing jobs using 'parallel' executor
[0.236s] DEBUG:colcon.colcon_parallel_executor.executor.parallel:run_until_complete
[0.237s] INFO:colcon.colcon_ros.task.ament_cmake.build:Building ROS package in '/home/mudit/bumperbot_ws/src/bumperbot_msgs' with build type 'ament_cmake'
[0.237s] INFO:colcon.colcon_cmake.task.cmake.build:Building CMake package in '/home/mudit/bumperbot_ws/src/bumperbot_msgs'
[0.238s] INFO:colcon.colcon_core.plugin_system:Skipping extension 'colcon_core.shell.bat': Not used on non-Windows systems
[0.238s] INFO:colcon.colcon_core.shell:Skip shell extension 'powershell' for command environment: Not usable outside of PowerShell
[0.238s] DEBUG:colcon.colcon_core.shell:Skip shell extension 'dsv' for command environment
[0.242s] INFO:colcon.colcon_ros.task.ament_cmake.build:Building ROS package in '/home/mudit/bumperbot_ws/src/bumperbot_controller' with build type 'ament_cmake'
[0.242s] INFO:colcon.colcon_cmake.task.cmake.build:Building CMake package in '/home/mudit/bumperbot_ws/src/bumperbot_controller'
[0.242s] INFO:colcon.colcon_core.shell:Skip shell extension 'powershell' for command environment: Not usable outside of PowerShell
[0.242s] DEBUG:colcon.colcon_core.shell:Skip shell extension 'dsv' for command environment
[0.245s] INFO:colcon.colcon_ros.task.ament_cmake.build:Building ROS package in '/home/mudit/bumperbot_ws/src/bumperbot_description' with build type 'ament_cmake'
[0.245s] INFO:colcon.colcon_cmake.task.cmake.build:Building CMake package in '/home/mudit/bumperbot_ws/src/bumperbot_description'
[0.245s] INFO:colcon.colcon_core.shell:Skip shell extension 'powershell' for command environment: Not usable outside of PowerShell
[0.245s] DEBUG:colcon.colcon_core.shell:Skip shell extension 'dsv' for command environment
[0.248s] INFO:colcon.colcon_ros.task.ament_cmake.build:Building ROS package in '/home/mudit/bumperbot_ws/src/bumperbot_motion' with build type 'ament_cmake'
[0.248s] INFO:colcon.colcon_cmake.task.cmake.build:Building CMake package in '/home/mudit/bumperbot_ws/src/bumperbot_motion'
[0.248s] INFO:colcon.colcon_core.shell:Skip shell extension 'powershell' for command environment: Not usable outside of PowerShell
[0.248s] DEBUG:colcon.colcon_core.shell:Skip shell extension 'dsv' for command environment
[0.251s] INFO:colcon.colcon_ros.task.ament_cmake.build:Building ROS package in '/home/mudit/bumperbot_ws/src/bumperbot_navigation' with build type 'ament_cmake'
[0.251s] INFO:colcon.colcon_cmake.task.cmake.build:Building CMake package in '/home/mudit/bumperbot_ws/src/bumperbot_navigation'
[0.251s] INFO:colcon.colcon_core.shell:Skip shell extension 'powershell' for command environment: Not usable outside of PowerShell
[0.251s] DEBUG:colcon.colcon_core.shell:Skip shell extension 'dsv' for command environment
[0.254s] INFO:colcon.colcon_ros.task.ament_cmake.build:Building ROS package in '/home/mudit/bumperbot_ws/src/bumperbot_planning' with build type 'ament_cmake'
[0.254s] INFO:colcon.colcon_cmake.task.cmake.build:Building CMake package in '/home/mudit/bumperbot_ws/src/bumperbot_planning'
[0.254s] INFO:colcon.colcon_core.shell:Skip shell extension 'powershell' for command environment: Not usable outside of PowerShell
[0.254s] DEBUG:colcon.colcon_core.shell:Skip shell extension 'dsv' for command environment
[0.260s] DEBUG:colcon.colcon_core.event_handler.log_command:Invoking command in '/home/mudit/bumperbot_ws/src/build/bumperbot_msgs': CMAKE_PREFIX_PATH=${CMAKE_PREFIX_PATH}:/home/mudit/ros2_ws/install/rover_teleop:/home/mudit/ros2_ws/install/rover_motor_controller:/home/mudit/ros2_rover_ws/install/rover_teleop:/home/mudit/ros2_rover_ws/install/rover_motor_controller:/opt/ros/humble /home/mudit/.local/bin/cmake --build /home/mudit/bumperbot_ws/src/build/bumperbot_msgs -- -j28 -l28
[0.264s] DEBUG:colcon.colcon_core.event_handler.log_command:Invoking command in '/home/mudit/bumperbot_ws/src/build/bumperbot_controller': CMAKE_PREFIX_PATH=${CMAKE_PREFIX_PATH}:/home/mudit/ros2_ws/install/rover_teleop:/home/mudit/ros2_ws/install/rover_motor_controller:/home/mudit/ros2_rover_ws/install/rover_teleop:/home/mudit/ros2_rover_ws/install/rover_motor_controller:/opt/ros/humble /home/mudit/.local/bin/cmake --build /home/mudit/bumperbot_ws/src/build/bumperbot_controller -- -j28 -l28
[0.265s] DEBUG:colcon.colcon_core.event_handler.log_command:Invoking command in '/home/mudit/bumperbot_ws/src/build/bumperbot_description': CMAKE_PREFIX_PATH=${CMAKE_PREFIX_PATH}:/home/mudit/ros2_ws/install/rover_teleop:/home/mudit/ros2_ws/install/rover_motor_controller:/home/mudit/ros2_rover_ws/install/rover_teleop:/home/mudit/ros2_rover_ws/install/rover_motor_controller:/opt/ros/humble /home/mudit/.local/bin/cmake --build /home/mudit/bumperbot_ws/src/build/bumperbot_description -- -j28 -l28
[0.266s] DEBUG:colcon.colcon_core.event_handler.log_command:Invoking command in '/home/mudit/bumperbot_ws/src/build/bumperbot_motion': CMAKE_PREFIX_PATH=${CMAKE_PREFIX_PATH}:/home/mudit/ros2_ws/install/rover_teleop:/home/mudit/ros2_ws/install/rover_motor_controller:/home/mudit/ros2_rover_ws/install/rover_teleop:/home/mudit/ros2_rover_ws/install/rover_motor_controller:/opt/ros/humble /home/mudit/.local/bin/cmake --build /home/mudit/bumperbot_ws/src/build/bumperbot_motion -- -j28 -l28
[0.267s] DEBUG:colcon.colcon_core.event_handler.log_command:Invoking command in '/home/mudit/bumperbot_ws/src/build/bumperbot_navigation': CMAKE_PREFIX_PATH=${CMAKE_PREFIX_PATH}:/home/mudit/ros2_ws/install/rover_teleop:/home/mudit/ros2_ws/install/rover_motor_controller:/home/mudit/ros2_rover_ws/install/rover_teleop:/home/mudit/ros2_rover_ws/install/rover_motor_controller:/opt/ros/humble /home/mudit/.local/bin/cmake --build /home/mudit/bumperbot_ws/src/build/bumperbot_navigation -- -j28 -l28
[0.272s] DEBUG:colcon.colcon_core.event_handler.log_command:Invoking command in '/home/mudit/bumperbot_ws/src/build/bumperbot_planning': CMAKE_PREFIX_PATH=${CMAKE_PREFIX_PATH}:/home/mudit/ros2_ws/install/rover_teleop:/home/mudit/ros2_ws/install/rover_motor_controller:/home/mudit/ros2_rover_ws/install/rover_teleop:/home/mudit/ros2_rover_ws/install/rover_motor_controller:/opt/ros/humble /home/mudit/.local/bin/cmake --build /home/mudit/bumperbot_ws/src/build/bumperbot_planning -- -j28 -l28
[0.299s] DEBUG:colcon.colcon_core.event_handler.log_command:Invoked command in '/home/mudit/bumperbot_ws/src/build/bumperbot_description' returned '0': CMAKE_PREFIX_PATH=${CMAKE_PREFIX_PATH}:/home/mudit/ros2_ws/install/rover_teleop:/home/mudit/ros2_ws/install/rover_motor_controller:/home/mudit/ros2_rover_ws/install/rover_teleop:/home/mudit/ros2_rover_ws/install/rover_motor_controller:/opt/ros/humble /home/mudit/.local/bin/cmake --build /home/mudit/bumperbot_ws/src/build/bumperbot_description -- -j28 -l28
[0.329s] DEBUG:colcon.colcon_core.event_handler.log_command:Invoking command in '/home/mudit/bumperbot_ws/src/build/bumperbot_description': CMAKE_PREFIX_PATH=${CMAKE_PREFIX_PATH}:/home/mudit/ros2_ws/install/rover_teleop:/home/mudit/ros2_ws/install/rover_motor_controller:/home/mudit/ros2_rover_ws/install/rover_teleop:/home/mudit/ros2_rover_ws/install/rover_motor_controller:/opt/ros/humble /home/mudit/.local/bin/cmake --install /home/mudit/bumperbot_ws/src/build/bumperbot_description
[0.330s] DEBUG:colcon.colcon_core.event_handler.log_command:Invoked command in '/home/mudit/bumperbot_ws/src/build/bumperbot_controller' returned '0': CMAKE_PREFIX_PATH=${CMAKE_PREFIX_PATH}:/home/mudit/ros2_ws/install/rover_teleop:/home/mudit/ros2_ws/install/rover_motor_controller:/home/mudit/ros2_rover_ws/install/rover_teleop:/home/mudit/ros2_rover_ws/install/rover_motor_controller:/opt/ros/humble /home/mudit/.local/bin/cmake --build /home/mudit/bumperbot_ws/src/build/bumperbot_controller -- -j28 -l28
[0.331s] DEBUG:colcon.colcon_core.event_handler.log_command:Invoking command in '/home/mudit/bumperbot_ws/src/build/bumperbot_controller': CMAKE_PREFIX_PATH=${CMAKE_PREFIX_PATH}:/home/mudit/ros2_ws/install/rover_teleop:/home/mudit/ros2_ws/install/rover_motor_controller:/home/mudit/ros2_rover_ws/install/rover_teleop:/home/mudit/ros2_rover_ws/install/rover_motor_controller:/opt/ros/humble /home/mudit/.local/bin/cmake --install /home/mudit/bumperbot_ws/src/build/bumperbot_controller
[0.333s] DEBUG:colcon.colcon_core.event_handler.log_command:Invoked command in '/home/mudit/bumperbot_ws/src/build/bumperbot_navigation' returned '0': CMAKE_PREFIX_PATH=${CMAKE_PREFIX_PATH}:/home/mudit/ros2_ws/install/rover_teleop:/home/mudit/ros2_ws/install/rover_motor_controller:/home/mudit/ros2_rover_ws/install/rover_teleop:/home/mudit/ros2_rover_ws/install/rover_motor_controller:/opt/ros/humble /home/mudit/.local/bin/cmake --build /home/mudit/bumperbot_ws/src/build/bumperbot_navigation -- -j28 -l28
[0.335s] DEBUG:colcon.colcon_core.event_handler.log_command:Invoking command in '/home/mudit/bumperbot_ws/src/build/bumperbot_navigation': CMAKE_PREFIX_PATH=${CMAKE_PREFIX_PATH}:/home/mudit/ros2_ws/install/rover_teleop:/home/mudit/ros2_ws/install/rover_motor_controller:/home/mudit/ros2_rover_ws/install/rover_teleop:/home/mudit/ros2_rover_ws/install/rover_motor_controller:/opt/ros/humble /home/mudit/.local/bin/cmake --install /home/mudit/bumperbot_ws/src/build/bumperbot_navigation
[0.359s] Level 1:colcon.colcon_core.environment:create_environment_scripts_only(bumperbot_controller)
[0.360s] DEBUG:colcon.colcon_core.event_handler.log_command:Invoked command in '/home/mudit/bumperbot_ws/src/build/bumperbot_controller' returned '0': CMAKE_PREFIX_PATH=${CMAKE_PREFIX_PATH}:/home/mudit/ros2_ws/install/rover_teleop:/home/mudit/ros2_ws/install/rover_motor_controller:/home/mudit/ros2_rover_ws/install/rover_teleop:/home/mudit/ros2_rover_ws/install/rover_motor_controller:/opt/ros/humble /home/mudit/.local/bin/cmake --install /home/mudit/bumperbot_ws/src/build/bumperbot_controller
[0.361s] Level 1:colcon.colcon_core.environment:checking '/home/mudit/bumperbot_ws/src/install/bumperbot_controller' for CMake module files
[0.362s] Level 1:colcon.colcon_core.environment:checking '/home/mudit/bumperbot_ws/src/install/bumperbot_controller' for CMake config files
[0.362s] Level 1:colcon.colcon_core.shell:create_environment_hook('bumperbot_controller', 'cmake_prefix_path')
[0.362s] INFO:colcon.colcon_core.shell:Creating environment hook '/home/mudit/bumperbot_ws/src/install/bumperbot_controller/share/bumperbot_controller/hook/cmake_prefix_path.ps1'
[0.362s] INFO:colcon.colcon_core.shell:Creating environment descriptor '/home/mudit/bumperbot_ws/src/install/bumperbot_controller/share/bumperbot_controller/hook/cmake_prefix_path.dsv'
[0.363s] INFO:colcon.colcon_core.shell:Creating environment hook '/home/mudit/bumperbot_ws/src/install/bumperbot_controller/share/bumperbot_controller/hook/cmake_prefix_path.sh'
[0.363s] Level 1:colcon.colcon_core.environment:checking '/home/mudit/bumperbot_ws/src/install/bumperbot_controller/bin'
[0.363s] Level 1:colcon.colcon_core.environment:checking '/home/mudit/bumperbot_ws/src/install/bumperbot_controller/lib/pkgconfig/bumperbot_controller.pc'
[0.363s] Level 1:colcon.colcon_core.environment:checking '/home/mudit/bumperbot_ws/src/install/bumperbot_controller/lib/python3.10/site-packages'
[0.364s] Level 1:colcon.colcon_core.environment:checking '/home/mudit/bumperbot_ws/src/install/bumperbot_controller/bin'
[0.364s] INFO:colcon.colcon_core.shell:Creating package script '/home/mudit/bumperbot_ws/src/install/bumperbot_controller/share/bumperbot_controller/package.ps1'
[0.364s] INFO:colcon.colcon_core.shell:Creating package descriptor '/home/mudit/bumperbot_ws/src/install/bumperbot_controller/share/bumperbot_controller/package.dsv'
[0.365s] INFO:colcon.colcon_core.shell:Creating package script '/home/mudit/bumperbot_ws/src/install/bumperbot_controller/share/bumperbot_controller/package.sh'
[0.365s] INFO:colcon.colcon_core.shell:Creating package script '/home/mudit/bumperbot_ws/src/install/bumperbot_controller/share/bumperbot_controller/package.bash'
[0.366s] INFO:colcon.colcon_core.shell:Creating package script '/home/mudit/bumperbot_ws/src/install/bumperbot_controller/share/bumperbot_controller/package.zsh'
[0.366s] Level 1:colcon.colcon_core.environment:create_file_with_runtime_dependencies(/home/mudit/bumperbot_ws/src/install/bumperbot_controller/share/colcon-core/packages/bumperbot_controller)
[0.366s] Level 1:colcon.colcon_core.environment:create_environment_scripts_only(bumperbot_controller)
[0.366s] Level 1:colcon.colcon_core.environment:checking '/home/mudit/bumperbot_ws/src/install/bumperbot_controller' for CMake module files
[0.367s] Level 1:colcon.colcon_core.environment:checking '/home/mudit/bumperbot_ws/src/install/bumperbot_controller' for CMake config files
[0.367s] Level 1:colcon.colcon_core.shell:create_environment_hook('bumperbot_controller', 'cmake_prefix_path')
[0.367s] INFO:colcon.colcon_core.shell:Creating environment hook '/home/mudit/bumperbot_ws/src/install/bumperbot_controller/share/bumperbot_controller/hook/cmake_prefix_path.ps1'
[0.368s] INFO:colcon.colcon_core.shell:Creating environment descriptor '/home/mudit/bumperbot_ws/src/install/bumperbot_controller/share/bumperbot_controller/hook/cmake_prefix_path.dsv'
[0.368s] INFO:colcon.colcon_core.shell:Creating environment hook '/home/mudit/bumperbot_ws/src/install/bumperbot_controller/share/bumperbot_controller/hook/cmake_prefix_path.sh'
[0.368s] Level 1:colcon.colcon_core.environment:checking '/home/mudit/bumperbot_ws/src/install/bumperbot_controller/bin'
[0.368s] Level 1:colcon.colcon_core.environment:checking '/home/mudit/bumperbot_ws/src/install/bumperbot_controller/lib/pkgconfig/bumperbot_controller.pc'
[0.368s] Level 1:colcon.colcon_core.environment:checking '/home/mudit/bumperbot_ws/src/install/bumperbot_controller/lib/python3.10/site-packages'
[0.369s] Level 1:colcon.colcon_core.environment:checking '/home/mudit/bumperbot_ws/src/install/bumperbot_controller/bin'
[0.369s] INFO:colcon.colcon_core.shell:Creating package script '/home/mudit/bumperbot_ws/src/install/bumperbot_controller/share/bumperbot_controller/package.ps1'
[0.369s] INFO:colcon.colcon_core.shell:Creating package descriptor '/home/mudit/bumperbot_ws/src/install/bumperbot_controller/share/bumperbot_controller/package.dsv'
[0.369s] INFO:colcon.colcon_core.shell:Creating package script '/home/mudit/bumperbot_ws/src/install/bumperbot_controller/share/bumperbot_controller/package.sh'
[0.369s] INFO:colcon.colcon_core.shell:Creating package script '/home/mudit/bumperbot_ws/src/install/bumperbot_controller/share/bumperbot_controller/package.bash'
[0.370s] INFO:colcon.colcon_core.shell:Creating package script '/home/mudit/bumperbot_ws/src/install/bumperbot_controller/share/bumperbot_controller/package.zsh'
[0.370s] Level 1:colcon.colcon_core.environment:create_file_with_runtime_dependencies(/home/mudit/bumperbot_ws/src/install/bumperbot_controller/share/colcon-core/packages/bumperbot_controller)
[0.371s] Level 1:colcon.colcon_core.environment:create_environment_scripts_only(bumperbot_navigation)
[0.371s] Level 1:colcon.colcon_core.environment:checking '/home/mudit/bumperbot_ws/src/install/bumperbot_navigation' for CMake module files
[0.372s] DEBUG:colcon.colcon_core.event_handler.log_command:Invoked command in '/home/mudit/bumperbot_ws/src/build/bumperbot_navigation' returned '0': CMAKE_PREFIX_PATH=${CMAKE_PREFIX_PATH}:/home/mudit/ros2_ws/install/rover_teleop:/home/mudit/ros2_ws/install/rover_motor_controller:/home/mudit/ros2_rover_ws/install/rover_teleop:/home/mudit/ros2_rover_ws/install/rover_motor_controller:/opt/ros/humble /home/mudit/.local/bin/cmake --install /home/mudit/bumperbot_ws/src/build/bumperbot_navigation
[0.372s] Level 1:colcon.colcon_core.environment:checking '/home/mudit/bumperbot_ws/src/install/bumperbot_navigation' for CMake config files
[0.372s] Level 1:colcon.colcon_core.shell:create_environment_hook('bumperbot_navigation', 'cmake_prefix_path')
[0.372s] INFO:colcon.colcon_core.shell:Creating environment hook '/home/mudit/bumperbot_ws/src/install/bumperbot_navigation/share/bumperbot_navigation/hook/cmake_prefix_path.ps1'
[0.373s] INFO:colcon.colcon_core.shell:Creating environment descriptor '/home/mudit/bumperbot_ws/src/install/bumperbot_navigation/share/bumperbot_navigation/hook/cmake_prefix_path.dsv'
[0.373s] INFO:colcon.colcon_core.shell:Creating environment hook '/home/mudit/bumperbot_ws/src/install/bumperbot_navigation/share/bumperbot_navigation/hook/cmake_prefix_path.sh'
[0.373s] Level 1:colcon.colcon_core.environment:checking '/home/mudit/bumperbot_ws/src/install/bumperbot_navigation/bin'
[0.373s] Level 1:colcon.colcon_core.environment:checking '/home/mudit/bumperbot_ws/src/install/bumperbot_navigation/lib/pkgconfig/bumperbot_navigation.pc'
[0.374s] Level 1:colcon.colcon_core.environment:checking '/home/mudit/bumperbot_ws/src/install/bumperbot_navigation/lib/python3.10/site-packages'
[0.374s] Level 1:colcon.colcon_core.environment:checking '/home/mudit/bumperbot_ws/src/install/bumperbot_navigation/bin'
[0.374s] INFO:colcon.colcon_core.shell:Creating package script '/home/mudit/bumperbot_ws/src/install/bumperbot_navigation/share/bumperbot_navigation/package.ps1'
[0.374s] INFO:colcon.colcon_core.shell:Creating package descriptor '/home/mudit/bumperbot_ws/src/install/bumperbot_navigation/share/bumperbot_navigation/package.dsv'
[0.375s] INFO:colcon.colcon_core.shell:Creating package script '/home/mudit/bumperbot_ws/src/install/bumperbot_navigation/share/bumperbot_navigation/package.sh'
[0.375s] INFO:colcon.colcon_core.shell:Creating package script '/home/mudit/bumperbot_ws/src/install/bumperbot_navigation/share/bumperbot_navigation/package.bash'
[0.375s] INFO:colcon.colcon_core.shell:Creating package script '/home/mudit/bumperbot_ws/src/install/bumperbot_navigation/share/bumperbot_navigation/package.zsh'
[0.376s] Level 1:colcon.colcon_core.environment:create_file_with_runtime_dependencies(/home/mudit/bumperbot_ws/src/install/bumperbot_navigation/share/colcon-core/packages/bumperbot_navigation)
[0.376s] Level 1:colcon.colcon_core.environment:create_environment_scripts_only(bumperbot_navigation)
[0.376s] Level 1:colcon.colcon_core.environment:checking '/home/mudit/bumperbot_ws/src/install/bumperbot_navigation' for CMake module files
[0.376s] Level 1:colcon.colcon_core.environment:checking '/home/mudit/bumperbot_ws/src/install/bumperbot_navigation' for CMake config files
[0.377s] Level 1:colcon.colcon_core.shell:create_environment_hook('bumperbot_navigation', 'cmake_prefix_path')
[0.377s] INFO:colcon.colcon_core.shell:Creating environment hook '/home/mudit/bumperbot_ws/src/install/bumperbot_navigation/share/bumperbot_navigation/hook/cmake_prefix_path.ps1'
[0.377s] INFO:colcon.colcon_core.shell:Creating environment descriptor '/home/mudit/bumperbot_ws/src/install/bumperbot_navigation/share/bumperbot_navigation/hook/cmake_prefix_path.dsv'
[0.377s] INFO:colcon.colcon_core.shell:Creating environment hook '/home/mudit/bumperbot_ws/src/install/bumperbot_navigation/share/bumperbot_navigation/hook/cmake_prefix_path.sh'
[0.378s] Level 1:colcon.colcon_core.environment:checking '/home/mudit/bumperbot_ws/src/install/bumperbot_navigation/bin'
[0.378s] Level 1:colcon.colcon_core.environment:checking '/home/mudit/bumperbot_ws/src/install/bumperbot_navigation/lib/pkgconfig/bumperbot_navigation.pc'
[0.378s] Level 1:colcon.colcon_core.environment:checking '/home/mudit/bumperbot_ws/src/install/bumperbot_navigation/lib/python3.10/site-packages'
[0.378s] Level 1:colcon.colcon_core.environment:checking '/home/mudit/bumperbot_ws/src/install/bumperbot_navigation/bin'
[0.378s] INFO:colcon.colcon_core.shell:Creating package script '/home/mudit/bumperbot_ws/src/install/bumperbot_navigation/share/bumperbot_navigation/package.ps1'
[0.379s] INFO:colcon.colcon_core.shell:Creating package descriptor '/home/mudit/bumperbot_ws/src/install/bumperbot_navigation/share/bumperbot_navigation/package.dsv'
[0.379s] INFO:colcon.colcon_core.shell:Creating package script '/home/mudit/bumperbot_ws/src/install/bumperbot_navigation/share/bumperbot_navigation/package.sh'
[0.379s] INFO:colcon.colcon_core.shell:Creating package script '/home/mudit/bumperbot_ws/src/install/bumperbot_navigation/share/bumperbot_navigation/package.bash'
[0.379s] INFO:colcon.colcon_core.shell:Creating package script '/home/mudit/bumperbot_ws/src/install/bumperbot_navigation/share/bumperbot_navigation/package.zsh'
[0.380s] Level 1:colcon.colcon_core.environment:create_file_with_runtime_dependencies(/home/mudit/bumperbot_ws/src/install/bumperbot_navigation/share/colcon-core/packages/bumperbot_navigation)
[0.380s] Level 1:colcon.colcon_core.environment:create_environment_scripts_only(bumperbot_description)
[0.380s] Level 1:colcon.colcon_core.environment:checking '/home/mudit/bumperbot_ws/src/install/bumperbot_description' for CMake module files
[0.381s] Level 1:colcon.colcon_core.environment:checking '/home/mudit/bumperbot_ws/src/install/bumperbot_description' for CMake config files
[0.381s] DEBUG:colcon.colcon_core.event_handler.log_command:Invoked command in '/home/mudit/bumperbot_ws/src/build/bumperbot_description' returned '0': CMAKE_PREFIX_PATH=${CMAKE_PREFIX_PATH}:/home/mudit/ros2_ws/install/rover_teleop:/home/mudit/ros2_ws/install/rover_motor_controller:/home/mudit/ros2_rover_ws/install/rover_teleop:/home/mudit/ros2_rover_ws/install/rover_motor_controller:/opt/ros/humble /home/mudit/.local/bin/cmake --install /home/mudit/bumperbot_ws/src/build/bumperbot_description
[0.381s] Level 1:colcon.colcon_core.shell:create_environment_hook('bumperbot_description', 'cmake_prefix_path')
[0.381s] INFO:colcon.colcon_core.shell:Creating environment hook '/home/mudit/bumperbot_ws/src/install/bumperbot_description/share/bumperbot_description/hook/cmake_prefix_path.ps1'
[0.382s] INFO:colcon.colcon_core.shell:Creating environment descriptor '/home/mudit/bumperbot_ws/src/install/bumperbot_description/share/bumperbot_description/hook/cmake_prefix_path.dsv'
[0.382s] INFO:colcon.colcon_core.shell:Creating environment hook '/home/mudit/bumperbot_ws/src/install/bumperbot_description/share/bumperbot_description/hook/cmake_prefix_path.sh'
[0.382s] Level 1:colcon.colcon_core.environment:checking '/home/mudit/bumperbot_ws/src/install/bumperbot_description/bin'
[0.382s] Level 1:colcon.colcon_core.environment:checking '/home/mudit/bumperbot_ws/src/install/bumperbot_description/lib/pkgconfig/bumperbot_description.pc'
[0.383s] Level 1:colcon.colcon_core.environment:checking '/home/mudit/bumperbot_ws/src/install/bumperbot_description/lib/python3.10/site-packages'
[0.383s] Level 1:colcon.colcon_core.environment:checking '/home/mudit/bumperbot_ws/src/install/bumperbot_description/bin'
[0.383s] INFO:colcon.colcon_core.shell:Creating package script '/home/mudit/bumperbot_ws/src/install/bumperbot_description/share/bumperbot_description/package.ps1'
[0.383s] INFO:colcon.colcon_core.shell:Creating package descriptor '/home/mudit/bumperbot_ws/src/install/bumperbot_description/share/bumperbot_description/package.dsv'
[0.383s] INFO:colcon.colcon_core.shell:Creating package script '/home/mudit/bumperbot_ws/src/install/bumperbot_description/share/bumperbot_description/package.sh'
[0.384s] INFO:colcon.colcon_core.shell:Creating package script '/home/mudit/bumperbot_ws/src/install/bumperbot_description/share/bumperbot_description/package.bash'
[0.384s] INFO:colcon.colcon_core.shell:Creating package script '/home/mudit/bumperbot_ws/src/install/bumperbot_description/share/bumperbot_description/package.zsh'
[0.384s] Level 1:colcon.colcon_core.environment:create_file_with_runtime_dependencies(/home/mudit/bumperbot_ws/src/install/bumperbot_description/share/colcon-core/packages/bumperbot_description)
[0.384s] Level 1:colcon.colcon_core.environment:create_environment_scripts_only(bumperbot_description)
[0.385s] Level 1:colcon.colcon_core.environment:checking '/home/mudit/bumperbot_ws/src/install/bumperbot_description' for CMake module files
[0.385s] Level 1:colcon.colcon_core.environment:checking '/home/mudit/bumperbot_ws/src/install/bumperbot_description' for CMake config files
[0.385s] Level 1:colcon.colcon_core.shell:create_environment_hook('bumperbot_description', 'cmake_prefix_path')
[0.385s] INFO:colcon.colcon_core.shell:Creating environment hook '/home/mudit/bumperbot_ws/src/install/bumperbot_description/share/bumperbot_description/hook/cmake_prefix_path.ps1'
[0.386s] INFO:colcon.colcon_core.shell:Creating environment descriptor '/home/mudit/bumperbot_ws/src/install/bumperbot_description/share/bumperbot_description/hook/cmake_prefix_path.dsv'
[0.386s] INFO:colcon.colcon_core.shell:Creating environment hook '/home/mudit/bumperbot_ws/src/install/bumperbot_description/share/bumperbot_description/hook/cmake_prefix_path.sh'
[0.386s] Level 1:colcon.colcon_core.environment:checking '/home/mudit/bumperbot_ws/src/install/bumperbot_description/bin'
[0.386s] Level 1:colcon.colcon_core.environment:checking '/home/mudit/bumperbot_ws/src/install/bumperbot_description/lib/pkgconfig/bumperbot_description.pc'
[0.386s] Level 1:colcon.colcon_core.environment:checking '/home/mudit/bumperbot_ws/src/install/bumperbot_description/lib/python3.10/site-packages'
[0.386s] Level 1:colcon.colcon_core.environment:checking '/home/mudit/bumperbot_ws/src/install/bumperbot_description/bin'
[0.387s] INFO:colcon.colcon_core.shell:Creating package script '/home/mudit/bumperbot_ws/src/install/bumperbot_description/share/bumperbot_description/package.ps1'
[0.387s] INFO:colcon.colcon_core.shell:Creating package descriptor '/home/mudit/bumperbot_ws/src/install/bumperbot_description/share/bumperbot_description/package.dsv'
[0.387s] INFO:colcon.colcon_core.shell:Creating package script '/home/mudit/bumperbot_ws/src/install/bumperbot_description/share/bumperbot_description/package.sh'
[0.388s] INFO:colcon.colcon_core.shell:Creating package script '/home/mudit/bumperbot_ws/src/install/bumperbot_description/share/bumperbot_description/package.bash'
[0.388s] INFO:colcon.colcon_core.shell:Creating package script '/home/mudit/bumperbot_ws/src/install/bumperbot_description/share/bumperbot_description/package.zsh'
[0.388s] Level 1:colcon.colcon_core.environment:create_file_with_runtime_dependencies(/home/mudit/bumperbot_ws/src/install/bumperbot_description/share/colcon-core/packages/bumperbot_description)
[0.493s] DEBUG:colcon.colcon_core.event_handler.log_command:Invoked command in '/home/mudit/bumperbot_ws/src/build/bumperbot_msgs' returned '0': CMAKE_PREFIX_PATH=${CMAKE_PREFIX_PATH}:/home/mudit/ros2_ws/install/rover_teleop:/home/mudit/ros2_ws/install/rover_motor_controller:/home/mudit/ros2_rover_ws/install/rover_teleop:/home/mudit/ros2_rover_ws/install/rover_motor_controller:/opt/ros/humble /home/mudit/.local/bin/cmake --build /home/mudit/bumperbot_ws/src/build/bumperbot_msgs -- -j28 -l28
[0.495s] DEBUG:colcon.colcon_core.event_handler.log_command:Invoking command in '/home/mudit/bumperbot_ws/src/build/bumperbot_msgs': CMAKE_PREFIX_PATH=${CMAKE_PREFIX_PATH}:/home/mudit/ros2_ws/install/rover_teleop:/home/mudit/ros2_ws/install/rover_motor_controller:/home/mudit/ros2_rover_ws/install/rover_teleop:/home/mudit/ros2_rover_ws/install/rover_motor_controller:/opt/ros/humble /home/mudit/.local/bin/cmake --install /home/mudit/bumperbot_ws/src/build/bumperbot_msgs
[0.497s] DEBUG:colcon.colcon_core.event_handler.log_command:Invoked command in '/home/mudit/bumperbot_ws/src/build/bumperbot_motion' returned '0': CMAKE_PREFIX_PATH=${CMAKE_PREFIX_PATH}:/home/mudit/ros2_ws/install/rover_teleop:/home/mudit/ros2_ws/install/rover_motor_controller:/home/mudit/ros2_rover_ws/install/rover_teleop:/home/mudit/ros2_rover_ws/install/rover_motor_controller:/opt/ros/humble /home/mudit/.local/bin/cmake --build /home/mudit/bumperbot_ws/src/build/bumperbot_motion -- -j28 -l28
[0.498s] DEBUG:colcon.colcon_core.event_handler.log_command:Invoking command in '/home/mudit/bumperbot_ws/src/build/bumperbot_motion': CMAKE_PREFIX_PATH=${CMAKE_PREFIX_PATH}:/home/mudit/ros2_ws/install/rover_teleop:/home/mudit/ros2_ws/install/rover_motor_controller:/home/mudit/ros2_rover_ws/install/rover_teleop:/home/mudit/ros2_rover_ws/install/rover_motor_controller:/opt/ros/humble /home/mudit/.local/bin/cmake --install /home/mudit/bumperbot_ws/src/build/bumperbot_motion
[0.500s] DEBUG:colcon.colcon_core.event_handler.log_command:Invoked command in '/home/mudit/bumperbot_ws/src/build/bumperbot_planning' returned '0': CMAKE_PREFIX_PATH=${CMAKE_PREFIX_PATH}:/home/mudit/ros2_ws/install/rover_teleop:/home/mudit/ros2_ws/install/rover_motor_controller:/home/mudit/ros2_rover_ws/install/rover_teleop:/home/mudit/ros2_rover_ws/install/rover_motor_controller:/opt/ros/humble /home/mudit/.local/bin/cmake --build /home/mudit/bumperbot_ws/src/build/bumperbot_planning -- -j28 -l28
[0.501s] DEBUG:colcon.colcon_core.event_handler.log_command:Invoking command in '/home/mudit/bumperbot_ws/src/build/bumperbot_planning': CMAKE_PREFIX_PATH=${CMAKE_PREFIX_PATH}:/home/mudit/ros2_ws/install/rover_teleop:/home/mudit/ros2_ws/install/rover_motor_controller:/home/mudit/ros2_rover_ws/install/rover_teleop:/home/mudit/ros2_rover_ws/install/rover_motor_controller:/opt/ros/humble /home/mudit/.local/bin/cmake --install /home/mudit/bumperbot_ws/src/build/bumperbot_planning
[0.547s] Level 1:colcon.colcon_core.environment:create_environment_scripts_only(bumperbot_msgs)
[0.547s] Level 1:colcon.colcon_core.environment:checking '/home/mudit/bumperbot_ws/src/install/bumperbot_msgs' for CMake module files
[0.548s] DEBUG:colcon.colcon_core.event_handler.log_command:Invoked command in '/home/mudit/bumperbot_ws/src/build/bumperbot_msgs' returned '0': CMAKE_PREFIX_PATH=${CMAKE_PREFIX_PATH}:/home/mudit/ros2_ws/install/rover_teleop:/home/mudit/ros2_ws/install/rover_motor_controller:/home/mudit/ros2_rover_ws/install/rover_teleop:/home/mudit/ros2_rover_ws/install/rover_motor_controller:/opt/ros/humble /home/mudit/.local/bin/cmake --install /home/mudit/bumperbot_ws/src/build/bumperbot_msgs
[0.549s] Level 1:colcon.colcon_core.environment:checking '/home/mudit/bumperbot_ws/src/install/bumperbot_msgs' for CMake config files
[0.549s] Level 1:colcon.colcon_core.shell:create_environment_hook('bumperbot_msgs', 'cmake_prefix_path')
[0.549s] INFO:colcon.colcon_core.shell:Creating environment hook '/home/mudit/bumperbot_ws/src/install/bumperbot_msgs/share/bumperbot_msgs/hook/cmake_prefix_path.ps1'
[0.550s] INFO:colcon.colcon_core.shell:Creating environment descriptor '/home/mudit/bumperbot_ws/src/install/bumperbot_msgs/share/bumperbot_msgs/hook/cmake_prefix_path.dsv'
[0.550s] INFO:colcon.colcon_core.shell:Creating environment hook '/home/mudit/bumperbot_ws/src/install/bumperbot_msgs/share/bumperbot_msgs/hook/cmake_prefix_path.sh'
[0.550s] Level 1:colcon.colcon_core.environment:checking '/home/mudit/bumperbot_ws/src/install/bumperbot_msgs/lib'
[0.550s] Level 1:colcon.colcon_core.shell:create_environment_hook('bumperbot_msgs', 'ld_library_path_lib')
[0.550s] INFO:colcon.colcon_core.shell:Creating environment hook '/home/mudit/bumperbot_ws/src/install/bumperbot_msgs/share/bumperbot_msgs/hook/ld_library_path_lib.ps1'
[0.551s] INFO:colcon.colcon_core.shell:Creating environment descriptor '/home/mudit/bumperbot_ws/src/install/bumperbot_msgs/share/bumperbot_msgs/hook/ld_library_path_lib.dsv'
[0.551s] INFO:colcon.colcon_core.shell:Creating environment hook '/home/mudit/bumperbot_ws/src/install/bumperbot_msgs/share/bumperbot_msgs/hook/ld_library_path_lib.sh'
[0.551s] Level 1:colcon.colcon_core.environment:checking '/home/mudit/bumperbot_ws/src/install/bumperbot_msgs/bin'
[0.551s] Level 1:colcon.colcon_core.environment:checking '/home/mudit/bumperbot_ws/src/install/bumperbot_msgs/lib/pkgconfig/bumperbot_msgs.pc'
[0.551s] Level 1:colcon.colcon_core.environment:checking '/home/mudit/bumperbot_ws/src/install/bumperbot_msgs/lib/python3.10/site-packages'
[0.551s] Level 1:colcon.colcon_core.environment:checking '/home/mudit/bumperbot_ws/src/install/bumperbot_msgs/bin'
[0.552s] INFO:colcon.colcon_core.shell:Creating package script '/home/mudit/bumperbot_ws/src/install/bumperbot_msgs/share/bumperbot_msgs/package.ps1'
[0.552s] INFO:colcon.colcon_core.shell:Creating package descriptor '/home/mudit/bumperbot_ws/src/install/bumperbot_msgs/share/bumperbot_msgs/package.dsv'
[0.552s] INFO:colcon.colcon_core.shell:Creating package script '/home/mudit/bumperbot_ws/src/install/bumperbot_msgs/share/bumperbot_msgs/package.sh'
[0.553s] INFO:colcon.colcon_core.shell:Creating package script '/home/mudit/bumperbot_ws/src/install/bumperbot_msgs/share/bumperbot_msgs/package.bash'
[0.553s] INFO:colcon.colcon_core.shell:Creating package script '/home/mudit/bumperbot_ws/src/install/bumperbot_msgs/share/bumperbot_msgs/package.zsh'
[0.553s] Level 1:colcon.colcon_core.environment:create_file_with_runtime_dependencies(/home/mudit/bumperbot_ws/src/install/bumperbot_msgs/share/colcon-core/packages/bumperbot_msgs)
[0.554s] Level 1:colcon.colcon_core.environment:create_environment_scripts_only(bumperbot_msgs)
[0.554s] Level 1:colcon.colcon_core.environment:checking '/home/mudit/bumperbot_ws/src/install/bumperbot_msgs' for CMake module files
[0.554s] Level 1:colcon.colcon_core.environment:checking '/home/mudit/bumperbot_ws/src/install/bumperbot_msgs' for CMake config files
[0.554s] Level 1:colcon.colcon_core.shell:create_environment_hook('bumperbot_msgs', 'cmake_prefix_path')
[0.554s] INFO:colcon.colcon_core.shell:Creating environment hook '/home/mudit/bumperbot_ws/src/install/bumperbot_msgs/share/bumperbot_msgs/hook/cmake_prefix_path.ps1'
[0.555s] INFO:colcon.colcon_core.shell:Creating environment descriptor '/home/mudit/bumperbot_ws/src/install/bumperbot_msgs/share/bumperbot_msgs/hook/cmake_prefix_path.dsv'
[0.555s] INFO:colcon.colcon_core.shell:Creating environment hook '/home/mudit/bumperbot_ws/src/install/bumperbot_msgs/share/bumperbot_msgs/hook/cmake_prefix_path.sh'
[0.555s] Level 1:colcon.colcon_core.environment:checking '/home/mudit/bumperbot_ws/src/install/bumperbot_msgs/lib'
[0.555s] Level 1:colcon.colcon_core.shell:create_environment_hook('bumperbot_msgs', 'ld_library_path_lib')
[0.555s] INFO:colcon.colcon_core.shell:Creating environment hook '/home/mudit/bumperbot_ws/src/install/bumperbot_msgs/share/bumperbot_msgs/hook/ld_library_path_lib.ps1'
[0.556s] INFO:colcon.colcon_core.shell:Creating environment descriptor '/home/mudit/bumperbot_ws/src/install/bumperbot_msgs/share/bumperbot_msgs/hook/ld_library_path_lib.dsv'
[0.556s] INFO:colcon.colcon_core.shell:Creating environment hook '/home/mudit/bumperbot_ws/src/install/bumperbot_msgs/share/bumperbot_msgs/hook/ld_library_path_lib.sh'
[0.556s] Level 1:colcon.colcon_core.environment:checking '/home/mudit/bumperbot_ws/src/install/bumperbot_msgs/bin'
[0.556s] Level 1:colcon.colcon_core.environment:checking '/home/mudit/bumperbot_ws/src/install/bumperbot_msgs/lib/pkgconfig/bumperbot_msgs.pc'
[0.556s] Level 1:colcon.colcon_core.environment:checking '/home/mudit/bumperbot_ws/src/install/bumperbot_msgs/lib/python3.10/site-packages'
[0.556s] Level 1:colcon.colcon_core.environment:checking '/home/mudit/bumperbot_ws/src/install/bumperbot_msgs/bin'
[0.557s] INFO:colcon.colcon_core.shell:Creating package script '/home/mudit/bumperbot_ws/src/install/bumperbot_msgs/share/bumperbot_msgs/package.ps1'
[0.557s] INFO:colcon.colcon_core.shell:Creating package descriptor '/home/mudit/bumperbot_ws/src/install/bumperbot_msgs/share/bumperbot_msgs/package.dsv'
[0.557s] INFO:colcon.colcon_core.shell:Creating package script '/home/mudit/bumperbot_ws/src/install/bumperbot_msgs/share/bumperbot_msgs/package.sh'
[0.557s] INFO:colcon.colcon_core.shell:Creating package script '/home/mudit/bumperbot_ws/src/install/bumperbot_msgs/share/bumperbot_msgs/package.bash'
[0.558s] INFO:colcon.colcon_core.shell:Creating package script '/home/mudit/bumperbot_ws/src/install/bumperbot_msgs/share/bumperbot_msgs/package.zsh'
[0.558s] Level 1:colcon.colcon_core.environment:create_file_with_runtime_dependencies(/home/mudit/bumperbot_ws/src/install/bumperbot_msgs/share/colcon-core/packages/bumperbot_msgs)
[0.558s] INFO:colcon.colcon_ros.task.ament_python.build:Building ROS package in '/home/mudit/bumperbot_ws/src/bumperbot_py_examples' with build type 'ament_python'
[0.558s] Level 1:colcon.colcon_core.shell:create_environment_hook('bumperbot_py_examples', 'ament_prefix_path')
[0.558s] INFO:colcon.colcon_core.shell:Creating environment hook '/home/mudit/bumperbot_ws/src/install/bumperbot_py_examples/share/bumperbot_py_examples/hook/ament_prefix_path.ps1'
[0.559s] INFO:colcon.colcon_core.shell:Creating environment descriptor '/home/mudit/bumperbot_ws/src/install/bumperbot_py_examples/share/bumperbot_py_examples/hook/ament_prefix_path.dsv'
[0.559s] INFO:colcon.colcon_core.shell:Creating environment hook '/home/mudit/bumperbot_ws/src/install/bumperbot_py_examples/share/bumperbot_py_examples/hook/ament_prefix_path.sh'
[0.559s] INFO:colcon.colcon_core.shell:Skip shell extension 'powershell' for command environment: Not usable outside of PowerShell
[0.559s] DEBUG:colcon.colcon_core.shell:Skip shell extension 'dsv' for command environment
[0.563s] Level 1:colcon.colcon_core.environment:create_environment_scripts_only(bumperbot_motion)
[0.563s] DEBUG:colcon.colcon_core.event_handler.log_command:Invoked command in '/home/mudit/bumperbot_ws/src/build/bumperbot_motion' returned '0': CMAKE_PREFIX_PATH=${CMAKE_PREFIX_PATH}:/home/mudit/ros2_ws/install/rover_teleop:/home/mudit/ros2_ws/install/rover_motor_controller:/home/mudit/ros2_rover_ws/install/rover_teleop:/home/mudit/ros2_rover_ws/install/rover_motor_controller:/opt/ros/humble /home/mudit/.local/bin/cmake --install /home/mudit/bumperbot_ws/src/build/bumperbot_motion
[0.563s] Level 1:colcon.colcon_core.environment:checking '/home/mudit/bumperbot_ws/src/install/bumperbot_motion' for CMake module files
[0.564s] Level 1:colcon.colcon_core.environment:checking '/home/mudit/bumperbot_ws/src/install/bumperbot_motion' for CMake config files
[0.564s] Level 1:colcon.colcon_core.shell:create_environment_hook('bumperbot_motion', 'cmake_prefix_path')
[0.564s] INFO:colcon.colcon_core.shell:Creating environment hook '/home/mudit/bumperbot_ws/src/install/bumperbot_motion/share/bumperbot_motion/hook/cmake_prefix_path.ps1'
[0.565s] INFO:colcon.colcon_core.shell:Creating environment descriptor '/home/mudit/bumperbot_ws/src/install/bumperbot_motion/share/bumperbot_motion/hook/cmake_prefix_path.dsv'
[0.565s] INFO:colcon.colcon_core.shell:Creating environment hook '/home/mudit/bumperbot_ws/src/install/bumperbot_motion/share/bumperbot_motion/hook/cmake_prefix_path.sh'
[0.565s] Level 1:colcon.colcon_core.environment:checking '/home/mudit/bumperbot_ws/src/install/bumperbot_motion/lib'
[0.566s] Level 1:colcon.colcon_core.environment:checking '/home/mudit/bumperbot_ws/src/install/bumperbot_motion/bin'
[0.566s] Level 1:colcon.colcon_core.environment:checking '/home/mudit/bumperbot_ws/src/install/bumperbot_motion/lib/pkgconfig/bumperbot_motion.pc'
[0.566s] Level 1:colcon.colcon_core.environment:checking '/home/mudit/bumperbot_ws/src/install/bumperbot_motion/lib/python3.10/site-packages'
[0.566s] Level 1:colcon.colcon_core.environment:checking '/home/mudit/bumperbot_ws/src/install/bumperbot_motion/bin'
[0.566s] INFO:colcon.colcon_core.shell:Creating package script '/home/mudit/bumperbot_ws/src/install/bumperbot_motion/share/bumperbot_motion/package.ps1'
[0.567s] INFO:colcon.colcon_core.shell:Creating package descriptor '/home/mudit/bumperbot_ws/src/install/bumperbot_motion/share/bumperbot_motion/package.dsv'
[0.567s] INFO:colcon.colcon_core.shell:Creating package script '/home/mudit/bumperbot_ws/src/install/bumperbot_motion/share/bumperbot_motion/package.sh'
[0.567s] INFO:colcon.colcon_core.shell:Creating package script '/home/mudit/bumperbot_ws/src/install/bumperbot_motion/share/bumperbot_motion/package.bash'
[0.568s] INFO:colcon.colcon_core.shell:Creating package script '/home/mudit/bumperbot_ws/src/install/bumperbot_motion/share/bumperbot_motion/package.zsh'
[0.568s] Level 1:colcon.colcon_core.environment:create_file_with_runtime_dependencies(/home/mudit/bumperbot_ws/src/install/bumperbot_motion/share/colcon-core/packages/bumperbot_motion)
[0.569s] Level 1:colcon.colcon_core.environment:create_environment_scripts_only(bumperbot_motion)
[0.569s] Level 1:colcon.colcon_core.environment:checking '/home/mudit/bumperbot_ws/src/install/bumperbot_motion' for CMake module files
[0.569s] Level 1:colcon.colcon_core.environment:checking '/home/mudit/bumperbot_ws/src/install/bumperbot_motion' for CMake config files
[0.570s] Level 1:colcon.colcon_core.shell:create_environment_hook('bumperbot_motion', 'cmake_prefix_path')
[0.570s] INFO:colcon.colcon_core.shell:Creating environment hook '/home/mudit/bumperbot_ws/src/install/bumperbot_motion/share/bumperbot_motion/hook/cmake_prefix_path.ps1'
[0.570s] INFO:colcon.colcon_core.shell:Creating environment descriptor '/home/mudit/bumperbot_ws/src/install/bumperbot_motion/share/bumperbot_motion/hook/cmake_prefix_path.dsv'
[0.570s] INFO:colcon.colcon_core.shell:Creating environment hook '/home/mudit/bumperbot_ws/src/install/bumperbot_motion/share/bumperbot_motion/hook/cmake_prefix_path.sh'
[0.571s] Level 1:colcon.colcon_core.environment:checking '/home/mudit/bumperbot_ws/src/install/bumperbot_motion/lib'
[0.571s] Level 1:colcon.colcon_core.environment:checking '/home/mudit/bumperbot_ws/src/install/bumperbot_motion/bin'
[0.571s] Level 1:colcon.colcon_core.environment:checking '/home/mudit/bumperbot_ws/src/install/bumperbot_motion/lib/pkgconfig/bumperbot_motion.pc'
[0.571s] Level 1:colcon.colcon_core.environment:checking '/home/mudit/bumperbot_ws/src/install/bumperbot_motion/lib/python3.10/site-packages'
[0.571s] Level 1:colcon.colcon_core.environment:checking '/home/mudit/bumperbot_ws/src/install/bumperbot_motion/bin'
[0.572s] INFO:colcon.colcon_core.shell:Creating package script '/home/mudit/bumperbot_ws/src/install/bumperbot_motion/share/bumperbot_motion/package.ps1'
[0.572s] INFO:colcon.colcon_core.shell:Creating package descriptor '/home/mudit/bumperbot_ws/src/install/bumperbot_motion/share/bumperbot_motion/package.dsv'
[0.573s] INFO:colcon.colcon_core.shell:Creating package script '/home/mudit/bumperbot_ws/src/install/bumperbot_motion/share/bumperbot_motion/package.sh'
[0.573s] INFO:colcon.colcon_core.shell:Creating package script '/home/mudit/bumperbot_ws/src/install/bumperbot_motion/share/bumperbot_motion/package.bash'
[0.573s] INFO:colcon.colcon_core.shell:Creating package script '/home/mudit/bumperbot_ws/src/install/bumperbot_motion/share/bumperbot_motion/package.zsh'
[0.574s] Level 1:colcon.colcon_core.environment:create_file_with_runtime_dependencies(/home/mudit/bumperbot_ws/src/install/bumperbot_motion/share/colcon-core/packages/bumperbot_motion)
[0.574s] Level 1:colcon.colcon_core.environment:create_environment_scripts_only(bumperbot_planning)
[0.574s] Level 1:colcon.colcon_core.environment:checking '/home/mudit/bumperbot_ws/src/install/bumperbot_planning' for CMake module files
[0.574s] DEBUG:colcon.colcon_core.event_handler.log_command:Invoked command in '/home/mudit/bumperbot_ws/src/build/bumperbot_planning' returned '0': CMAKE_PREFIX_PATH=${CMAKE_PREFIX_PATH}:/home/mudit/ros2_ws/install/rover_teleop:/home/mudit/ros2_ws/install/rover_motor_controller:/home/mudit/ros2_rover_ws/install/rover_teleop:/home/mudit/ros2_rover_ws/install/rover_motor_controller:/opt/ros/humble /home/mudit/.local/bin/cmake --install /home/mudit/bumperbot_ws/src/build/bumperbot_planning
[0.575s] Level 1:colcon.colcon_core.environment:checking '/home/mudit/bumperbot_ws/src/install/bumperbot_planning' for CMake config files
[0.575s] Level 1:colcon.colcon_core.shell:create_environment_hook('bumperbot_planning', 'cmake_prefix_path')
[0.575s] INFO:colcon.colcon_core.shell:Creating environment hook '/home/mudit/bumperbot_ws/src/install/bumperbot_planning/share/bumperbot_planning/hook/cmake_prefix_path.ps1'
[0.575s] INFO:colcon.colcon_core.shell:Creating environment descriptor '/home/mudit/bumperbot_ws/src/install/bumperbot_planning/share/bumperbot_planning/hook/cmake_prefix_path.dsv'
[0.575s] INFO:colcon.colcon_core.shell:Creating environment hook '/home/mudit/bumperbot_ws/src/install/bumperbot_planning/share/bumperbot_planning/hook/cmake_prefix_path.sh'
[0.576s] Level 1:colcon.colcon_core.environment:checking '/home/mudit/bumperbot_ws/src/install/bumperbot_planning/lib'
[0.576s] Level 1:colcon.colcon_core.environment:checking '/home/mudit/bumperbot_ws/src/install/bumperbot_planning/bin'
[0.576s] Level 1:colcon.colcon_core.environment:checking '/home/mudit/bumperbot_ws/src/install/bumperbot_planning/lib/pkgconfig/bumperbot_planning.pc'
[0.576s] Level 1:colcon.colcon_core.environment:checking '/home/mudit/bumperbot_ws/src/install/bumperbot_planning/lib/python3.10/site-packages'
[0.576s] Level 1:colcon.colcon_core.environment:checking '/home/mudit/bumperbot_ws/src/install/bumperbot_planning/bin'
[0.576s] INFO:colcon.colcon_core.shell:Creating package script '/home/mudit/bumperbot_ws/src/install/bumperbot_planning/share/bumperbot_planning/package.ps1'
[0.576s] INFO:colcon.colcon_core.shell:Creating package descriptor '/home/mudit/bumperbot_ws/src/install/bumperbot_planning/share/bumperbot_planning/package.dsv'
[0.577s] INFO:colcon.colcon_core.shell:Creating package script '/home/mudit/bumperbot_ws/src/install/bumperbot_planning/share/bumperbot_planning/package.sh'
[0.577s] INFO:colcon.colcon_core.shell:Creating package script '/home/mudit/bumperbot_ws/src/install/bumperbot_planning/share/bumperbot_planning/package.bash'
[0.577s] INFO:colcon.colcon_core.shell:Creating package script '/home/mudit/bumperbot_ws/src/install/bumperbot_planning/share/bumperbot_planning/package.zsh'
[0.577s] Level 1:colcon.colcon_core.environment:create_file_with_runtime_dependencies(/home/mudit/bumperbot_ws/src/install/bumperbot_planning/share/colcon-core/packages/bumperbot_planning)
[0.577s] Level 1:colcon.colcon_core.environment:create_environment_scripts_only(bumperbot_planning)
[0.577s] Level 1:colcon.colcon_core.environment:checking '/home/mudit/bumperbot_ws/src/install/bumperbot_planning' for CMake module files
[0.578s] Level 1:colcon.colcon_core.environment:checking '/home/mudit/bumperbot_ws/src/install/bumperbot_planning' for CMake config files
[0.578s] Level 1:colcon.colcon_core.shell:create_environment_hook('bumperbot_planning', 'cmake_prefix_path')
[0.578s] INFO:colcon.colcon_core.shell:Creating environment hook '/home/mudit/bumperbot_ws/src/install/bumperbot_planning/share/bumperbot_planning/hook/cmake_prefix_path.ps1'
[0.578s] INFO:colcon.colcon_core.shell:Creating environment descriptor '/home/mudit/bumperbot_ws/src/install/bumperbot_planning/share/bumperbot_planning/hook/cmake_prefix_path.dsv'
[0.578s] INFO:colcon.colcon_core.shell:Creating environment hook '/home/mudit/bumperbot_ws/src/install/bumperbot_planning/share/bumperbot_planning/hook/cmake_prefix_path.sh'
[0.579s] Level 1:colcon.colcon_core.environment:checking '/home/mudit/bumperbot_ws/src/install/bumperbot_planning/lib'
[0.579s] Level 1:colcon.colcon_core.environment:checking '/home/mudit/bumperbot_ws/src/install/bumperbot_planning/bin'
[0.579s] Level 1:colcon.colcon_core.environment:checking '/home/mudit/bumperbot_ws/src/install/bumperbot_planning/lib/pkgconfig/bumperbot_planning.pc'
[0.579s] Level 1:colcon.colcon_core.environment:checking '/home/mudit/bumperbot_ws/src/install/bumperbot_planning/lib/python3.10/site-packages'
[0.579s] Level 1:colcon.colcon_core.environment:checking '/home/mudit/bumperbot_ws/src/install/bumperbot_planning/bin'
[0.579s] INFO:colcon.colcon_core.shell:Creating package script '/home/mudit/bumperbot_ws/src/install/bumperbot_planning/share/bumperbot_planning/package.ps1'
[0.579s] INFO:colcon.colcon_core.shell:Creating package descriptor '/home/mudit/bumperbot_ws/src/install/bumperbot_planning/share/bumperbot_planning/package.dsv'
[0.580s] INFO:colcon.colcon_core.shell:Creating package script '/home/mudit/bumperbot_ws/src/install/bumperbot_planning/share/bumperbot_planning/package.sh'
[0.580s] INFO:colcon.colcon_core.shell:Creating package script '/home/mudit/bumperbot_ws/src/install/bumperbot_planning/share/bumperbot_planning/package.bash'
[0.580s] INFO:colcon.colcon_core.shell:Creating package script '/home/mudit/bumperbot_ws/src/install/bumperbot_planning/share/bumperbot_planning/package.zsh'
[0.580s] Level 1:colcon.colcon_core.environment:create_file_with_runtime_dependencies(/home/mudit/bumperbot_ws/src/install/bumperbot_planning/share/colcon-core/packages/bumperbot_planning)
[0.743s] INFO:colcon.colcon_core.task.python.build:Building Python package in '/home/mudit/bumperbot_ws/src/bumperbot_py_examples'
[0.743s] INFO:colcon.colcon_core.shell:Skip shell extension 'powershell' for command environment: Not usable outside of PowerShell
[0.743s] DEBUG:colcon.colcon_core.shell:Skip shell extension 'dsv' for command environment
[0.970s] DEBUG:colcon.colcon_core.event_handler.log_command:Invoking command in '/home/mudit/bumperbot_ws/src/bumperbot_py_examples': AMENT_PREFIX_PATH=/home/mudit/bumperbot_ws/src/install/bumperbot_msgs:${AMENT_PREFIX_PATH} CMAKE_PREFIX_PATH=/home/mudit/bumperbot_ws/src/install/bumperbot_msgs:${CMAKE_PREFIX_PATH} LD_LIBRARY_PATH=/home/mudit/bumperbot_ws/src/install/bumperbot_msgs/lib:${LD_LIBRARY_PATH} PYTHONPATH=/home/mudit/bumperbot_ws/src/build/bumperbot_py_examples/prefix_override:/usr/lib/python3/dist-packages/colcon_core/task/python/colcon_distutils_commands:/home/mudit/bumperbot_ws/src/install/bumperbot_py_examples/lib/python3.10/site-packages:/home/mudit/bumperbot_ws/src/install/bumperbot_msgs/local/lib/python3.10/dist-packages:${PYTHONPATH} /usr/bin/python3 -W ignore:setup.py install is deprecated -W ignore:easy_install command is deprecated setup.py egg_info --egg-base ../build/bumperbot_py_examples build --build-base /home/mudit/bumperbot_ws/src/build/bumperbot_py_examples/build install --record /home/mudit/bumperbot_ws/src/build/bumperbot_py_examples/install.log --single-version-externally-managed install_data
[1.153s] Level 1:colcon.colcon_core.environment:checking '/home/mudit/bumperbot_ws/src/install/bumperbot_py_examples' for CMake module files
[1.153s] DEBUG:colcon.colcon_core.event_handler.log_command:Invoked command in '/home/mudit/bumperbot_ws/src/bumperbot_py_examples' returned '0': AMENT_PREFIX_PATH=/home/mudit/bumperbot_ws/src/install/bumperbot_msgs:${AMENT_PREFIX_PATH} CMAKE_PREFIX_PATH=/home/mudit/bumperbot_ws/src/install/bumperbot_msgs:${CMAKE_PREFIX_PATH} LD_LIBRARY_PATH=/home/mudit/bumperbot_ws/src/install/bumperbot_msgs/lib:${LD_LIBRARY_PATH} PYTHONPATH=/home/mudit/bumperbot_ws/src/build/bumperbot_py_examples/prefix_override:/usr/lib/python3/dist-packages/colcon_core/task/python/colcon_distutils_commands:/home/mudit/bumperbot_ws/src/install/bumperbot_py_examples/lib/python3.10/site-packages:/home/mudit/bumperbot_ws/src/install/bumperbot_msgs/local/lib/python3.10/dist-packages:${PYTHONPATH} /usr/bin/python3 -W ignore:setup.py install is deprecated -W ignore:easy_install command is deprecated setup.py egg_info --egg-base ../build/bumperbot_py_examples build --build-base /home/mudit/bumperbot_ws/src/build/bumperbot_py_examples/build install --record /home/mudit/bumperbot_ws/src/build/bumperbot_py_examples/install.log --single-version-externally-managed install_data
[1.153s] Level 1:colcon.colcon_core.environment:checking '/home/mudit/bumperbot_ws/src/install/bumperbot_py_examples' for CMake config files
[1.153s] Level 1:colcon.colcon_core.environment:checking '/home/mudit/bumperbot_ws/src/install/bumperbot_py_examples/lib'
[1.154s] Level 1:colcon.colcon_core.environment:checking '/home/mudit/bumperbot_ws/src/install/bumperbot_py_examples/bin'
[1.154s] Level 1:colcon.colcon_core.environment:checking '/home/mudit/bumperbot_ws/src/install/bumperbot_py_examples/lib/pkgconfig/bumperbot_py_examples.pc'
[1.154s] Level 1:colcon.colcon_core.environment:checking '/home/mudit/bumperbot_ws/src/install/bumperbot_py_examples/lib/python3.10/site-packages'
[1.154s] Level 1:colcon.colcon_core.shell:create_environment_hook('bumperbot_py_examples', 'pythonpath')
[1.154s] INFO:colcon.colcon_core.shell:Creating environment hook '/home/mudit/bumperbot_ws/src/install/bumperbot_py_examples/share/bumperbot_py_examples/hook/pythonpath.ps1'
[1.154s] INFO:colcon.colcon_core.shell:Creating environment descriptor '/home/mudit/bumperbot_ws/src/install/bumperbot_py_examples/share/bumperbot_py_examples/hook/pythonpath.dsv'
[1.155s] INFO:colcon.colcon_core.shell:Creating environment hook '/home/mudit/bumperbot_ws/src/install/bumperbot_py_examples/share/bumperbot_py_examples/hook/pythonpath.sh'
[1.155s] Level 1:colcon.colcon_core.environment:checking '/home/mudit/bumperbot_ws/src/install/bumperbot_py_examples/bin'
[1.155s] Level 1:colcon.colcon_core.environment:create_environment_scripts_only(bumperbot_py_examples)
[1.155s] INFO:colcon.colcon_core.shell:Creating package script '/home/mudit/bumperbot_ws/src/install/bumperbot_py_examples/share/bumperbot_py_examples/package.ps1'
[1.155s] INFO:colcon.colcon_core.shell:Creating package descriptor '/home/mudit/bumperbot_ws/src/install/bumperbot_py_examples/share/bumperbot_py_examples/package.dsv'
[1.156s] INFO:colcon.colcon_core.shell:Creating package script '/home/mudit/bumperbot_ws/src/install/bumperbot_py_examples/share/bumperbot_py_examples/package.sh'
[1.156s] INFO:colcon.colcon_core.shell:Creating package script '/home/mudit/bumperbot_ws/src/install/bumperbot_py_examples/share/bumperbot_py_examples/package.bash'
[1.156s] INFO:colcon.colcon_core.shell:Creating package script '/home/mudit/bumperbot_ws/src/install/bumperbot_py_examples/share/bumperbot_py_examples/package.zsh'
[1.156s] Level 1:colcon.colcon_core.environment:create_file_with_runtime_dependencies(/home/mudit/bumperbot_ws/src/install/bumperbot_py_examples/share/colcon-core/packages/bumperbot_py_examples)
[1.156s] DEBUG:colcon.colcon_parallel_executor.executor.parallel:closing loop
[1.156s] DEBUG:colcon.colcon_parallel_executor.executor.parallel:loop closed
[1.157s] DEBUG:colcon.colcon_parallel_executor.executor.parallel:run_until_complete finished with '0'
[1.157s] DEBUG:colcon.colcon_core.event_reactor:joining thread
[1.160s] INFO:colcon.colcon_core.plugin_system:Skipping extension 'colcon_notification.desktop_notification.terminal_notifier': Not used on non-Darwin systems
[1.160s] INFO:colcon.colcon_core.plugin_system:Skipping extension 'colcon_notification.desktop_notification.win32': Not used on non-Windows systems
[1.160s] INFO:colcon.colcon_notification.desktop_notification:Sending desktop notification using 'notify2'
[1.168s] DEBUG:colcon.colcon_core.event_reactor:joined thread
[1.168s] INFO:colcon.colcon_core.shell:Creating prefix script '/home/mudit/bumperbot_ws/src/install/local_setup.ps1'
[1.169s] INFO:colcon.colcon_core.shell:Creating prefix util module '/home/mudit/bumperbot_ws/src/install/_local_setup_util_ps1.py'
[1.170s] INFO:colcon.colcon_core.shell:Creating prefix chain script '/home/mudit/bumperbot_ws/src/install/setup.ps1'
[1.171s] INFO:colcon.colcon_core.shell:Creating prefix script '/home/mudit/bumperbot_ws/src/install/local_setup.sh'
[1.171s] INFO:colcon.colcon_core.shell:Creating prefix util module '/home/mudit/bumperbot_ws/src/install/_local_setup_util_sh.py'
[1.171s] INFO:colcon.colcon_core.shell:Creating prefix chain script '/home/mudit/bumperbot_ws/src/install/setup.sh'
[1.172s] INFO:colcon.colcon_core.shell:Creating prefix script '/home/mudit/bumperbot_ws/src/install/local_setup.bash'
[1.172s] INFO:colcon.colcon_core.shell:Creating prefix chain script '/home/mudit/bumperbot_ws/src/install/setup.bash'
[1.173s] INFO:colcon.colcon_core.shell:Creating prefix script '/home/mudit/bumperbot_ws/src/install/local_setup.zsh'
[1.174s] INFO:colcon.colcon_core.shell:Creating prefix chain script '/home/mudit/bumperbot_ws/src/install/setup.zsh'
