[0.432s] Invoking command in '/home/mudit/bumperbot_ws/build/bumperbot_py_examples': CMAKE_PREFIX_PATH=/home/mudit/bumperbot_ws/install/bumperbot_msgs:/home/mudit/bumperbot_ws/install/bumperbot_planning:/home/mudit/bumperbot_ws/install/bumperbot_navigation:/home/mudit/bumperbot_ws/install/bumperbot_motion:/home/mudit/bumperbot_ws/install/bumperbot_description:/home/mudit/bumperbot_ws/install/bumperbot_controller:/home/mudit/turtlebot3_ws/install/turtlebot3:/home/mudit/turtlebot3_ws/install/turtlebot3_simulations:/home/mudit/turtlebot3_ws/install/turtlebot3_bringup:/home/mudit/turtlebot3_ws/install/turtlebot3_node:/home/mudit/turtlebot3_ws/install/turtlebot3_navigation2:/home/mudit/turtlebot3_ws/install/turtlebot3_fake_node:/home/mudit/turtlebot3_ws/install/turtlebot3_msgs:/home/mudit/turtlebot3_ws/install/turtlebot3_manipulation:/home/mudit/turtlebot3_ws/install/turtlebot3_manipulation_teleop:/home/mudit/turtlebot3_ws/install/turtlebot3_manipulation_navigation2:/home/mudit/turtlebot3_ws/install/turtlebot3_manipulation_moveit_config:/home/mudit/turtlebot3_ws/install/turtlebot3_manipulation_hardware:/home/mudit/turtlebot3_ws/install/turtlebot3_manipulation_gazebo:/home/mudit/turtlebot3_ws/install/turtlebot3_manipulation_bringup:/home/mudit/turtlebot3_ws/install/turtlebot3_manipulation_description:/home/mudit/turtlebot3_ws/install/turtlebot3_manipulation_cartographer:/home/mudit/turtlebot3_ws/install/turtlebot3_gazebo:/home/mudit/turtlebot3_ws/install/turtlebot3_description:/home/mudit/turtlebot3_ws/install/turtlebot3_cartographer:/home/mudit/ros2_ws/install/rover_navigation:/home/mudit/ros2_ws/install/rover_gazebo:/home/mudit/ros2_ws/install/rover_bringup:/home/mudit/ros2_ws/install/rover_motor_controller_cpp:/home/mudit/ros2_ws/install/rover_msgs:/home/mudit/ros2_ws/install/rover_localization:/home/mudit/ros2_ws/install/rover_description:/home/mudit/ros2_rover_ws/install/rover_navigation:/home/mudit/ros2_rover_ws/install/rover_gazebo:/home/mudit/ros2_rover_ws/install/rover_bringup:/home/mudit/ros2_rover_ws/install/rover_motor_controller_cpp:/home/mudit/ros2_rover_ws/install/rover_msgs:/home/mudit/ros2_rover_ws/install/rover_localization:/home/mudit/ros2_rover_ws/install/rover_description PYTHONPATH=/home/mudit/bumperbot_ws/build/bumperbot_py_examples/prefix_override:/usr/lib/python3/dist-packages/colcon_core/task/python/colcon_distutils_commands:/home/mudit/bumperbot_ws/install/bumperbot_py_examples/lib/python3.10/site-packages:${PYTHONPATH} /usr/bin/python3 -W ignore:setup.py install is deprecated -W ignore:easy_install command is deprecated setup.py develop --editable --build-directory /home/mudit/bumperbot_ws/build/bumperbot_py_examples/build --no-deps symlink_data --force
[0.605s] running develop
[0.719s] running egg_info
[0.719s] writing bumperbot_py_examples.egg-info/PKG-INFO
[0.719s] writing dependency_links to bumperbot_py_examples.egg-info/dependency_links.txt
[0.719s] writing entry points to bumperbot_py_examples.egg-info/entry_points.txt
[0.719s] writing requirements to bumperbot_py_examples.egg-info/requires.txt
[0.719s] writing top-level names to bumperbot_py_examples.egg-info/top_level.txt
[0.720s] reading manifest file 'bumperbot_py_examples.egg-info/SOURCES.txt'
[0.721s] writing manifest file 'bumperbot_py_examples.egg-info/SOURCES.txt'
[0.722s] running build_ext
[0.722s] Creating /home/mudit/bumperbot_ws/install/bumperbot_py_examples/lib/python3.10/site-packages/bumperbot-py-examples.egg-link (link to .)
[0.722s] Installing simple_action_client script to /home/mudit/bumperbot_ws/install/bumperbot_py_examples/lib/bumperbot_py_examples
[0.722s] Installing simple_action_server script to /home/mudit/bumperbot_ws/install/bumperbot_py_examples/lib/bumperbot_py_examples
[0.723s] Installing simple_lifecycle_node script to /home/mudit/bumperbot_ws/install/bumperbot_py_examples/lib/bumperbot_py_examples
[0.723s] Installing simple_parameter script to /home/mudit/bumperbot_ws/install/bumperbot_py_examples/lib/bumperbot_py_examples
[0.723s] Installing simple_publisher script to /home/mudit/bumperbot_ws/install/bumperbot_py_examples/lib/bumperbot_py_examples
[0.723s] Installing simple_qos_publisher script to /home/mudit/bumperbot_ws/install/bumperbot_py_examples/lib/bumperbot_py_examples
[0.723s] Installing simple_qos_subscriber script to /home/mudit/bumperbot_ws/install/bumperbot_py_examples/lib/bumperbot_py_examples
[0.723s] Installing simple_service_client script to /home/mudit/bumperbot_ws/install/bumperbot_py_examples/lib/bumperbot_py_examples
[0.723s] Installing simple_service_server script to /home/mudit/bumperbot_ws/install/bumperbot_py_examples/lib/bumperbot_py_examples
[0.723s] Installing simple_subscriber script to /home/mudit/bumperbot_ws/install/bumperbot_py_examples/lib/bumperbot_py_examples
[0.723s] Installing simple_tf_kinematics script to /home/mudit/bumperbot_ws/install/bumperbot_py_examples/lib/bumperbot_py_examples
[0.723s] Installing simple_turtlesim_kinematics script to /home/mudit/bumperbot_ws/install/bumperbot_py_examples/lib/bumperbot_py_examples
[0.723s] 
[0.724s] Installed /home/mudit/bumperbot_ws/build/bumperbot_py_examples
[0.724s] running symlink_data
[0.724s] symbolically linking /home/mudit/bumperbot_ws/build/bumperbot_py_examples/resource/bumperbot_py_examples -> /home/mudit/bumperbot_ws/install/bumperbot_py_examples/share/ament_index/resource_index/packages
[0.724s] symbolically linking /home/mudit/bumperbot_ws/build/bumperbot_py_examples/package.xml -> /home/mudit/bumperbot_ws/install/bumperbot_py_examples/share/bumperbot_py_examples
[0.739s] Invoked command in '/home/mudit/bumperbot_ws/build/bumperbot_py_examples' returned '0': CMAKE_PREFIX_PATH=/home/mudit/bumperbot_ws/install/bumperbot_msgs:/home/mudit/bumperbot_ws/install/bumperbot_planning:/home/mudit/bumperbot_ws/install/bumperbot_navigation:/home/mudit/bumperbot_ws/install/bumperbot_motion:/home/mudit/bumperbot_ws/install/bumperbot_description:/home/mudit/bumperbot_ws/install/bumperbot_controller:/home/mudit/turtlebot3_ws/install/turtlebot3:/home/mudit/turtlebot3_ws/install/turtlebot3_simulations:/home/mudit/turtlebot3_ws/install/turtlebot3_bringup:/home/mudit/turtlebot3_ws/install/turtlebot3_node:/home/mudit/turtlebot3_ws/install/turtlebot3_navigation2:/home/mudit/turtlebot3_ws/install/turtlebot3_fake_node:/home/mudit/turtlebot3_ws/install/turtlebot3_msgs:/home/mudit/turtlebot3_ws/install/turtlebot3_manipulation:/home/mudit/turtlebot3_ws/install/turtlebot3_manipulation_teleop:/home/mudit/turtlebot3_ws/install/turtlebot3_manipulation_navigation2:/home/mudit/turtlebot3_ws/install/turtlebot3_manipulation_moveit_config:/home/mudit/turtlebot3_ws/install/turtlebot3_manipulation_hardware:/home/mudit/turtlebot3_ws/install/turtlebot3_manipulation_gazebo:/home/mudit/turtlebot3_ws/install/turtlebot3_manipulation_bringup:/home/mudit/turtlebot3_ws/install/turtlebot3_manipulation_description:/home/mudit/turtlebot3_ws/install/turtlebot3_manipulation_cartographer:/home/mudit/turtlebot3_ws/install/turtlebot3_gazebo:/home/mudit/turtlebot3_ws/install/turtlebot3_description:/home/mudit/turtlebot3_ws/install/turtlebot3_cartographer:/home/mudit/ros2_ws/install/rover_navigation:/home/mudit/ros2_ws/install/rover_gazebo:/home/mudit/ros2_ws/install/rover_bringup:/home/mudit/ros2_ws/install/rover_motor_controller_cpp:/home/mudit/ros2_ws/install/rover_msgs:/home/mudit/ros2_ws/install/rover_localization:/home/mudit/ros2_ws/install/rover_description:/home/mudit/ros2_rover_ws/install/rover_navigation:/home/mudit/ros2_rover_ws/install/rover_gazebo:/home/mudit/ros2_rover_ws/install/rover_bringup:/home/mudit/ros2_rover_ws/install/rover_motor_controller_cpp:/home/mudit/ros2_rover_ws/install/rover_msgs:/home/mudit/ros2_rover_ws/install/rover_localization:/home/mudit/ros2_rover_ws/install/rover_description PYTHONPATH=/home/mudit/bumperbot_ws/build/bumperbot_py_examples/prefix_override:/usr/lib/python3/dist-packages/colcon_core/task/python/colcon_distutils_commands:/home/mudit/bumperbot_ws/install/bumperbot_py_examples/lib/python3.10/site-packages:${PYTHONPATH} /usr/bin/python3 -W ignore:setup.py install is deprecated -W ignore:easy_install command is deprecated setup.py develop --editable --build-directory /home/mudit/bumperbot_ws/build/bumperbot_py_examples/build --no-deps symlink_data --force
